Log file open, 07/17/16 02:17:39
LogInit:Display: Running engine for game: Uptime
LogPlatformFile: Not using cached read wrapper
LogInit:Display: RandInit(-1565722341) SRandInit(-1565722339).
LogTaskGraph: Started task graph with 4 named threads and 7 total threads.
LogStats: Stats thread started at 0.090925
LogInit: Version: 4.11.2-2946394+++UE4+Release-4.11
LogInit: API Version: 2927265
LogInit: Compiled (64-bit): Apr 18 2016 02:18:46
LogInit: Compiled with Visual C++: 19.00.23026.00
LogInit: Build Configuration: Development
LogInit: Branch Name: ++UE4+Release-4.11
LogInit: Command line:  
LogInit: Base directory: C:/Program Files (x86)/Epic Games/4.11/Engine/Binaries/Win64/
LogInit: Installed Engine Build: 1
LogInit: Using libcurl 7.41.0
LogInit:  - built for x86_64-pc-win32
LogInit:  - supports SSL with WinSSL
LogInit:  - other features:
LogInit:      CURL_VERSION_SSL
LogInit:      CURL_VERSION_IPV6
LogInit:      CURL_VERSION_ASYNCHDNS
LogInit:      CURL_VERSION_LARGEFILE
LogInit:      CURL_VERSION_IDN
LogInit:  CurlRequestOptions (configurable via config and command line):
LogInit:  - bVerifyPeer = true  - Libcurl will verify peer certificate
LogInit:  - bUseHttpProxy = false  - Libcurl will NOT use HTTP proxy
LogInit:  - bDontReuseConnections = false  - Libcurl will reuse connections
LogInit:  - CertBundlePath = nullptr  - Libcurl will use whatever was configured at build time.
LogInit: Presizing for max 16777216 objects, including 0 objects not considered by GC, pre-allocating 0 bytes for permanent pool.
LogInit: Object subsystem initialized
[2016.07.16-16.17.39:647][  0]LogInit: Selected Device Profile: [Windows]
[2016.07.16-16.17.39:647][  0]LogInit: Applying CVar settings loaded from the selected device profile: [Windows]
[2016.07.16-16.17.39:659][  0]LogInit: Computer: BRENDEN-PC
[2016.07.16-16.17.39:659][  0]LogInit: User: Brenden
[2016.07.16-16.17.39:659][  0]LogInit: CPU Page size=65536, Cores=4
[2016.07.16-16.17.39:659][  0]LogInit: High frequency timer resolution =3.125108 MHz
[2016.07.16-16.17.39:659][  0]LogMemory: Memory total: Physical=8.0GB (8GB approx)
[2016.07.16-16.17.39:659][  0]LogMemory: Platform Memory Stats for Windows
[2016.07.16-16.17.39:659][  0]LogMemory: Process Physical Memory: 312.41 MB used, 312.41 MB peak
[2016.07.16-16.17.39:659][  0]LogMemory: Process Virtual Memory: 314.82 MB used, 314.82 MB peak
[2016.07.16-16.17.39:659][  0]LogMemory: Physical Memory: 5722.03 MB used, 8190.27 MB total
[2016.07.16-16.17.39:659][  0]LogMemory: Virtual Memory: 647.82 MB used, 134217728.00 MB total
[2016.07.16-16.17.39:732][  0]LogTextLocalizationManager: No specific translations for ('en-US') exist, so ('en') translations will be used.
[2016.07.16-16.17.40:325][  0]LogD3D11RHI: D3D11 adapters:
[2016.07.16-16.17.40:358][  0]LogD3D11RHI:    0. 'NVIDIA GeForce GTX 560 Ti' (Feature Level 11_0)
[2016.07.16-16.17.40:358][  0]LogD3D11RHI:       971MB of dedicated video memory, 0MB of dedicated system memory, and 3071MB of shared system memory, 2 output[s]
[2016.07.16-16.17.40:426][  0]LogD3D11RHI:    1. 'NVIDIA GeForce 210 ' (Feature Level 10_0)
[2016.07.16-16.17.40:426][  0]LogD3D11RHI:       972MB of dedicated video memory, 0MB of dedicated system memory, and 3071MB of shared system memory, 1 output[s]
[2016.07.16-16.17.40:428][  0]LogD3D11RHI:    2. 'Microsoft Basic Render Driver' (Feature Level 11_0)
[2016.07.16-16.17.40:428][  0]LogD3D11RHI:       0MB of dedicated video memory, 0MB of dedicated system memory, and 4095MB of shared system memory, 0 output[s]
[2016.07.16-16.17.40:428][  0]LogD3D11RHI: Chosen D3D11 Adapter: 0
[2016.07.16-16.17.40:438][  0]LogD3D11RHI: Creating new Direct3DDevice
[2016.07.16-16.17.40:438][  0]LogD3D11RHI:     Adapter Name: NVIDIA GeForce GTX 560 Ti
[2016.07.16-16.17.40:438][  0]LogD3D11RHI:   Driver Version: Unknown (internal Unknown)
[2016.07.16-16.17.40:438][  0]LogD3D11RHI:      Driver Date: Unknown
[2016.07.16-16.17.40:438][  0]LogRHI: Texture pool is 680 MB (70% of 971 MB)
[2016.07.16-16.17.40:449][  0]LogD3D11RHI: Async texture creation enabled
[2016.07.16-16.17.40:468][  0]LogShaderCompilers: Guid format shader working directory is 23 characters bigger than the processId version (D:/GitHub/TeamMIA/Uptime/Intermediate/Shaders/WorkingDirectory/10860/).
[2016.07.16-16.17.40:469][  0]LogShaderCompilers: Cleaned the shader compiler working directory 'C:/Users/Brenden/AppData/Local/Temp/UnrealShaderWorkingDir/51F4B3FE493418FA1C62A9B3FBBD06A4/'.
[2016.07.16-16.17.40:469][  0]LogShaderCompilers:Display: Using Local Shader Compiler.
[2016.07.16-16.17.43:077][  0]LogTemp:Display: Loaded TP AllDesktopTargetPlatform
[2016.07.16-16.17.43:084][  0]LogTemp:Display: Loaded TP WindowsClientTargetPlatform
[2016.07.16-16.17.43:092][  0]LogTemp:Display: Loaded TP WindowsNoEditorTargetPlatform
[2016.07.16-16.17.43:100][  0]LogTemp:Display: Loaded TP WindowsServerTargetPlatform
[2016.07.16-16.17.43:107][  0]LogTemp:Display: Loaded TP WindowsTargetPlatform
[2016.07.16-16.17.43:113][  0]LogTemp:Display: Loaded TP AndroidTargetPlatform
[2016.07.16-16.17.43:117][  0]LogTemp:Display: Loaded TP Android_ASTCTargetPlatform
[2016.07.16-16.17.43:122][  0]LogTemp:Display: Loaded TP Android_ATCTargetPlatform
[2016.07.16-16.17.43:128][  0]LogTemp:Display: Loaded TP Android_DXTTargetPlatform
[2016.07.16-16.17.43:133][  0]LogTemp:Display: Loaded TP Android_ETC1TargetPlatform
[2016.07.16-16.17.43:141][  0]LogTemp:Display: Loaded TP Android_ETC2TargetPlatform
[2016.07.16-16.17.43:154][  0]LogTemp:Display: Loaded TP Android_MultiTargetPlatform
[2016.07.16-16.17.43:154][  0]LogTemp:Display: Loaded TP Android_PVRTCTargetPlatform
[2016.07.16-16.17.43:156][  0]LogTemp:Display: Loaded TP HTML5TargetPlatform
[2016.07.16-16.17.43:178][  0]LogTemp:Display: Loaded TP IOSTargetPlatform
[2016.07.16-16.17.43:183][  0]LogTemp:Display: Loaded TP TVOSTargetPlatform
[2016.07.16-16.17.43:188][  0]LogTemp:Display: Loaded TP LinuxNoEditorTargetPlatform
[2016.07.16-16.17.43:193][  0]LogTemp:Display: Loaded TP LinuxServerTargetPlatform
[2016.07.16-16.17.43:198][  0]LogTemp:Display: Loaded TP LinuxTargetPlatform
[2016.07.16-16.17.43:198][  0]LogTargetPlatformManager:Display: Building Assets For Windows
[2016.07.16-16.17.43:320][  0]LogDerivedDataCache:Display: Max Cache Size: 512 MB
[2016.07.16-16.17.43:442][  0]LogDerivedDataCache: Loaded boot cache 0.12s 46MB C:/Users/Brenden/AppData/Local/UnrealEngine/4.11/DerivedDataCache/Boot.ddc.
[2016.07.16-16.17.43:442][  0]LogDerivedDataCache:Display: Loaded Boot cache: C:/Users/Brenden/AppData/Local/UnrealEngine/4.11/DerivedDataCache/Boot.ddc
[2016.07.16-16.17.43:442][  0]LogDerivedDataCache: FDerivedDataBackendGraph:  Pak pak cache file D:/GitHub/TeamMIA/Uptime/DerivedDataCache/DDC.ddp not found, will not use a pak cache.
[2016.07.16-16.17.43:442][  0]LogDerivedDataCache: Unable to find inner node Pak for hierarchical cache Hierarchy.
[2016.07.16-16.17.43:442][  0]LogDerivedDataCache: FDerivedDataBackendGraph:  CompressedPak pak cache file D:/GitHub/TeamMIA/Uptime/DerivedDataCache/Compressed.ddp not found, will not use a pak cache.
[2016.07.16-16.17.43:442][  0]LogDerivedDataCache: Unable to find inner node CompressedPak for hierarchical cache Hierarchy.
[2016.07.16-16.17.43:463][  0]LogDerivedDataCache:Display: Pak cache opened for reading ../../../Engine/DerivedDataCache/Compressed.ddp.
[2016.07.16-16.17.43:476][  0]LogDerivedDataCache: Using Local data cache path C:/Users/Brenden/AppData/Local/UnrealEngine/Common/DerivedDataCache: Writable
[2016.07.16-16.17.43:801][  0]LogInit: Selected Device Profile: [Windows]
[2016.07.16-16.17.43:803][  0]LogContentStreaming: Texture pool size is 0.00 MB
[2016.07.16-16.17.43:878][  0]LogMaterial: Uniform references updated for custom material expression Custom.
[2016.07.16-16.17.44:088][  0]LogMeshUtilities: No automatic mesh reduction module available
[2016.07.16-16.17.44:088][  0]LogMeshUtilities: No automatic mesh merging module available
[2016.07.16-16.17.44:088][  0]LogMeshUtilities: No distributed automatic mesh merging module available
[2016.07.16-16.17.44:585][  0]LogUObjectArray: 27679 objects as part of root set at end of initial load.
[2016.07.16-16.17.44:586][  0]LogUObjectAllocator: 5591592 out of 0 bytes used by permanent object pool.
[2016.07.16-16.17.44:586][  0]LogUObjectArray: CloseDisregardForGC: 0/0 objects in disregard for GC pool
[2016.07.16-16.17.44:597][  0]LogInit: WinSock: version 1.1 (2.2), MaxSocks=32767, MaxUdp=65467
[2016.07.16-16.17.44:744][  0]LogSlate: SlateFontCache - WITH_FREETYPE: 1, WITH_HARFBUZZ: 1
[2016.07.16-16.17.44:744][  0]LogSlate: SlateFontCache - WITH_FREETYPE: 1, WITH_HARFBUZZ: 1
[2016.07.16-16.17.44:967][  0]LogStreaming:Warning: Failed to read file '../../../Engine/Content/Editor/Slate/Common/Selection_16x.png' error.
[2016.07.16-16.17.44:967][  0]LogSlate: Could not find file for Slate resource: ../../../Engine/Content/Editor/Slate/Common/Selection_16x.png
[2016.07.16-16.17.44:967][  0]LogStreaming:Warning: Failed to read file '../../../Engine/Content/Editor/Slate/Common/Selection_16x.png' error.
[2016.07.16-16.17.44:967][  0]LogSlate: Could not find file for Slate resource: ../../../Engine/Content/Editor/Slate/Common/Selection_16x.png
[2016.07.16-16.17.44:967][  0]LogStreaming:Warning: Failed to read file '../../../Engine/Content/Editor/Slate/Common/Selection_16x.png' error.
[2016.07.16-16.17.44:967][  0]LogSlate: Could not find file for Slate resource: ../../../Engine/Content/Editor/Slate/Common/Selection_16x.png
[2016.07.16-16.17.46:101][  0]LogUdpMessaging: Initializing bridge on interface 0.0.0.0:0 to multicast group 230.0.0.1:6666.
[2016.07.16-16.17.46:230][  0]LogAssetRegistry: FAssetRegistry took 0.0223 seconds to start up
[2016.07.16-16.17.46:456][  0]SourceControl: Info Source control is disabled
[2016.07.16-16.17.47:534][  0]SourceControl: Info Source control is disabled
[2016.07.16-16.17.47:549][  0]SourceControl: Info Source control is disabled
[2016.07.16-16.17.47:565][  0]SourceControl: Info Source control is disabled
[2016.07.16-16.17.47:775][  0]LogHMD: Failed to initialize OpenVR with code 110
[2016.07.16-16.17.47:874][  0]LogEngine: Initializing Engine...
[2016.07.16-16.17.48:100][  0]LogAIModule: Creating AISystem for world NewWorld
[2016.07.16-16.17.48:130][  0]LogInit: XAudio2 using 'Headphones (Realtek High Definition Audio)' : 2 channels at 48 kHz using 32 bits per sample (channel mask 0x3)
[2016.07.16-16.17.48:181][  0]LogInit: FAudioDevice initialized.
[2016.07.16-16.17.48:232][  0]LogDerivedDataCache: Saved boot cache 0.05s 46MB C:/Users/Brenden/AppData/Local/UnrealEngine/4.11/DerivedDataCache/Boot.ddc.
[2016.07.16-16.17.48:251][  0]LogInit: Texture streaming: Enabled
[2016.07.16-16.17.48:286][  0]LogInit: Transaction tracking system initialized
[2016.07.16-16.17.48:325][  0]BlueprintLog: New page: Editor Load
[2016.07.16-16.17.48:441][  0]LocalizationService: Info Localization service is disabled
[2016.07.16-16.17.48:547][  0]LogConsoleResponse:Display: 
[2016.07.16-16.17.48:712][  0]LogCook:Display: Max memory allowance for cook 8192mb
[2016.07.16-16.17.48:712][  0]LogCook:Display: Mobile HDR setting 1
[2016.07.16-16.17.48:712][  0]LogCook:Display: Done creating registry. It took  0.00s.
[2016.07.16-16.17.48:728][  0]LogFileCache: Scanning file cache for directory 'D:/GitHub/TeamMIA/Uptime/Content/' took 0.02s
[2016.07.16-16.17.48:800][  0]SourceControl: Info Source control is disabled
[2016.07.16-16.17.48:800][  0]Cmd: MAP LOAD FILE="D:/GitHub/TeamMIA/Uptime/Content/StarterContent/Maps/Minimal_Default.umap" TEMPLATE=0 SHOWPROGRESS=1 FEATURELEVEL=3
[2016.07.16-16.17.48:801][  0]LightingResults: New page: Lighting Build
[2016.07.16-16.17.48:806][  0]MapCheck: New page: Map Check
[2016.07.16-16.17.48:806][  0]LightingResults: New page: Lighting Build
[2016.07.16-16.17.49:448][  0]LogAIModule: Creating AISystem for world Minimal_Default
[2016.07.16-16.17.49:459][  0]LogEditorServer: Finished looking for orphan Actors (0.000 secs)
[2016.07.16-16.17.49:460][  0]Cmd: MAP CHECKDEP NOCLEARLOG
[2016.07.16-16.17.49:591][  0]MapCheck: Info Map check complete: 0 Error(s), 0 Warning(s), took 130.018ms to complete.
[2016.07.16-16.17.49:591][  0]LogFileHelpers: Loading map 'Minimal_Default' took 0.791
[2016.07.16-16.17.49:757][  0]LogCollectionManager: Loaded 0 collections in 0.002696 seconds
[2016.07.16-16.17.49:802][  0]LogFileCache: Scanning file cache for directory 'D:/GitHub/TeamMIA/Uptime/Saved/Collections/' took 0.01s
[2016.07.16-16.17.49:802][  0]LogFileCache: Scanning file cache for directory 'D:/GitHub/TeamMIA/Uptime/Content/Developers/Brenden/Collections/' took 0.01s
[2016.07.16-16.17.49:802][  0]LogFileCache: Scanning file cache for directory 'D:/GitHub/TeamMIA/Uptime/Content/Collections/' took 0.01s
[2016.07.16-16.17.49:802][  0]LogCollectionManager: Rebuilt the GUID cache for 0 collections in 0.000004 seconds
[2016.07.16-16.17.49:813][  0]LogContentBrowser: Native class hierarchy populated in 0.0111 seconds. Added 1979 classes and 343 folders.
[2016.07.16-16.17.49:819][  0]LogStats: UGameplayTagsManager::ConstructGameplayTagTree: Construct from data asset -  0.000 s
[2016.07.16-16.17.49:819][  0]LogStats: UGameplayTagsManager::ConstructGameplayTagTree: GameplayTagTreeChangedEvent.Broadcast -  0.000 s
[2016.07.16-16.17.49:820][  0]LogContentBrowser: Native class hierarchy updated for 'GameplayTags' in 0.0006 seconds. Added 12 classes and 0 folders.
[2016.07.16-16.17.49:827][  0]LogContentBrowser: Native class hierarchy updated for 'WidgetCarousel' in 0.0005 seconds. Added 0 classes and 0 folders.
[2016.07.16-16.17.49:838][  0]LogContentBrowser: Native class hierarchy updated for 'SuperSearch' in 0.0005 seconds. Added 1 classes and 2 folders.
[2016.07.16-16.17.49:928][  0]LogContentBrowser: Native class hierarchy updated for 'AddContentDialog' in 0.0006 seconds. Added 0 classes and 0 folders.
[2016.07.16-16.17.49:934][  0]LogContentBrowser: Native class hierarchy updated for 'SceneOutliner' in 0.0006 seconds. Added 1 classes and 2 folders.
[2016.07.16-16.17.50:013][  0]LogCrashTracker: Crashtracker disabled due to settings.
[2016.07.16-16.17.50:020][  0]LogUObjectGlobals:Warning: Failed to find object 'Class None.'
[2016.07.16-16.17.50:049][  0]LogContentBrowser: Native class hierarchy updated for 'HierarchicalLODOutliner' in 0.0005 seconds. Added 1 classes and 2 folders.
[2016.07.16-16.17.50:049][  0]LogLoad: Full Startup: 11.64 seconds (BP compile: 0.06 seconds)
[2016.07.16-16.17.50:049][  0]LogExternalProfiler: Found external profiler: VSPerf
[2016.07.16-16.17.50:049][  0]LogExternalProfiler: Using external profiler: VSPerf
[2016.07.16-16.17.50:059][  0]LogWindowsTextInputMethodSystem:Display: IME system now deactivated.
[2016.07.16-16.17.50:059][  0]LogOcInput: OculusInput pre-init called
[2016.07.16-16.17.50:116][  0]LogContentStreaming: Texture pool size now 1000 MB
[2016.07.16-16.17.50:326][  0]LogRenderer: Reallocating scene render targets to support 1304x660 (Frame:2).
[2016.07.16-16.17.50:484][  1]LogAssetRegistry: Asset discovery search completed in 4.2823 seconds
[2016.07.16-16.17.50:484][  1]LogCollectionManager: Rebuilt the object cache for 0 collections in 0.000001 seconds (found 0 objects)
[2016.07.16-16.17.50:484][  1]LogCollectionManager: Fixed up redirectors for 0 collections in 0.000040 seconds (updated 0 objects)
[2016.07.16-16.24.28:387][439]LogWindowsTextInputMethodSystem:Display: IME system now deactivated.
[2016.07.16-16.24.28:668][440]Cmd: QUIT_EDITOR
[2016.07.16-16.24.28:804][440]LogExit: Preparing to exit.
[2016.07.16-16.24.29:263][440]LogExit: Editor shut down
[2016.07.16-16.24.29:264][440]LogExit: Transaction tracking system shut down
[2016.07.16-16.24.29:413][440]LogObj: Freed 0b from 0 cluster array pools.
[2016.07.16-16.24.29:413][440]LogExit: Object subsystem successfully closed.
[2016.07.16-16.24.29:430][440]LogD3D11RHI: Shutdown
[2016.07.16-16.24.29:430][440]LogD3D11RHI: CleanupD3DDevice
[2016.07.16-16.24.29:507][440]LogD3D11RHI: ~FD3D11DynamicRHI
[2016.07.16-16.24.29:544][440]LogDerivedDataCache: Shutdown
[2016.07.16-16.24.29:545][440]LogModuleManager: Shutting down and abandoning module HierarchicalLODOutliner (204)
[2016.07.16-16.24.29:545][440]LogModuleManager: Shutting down and abandoning module CrashTracker (203)
[2016.07.16-16.24.29:545][440]LogModuleManager: Shutting down and abandoning module SceneOutliner (202)
[2016.07.16-16.24.29:545][440]LogModuleManager: Shutting down and abandoning module SuperSearch (201)
[2016.07.16-16.24.29:545][440]LogModuleManager: Shutting down and abandoning module WidgetCarousel (200)
[2016.07.16-16.24.29:545][440]LogModuleManager: Shutting down and abandoning module AddContentDialog (199)
[2016.07.16-16.24.29:548][440]LogModuleManager: Shutting down and abandoning module GameplayTags (198)
[2016.07.16-16.24.29:548][440]LogModuleManager: Shutting down and abandoning module EditorWidgets (197)
[2016.07.16-16.24.29:548][440]LogModuleManager: Shutting down and abandoning module CollectionManager (196)
[2016.07.16-16.24.29:548][440]LogModuleManager: Shutting down and abandoning module StatsViewer (195)
[2016.07.16-16.24.29:548][440]LogModuleManager: Shutting down and abandoning module FoliageEdit (194)
[2016.07.16-16.24.29:548][440]LogModuleManager: Shutting down and abandoning module LandscapeEditor (193)
[2016.07.16-16.24.29:548][440]LogModuleManager: Shutting down and abandoning module ActorPickerMode (192)
[2016.07.16-16.24.29:548][440]LogModuleManager: Shutting down and abandoning module GeometryMode (191)
[2016.07.16-16.24.29:548][440]LogModuleManager: Shutting down and abandoning module TextureAlignMode (190)
[2016.07.16-16.24.29:548][440]LogModuleManager: Shutting down and abandoning module BspMode (189)
[2016.07.16-16.24.29:548][440]LogModuleManager: Shutting down and abandoning module PlacementMode (188)
[2016.07.16-16.24.29:548][440]LogModuleManager: Shutting down and abandoning module AutomationWorker (187)
[2016.07.16-16.24.29:548][440]LogModuleManager: Shutting down and abandoning module CharacterAI (186)
[2016.07.16-16.24.29:548][440]LogModuleManager: Shutting down and abandoning module SmartSnapping (185)
[2016.07.16-16.24.29:548][440]LogModuleManager: Shutting down and abandoning module ViewportSnapping (184)
[2016.07.16-16.24.29:548][440]LogModuleManager: Shutting down and abandoning module LogVisualizer (183)
[2016.07.16-16.24.29:549][440]LogModuleManager: Shutting down and abandoning module GameProjectGeneration (182)
[2016.07.16-16.24.29:549][440]LogModuleManager: Shutting down and abandoning module IntroTutorials (181)
[2016.07.16-16.24.29:549][440]LogModuleManager: Shutting down and abandoning module EditorLiveStreaming (180)
[2016.07.16-16.24.29:549][440]LogModuleManager: Shutting down and abandoning module IOSPlatformEditor (179)
[2016.07.16-16.24.29:549][440]LogModuleManager: Shutting down and abandoning module HTML5PlatformEditor (178)
[2016.07.16-16.24.29:549][440]LogModuleManager: Shutting down and abandoning module AndroidDeviceDetection (177)
[2016.07.16-16.24.29:758][440]LogModuleManager: Shutting down and abandoning module AndroidPlatformEditor (176)
[2016.07.16-16.24.29:758][440]LogModuleManager: Shutting down and abandoning module IOSRuntimeSettings (175)
[2016.07.16-16.24.29:758][440]LogModuleManager: Shutting down and abandoning module AndroidRuntimeSettings (174)
[2016.07.16-16.24.29:758][440]LogModuleManager: Shutting down and abandoning module MergeActors (173)
[2016.07.16-16.24.29:758][440]LogModuleManager: Shutting down and abandoning module SizeMap (172)
[2016.07.16-16.24.29:758][440]LogModuleManager: Shutting down and abandoning module TreeMap (171)
[2016.07.16-16.24.29:758][440]LogModuleManager: Shutting down and abandoning module ReferenceViewer (170)
[2016.07.16-16.24.29:758][440]LogModuleManager: Shutting down and abandoning module LocalizationService (169)
[2016.07.16-16.24.29:758][440]LogModuleManager: Shutting down and abandoning module LocalizationDashboard (168)
[2016.07.16-16.24.29:758][440]LogModuleManager: Shutting down and abandoning module HardwareTargeting (167)
[2016.07.16-16.24.29:758][440]LogModuleManager: Shutting down and abandoning module DeviceProfileEditor (166)
[2016.07.16-16.24.29:758][440]LogModuleManager: Shutting down and abandoning module UndoHistory (165)
[2016.07.16-16.24.29:759][440]LogModuleManager: Shutting down and abandoning module UserFeedback (164)
[2016.07.16-16.24.29:759][440]LogModuleManager: Shutting down and abandoning module XmlParser (163)
[2016.07.16-16.24.29:759][440]LogModuleManager: Shutting down and abandoning module Blutility (162)
[2016.07.16-16.24.29:759][440]LogModuleManager: Shutting down and abandoning module ProjectTargetPlatformEditor (161)
[2016.07.16-16.24.29:759][440]LogModuleManager: Shutting down and abandoning module ProjectSettingsViewer (160)
[2016.07.16-16.24.29:759][440]LogModuleManager: Shutting down and abandoning module InputBindingEditor (159)
[2016.07.16-16.24.29:759][440]LogModuleManager: Shutting down and abandoning module EditorSettingsViewer (158)
[2016.07.16-16.24.29:759][440]LogModuleManager: Shutting down and abandoning module SettingsEditor (157)
[2016.07.16-16.24.29:759][440]LogModuleManager: Shutting down and abandoning module ProjectLauncher (156)
[2016.07.16-16.24.29:759][440]LogModuleManager: Shutting down and abandoning module SessionFrontend (155)
[2016.07.16-16.24.29:759][440]LogModuleManager: Shutting down and abandoning module ProfilerClient (154)
[2016.07.16-16.24.29:759][440]LogModuleManager: Shutting down and abandoning module TargetDeviceServices (153)
[2016.07.16-16.24.29:759][440]LogModuleManager: Shutting down and abandoning module DeviceManager (152)
[2016.07.16-16.24.29:803][440]LogModuleManager: Shutting down and abandoning module AutomationController (151)
[2016.07.16-16.24.29:803][440]LogModuleManager: Shutting down and abandoning module AutomationWindow (150)
[2016.07.16-16.24.29:803][440]LogModuleManager: Shutting down and abandoning module Layers (149)
[2016.07.16-16.24.29:803][440]LogModuleManager: Shutting down and abandoning module ComponentVisualizers (148)
[2016.07.16-16.24.29:803][440]LogModuleManager: Shutting down and abandoning module DetailCustomizations (147)
[2016.07.16-16.24.29:803][440]LogModuleManager: Shutting down and abandoning module PackagesDialog (146)
[2016.07.16-16.24.29:803][440]LogModuleManager: Shutting down and abandoning module Persona (145)
[2016.07.16-16.24.29:803][440]LogModuleManager: Shutting down and abandoning module Kismet (144)
[2016.07.16-16.24.29:803][440]LogModuleManager: Shutting down and abandoning module GraphEditor (143)
[2016.07.16-16.24.29:803][440]LogModuleManager: Shutting down and abandoning module ClassViewer (142)
[2016.07.16-16.24.29:803][440]LogModuleManager: Shutting down and abandoning module Toolbox (141)
[2016.07.16-16.24.29:803][440]LogModuleManager: Shutting down and abandoning module ModuleUI (140)
[2016.07.16-16.24.29:803][440]LogModuleManager: Shutting down and abandoning module MovieSceneTools (139)
[2016.07.16-16.24.29:803][440]LogModuleManager: Shutting down and abandoning module OutputLog (138)
[2016.07.16-16.24.29:803][440]LogModuleManager: Shutting down and abandoning module GammaUI (137)
[2016.07.16-16.24.29:803][440]LogModuleManager: Shutting down and abandoning module Documentation (136)
[2016.07.16-16.24.29:803][440]LogModuleManager: Shutting down and abandoning module StreamingPauseRendering (135)
[2016.07.16-16.24.29:803][440]LogModuleManager: Shutting down and abandoning module AnalyticsET (134)
[2016.07.16-16.24.29:803][440]LogModuleManager: Shutting down and abandoning module Analytics (133)
[2016.07.16-16.24.29:803][440]LogModuleManager: Shutting down and abandoning module PortalServices (132)
[2016.07.16-16.24.29:803][440]LogModuleManager: Shutting down and abandoning module PortalRpc (131)
[2016.07.16-16.24.29:803][440]LogModuleManager: Shutting down and abandoning module MessagingRpc (130)
[2016.07.16-16.24.29:803][440]LogModuleManager: Shutting down and abandoning module AITestSuite (129)
[2016.07.16-16.24.29:803][440]LogModuleManager: Shutting down and abandoning module GameplayDebugger (128)
[2016.07.16-16.24.29:803][440]LogModuleManager: Shutting down and abandoning module AIModule (127)
[2016.07.16-16.24.29:803][440]LogModuleManager: Shutting down and abandoning module ProfilerService (126)
[2016.07.16-16.24.29:807][440]LogModuleManager: Shutting down and abandoning module TaskGraph (125)
[2016.07.16-16.24.29:807][440]LogModuleManager: Shutting down and abandoning module SlateRemote (124)
[2016.07.16-16.24.29:807][440]LogModuleManager: Shutting down and abandoning module SteamVRController (123)
[2016.07.16-16.24.29:807][440]LogModuleManager: Shutting down and abandoning module SteamVR (122)
[2016.07.16-16.24.29:807][440]LogModuleManager: Shutting down and abandoning module ProceduralMeshComponent (121)
[2016.07.16-16.24.29:807][440]LogModuleManager: Shutting down and abandoning module OculusLibrary (120)
[2016.07.16-16.24.29:807][440]LogModuleManager: Shutting down and abandoning module OculusInput (119)
[2016.07.16-16.24.29:807][440]LogModuleManager: Shutting down and abandoning module CustomMeshComponent (118)
[2016.07.16-16.24.29:807][440]LogModuleManager: Shutting down and abandoning module CableComponent (117)
[2016.07.16-16.24.29:807][440]LogModuleManager: Shutting down and abandoning module ArchVisCharacter (116)
[2016.07.16-16.24.29:807][440]LogModuleManager: Shutting down and abandoning module MediaPlayerEditor (115)
[2016.07.16-16.24.29:807][440]LogModuleManager: Shutting down and abandoning module HTML5Networking (114)
[2016.07.16-16.24.29:807][440]LogModuleManager: Shutting down and abandoning module SpeedTreeImporter (113)
[2016.07.16-16.24.29:807][440]LogModuleManager: Shutting down and abandoning module PluginBrowser (112)
[2016.07.16-16.24.29:807][440]LogModuleManager: Shutting down and abandoning module EpicSurvey (111)
[2016.07.16-16.24.29:808][440]LogModuleManager: Shutting down and abandoning module DesktopPlatform (110)
[2016.07.16-16.24.29:808][440]LogModuleManager: Shutting down and abandoning module VisualStudioSourceCodeAccess (109)
[2016.07.16-16.24.29:808][440]LogModuleManager: Shutting down and abandoning module UObjectPlugin (108)
[2016.07.16-16.24.29:808][440]LogModuleManager: Shutting down and abandoning module SubversionSourceControl (107)
[2016.07.16-16.24.29:808][440]LogModuleManager: Shutting down and abandoning module PerforceSourceControl (106)
[2016.07.16-16.24.29:808][440]LogModuleManager: Shutting down and abandoning module SourceControl (105)
[2016.07.16-16.24.29:808][440]LogModuleManager: Shutting down and abandoning module GitSourceControl (104)
[2016.07.16-16.24.29:808][440]LogModuleManager: Shutting down and abandoning module LightPropagationVolumeEditor (103)
[2016.07.16-16.24.29:808][440]LogModuleManager: Shutting down and abandoning module PaperTiledImporter (102)
[2016.07.16-16.24.29:808][440]LogModuleManager: Shutting down and abandoning module PaperSpriteSheetImporter (101)
[2016.07.16-16.24.29:808][440]LogModuleManager: Shutting down and abandoning module MeshPaint (100)
[2016.07.16-16.24.29:808][440]LogModuleManager: Shutting down and abandoning module HotReload (99)
[2016.07.16-16.24.29:808][440]LogModuleManager: Shutting down and abandoning module MainFrame (98)
[2016.07.16-16.24.29:808][440]LogModuleManager: Shutting down and abandoning module LevelEditor (97)
[2016.07.16-16.24.29:809][440]LogModuleManager: Shutting down and abandoning module DirectoryWatcher (96)
[2016.07.16-16.24.29:811][440]LogModuleManager: Shutting down and abandoning module AssetRegistry (95)
[2016.07.16-16.24.30:026][440]LogModuleManager: Shutting down and abandoning module ContentBrowser (94)
[2016.07.16-16.24.30:027][440]LogModuleManager: Shutting down and abandoning module Paper2DEditor (93)
[2016.07.16-16.24.30:027][440]LogModuleManager: Shutting down and abandoning module UdpMessaging (92)
[2016.07.16-16.24.30:129][440]LogModuleManager: Shutting down and abandoning module LightPropagationVolumeRuntime (91)
[2016.07.16-16.24.30:129][440]LogModuleManager: Shutting down and abandoning module Paper2D (90)
[2016.07.16-16.24.30:129][440]LogModuleManager: Shutting down and abandoning module WindowsMoviePlayer (89)
[2016.07.16-16.24.30:129][440]LogModuleManager: Shutting down and abandoning module Media (88)
[2016.07.16-16.24.30:129][440]LogModuleManager: Shutting down and abandoning module WmfMedia (87)
[2016.07.16-16.24.30:129][440]LogModuleManager: Shutting down and abandoning module MediaAssets (86)
[2016.07.16-16.24.30:129][440]LogModuleManager: Shutting down and abandoning module GameLiveStreaming (85)
[2016.07.16-16.24.30:129][440]LogModuleManager: Shutting down and abandoning module GameplayTagsEditor (84)
[2016.07.16-16.24.30:129][440]LogModuleManager: Shutting down and abandoning module OnlineBlueprintSupport (83)
[2016.07.16-16.24.30:129][440]LogModuleManager: Shutting down and abandoning module GameplayTasksEditor (82)
[2016.07.16-16.24.30:129][440]LogModuleManager: Shutting down and abandoning module PropertyEditor (81)
[2016.07.16-16.24.30:129][440]LogModuleManager: Shutting down and abandoning module BehaviorTreeEditor (80)
[2016.07.16-16.24.30:129][440]LogModuleManager: Shutting down and abandoning module FunctionalTesting (79)
[2016.07.16-16.24.30:129][440]LogModuleManager: Shutting down and abandoning module CollisionAnalyzer (78)
[2016.07.16-16.24.30:129][440]LogModuleManager: Shutting down and abandoning module WorkspaceMenuStructure (77)
[2016.07.16-16.24.30:129][440]LogModuleManager: Shutting down and abandoning module MessageLog (76)
[2016.07.16-16.24.30:129][440]LogModuleManager: Shutting down and abandoning module Sequencer (75)
[2016.07.16-16.24.30:129][440]LogModuleManager: Shutting down and abandoning module AssetTools (74)
[2016.07.16-16.24.30:129][440]LogModuleManager: Shutting down and abandoning module UMGEditor (73)
[2016.07.16-16.24.30:129][440]LogModuleManager: Shutting down and abandoning module UMG (72)
[2016.07.16-16.24.30:129][440]LogModuleManager: Shutting down and abandoning module SlateReflector (71)
[2016.07.16-16.24.30:129][440]LogModuleManager: Shutting down and abandoning module Slate (70)
[2016.07.16-16.24.30:129][440]LogModuleManager: Shutting down and abandoning module EditorStyle (69)
[2016.07.16-16.24.30:132][440]LogModuleManager: Shutting down and abandoning module SessionServices (68)
[2016.07.16-16.24.30:132][440]LogModuleManager: Shutting down and abandoning module SourceCodeAccess (67)
[2016.07.16-16.24.30:132][440]LogModuleManager: Shutting down and abandoning module HeadMountedDisplay (66)
[2016.07.16-16.24.30:132][440]LogModuleManager: Shutting down and abandoning module XAudio2 (65)
[2016.07.16-16.24.30:132][440]LogModuleManager: Shutting down and abandoning module Networking (63)
[2016.07.16-16.24.30:132][440]LogModuleManager: Shutting down and abandoning module Core (62)
[2016.07.16-16.24.30:132][440]LogModuleManager: Shutting down and abandoning module KismetCompiler (61)
[2016.07.16-16.24.30:132][440]LogModuleManager: Shutting down and abandoning module PhysXFormats (60)
[2016.07.16-16.24.30:132][440]LogModuleManager: Shutting down and abandoning module MeshUtilities (59)
[2016.07.16-16.24.30:132][440]LogModuleManager: Shutting down and abandoning module CookingStats (58)
[2016.07.16-16.24.30:132][440]LogModuleManager: Shutting down and abandoning module DerivedDataCache (57)
[2016.07.16-16.24.30:132][440]LogDerivedDataCache: Shutdown
[2016.07.16-16.24.30:132][440]LogModuleManager: Shutting down and abandoning module ShaderFormatOpenGL (56)
[2016.07.16-16.24.30:132][440]LogModuleManager: Shutting down and abandoning module ShaderFormatD3D (55)
[2016.07.16-16.24.30:132][440]LogModuleManager: Shutting down and abandoning module MetalShaderFormat (54)
[2016.07.16-16.24.30:132][440]LogModuleManager: Shutting down and abandoning module TextureFormatUncompressed (53)
[2016.07.16-16.24.30:132][440]LogModuleManager: Shutting down and abandoning module TextureFormatPVR (52)
[2016.07.16-16.24.30:132][440]LogModuleManager: Shutting down and abandoning module TextureFormatIntelISPCTexComp (51)
[2016.07.16-16.24.30:132][440]LogModuleManager: Shutting down and abandoning module TextureFormatDXT (50)
[2016.07.16-16.24.30:132][440]LogModuleManager: Shutting down and abandoning module ImageWrapper (49)
[2016.07.16-16.24.30:133][440]LogModuleManager: Shutting down and abandoning module TextureFormatASTC (48)
[2016.07.16-16.24.30:133][440]LogModuleManager: Shutting down and abandoning module TextureFormatAndroid (47)
[2016.07.16-16.24.30:133][440]LogModuleManager: Shutting down and abandoning module AudioFormatOpus (46)
[2016.07.16-16.24.30:133][440]LogModuleManager: Shutting down and abandoning module AudioFormatOgg (45)
[2016.07.16-16.24.30:133][440]LogModuleManager: Shutting down and abandoning module AudioFormatADPCM (44)
[2016.07.16-16.24.30:133][440]LogModuleManager: Shutting down and abandoning module LinuxTargetPlatform (43)
[2016.07.16-16.24.30:133][440]LogModuleManager: Shutting down and abandoning module LinuxServerTargetPlatform (42)
[2016.07.16-16.24.30:133][440]LogModuleManager: Shutting down and abandoning module LinuxNoEditorTargetPlatform (41)
[2016.07.16-16.24.30:133][440]LogModuleManager: Shutting down and abandoning module TVOSTargetPlatform (40)
[2016.07.16-16.24.30:133][440]LogModuleManager: Shutting down and abandoning module Messaging (39)
[2016.07.16-16.24.30:133][440]LogModuleManager: Shutting down and abandoning module IOSTargetPlatform (38)
[2016.07.16-16.24.30:133][440]LogModuleManager: Shutting down and abandoning module HTML5TargetPlatform (37)
[2016.07.16-16.24.30:133][440]LogModuleManager: Shutting down and abandoning module Android_PVRTCTargetPlatform (36)
[2016.07.16-16.24.30:133][440]LogModuleManager: Shutting down and abandoning module Android_MultiTargetPlatform (35)
[2016.07.16-16.24.30:133][440]LogModuleManager: Shutting down and abandoning module Android_ETC2TargetPlatform (34)
[2016.07.16-16.24.30:133][440]LogModuleManager: Shutting down and abandoning module Android_ETC1TargetPlatform (33)
[2016.07.16-16.24.30:133][440]LogModuleManager: Shutting down and abandoning module Android_DXTTargetPlatform (32)
[2016.07.16-16.24.30:133][440]LogModuleManager: Shutting down and abandoning module Android_ATCTargetPlatform (31)
[2016.07.16-16.24.30:133][440]LogModuleManager: Shutting down and abandoning module Android_ASTCTargetPlatform (30)
[2016.07.16-16.24.30:133][440]LogModuleManager: Shutting down and abandoning module AndroidTargetPlatform (29)
[2016.07.16-16.24.30:133][440]LogModuleManager: Shutting down and abandoning module WindowsTargetPlatform (28)
[2016.07.16-16.24.30:133][440]LogModuleManager: Shutting down and abandoning module WindowsServerTargetPlatform (27)
[2016.07.16-16.24.30:133][440]LogModuleManager: Shutting down and abandoning module WindowsNoEditorTargetPlatform (26)
[2016.07.16-16.24.30:133][440]LogModuleManager: Shutting down and abandoning module WindowsClientTargetPlatform (25)
[2016.07.16-16.24.30:133][440]LogModuleManager: Shutting down and abandoning module AllDesktopTargetPlatform (24)
[2016.07.16-16.24.30:133][440]LogModuleManager: Shutting down and abandoning module TargetPlatform (23)
[2016.07.16-16.24.30:133][440]LogModuleManager: Shutting down and abandoning module InputCore (22)
[2016.07.16-16.24.30:133][440]LogModuleManager: Shutting down and abandoning module Settings (21)
[2016.07.16-16.24.30:133][440]LogModuleManager: Shutting down and abandoning module OnlineSubsystem (19)
[2016.07.16-16.24.30:133][440]LogModuleManager: Shutting down and abandoning module HTTP (18)
[2016.07.16-16.24.31:135][440]LogModuleManager: Shutting down and abandoning module XMPP (17)
[2016.07.16-16.24.31:135][440]LogModuleManager: Shutting down and abandoning module OculusRift (16)
[2016.07.16-16.24.31:135][440]LogModuleManager: Shutting down and abandoning module ExampleDeviceProfileSelector (15)
[2016.07.16-16.24.31:135][440]LogModuleManager: Shutting down and abandoning module TextureCompressor (14)
[2016.07.16-16.24.31:136][440]LogModuleManager: Shutting down and abandoning module ShaderCore (13)
[2016.07.16-16.24.31:136][440]LogModuleManager: Shutting down and abandoning module Landscape (12)
[2016.07.16-16.24.31:136][440]LogModuleManager: Shutting down and abandoning module SlateRHIRenderer (11)
[2016.07.16-16.24.31:139][440]LogModuleManager: Shutting down and abandoning module OpenGLDrv (10)
[2016.07.16-16.24.31:139][440]LogModuleManager: Shutting down and abandoning module D3D11RHI (9)
[2016.07.16-16.24.31:139][440]LogModuleManager: Shutting down and abandoning module AnimGraphRuntime (8)
[2016.07.16-16.24.31:139][440]LogModuleManager: Shutting down and abandoning module Renderer (7)
[2016.07.16-16.24.31:139][440]LogModuleManager: Shutting down and abandoning module Engine (6)
[2016.07.16-16.24.31:139][440]LogModuleManager: Shutting down and abandoning module CoreUObject (5)
[2016.07.16-16.24.31:139][440]LogModuleManager: Shutting down and abandoning module NetworkFile (4)
[2016.07.16-16.24.31:139][440]LogModuleManager: Shutting down and abandoning module StreamingFile (3)
[2016.07.16-16.24.31:139][440]LogModuleManager: Shutting down and abandoning module SandboxFile (2)
[2016.07.16-16.24.31:139][440]LogModuleManager: Shutting down and abandoning module PakFile (1)
[2016.07.16-16.24.31:142][440]LogExit: Exiting.
[2016.07.16-16.24.31:145][440]Log file closed, 07/17/16 02:24:31
