Log file open, 07/23/16 19:41:48
LogInit:Display: Running engine for game: Uptime
LogPlatformFile: Not using cached read wrapper
LogInit:Display: RandInit(2117994219) SRandInit(2117994222).
LogTaskGraph: Started task graph with 4 named threads and 7 total threads.
LogStats: Stats thread started at 0.112566
LogInit: Version: 4.11.2-2946394+++UE4+Release-4.11
LogInit: API Version: 2927265
LogInit: Compiled (64-bit): Apr 18 2016 02:18:46
LogInit: Compiled with Visual C++: 19.00.23026.00
LogInit: Build Configuration: Development
LogInit: Branch Name: ++UE4+Release-4.11
LogInit: Command line:  
LogInit: Base directory: C:/Program Files (x86)/Epic Games/4.11/Engine/Binaries/Win64/
LogInit: Installed Engine Build: 1
LogInit: Using libcurl 7.41.0
LogInit:  - built for x86_64-pc-win32
LogInit:  - supports SSL with WinSSL
LogInit:  - other features:
LogInit:      CURL_VERSION_SSL
LogInit:      CURL_VERSION_IPV6
LogInit:      CURL_VERSION_ASYNCHDNS
LogInit:      CURL_VERSION_LARGEFILE
LogInit:      CURL_VERSION_IDN
LogInit:  CurlRequestOptions (configurable via config and command line):
LogInit:  - bVerifyPeer = true  - Libcurl will verify peer certificate
LogInit:  - bUseHttpProxy = false  - Libcurl will NOT use HTTP proxy
LogInit:  - bDontReuseConnections = false  - Libcurl will reuse connections
LogInit:  - CertBundlePath = nullptr  - Libcurl will use whatever was configured at build time.
LogInit: Presizing for max 16777216 objects, including 0 objects not considered by GC, pre-allocating 0 bytes for permanent pool.
LogInit: Object subsystem initialized
[2016.07.23-09.41.49:013][  0]LogInit: Selected Device Profile: [Windows]
[2016.07.23-09.41.49:013][  0]LogInit: Applying CVar settings loaded from the selected device profile: [Windows]
[2016.07.23-09.41.49:023][  0]LogInit: Computer: BRENDEN-PC
[2016.07.23-09.41.49:023][  0]LogInit: User: Brenden
[2016.07.23-09.41.49:023][  0]LogInit: CPU Page size=65536, Cores=4
[2016.07.23-09.41.49:023][  0]LogInit: High frequency timer resolution =3.125107 MHz
[2016.07.23-09.41.49:024][  0]LogMemory: Memory total: Physical=8.0GB (8GB approx)
[2016.07.23-09.41.49:024][  0]LogMemory: Platform Memory Stats for Windows
[2016.07.23-09.41.49:024][  0]LogMemory: Process Physical Memory: 312.49 MB used, 312.49 MB peak
[2016.07.23-09.41.49:024][  0]LogMemory: Process Virtual Memory: 315.66 MB used, 315.66 MB peak
[2016.07.23-09.41.49:024][  0]LogMemory: Physical Memory: 4266.57 MB used, 8190.27 MB total
[2016.07.23-09.41.49:024][  0]LogMemory: Virtual Memory: 648.76 MB used, 134217728.00 MB total
[2016.07.23-09.41.49:410][  0]LogTextLocalizationManager: No specific translations for ('en-US') exist, so ('en') translations will be used.
[2016.07.23-09.41.50:004][  0]LogD3D11RHI: D3D11 adapters:
[2016.07.23-09.41.50:361][  0]LogD3D11RHI:    0. 'NVIDIA GeForce GTX 560 Ti' (Feature Level 11_0)
[2016.07.23-09.41.50:361][  0]LogD3D11RHI:       971MB of dedicated video memory, 0MB of dedicated system memory, and 3071MB of shared system memory, 2 output[s]
[2016.07.23-09.41.50:421][  0]LogD3D11RHI:    1. 'NVIDIA GeForce 210 ' (Feature Level 10_0)
[2016.07.23-09.41.50:421][  0]LogD3D11RHI:       972MB of dedicated video memory, 0MB of dedicated system memory, and 3071MB of shared system memory, 1 output[s]
[2016.07.23-09.41.50:424][  0]LogD3D11RHI:    2. 'Microsoft Basic Render Driver' (Feature Level 11_0)
[2016.07.23-09.41.50:424][  0]LogD3D11RHI:       0MB of dedicated video memory, 0MB of dedicated system memory, and 4095MB of shared system memory, 0 output[s]
[2016.07.23-09.41.50:424][  0]LogD3D11RHI: Chosen D3D11 Adapter: 0
[2016.07.23-09.41.50:431][  0]LogD3D11RHI: Creating new Direct3DDevice
[2016.07.23-09.41.50:432][  0]LogD3D11RHI:     Adapter Name: NVIDIA GeForce GTX 560 Ti
[2016.07.23-09.41.50:432][  0]LogD3D11RHI:   Driver Version: Unknown (internal Unknown)
[2016.07.23-09.41.50:432][  0]LogD3D11RHI:      Driver Date: Unknown
[2016.07.23-09.41.50:432][  0]LogRHI: Texture pool is 680 MB (70% of 971 MB)
[2016.07.23-09.41.50:443][  0]LogD3D11RHI: Async texture creation enabled
[2016.07.23-09.41.50:462][  0]LogShaderCompilers: Guid format shader working directory is 24 characters bigger than the processId version (D:/GitHub/TeamMIA/Uptime/Intermediate/Shaders/WorkingDirectory/9324/).
[2016.07.23-09.41.50:463][  0]LogShaderCompilers: Cleaned the shader compiler working directory 'C:/Users/Brenden/AppData/Local/Temp/UnrealShaderWorkingDir/84DD7B1144B3F93D0F7D209D2EDE10D8/'.
[2016.07.23-09.41.50:463][  0]LogShaderCompilers:Display: Using Local Shader Compiler.
[2016.07.23-09.41.53:600][  0]LogTemp:Display: Loaded TP AllDesktopTargetPlatform
[2016.07.23-09.41.53:618][  0]LogTemp:Display: Loaded TP WindowsClientTargetPlatform
[2016.07.23-09.41.53:636][  0]LogTemp:Display: Loaded TP WindowsNoEditorTargetPlatform
[2016.07.23-09.41.53:653][  0]LogTemp:Display: Loaded TP WindowsServerTargetPlatform
[2016.07.23-09.41.53:672][  0]LogTemp:Display: Loaded TP WindowsTargetPlatform
[2016.07.23-09.41.53:689][  0]LogTemp:Display: Loaded TP AndroidTargetPlatform
[2016.07.23-09.41.53:706][  0]LogTemp:Display: Loaded TP Android_ASTCTargetPlatform
[2016.07.23-09.41.53:722][  0]LogTemp:Display: Loaded TP Android_ATCTargetPlatform
[2016.07.23-09.41.53:738][  0]LogTemp:Display: Loaded TP Android_DXTTargetPlatform
[2016.07.23-09.41.53:754][  0]LogTemp:Display: Loaded TP Android_ETC1TargetPlatform
[2016.07.23-09.41.53:769][  0]LogTemp:Display: Loaded TP Android_ETC2TargetPlatform
[2016.07.23-09.41.53:803][  0]LogTemp:Display: Loaded TP Android_MultiTargetPlatform
[2016.07.23-09.41.53:803][  0]LogTemp:Display: Loaded TP Android_PVRTCTargetPlatform
[2016.07.23-09.41.53:815][  0]LogTemp:Display: Loaded TP HTML5TargetPlatform
[2016.07.23-09.41.53:876][  0]LogTemp:Display: Loaded TP IOSTargetPlatform
[2016.07.23-09.41.53:890][  0]LogTemp:Display: Loaded TP TVOSTargetPlatform
[2016.07.23-09.41.53:904][  0]LogTemp:Display: Loaded TP LinuxNoEditorTargetPlatform
[2016.07.23-09.41.53:920][  0]LogTemp:Display: Loaded TP LinuxServerTargetPlatform
[2016.07.23-09.41.53:936][  0]LogTemp:Display: Loaded TP LinuxTargetPlatform
[2016.07.23-09.41.53:936][  0]LogTargetPlatformManager:Display: Building Assets For Windows
[2016.07.23-09.41.54:394][  0]LogDerivedDataCache:Display: Max Cache Size: 512 MB
[2016.07.23-09.41.54:754][  0]LogDerivedDataCache: Loaded boot cache 0.36s 46MB C:/Users/Brenden/AppData/Local/UnrealEngine/4.11/DerivedDataCache/Boot.ddc.
[2016.07.23-09.41.54:754][  0]LogDerivedDataCache:Display: Loaded Boot cache: C:/Users/Brenden/AppData/Local/UnrealEngine/4.11/DerivedDataCache/Boot.ddc
[2016.07.23-09.41.54:754][  0]LogDerivedDataCache: FDerivedDataBackendGraph:  Pak pak cache file D:/GitHub/TeamMIA/Uptime/DerivedDataCache/DDC.ddp not found, will not use a pak cache.
[2016.07.23-09.41.54:754][  0]LogDerivedDataCache: Unable to find inner node Pak for hierarchical cache Hierarchy.
[2016.07.23-09.41.54:754][  0]LogDerivedDataCache: FDerivedDataBackendGraph:  CompressedPak pak cache file D:/GitHub/TeamMIA/Uptime/DerivedDataCache/Compressed.ddp not found, will not use a pak cache.
[2016.07.23-09.41.54:754][  0]LogDerivedDataCache: Unable to find inner node CompressedPak for hierarchical cache Hierarchy.
[2016.07.23-09.41.54:775][  0]LogDerivedDataCache:Display: Pak cache opened for reading ../../../Engine/DerivedDataCache/Compressed.ddp.
[2016.07.23-09.41.54:788][  0]LogDerivedDataCache: Using Local data cache path C:/Users/Brenden/AppData/Local/UnrealEngine/Common/DerivedDataCache: Writable
[2016.07.23-09.41.55:349][  0]LogInit: Selected Device Profile: [Windows]
[2016.07.23-09.41.55:351][  0]LogContentStreaming: Texture pool size is 0.00 MB
[2016.07.23-09.41.55:440][  0]LogMaterial: Uniform references updated for custom material expression Custom.
[2016.07.23-09.41.55:656][  0]LogMeshUtilities: No automatic mesh reduction module available
[2016.07.23-09.41.55:656][  0]LogMeshUtilities: No automatic mesh merging module available
[2016.07.23-09.41.55:656][  0]LogMeshUtilities: No distributed automatic mesh merging module available
[2016.07.23-09.41.56:233][  0]LogUObjectArray: 27679 objects as part of root set at end of initial load.
[2016.07.23-09.41.56:233][  0]LogUObjectAllocator: 5591592 out of 0 bytes used by permanent object pool.
[2016.07.23-09.41.56:233][  0]LogUObjectArray: CloseDisregardForGC: 0/0 objects in disregard for GC pool
[2016.07.23-09.41.56:253][  0]LogInit: WinSock: version 1.1 (2.2), MaxSocks=32767, MaxUdp=65467
[2016.07.23-09.41.57:484][  0]LogSlate: SlateFontCache - WITH_FREETYPE: 1, WITH_HARFBUZZ: 1
[2016.07.23-09.41.57:484][  0]LogSlate: SlateFontCache - WITH_FREETYPE: 1, WITH_HARFBUZZ: 1
[2016.07.23-09.41.57:796][  0]LogStreaming:Warning: Failed to read file '../../../Engine/Content/Editor/Slate/Common/Selection_16x.png' error.
[2016.07.23-09.41.57:796][  0]LogSlate: Could not find file for Slate resource: ../../../Engine/Content/Editor/Slate/Common/Selection_16x.png
[2016.07.23-09.41.57:797][  0]LogStreaming:Warning: Failed to read file '../../../Engine/Content/Editor/Slate/Common/Selection_16x.png' error.
[2016.07.23-09.41.57:797][  0]LogSlate: Could not find file for Slate resource: ../../../Engine/Content/Editor/Slate/Common/Selection_16x.png
[2016.07.23-09.41.57:797][  0]LogStreaming:Warning: Failed to read file '../../../Engine/Content/Editor/Slate/Common/Selection_16x.png' error.
[2016.07.23-09.41.57:797][  0]LogSlate: Could not find file for Slate resource: ../../../Engine/Content/Editor/Slate/Common/Selection_16x.png
[2016.07.23-09.41.59:576][  0]LogUdpMessaging: Initializing bridge on interface 0.0.0.0:0 to multicast group 230.0.0.1:6666.
[2016.07.23-09.41.59:837][  0]LogAssetRegistry: FAssetRegistry took 0.0218 seconds to start up
[2016.07.23-09.42.00:388][  0]SourceControl: Info Source control is disabled
[2016.07.23-09.42.01:564][  0]SourceControl: Info Source control is disabled
[2016.07.23-09.42.01:629][  0]SourceControl: Info Source control is disabled
[2016.07.23-09.42.01:674][  0]SourceControl: Info Source control is disabled
[2016.07.23-09.42.02:149][  0]LogHMD: Failed to initialize OpenVR with code 110
[2016.07.23-09.42.02:324][  0]LogEngine: Initializing Engine...
[2016.07.23-09.42.02:649][  0]LogAIModule: Creating AISystem for world NewWorld
[2016.07.23-09.42.02:686][  0]LogInit: XAudio2 using 'Headphones (Realtek High Definition Audio)' : 2 channels at 48 kHz using 32 bits per sample (channel mask 0x3)
[2016.07.23-09.42.02:739][  0]LogInit: FAudioDevice initialized.
[2016.07.23-09.42.02:791][  0]LogDerivedDataCache: Saved boot cache 0.05s 46MB C:/Users/Brenden/AppData/Local/UnrealEngine/4.11/DerivedDataCache/Boot.ddc.
[2016.07.23-09.42.02:812][  0]LogInit: Texture streaming: Enabled
[2016.07.23-09.42.02:913][  0]LogInit: Transaction tracking system initialized
[2016.07.23-09.42.03:037][  0]BlueprintLog: New page: Editor Load
[2016.07.23-09.42.03:731][  0]LocalizationService: Info Localization service is disabled
[2016.07.23-09.42.04:155][  0]LogConsoleResponse:Display: 
[2016.07.23-09.42.04:385][  0]LogCook:Display: Max memory allowance for cook 8192mb
[2016.07.23-09.42.04:385][  0]LogCook:Display: Mobile HDR setting 1
[2016.07.23-09.42.04:385][  0]LogCook:Display: Done creating registry. It took  0.00s.
[2016.07.23-09.42.04:701][  0]LogFileCache: Scanning file cache for directory 'D:/GitHub/TeamMIA/Uptime/Content/' took 0.02s
[2016.07.23-09.42.04:701][  0]SourceControl: Info Source control is disabled
[2016.07.23-09.42.04:701][  0]Cmd: MAP LOAD FILE="D:/GitHub/TeamMIA/Uptime/Content/Maps/UptimeLevel.umap" TEMPLATE=0 SHOWPROGRESS=1 FEATURELEVEL=3
[2016.07.23-09.42.04:702][  0]LightingResults: New page: Lighting Build
[2016.07.23-09.42.04:707][  0]MapCheck: New page: Map Check
[2016.07.23-09.42.04:707][  0]LightingResults: New page: Lighting Build
[2016.07.23-09.42.07:684][  0]LogAIModule: Creating AISystem for world UptimeLevel
[2016.07.23-09.42.07:726][  0]LogEditorServer: Finished looking for orphan Actors (0.000 secs)
[2016.07.23-09.42.07:727][  0]Cmd: MAP CHECKDEP NOCLEARLOG
[2016.07.23-09.42.07:876][  0]MapCheck: Info Map check complete: 0 Error(s), 0 Warning(s), took 148.822ms to complete.
[2016.07.23-09.42.07:876][  0]LogFileHelpers: Loading map 'UptimeLevel' took 3.174
[2016.07.23-09.42.08:055][  0]LogCollectionManager: Loaded 0 collections in 0.002931 seconds
[2016.07.23-09.42.08:103][  0]LogFileCache: Scanning file cache for directory 'D:/GitHub/TeamMIA/Uptime/Saved/Collections/' took 0.01s
[2016.07.23-09.42.08:103][  0]LogFileCache: Scanning file cache for directory 'D:/GitHub/TeamMIA/Uptime/Content/Developers/Brenden/Collections/' took 0.01s
[2016.07.23-09.42.08:103][  0]LogFileCache: Scanning file cache for directory 'D:/GitHub/TeamMIA/Uptime/Content/Collections/' took 0.01s
[2016.07.23-09.42.08:103][  0]LogCollectionManager: Rebuilt the GUID cache for 0 collections in 0.000005 seconds
[2016.07.23-09.42.08:114][  0]LogContentBrowser: Native class hierarchy populated in 0.0116 seconds. Added 1979 classes and 343 folders.
[2016.07.23-09.42.08:120][  0]LogStats: UGameplayTagsManager::ConstructGameplayTagTree: Construct from data asset -  0.000 s
[2016.07.23-09.42.08:120][  0]LogStats: UGameplayTagsManager::ConstructGameplayTagTree: GameplayTagTreeChangedEvent.Broadcast -  0.000 s
[2016.07.23-09.42.08:120][  0]LogContentBrowser: Native class hierarchy updated for 'GameplayTags' in 0.0006 seconds. Added 12 classes and 0 folders.
[2016.07.23-09.42.08:129][  0]LogContentBrowser: Native class hierarchy updated for 'WidgetCarousel' in 0.0006 seconds. Added 0 classes and 0 folders.
[2016.07.23-09.42.08:167][  0]LogContentBrowser: Native class hierarchy updated for 'SuperSearch' in 0.0005 seconds. Added 1 classes and 2 folders.
[2016.07.23-09.42.08:355][  0]LogContentBrowser: Native class hierarchy updated for 'AddContentDialog' in 0.0006 seconds. Added 0 classes and 0 folders.
[2016.07.23-09.42.08:407][  0]LogContentBrowser: Native class hierarchy updated for 'SceneOutliner' in 0.0007 seconds. Added 1 classes and 2 folders.
[2016.07.23-09.42.08:521][  0]LogCrashTracker: Crashtracker disabled due to settings.
[2016.07.23-09.42.08:528][  0]LogUObjectGlobals:Warning: Failed to find object 'Class None.'
[2016.07.23-09.42.08:586][  0]LogContentBrowser: Native class hierarchy updated for 'HierarchicalLODOutliner' in 0.0006 seconds. Added 1 classes and 2 folders.
[2016.07.23-09.42.08:587][  0]LogLoad: Full Startup: 21.14 seconds (BP compile: 0.01 seconds)
[2016.07.23-09.42.08:587][  0]LogExternalProfiler: Found external profiler: VSPerf
[2016.07.23-09.42.08:587][  0]LogExternalProfiler: Using external profiler: VSPerf
[2016.07.23-09.42.08:596][  0]LogWindowsTextInputMethodSystem:Display: IME system now deactivated.
[2016.07.23-09.42.08:596][  0]LogOcInput: OculusInput pre-init called
[2016.07.23-09.42.08:675][  0]LogContentStreaming: Texture pool size now 1000 MB
[2016.07.23-09.42.08:929][  0]LogRenderer: Reallocating scene render targets to support 1304x660 (Frame:2).
[2016.07.23-09.42.09:206][  3]LogAssetRegistry: Asset discovery search completed in 9.3914 seconds
[2016.07.23-09.42.09:206][  3]LogCollectionManager: Rebuilt the object cache for 0 collections in 0.000002 seconds (found 0 objects)
[2016.07.23-09.42.09:206][  3]LogCollectionManager: Fixed up redirectors for 0 collections in 0.000045 seconds (updated 0 objects)
[2016.07.23-09.42.32:089][630]LogTexture:Display: Building textures: T_PhotoCopier__N (BC5)
[2016.07.23-09.42.33:502][630]LogTexture:Display: Building textures: T_PhotoCopier_D (AutoDXT)
[2016.07.23-09.42.40:844][630]LogTexture:Display: Building textures: T_PhotoCopier_RMA (AutoDXT)
[2016.07.23-09.43.39:964][ 32]LogLinker:Warning: Can't find file '/Game/ArbitraryStudio/M_MasterMaterial'
[2016.07.23-09.43.39:964][ 32]LogLinker:Warning: Can't find file for asset '/Game/ArbitraryStudio/M_MasterMaterial' while loading D:/GitHub/TeamMIA/Uptime/Content/Furniture/MI_PhotoCopier.uasset.
[2016.07.23-09.43.39:964][ 32]LoadErrors:Error: Error /Game/Furniture/MI_PhotoCopier : Can't find file for asset. /Game/ArbitraryStudio/M_MasterMaterial
[2016.07.23-09.43.39:964][ 32]LogLinker:Warning: Can't find file '/Game/ArbitraryStudio/Electronics/Textures/T_PhotoCopier__N'
[2016.07.23-09.43.39:964][ 32]LogLinker:Warning: Can't find file for asset '/Game/ArbitraryStudio/Electronics/Textures/T_PhotoCopier__N' while loading D:/GitHub/TeamMIA/Uptime/Content/Furniture/MI_PhotoCopier.uasset.
[2016.07.23-09.43.39:965][ 32]LoadErrors:Error: Error /Game/Furniture/MI_PhotoCopier : Can't find file for asset. /Game/ArbitraryStudio/Electronics/Textures/T_PhotoCopier__N
[2016.07.23-09.43.39:965][ 32]LogLinker:Warning: Can't find file '/Game/ArbitraryStudio/Electronics/Textures/T_PhotoCopier_D'
[2016.07.23-09.43.39:965][ 32]LogLinker:Warning: Can't find file for asset '/Game/ArbitraryStudio/Electronics/Textures/T_PhotoCopier_D' while loading D:/GitHub/TeamMIA/Uptime/Content/Furniture/MI_PhotoCopier.uasset.
[2016.07.23-09.43.39:965][ 32]LoadErrors:Error: Error /Game/Furniture/MI_PhotoCopier : Can't find file for asset. /Game/ArbitraryStudio/Electronics/Textures/T_PhotoCopier_D
[2016.07.23-09.43.39:965][ 32]LogLinker:Warning: Can't find file '/Game/ArbitraryStudio/Electronics/Textures/T_PhotoCopier_RMA'
[2016.07.23-09.43.39:965][ 32]LogLinker:Warning: Can't find file for asset '/Game/ArbitraryStudio/Electronics/Textures/T_PhotoCopier_RMA' while loading D:/GitHub/TeamMIA/Uptime/Content/Furniture/MI_PhotoCopier.uasset.
[2016.07.23-09.43.39:965][ 32]LoadErrors:Error: Error /Game/Furniture/MI_PhotoCopier : Can't find file for asset. /Game/ArbitraryStudio/Electronics/Textures/T_PhotoCopier_RMA
[2016.07.23-09.43.39:965][ 32]LogLinker:Warning: Can't find file '/Game/ArbitraryStudio/M_MasterMaterial'
[2016.07.23-09.43.39:965][ 32]LogLinker:Warning: Can't find file for asset '/Game/ArbitraryStudio/M_MasterMaterial' while loading D:/GitHub/TeamMIA/Uptime/Content/Furniture/MI_PhotoCopier.uasset.
[2016.07.23-09.43.39:966][ 32]LogLinker:Warning: Can't find file '/Game/ArbitraryStudio/Electronics/Textures/T_PhotoCopier__N'
[2016.07.23-09.43.39:966][ 32]LogLinker:Warning: Can't find file for asset '/Game/ArbitraryStudio/Electronics/Textures/T_PhotoCopier__N' while loading D:/GitHub/TeamMIA/Uptime/Content/Furniture/MI_PhotoCopier.uasset.
[2016.07.23-09.43.39:966][ 32]LogLinker:Warning: Can't find file '/Game/ArbitraryStudio/Electronics/Textures/T_PhotoCopier_D'
[2016.07.23-09.43.39:966][ 32]LogLinker:Warning: Can't find file for asset '/Game/ArbitraryStudio/Electronics/Textures/T_PhotoCopier_D' while loading D:/GitHub/TeamMIA/Uptime/Content/Furniture/MI_PhotoCopier.uasset.
[2016.07.23-09.43.39:966][ 32]LogLinker:Warning: Can't find file '/Game/ArbitraryStudio/Electronics/Textures/T_PhotoCopier_RMA'
[2016.07.23-09.43.39:966][ 32]LogLinker:Warning: Can't find file for asset '/Game/ArbitraryStudio/Electronics/Textures/T_PhotoCopier_RMA' while loading D:/GitHub/TeamMIA/Uptime/Content/Furniture/MI_PhotoCopier.uasset.
[2016.07.23-09.43.39:968][ 32]LogLinker:Warning: Can't find file '/Game/ArbitraryStudio/M_MasterMaterial'
[2016.07.23-09.43.39:968][ 32]LoadErrors: Info Failed to load /Game/ArbitraryStudio/M_MasterMaterial.M_MasterMaterial Referenced by MI_PhotoCopier
[2016.07.23-09.43.39:968][ 32]LogLinker:Warning: Can't find file for asset '/Game/ArbitraryStudio/M_MasterMaterial' while loading NULL.
[2016.07.23-09.43.39:968][ 32]LogLinker:Warning: Can't find file '/Game/ArbitraryStudio/Electronics/Textures/T_PhotoCopier_D'
[2016.07.23-09.43.39:968][ 32]LoadErrors: Info Failed to load /Game/ArbitraryStudio/Electronics/Textures/T_PhotoCopier_D.T_PhotoCopier_D Referenced by MI_PhotoCopier
[2016.07.23-09.43.39:968][ 32]LogLinker:Warning: Can't find file for asset '/Game/ArbitraryStudio/Electronics/Textures/T_PhotoCopier_D' while loading NULL.
[2016.07.23-09.43.39:969][ 32]LogLinker:Warning: Can't find file '/Game/ArbitraryStudio/Electronics/Textures/T_PhotoCopier__N'
[2016.07.23-09.43.39:969][ 32]LoadErrors: Info Failed to load /Game/ArbitraryStudio/Electronics/Textures/T_PhotoCopier__N.T_PhotoCopier__N Referenced by MI_PhotoCopier
[2016.07.23-09.43.39:969][ 32]LogLinker:Warning: Can't find file for asset '/Game/ArbitraryStudio/Electronics/Textures/T_PhotoCopier__N' while loading NULL.
[2016.07.23-09.43.39:969][ 32]LogLinker:Warning: Can't find file '/Game/ArbitraryStudio/Electronics/Textures/T_PhotoCopier_RMA'
[2016.07.23-09.43.39:969][ 32]LoadErrors: Info Failed to load /Game/ArbitraryStudio/Electronics/Textures/T_PhotoCopier_RMA.T_PhotoCopier_RMA Referenced by MI_PhotoCopier
[2016.07.23-09.43.39:969][ 32]LogLinker:Warning: Can't find file for asset '/Game/ArbitraryStudio/Electronics/Textures/T_PhotoCopier_RMA' while loading NULL.
[2016.07.23-09.43.39:984][ 32]LogLinker:Warning: Can't find file '/Game/ArbitraryStudio/Electronics/Materials/MI_PhotoCopier'
[2016.07.23-09.43.39:984][ 32]LogLinker:Warning: Can't find file for asset '/Game/ArbitraryStudio/Electronics/Materials/MI_PhotoCopier' while loading D:/GitHub/TeamMIA/Uptime/Content/Furniture/SM_PhotocopierBig.uasset.
[2016.07.23-09.43.39:984][ 32]LoadErrors:Error: Error /Game/Furniture/SM_PhotocopierBig : Can't find file for asset. /Game/ArbitraryStudio/Electronics/Materials/MI_PhotoCopier
[2016.07.23-09.43.39:985][ 32]LogLinker:Warning: Can't find file '/Game/ArbitraryStudio/Electronics/Materials/MI_PhotoCopier'
[2016.07.23-09.43.39:985][ 32]LogLinker:Warning: Can't find file for asset '/Game/ArbitraryStudio/Electronics/Materials/MI_PhotoCopier' while loading D:/GitHub/TeamMIA/Uptime/Content/Furniture/SM_PhotocopierBig.uasset.
[2016.07.23-09.43.40:001][ 32]LogLinker:Warning: Can't find file '/Game/ArbitraryStudio/Electronics/Materials/MI_PhotoCopier'
[2016.07.23-09.43.40:001][ 32]LoadErrors: Info Failed to load /Game/ArbitraryStudio/Electronics/Materials/MI_PhotoCopier.MI_PhotoCopier Referenced by SM_PhotocopierBig
[2016.07.23-09.43.40:001][ 32]LogLinker:Warning: Can't find file for asset '/Game/ArbitraryStudio/Electronics/Materials/MI_PhotoCopier' while loading NULL.
[2016.07.23-09.43.40:173][ 32]LogStaticMesh: Building static mesh SM_PhotocopierBig...
[2016.07.23-09.43.40:346][ 32]LogStaticMesh: Built static mesh [0.34s] /Game/Furniture/SM_PhotocopierBig.SM_PhotocopierBig
[2016.07.23-09.43.40:386][ 32]LogLinker:Warning: Can't find file '/Game/ArbitraryStudio/Electronics/Materials/MI_PhotoCopier'
[2016.07.23-09.43.40:386][ 32]LogLinker:Warning: Can't find file for asset '/Game/ArbitraryStudio/Electronics/Materials/MI_PhotoCopier' while loading D:/GitHub/TeamMIA/Uptime/Content/Furniture/SM_PhotocopierSmall.uasset.
[2016.07.23-09.43.40:386][ 32]LoadErrors:Error: Error /Game/Furniture/SM_PhotocopierSmall : Can't find file for asset. /Game/ArbitraryStudio/Electronics/Materials/MI_PhotoCopier
[2016.07.23-09.43.40:386][ 32]LogLinker:Warning: Can't find file '/Game/ArbitraryStudio/Electronics/Materials/MI_PhotoCopier'
[2016.07.23-09.43.40:386][ 32]LogLinker:Warning: Can't find file for asset '/Game/ArbitraryStudio/Electronics/Materials/MI_PhotoCopier' while loading D:/GitHub/TeamMIA/Uptime/Content/Furniture/SM_PhotocopierSmall.uasset.
[2016.07.23-09.43.40:395][ 32]LogLinker:Warning: Can't find file '/Game/ArbitraryStudio/Electronics/Materials/MI_PhotoCopier'
[2016.07.23-09.43.40:395][ 32]LoadErrors: Info Failed to load /Game/ArbitraryStudio/Electronics/Materials/MI_PhotoCopier.MI_PhotoCopier Referenced by SM_PhotocopierSmall
[2016.07.23-09.43.40:395][ 32]LogLinker:Warning: Can't find file for asset '/Game/ArbitraryStudio/Electronics/Materials/MI_PhotoCopier' while loading NULL.
[2016.07.23-09.43.40:396][ 32]LogStaticMesh: Building static mesh SM_PhotocopierSmall...
[2016.07.23-09.43.40:503][ 32]LogStaticMesh: Built static mesh [0.11s] /Game/Furniture/SM_PhotocopierSmall.SM_PhotocopierSmall
[2016.07.23-09.43.44:291][115]LogWindowsTextInputMethodSystem:Display: IME system now deactivated.
[2016.07.23-09.43.44:606][116]Cmd: QUIT_EDITOR
[2016.07.23-09.43.44:743][116]LogExit: Preparing to exit.
[2016.07.23-09.43.45:801][116]LogExit: Editor shut down
[2016.07.23-09.43.45:804][116]LogExit: Transaction tracking system shut down
[2016.07.23-09.43.46:058][116]LogObj: Freed 0b from 0 cluster array pools.
[2016.07.23-09.43.46:060][116]LogExit: Object subsystem successfully closed.
[2016.07.23-09.43.46:081][116]LogD3D11RHI: Shutdown
[2016.07.23-09.43.46:081][116]LogD3D11RHI: CleanupD3DDevice
[2016.07.23-09.43.46:160][116]LogD3D11RHI: ~FD3D11DynamicRHI
[2016.07.23-09.43.46:512][116]LogDerivedDataCache: Shutdown
[2016.07.23-09.43.46:513][116]LogModuleManager: Shutting down and abandoning module HierarchicalLODOutliner (204)
[2016.07.23-09.43.46:513][116]LogModuleManager: Shutting down and abandoning module CrashTracker (203)
[2016.07.23-09.43.46:513][116]LogModuleManager: Shutting down and abandoning module SceneOutliner (202)
[2016.07.23-09.43.46:513][116]LogModuleManager: Shutting down and abandoning module SuperSearch (201)
[2016.07.23-09.43.46:513][116]LogModuleManager: Shutting down and abandoning module WidgetCarousel (200)
[2016.07.23-09.43.46:513][116]LogModuleManager: Shutting down and abandoning module AddContentDialog (199)
[2016.07.23-09.43.46:516][116]LogModuleManager: Shutting down and abandoning module GameplayTags (198)
[2016.07.23-09.43.46:516][116]LogModuleManager: Shutting down and abandoning module EditorWidgets (197)
[2016.07.23-09.43.46:516][116]LogModuleManager: Shutting down and abandoning module CollectionManager (196)
[2016.07.23-09.43.46:516][116]LogModuleManager: Shutting down and abandoning module StatsViewer (195)
[2016.07.23-09.43.46:516][116]LogModuleManager: Shutting down and abandoning module FoliageEdit (194)
[2016.07.23-09.43.46:516][116]LogModuleManager: Shutting down and abandoning module LandscapeEditor (193)
[2016.07.23-09.43.46:516][116]LogModuleManager: Shutting down and abandoning module ActorPickerMode (192)
[2016.07.23-09.43.46:516][116]LogModuleManager: Shutting down and abandoning module GeometryMode (191)
[2016.07.23-09.43.46:516][116]LogModuleManager: Shutting down and abandoning module TextureAlignMode (190)
[2016.07.23-09.43.46:516][116]LogModuleManager: Shutting down and abandoning module BspMode (189)
[2016.07.23-09.43.46:516][116]LogModuleManager: Shutting down and abandoning module PlacementMode (188)
[2016.07.23-09.43.46:516][116]LogModuleManager: Shutting down and abandoning module AutomationWorker (187)
[2016.07.23-09.43.46:516][116]LogModuleManager: Shutting down and abandoning module CharacterAI (186)
[2016.07.23-09.43.46:516][116]LogModuleManager: Shutting down and abandoning module SmartSnapping (185)
[2016.07.23-09.43.46:516][116]LogModuleManager: Shutting down and abandoning module ViewportSnapping (184)
[2016.07.23-09.43.46:516][116]LogModuleManager: Shutting down and abandoning module LogVisualizer (183)
[2016.07.23-09.43.46:517][116]LogModuleManager: Shutting down and abandoning module GameProjectGeneration (182)
[2016.07.23-09.43.46:517][116]LogModuleManager: Shutting down and abandoning module IntroTutorials (181)
[2016.07.23-09.43.46:517][116]LogModuleManager: Shutting down and abandoning module EditorLiveStreaming (180)
[2016.07.23-09.43.46:517][116]LogModuleManager: Shutting down and abandoning module IOSPlatformEditor (179)
[2016.07.23-09.43.46:517][116]LogModuleManager: Shutting down and abandoning module HTML5PlatformEditor (178)
[2016.07.23-09.43.46:517][116]LogModuleManager: Shutting down and abandoning module AndroidDeviceDetection (177)
[2016.07.23-09.43.46:988][116]LogModuleManager: Shutting down and abandoning module AndroidPlatformEditor (176)
[2016.07.23-09.43.46:988][116]LogModuleManager: Shutting down and abandoning module IOSRuntimeSettings (175)
[2016.07.23-09.43.46:988][116]LogModuleManager: Shutting down and abandoning module AndroidRuntimeSettings (174)
[2016.07.23-09.43.46:988][116]LogModuleManager: Shutting down and abandoning module MergeActors (173)
[2016.07.23-09.43.46:988][116]LogModuleManager: Shutting down and abandoning module SizeMap (172)
[2016.07.23-09.43.46:988][116]LogModuleManager: Shutting down and abandoning module TreeMap (171)
[2016.07.23-09.43.46:988][116]LogModuleManager: Shutting down and abandoning module ReferenceViewer (170)
[2016.07.23-09.43.46:988][116]LogModuleManager: Shutting down and abandoning module LocalizationService (169)
[2016.07.23-09.43.46:989][116]LogModuleManager: Shutting down and abandoning module LocalizationDashboard (168)
[2016.07.23-09.43.46:989][116]LogModuleManager: Shutting down and abandoning module HardwareTargeting (167)
[2016.07.23-09.43.46:989][116]LogModuleManager: Shutting down and abandoning module DeviceProfileEditor (166)
[2016.07.23-09.43.46:989][116]LogModuleManager: Shutting down and abandoning module UndoHistory (165)
[2016.07.23-09.43.46:989][116]LogModuleManager: Shutting down and abandoning module UserFeedback (164)
[2016.07.23-09.43.46:989][116]LogModuleManager: Shutting down and abandoning module XmlParser (163)
[2016.07.23-09.43.46:989][116]LogModuleManager: Shutting down and abandoning module Blutility (162)
[2016.07.23-09.43.46:989][116]LogModuleManager: Shutting down and abandoning module ProjectTargetPlatformEditor (161)
[2016.07.23-09.43.46:989][116]LogModuleManager: Shutting down and abandoning module ProjectSettingsViewer (160)
[2016.07.23-09.43.46:989][116]LogModuleManager: Shutting down and abandoning module InputBindingEditor (159)
[2016.07.23-09.43.46:989][116]LogModuleManager: Shutting down and abandoning module EditorSettingsViewer (158)
[2016.07.23-09.43.46:989][116]LogModuleManager: Shutting down and abandoning module SettingsEditor (157)
[2016.07.23-09.43.46:989][116]LogModuleManager: Shutting down and abandoning module ProjectLauncher (156)
[2016.07.23-09.43.46:989][116]LogModuleManager: Shutting down and abandoning module SessionFrontend (155)
[2016.07.23-09.43.46:989][116]LogModuleManager: Shutting down and abandoning module ProfilerClient (154)
[2016.07.23-09.43.46:989][116]LogModuleManager: Shutting down and abandoning module TargetDeviceServices (153)
[2016.07.23-09.43.46:989][116]LogModuleManager: Shutting down and abandoning module DeviceManager (152)
[2016.07.23-09.43.47:033][116]LogModuleManager: Shutting down and abandoning module AutomationController (151)
[2016.07.23-09.43.47:033][116]LogModuleManager: Shutting down and abandoning module AutomationWindow (150)
[2016.07.23-09.43.47:033][116]LogModuleManager: Shutting down and abandoning module Layers (149)
[2016.07.23-09.43.47:033][116]LogModuleManager: Shutting down and abandoning module ComponentVisualizers (148)
[2016.07.23-09.43.47:033][116]LogModuleManager: Shutting down and abandoning module DetailCustomizations (147)
[2016.07.23-09.43.47:033][116]LogModuleManager: Shutting down and abandoning module PackagesDialog (146)
[2016.07.23-09.43.47:033][116]LogModuleManager: Shutting down and abandoning module Persona (145)
[2016.07.23-09.43.47:033][116]LogModuleManager: Shutting down and abandoning module Kismet (144)
[2016.07.23-09.43.47:033][116]LogModuleManager: Shutting down and abandoning module GraphEditor (143)
[2016.07.23-09.43.47:033][116]LogModuleManager: Shutting down and abandoning module ClassViewer (142)
[2016.07.23-09.43.47:033][116]LogModuleManager: Shutting down and abandoning module Toolbox (141)
[2016.07.23-09.43.47:033][116]LogModuleManager: Shutting down and abandoning module ModuleUI (140)
[2016.07.23-09.43.47:033][116]LogModuleManager: Shutting down and abandoning module MovieSceneTools (139)
[2016.07.23-09.43.47:033][116]LogModuleManager: Shutting down and abandoning module OutputLog (138)
[2016.07.23-09.43.47:033][116]LogModuleManager: Shutting down and abandoning module GammaUI (137)
[2016.07.23-09.43.47:033][116]LogModuleManager: Shutting down and abandoning module Documentation (136)
[2016.07.23-09.43.47:033][116]LogModuleManager: Shutting down and abandoning module StreamingPauseRendering (135)
[2016.07.23-09.43.47:033][116]LogModuleManager: Shutting down and abandoning module AnalyticsET (134)
[2016.07.23-09.43.47:033][116]LogModuleManager: Shutting down and abandoning module Analytics (133)
[2016.07.23-09.43.47:033][116]LogModuleManager: Shutting down and abandoning module PortalServices (132)
[2016.07.23-09.43.47:033][116]LogModuleManager: Shutting down and abandoning module PortalRpc (131)
[2016.07.23-09.43.47:033][116]LogModuleManager: Shutting down and abandoning module MessagingRpc (130)
[2016.07.23-09.43.47:033][116]LogModuleManager: Shutting down and abandoning module AITestSuite (129)
[2016.07.23-09.43.47:033][116]LogModuleManager: Shutting down and abandoning module GameplayDebugger (128)
[2016.07.23-09.43.47:033][116]LogModuleManager: Shutting down and abandoning module AIModule (127)
[2016.07.23-09.43.47:033][116]LogModuleManager: Shutting down and abandoning module ProfilerService (126)
[2016.07.23-09.43.47:147][116]LogModuleManager: Shutting down and abandoning module TaskGraph (125)
[2016.07.23-09.43.47:147][116]LogModuleManager: Shutting down and abandoning module SlateRemote (124)
[2016.07.23-09.43.47:147][116]LogModuleManager: Shutting down and abandoning module SteamVRController (123)
[2016.07.23-09.43.47:147][116]LogModuleManager: Shutting down and abandoning module SteamVR (122)
[2016.07.23-09.43.47:147][116]LogModuleManager: Shutting down and abandoning module ProceduralMeshComponent (121)
[2016.07.23-09.43.47:147][116]LogModuleManager: Shutting down and abandoning module OculusLibrary (120)
[2016.07.23-09.43.47:147][116]LogModuleManager: Shutting down and abandoning module OculusInput (119)
[2016.07.23-09.43.47:147][116]LogModuleManager: Shutting down and abandoning module CustomMeshComponent (118)
[2016.07.23-09.43.47:147][116]LogModuleManager: Shutting down and abandoning module CableComponent (117)
[2016.07.23-09.43.47:147][116]LogModuleManager: Shutting down and abandoning module ArchVisCharacter (116)
[2016.07.23-09.43.47:147][116]LogModuleManager: Shutting down and abandoning module MediaPlayerEditor (115)
[2016.07.23-09.43.47:147][116]LogModuleManager: Shutting down and abandoning module HTML5Networking (114)
[2016.07.23-09.43.47:147][116]LogModuleManager: Shutting down and abandoning module SpeedTreeImporter (113)
[2016.07.23-09.43.47:148][116]LogModuleManager: Shutting down and abandoning module PluginBrowser (112)
[2016.07.23-09.43.47:148][116]LogModuleManager: Shutting down and abandoning module EpicSurvey (111)
[2016.07.23-09.43.47:148][116]LogModuleManager: Shutting down and abandoning module DesktopPlatform (110)
[2016.07.23-09.43.47:148][116]LogModuleManager: Shutting down and abandoning module VisualStudioSourceCodeAccess (109)
[2016.07.23-09.43.47:148][116]LogModuleManager: Shutting down and abandoning module UObjectPlugin (108)
[2016.07.23-09.43.47:148][116]LogModuleManager: Shutting down and abandoning module SubversionSourceControl (107)
[2016.07.23-09.43.47:148][116]LogModuleManager: Shutting down and abandoning module PerforceSourceControl (106)
[2016.07.23-09.43.47:148][116]LogModuleManager: Shutting down and abandoning module SourceControl (105)
[2016.07.23-09.43.47:148][116]LogModuleManager: Shutting down and abandoning module GitSourceControl (104)
[2016.07.23-09.43.47:148][116]LogModuleManager: Shutting down and abandoning module LightPropagationVolumeEditor (103)
[2016.07.23-09.43.47:148][116]LogModuleManager: Shutting down and abandoning module PaperTiledImporter (102)
[2016.07.23-09.43.47:148][116]LogModuleManager: Shutting down and abandoning module PaperSpriteSheetImporter (101)
[2016.07.23-09.43.47:148][116]LogModuleManager: Shutting down and abandoning module MeshPaint (100)
[2016.07.23-09.43.47:148][116]LogModuleManager: Shutting down and abandoning module HotReload (99)
[2016.07.23-09.43.47:148][116]LogModuleManager: Shutting down and abandoning module MainFrame (98)
[2016.07.23-09.43.47:148][116]LogModuleManager: Shutting down and abandoning module LevelEditor (97)
[2016.07.23-09.43.47:149][116]LogModuleManager: Shutting down and abandoning module DirectoryWatcher (96)
[2016.07.23-09.43.47:151][116]LogModuleManager: Shutting down and abandoning module AssetRegistry (95)
[2016.07.23-09.43.47:394][116]LogModuleManager: Shutting down and abandoning module ContentBrowser (94)
[2016.07.23-09.43.47:395][116]LogModuleManager: Shutting down and abandoning module Paper2DEditor (93)
[2016.07.23-09.43.47:395][116]LogModuleManager: Shutting down and abandoning module UdpMessaging (92)
[2016.07.23-09.43.47:496][116]LogModuleManager: Shutting down and abandoning module LightPropagationVolumeRuntime (91)
[2016.07.23-09.43.47:496][116]LogModuleManager: Shutting down and abandoning module Paper2D (90)
[2016.07.23-09.43.47:496][116]LogModuleManager: Shutting down and abandoning module WindowsMoviePlayer (89)
[2016.07.23-09.43.47:496][116]LogModuleManager: Shutting down and abandoning module Media (88)
[2016.07.23-09.43.47:496][116]LogModuleManager: Shutting down and abandoning module WmfMedia (87)
[2016.07.23-09.43.47:496][116]LogModuleManager: Shutting down and abandoning module MediaAssets (86)
[2016.07.23-09.43.47:496][116]LogModuleManager: Shutting down and abandoning module GameLiveStreaming (85)
[2016.07.23-09.43.47:496][116]LogModuleManager: Shutting down and abandoning module GameplayTagsEditor (84)
[2016.07.23-09.43.47:496][116]LogModuleManager: Shutting down and abandoning module OnlineBlueprintSupport (83)
[2016.07.23-09.43.47:496][116]LogModuleManager: Shutting down and abandoning module GameplayTasksEditor (82)
[2016.07.23-09.43.47:496][116]LogModuleManager: Shutting down and abandoning module PropertyEditor (81)
[2016.07.23-09.43.47:496][116]LogModuleManager: Shutting down and abandoning module BehaviorTreeEditor (80)
[2016.07.23-09.43.47:496][116]LogModuleManager: Shutting down and abandoning module FunctionalTesting (79)
[2016.07.23-09.43.47:496][116]LogModuleManager: Shutting down and abandoning module CollisionAnalyzer (78)
[2016.07.23-09.43.47:496][116]LogModuleManager: Shutting down and abandoning module WorkspaceMenuStructure (77)
[2016.07.23-09.43.47:496][116]LogModuleManager: Shutting down and abandoning module MessageLog (76)
[2016.07.23-09.43.47:496][116]LogModuleManager: Shutting down and abandoning module Sequencer (75)
[2016.07.23-09.43.47:496][116]LogModuleManager: Shutting down and abandoning module AssetTools (74)
[2016.07.23-09.43.47:496][116]LogModuleManager: Shutting down and abandoning module UMGEditor (73)
[2016.07.23-09.43.47:496][116]LogModuleManager: Shutting down and abandoning module UMG (72)
[2016.07.23-09.43.47:496][116]LogModuleManager: Shutting down and abandoning module SlateReflector (71)
[2016.07.23-09.43.47:496][116]LogModuleManager: Shutting down and abandoning module Slate (70)
[2016.07.23-09.43.47:496][116]LogModuleManager: Shutting down and abandoning module EditorStyle (69)
[2016.07.23-09.43.47:501][116]LogModuleManager: Shutting down and abandoning module SessionServices (68)
[2016.07.23-09.43.47:501][116]LogModuleManager: Shutting down and abandoning module SourceCodeAccess (67)
[2016.07.23-09.43.47:501][116]LogModuleManager: Shutting down and abandoning module HeadMountedDisplay (66)
[2016.07.23-09.43.47:501][116]LogModuleManager: Shutting down and abandoning module XAudio2 (65)
[2016.07.23-09.43.47:501][116]LogModuleManager: Shutting down and abandoning module Networking (63)
[2016.07.23-09.43.47:501][116]LogModuleManager: Shutting down and abandoning module Core (62)
[2016.07.23-09.43.47:501][116]LogModuleManager: Shutting down and abandoning module KismetCompiler (61)
[2016.07.23-09.43.47:501][116]LogModuleManager: Shutting down and abandoning module PhysXFormats (60)
[2016.07.23-09.43.47:501][116]LogModuleManager: Shutting down and abandoning module MeshUtilities (59)
[2016.07.23-09.43.47:501][116]LogModuleManager: Shutting down and abandoning module CookingStats (58)
[2016.07.23-09.43.47:501][116]LogModuleManager: Shutting down and abandoning module DerivedDataCache (57)
[2016.07.23-09.43.47:501][116]LogDerivedDataCache: Shutdown
[2016.07.23-09.43.47:501][116]LogModuleManager: Shutting down and abandoning module ShaderFormatOpenGL (56)
[2016.07.23-09.43.47:501][116]LogModuleManager: Shutting down and abandoning module ShaderFormatD3D (55)
[2016.07.23-09.43.47:501][116]LogModuleManager: Shutting down and abandoning module MetalShaderFormat (54)
[2016.07.23-09.43.47:501][116]LogModuleManager: Shutting down and abandoning module TextureFormatUncompressed (53)
[2016.07.23-09.43.47:501][116]LogModuleManager: Shutting down and abandoning module TextureFormatPVR (52)
[2016.07.23-09.43.47:501][116]LogModuleManager: Shutting down and abandoning module TextureFormatIntelISPCTexComp (51)
[2016.07.23-09.43.47:501][116]LogModuleManager: Shutting down and abandoning module TextureFormatDXT (50)
[2016.07.23-09.43.47:501][116]LogModuleManager: Shutting down and abandoning module ImageWrapper (49)
[2016.07.23-09.43.47:501][116]LogModuleManager: Shutting down and abandoning module TextureFormatASTC (48)
[2016.07.23-09.43.47:501][116]LogModuleManager: Shutting down and abandoning module TextureFormatAndroid (47)
[2016.07.23-09.43.47:501][116]LogModuleManager: Shutting down and abandoning module AudioFormatOpus (46)
[2016.07.23-09.43.47:501][116]LogModuleManager: Shutting down and abandoning module AudioFormatOgg (45)
[2016.07.23-09.43.47:501][116]LogModuleManager: Shutting down and abandoning module AudioFormatADPCM (44)
[2016.07.23-09.43.47:501][116]LogModuleManager: Shutting down and abandoning module LinuxTargetPlatform (43)
[2016.07.23-09.43.47:501][116]LogModuleManager: Shutting down and abandoning module LinuxServerTargetPlatform (42)
[2016.07.23-09.43.47:501][116]LogModuleManager: Shutting down and abandoning module LinuxNoEditorTargetPlatform (41)
[2016.07.23-09.43.47:501][116]LogModuleManager: Shutting down and abandoning module TVOSTargetPlatform (40)
[2016.07.23-09.43.47:501][116]LogModuleManager: Shutting down and abandoning module Messaging (39)
[2016.07.23-09.43.47:501][116]LogModuleManager: Shutting down and abandoning module IOSTargetPlatform (38)
[2016.07.23-09.43.47:501][116]LogModuleManager: Shutting down and abandoning module HTML5TargetPlatform (37)
[2016.07.23-09.43.47:501][116]LogModuleManager: Shutting down and abandoning module Android_PVRTCTargetPlatform (36)
[2016.07.23-09.43.47:501][116]LogModuleManager: Shutting down and abandoning module Android_MultiTargetPlatform (35)
[2016.07.23-09.43.47:501][116]LogModuleManager: Shutting down and abandoning module Android_ETC2TargetPlatform (34)
[2016.07.23-09.43.47:501][116]LogModuleManager: Shutting down and abandoning module Android_ETC1TargetPlatform (33)
[2016.07.23-09.43.47:501][116]LogModuleManager: Shutting down and abandoning module Android_DXTTargetPlatform (32)
[2016.07.23-09.43.47:501][116]LogModuleManager: Shutting down and abandoning module Android_ATCTargetPlatform (31)
[2016.07.23-09.43.47:501][116]LogModuleManager: Shutting down and abandoning module Android_ASTCTargetPlatform (30)
[2016.07.23-09.43.47:501][116]LogModuleManager: Shutting down and abandoning module AndroidTargetPlatform (29)
[2016.07.23-09.43.47:501][116]LogModuleManager: Shutting down and abandoning module WindowsTargetPlatform (28)
[2016.07.23-09.43.47:501][116]LogModuleManager: Shutting down and abandoning module WindowsServerTargetPlatform (27)
[2016.07.23-09.43.47:501][116]LogModuleManager: Shutting down and abandoning module WindowsNoEditorTargetPlatform (26)
[2016.07.23-09.43.47:501][116]LogModuleManager: Shutting down and abandoning module WindowsClientTargetPlatform (25)
[2016.07.23-09.43.47:502][116]LogModuleManager: Shutting down and abandoning module AllDesktopTargetPlatform (24)
[2016.07.23-09.43.47:502][116]LogModuleManager: Shutting down and abandoning module TargetPlatform (23)
[2016.07.23-09.43.47:502][116]LogModuleManager: Shutting down and abandoning module InputCore (22)
[2016.07.23-09.43.47:502][116]LogModuleManager: Shutting down and abandoning module Settings (21)
[2016.07.23-09.43.47:502][116]LogModuleManager: Shutting down and abandoning module OnlineSubsystem (19)
[2016.07.23-09.43.47:502][116]LogModuleManager: Shutting down and abandoning module HTTP (18)
[2016.07.23-09.43.48:504][116]LogModuleManager: Shutting down and abandoning module XMPP (17)
[2016.07.23-09.43.48:504][116]LogModuleManager: Shutting down and abandoning module OculusRift (16)
[2016.07.23-09.43.48:504][116]LogModuleManager: Shutting down and abandoning module ExampleDeviceProfileSelector (15)
[2016.07.23-09.43.48:504][116]LogModuleManager: Shutting down and abandoning module TextureCompressor (14)
[2016.07.23-09.43.48:504][116]LogModuleManager: Shutting down and abandoning module ShaderCore (13)
[2016.07.23-09.43.48:504][116]LogModuleManager: Shutting down and abandoning module Landscape (12)
[2016.07.23-09.43.48:504][116]LogModuleManager: Shutting down and abandoning module SlateRHIRenderer (11)
[2016.07.23-09.43.48:506][116]LogModuleManager: Shutting down and abandoning module OpenGLDrv (10)
[2016.07.23-09.43.48:507][116]LogModuleManager: Shutting down and abandoning module D3D11RHI (9)
[2016.07.23-09.43.48:507][116]LogModuleManager: Shutting down and abandoning module AnimGraphRuntime (8)
[2016.07.23-09.43.48:507][116]LogModuleManager: Shutting down and abandoning module Renderer (7)
[2016.07.23-09.43.48:507][116]LogModuleManager: Shutting down and abandoning module Engine (6)
[2016.07.23-09.43.48:507][116]LogModuleManager: Shutting down and abandoning module CoreUObject (5)
[2016.07.23-09.43.48:507][116]LogModuleManager: Shutting down and abandoning module NetworkFile (4)
[2016.07.23-09.43.48:507][116]LogModuleManager: Shutting down and abandoning module StreamingFile (3)
[2016.07.23-09.43.48:507][116]LogModuleManager: Shutting down and abandoning module SandboxFile (2)
[2016.07.23-09.43.48:507][116]LogModuleManager: Shutting down and abandoning module PakFile (1)
[2016.07.23-09.43.48:510][116]LogExit: Exiting.
[2016.07.23-09.43.48:512][116]Log file closed, 07/23/16 19:43:48
