Log file open, 07/23/16 17:02:00
LogInit:Display: Running engine for game: Uptime
LogPlatformFile: Not using cached read wrapper
LogInit:Display: RandInit(-2079402347) SRandInit(-2079402342).
LogTaskGraph: Started task graph with 4 named threads and 7 total threads.
LogStats: Stats thread started at 0.281152
LogInit: Version: 4.11.2-2946394+++UE4+Release-4.11
LogInit: API Version: 2927265
LogInit: Compiled (64-bit): Apr 18 2016 02:18:46
LogInit: Compiled with Visual C++: 19.00.23026.00
LogInit: Build Configuration: Development
LogInit: Branch Name: ++UE4+Release-4.11
LogInit: Command line:  
LogInit: Base directory: C:/Program Files (x86)/Epic Games/4.11/Engine/Binaries/Win64/
LogInit: Installed Engine Build: 1
LogInit: Using libcurl 7.41.0
LogInit:  - built for x86_64-pc-win32
LogInit:  - supports SSL with WinSSL
LogInit:  - other features:
LogInit:      CURL_VERSION_SSL
LogInit:      CURL_VERSION_IPV6
LogInit:      CURL_VERSION_ASYNCHDNS
LogInit:      CURL_VERSION_LARGEFILE
LogInit:      CURL_VERSION_IDN
LogInit:  CurlRequestOptions (configurable via config and command line):
LogInit:  - bVerifyPeer = true  - Libcurl will verify peer certificate
LogInit:  - bUseHttpProxy = false  - Libcurl will NOT use HTTP proxy
LogInit:  - bDontReuseConnections = false  - Libcurl will reuse connections
LogInit:  - CertBundlePath = nullptr  - Libcurl will use whatever was configured at build time.
LogInit: Presizing for max 16777216 objects, including 0 objects not considered by GC, pre-allocating 0 bytes for permanent pool.
LogInit: Object subsystem initialized
[2016.07.23-07.02.01:365][  0]LogInit: Selected Device Profile: [Windows]
[2016.07.23-07.02.01:365][  0]LogInit: Applying CVar settings loaded from the selected device profile: [Windows]
[2016.07.23-07.02.01:378][  0]LogInit: Computer: BRENDEN-PC
[2016.07.23-07.02.01:378][  0]LogInit: User: Brenden
[2016.07.23-07.02.01:378][  0]LogInit: CPU Page size=65536, Cores=4
[2016.07.23-07.02.01:378][  0]LogInit: High frequency timer resolution =3.125107 MHz
[2016.07.23-07.02.01:380][  0]LogMemory: Memory total: Physical=8.0GB (8GB approx)
[2016.07.23-07.02.01:380][  0]LogMemory: Platform Memory Stats for Windows
[2016.07.23-07.02.01:380][  0]LogMemory: Process Physical Memory: 312.34 MB used, 312.34 MB peak
[2016.07.23-07.02.01:380][  0]LogMemory: Process Virtual Memory: 315.59 MB used, 315.59 MB peak
[2016.07.23-07.02.01:380][  0]LogMemory: Physical Memory: 4629.88 MB used, 8190.27 MB total
[2016.07.23-07.02.01:380][  0]LogMemory: Virtual Memory: 648.76 MB used, 134217728.00 MB total
[2016.07.23-07.02.01:936][  0]LogTextLocalizationManager: No specific translations for ('en-US') exist, so ('en') translations will be used.
[2016.07.23-07.02.03:441][  0]LogD3D11RHI: D3D11 adapters:
[2016.07.23-07.02.03:468][  0]LogD3D11RHI:    0. 'NVIDIA GeForce GTX 560 Ti' (Feature Level 11_0)
[2016.07.23-07.02.03:468][  0]LogD3D11RHI:       971MB of dedicated video memory, 0MB of dedicated system memory, and 3071MB of shared system memory, 2 output[s]
[2016.07.23-07.02.03:566][  0]LogD3D11RHI:    1. 'NVIDIA GeForce 210 ' (Feature Level 10_0)
[2016.07.23-07.02.03:566][  0]LogD3D11RHI:       972MB of dedicated video memory, 0MB of dedicated system memory, and 3071MB of shared system memory, 1 output[s]
[2016.07.23-07.02.03:573][  0]LogD3D11RHI:    2. 'Microsoft Basic Render Driver' (Feature Level 11_0)
[2016.07.23-07.02.03:573][  0]LogD3D11RHI:       0MB of dedicated video memory, 0MB of dedicated system memory, and 4095MB of shared system memory, 0 output[s]
[2016.07.23-07.02.03:573][  0]LogD3D11RHI: Chosen D3D11 Adapter: 0
[2016.07.23-07.02.03:588][  0]LogD3D11RHI: Creating new Direct3DDevice
[2016.07.23-07.02.03:588][  0]LogD3D11RHI:     Adapter Name: NVIDIA GeForce GTX 560 Ti
[2016.07.23-07.02.03:588][  0]LogD3D11RHI:   Driver Version: Unknown (internal Unknown)
[2016.07.23-07.02.03:588][  0]LogD3D11RHI:      Driver Date: Unknown
[2016.07.23-07.02.03:588][  0]LogRHI: Texture pool is 680 MB (70% of 971 MB)
[2016.07.23-07.02.03:605][  0]LogD3D11RHI: Async texture creation enabled
[2016.07.23-07.02.03:649][  0]LogShaderCompilers: Guid format shader working directory is 24 characters bigger than the processId version (D:/GitHub/TeamMIA/Uptime/Intermediate/Shaders/WorkingDirectory/2664/).
[2016.07.23-07.02.03:649][  0]LogShaderCompilers: Cleaned the shader compiler working directory 'C:/Users/Brenden/AppData/Local/Temp/UnrealShaderWorkingDir/8243051F4828D8A482B63A9DDE3E0DD2/'.
[2016.07.23-07.02.03:649][  0]LogShaderCompilers:Display: Using Local Shader Compiler.
[2016.07.23-07.02.09:442][  0]LogTemp:Display: Loaded TP AllDesktopTargetPlatform
[2016.07.23-07.02.09:475][  0]LogTemp:Display: Loaded TP WindowsClientTargetPlatform
[2016.07.23-07.02.09:513][  0]LogTemp:Display: Loaded TP WindowsNoEditorTargetPlatform
[2016.07.23-07.02.09:542][  0]LogTemp:Display: Loaded TP WindowsServerTargetPlatform
[2016.07.23-07.02.09:575][  0]LogTemp:Display: Loaded TP WindowsTargetPlatform
[2016.07.23-07.02.09:646][  0]LogTemp:Display: Loaded TP AndroidTargetPlatform
[2016.07.23-07.02.09:681][  0]LogTemp:Display: Loaded TP Android_ASTCTargetPlatform
[2016.07.23-07.02.09:718][  0]LogTemp:Display: Loaded TP Android_ATCTargetPlatform
[2016.07.23-07.02.09:748][  0]LogTemp:Display: Loaded TP Android_DXTTargetPlatform
[2016.07.23-07.02.09:797][  0]LogTemp:Display: Loaded TP Android_ETC1TargetPlatform
[2016.07.23-07.02.09:834][  0]LogTemp:Display: Loaded TP Android_ETC2TargetPlatform
[2016.07.23-07.02.09:919][  0]LogTemp:Display: Loaded TP Android_MultiTargetPlatform
[2016.07.23-07.02.09:919][  0]LogTemp:Display: Loaded TP Android_PVRTCTargetPlatform
[2016.07.23-07.02.09:942][  0]LogTemp:Display: Loaded TP HTML5TargetPlatform
[2016.07.23-07.02.10:088][  0]LogTemp:Display: Loaded TP IOSTargetPlatform
[2016.07.23-07.02.10:112][  0]LogTemp:Display: Loaded TP TVOSTargetPlatform
[2016.07.23-07.02.10:139][  0]LogTemp:Display: Loaded TP LinuxNoEditorTargetPlatform
[2016.07.23-07.02.10:166][  0]LogTemp:Display: Loaded TP LinuxServerTargetPlatform
[2016.07.23-07.02.10:204][  0]LogTemp:Display: Loaded TP LinuxTargetPlatform
[2016.07.23-07.02.10:204][  0]LogTargetPlatformManager:Display: Building Assets For Windows
[2016.07.23-07.02.10:890][  0]LogDerivedDataCache:Display: Max Cache Size: 512 MB
[2016.07.23-07.02.11:649][  0]LogDerivedDataCache: Loaded boot cache 0.76s 46MB C:/Users/Brenden/AppData/Local/UnrealEngine/4.11/DerivedDataCache/Boot.ddc.
[2016.07.23-07.02.11:649][  0]LogDerivedDataCache:Display: Loaded Boot cache: C:/Users/Brenden/AppData/Local/UnrealEngine/4.11/DerivedDataCache/Boot.ddc
[2016.07.23-07.02.11:649][  0]LogDerivedDataCache: FDerivedDataBackendGraph:  Pak pak cache file D:/GitHub/TeamMIA/Uptime/DerivedDataCache/DDC.ddp not found, will not use a pak cache.
[2016.07.23-07.02.11:649][  0]LogDerivedDataCache: Unable to find inner node Pak for hierarchical cache Hierarchy.
[2016.07.23-07.02.11:649][  0]LogDerivedDataCache: FDerivedDataBackendGraph:  CompressedPak pak cache file D:/GitHub/TeamMIA/Uptime/DerivedDataCache/Compressed.ddp not found, will not use a pak cache.
[2016.07.23-07.02.11:649][  0]LogDerivedDataCache: Unable to find inner node CompressedPak for hierarchical cache Hierarchy.
[2016.07.23-07.02.11:683][  0]LogDerivedDataCache:Display: Pak cache opened for reading ../../../Engine/DerivedDataCache/Compressed.ddp.
[2016.07.23-07.02.11:703][  0]LogDerivedDataCache: Using Local data cache path C:/Users/Brenden/AppData/Local/UnrealEngine/Common/DerivedDataCache: Writable
[2016.07.23-07.02.12:676][  0]LogInit: Selected Device Profile: [Windows]
[2016.07.23-07.02.12:679][  0]LogContentStreaming: Texture pool size is 0.00 MB
[2016.07.23-07.02.12:811][  0]LogMaterial: Uniform references updated for custom material expression Custom.
[2016.07.23-07.02.13:162][  0]LogMeshUtilities: No automatic mesh reduction module available
[2016.07.23-07.02.13:162][  0]LogMeshUtilities: No automatic mesh merging module available
[2016.07.23-07.02.13:162][  0]LogMeshUtilities: No distributed automatic mesh merging module available
[2016.07.23-07.02.14:410][  0]LogUObjectArray: 27679 objects as part of root set at end of initial load.
[2016.07.23-07.02.14:410][  0]LogUObjectAllocator: 5591592 out of 0 bytes used by permanent object pool.
[2016.07.23-07.02.14:410][  0]LogUObjectArray: CloseDisregardForGC: 0/0 objects in disregard for GC pool
[2016.07.23-07.02.14:476][  0]LogInit: WinSock: version 1.1 (2.2), MaxSocks=32767, MaxUdp=65467
[2016.07.23-07.02.16:574][  0]LogSlate: SlateFontCache - WITH_FREETYPE: 1, WITH_HARFBUZZ: 1
[2016.07.23-07.02.16:574][  0]LogSlate: SlateFontCache - WITH_FREETYPE: 1, WITH_HARFBUZZ: 1
[2016.07.23-07.02.17:407][  0]LogStreaming:Warning: Failed to read file '../../../Engine/Content/Editor/Slate/Common/Selection_16x.png' error.
[2016.07.23-07.02.17:407][  0]LogSlate: Could not find file for Slate resource: ../../../Engine/Content/Editor/Slate/Common/Selection_16x.png
[2016.07.23-07.02.17:407][  0]LogStreaming:Warning: Failed to read file '../../../Engine/Content/Editor/Slate/Common/Selection_16x.png' error.
[2016.07.23-07.02.17:407][  0]LogSlate: Could not find file for Slate resource: ../../../Engine/Content/Editor/Slate/Common/Selection_16x.png
[2016.07.23-07.02.17:407][  0]LogStreaming:Warning: Failed to read file '../../../Engine/Content/Editor/Slate/Common/Selection_16x.png' error.
[2016.07.23-07.02.17:407][  0]LogSlate: Could not find file for Slate resource: ../../../Engine/Content/Editor/Slate/Common/Selection_16x.png
[2016.07.23-07.02.21:770][  0]LogUdpMessaging: Initializing bridge on interface 0.0.0.0:0 to multicast group 230.0.0.1:6666.
[2016.07.23-07.02.22:210][  0]LogAssetRegistry: FAssetRegistry took 0.0277 seconds to start up
[2016.07.23-07.02.23:286][  0]SourceControl: Info Source control is disabled
[2016.07.23-07.02.24:578][  0]SourceControl: Info Source control is disabled
[2016.07.23-07.02.24:710][  0]SourceControl: Info Source control is disabled
[2016.07.23-07.02.24:783][  0]SourceControl: Info Source control is disabled
[2016.07.23-07.02.25:609][  0]LogHMD: Failed to initialize OpenVR with code 110
[2016.07.23-07.02.25:921][  0]LogEngine: Initializing Engine...
[2016.07.23-07.02.26:519][  0]LogAIModule: Creating AISystem for world NewWorld
[2016.07.23-07.02.26:595][  0]LogInit: XAudio2 using 'Headphones (Realtek High Definition Audio)' : 2 channels at 48 kHz using 32 bits per sample (channel mask 0x3)
[2016.07.23-07.02.26:685][  0]LogInit: FAudioDevice initialized.
[2016.07.23-07.02.26:821][  0]LogDerivedDataCache: Saved boot cache 0.14s 46MB C:/Users/Brenden/AppData/Local/UnrealEngine/4.11/DerivedDataCache/Boot.ddc.
[2016.07.23-07.02.26:889][  0]LogInit: Texture streaming: Enabled
[2016.07.23-07.02.27:094][  0]LogInit: Transaction tracking system initialized
[2016.07.23-07.02.27:354][  0]BlueprintLog: New page: Editor Load
[2016.07.23-07.02.28:570][  0]LocalizationService: Info Localization service is disabled
[2016.07.23-07.02.29:251][  0]LogConsoleResponse:Display: 
[2016.07.23-07.02.29:844][  0]LogCook:Display: Max memory allowance for cook 8192mb
[2016.07.23-07.02.29:844][  0]LogCook:Display: Mobile HDR setting 1
[2016.07.23-07.02.29:844][  0]LogCook:Display: Done creating registry. It took  0.00s.
[2016.07.23-07.02.30:354][  0]LogFileCache: Scanning file cache for directory 'D:/GitHub/TeamMIA/Uptime/Content/' took 0.03s
[2016.07.23-07.02.30:354][  0]SourceControl: Info Source control is disabled
[2016.07.23-07.02.30:354][  0]Cmd: MAP LOAD FILE="D:/GitHub/TeamMIA/Uptime/Content/Maps/UptimeLevel.umap" TEMPLATE=0 SHOWPROGRESS=1 FEATURELEVEL=3
[2016.07.23-07.02.30:411][  0]LightingResults: New page: Lighting Build
[2016.07.23-07.02.30:436][  0]MapCheck: New page: Map Check
[2016.07.23-07.02.30:436][  0]LightingResults: New page: Lighting Build
[2016.07.23-07.02.35:372][  0]LogAIModule: Creating AISystem for world UptimeLevel
[2016.07.23-07.02.35:481][  0]LogEditorServer: Finished looking for orphan Actors (0.000 secs)
[2016.07.23-07.02.35:483][  0]Cmd: MAP CHECKDEP NOCLEARLOG
[2016.07.23-07.02.36:138][  0]MapCheck: Info Map check complete: 0 Error(s), 0 Warning(s), took 654.713ms to complete.
[2016.07.23-07.02.36:142][  0]LogFileHelpers: Loading map 'UptimeLevel' took 5.788
[2016.07.23-07.02.36:499][  0]LogCollectionManager: Loaded 0 collections in 0.004922 seconds
[2016.07.23-07.02.36:578][  0]LogFileCache: Scanning file cache for directory 'D:/GitHub/TeamMIA/Uptime/Saved/Collections/' took 0.02s
[2016.07.23-07.02.36:578][  0]LogFileCache: Scanning file cache for directory 'D:/GitHub/TeamMIA/Uptime/Content/Developers/Brenden/Collections/' took 0.01s
[2016.07.23-07.02.36:578][  0]LogFileCache: Scanning file cache for directory 'D:/GitHub/TeamMIA/Uptime/Content/Collections/' took 0.01s
[2016.07.23-07.02.36:584][  0]LogCollectionManager: Rebuilt the GUID cache for 0 collections in 0.000014 seconds
[2016.07.23-07.02.36:607][  0]LogContentBrowser: Native class hierarchy populated in 0.0191 seconds. Added 1979 classes and 343 folders.
[2016.07.23-07.02.36:624][  0]LogStats: UGameplayTagsManager::ConstructGameplayTagTree: Construct from data asset -  0.000 s
[2016.07.23-07.02.36:625][  0]LogStats: UGameplayTagsManager::ConstructGameplayTagTree: GameplayTagTreeChangedEvent.Broadcast -  0.000 s
[2016.07.23-07.02.36:639][  0]LogContentBrowser: Native class hierarchy updated for 'GameplayTags' in 0.0150 seconds. Added 12 classes and 0 folders.
[2016.07.23-07.02.36:668][  0]LogContentBrowser: Native class hierarchy updated for 'WidgetCarousel' in 0.0005 seconds. Added 0 classes and 0 folders.
[2016.07.23-07.02.36:744][  0]LogContentBrowser: Native class hierarchy updated for 'SuperSearch' in 0.0006 seconds. Added 1 classes and 2 folders.
[2016.07.23-07.02.37:240][  0]LogContentBrowser: Native class hierarchy updated for 'AddContentDialog' in 0.0010 seconds. Added 0 classes and 0 folders.
[2016.07.23-07.02.37:322][  0]LogContentBrowser: Native class hierarchy updated for 'SceneOutliner' in 0.0010 seconds. Added 1 classes and 2 folders.
[2016.07.23-07.02.37:611][  0]LogCrashTracker: Crashtracker disabled due to settings.
[2016.07.23-07.02.37:628][  0]LogUObjectGlobals:Warning: Failed to find object 'Class None.'
[2016.07.23-07.02.37:712][  0]LogContentBrowser: Native class hierarchy updated for 'HierarchicalLODOutliner' in 0.0011 seconds. Added 1 classes and 2 folders.
[2016.07.23-07.02.37:713][  0]LogLoad: Full Startup: 39.58 seconds (BP compile: 0.03 seconds)
[2016.07.23-07.02.37:713][  0]LogExternalProfiler: Found external profiler: VSPerf
[2016.07.23-07.02.37:713][  0]LogExternalProfiler: Using external profiler: VSPerf
[2016.07.23-07.02.37:725][  0]LogWindowsTextInputMethodSystem:Display: IME system now deactivated.
[2016.07.23-07.02.37:726][  0]LogOcInput: OculusInput pre-init called
[2016.07.23-07.02.37:869][  0]LogContentStreaming: Texture pool size now 1000 MB
[2016.07.23-07.02.38:226][  0]LogRenderer: Reallocating scene render targets to support 1304x660 (Frame:2).
[2016.07.23-07.02.38:822][  3]LogAssetRegistry: Asset discovery search completed in 16.6421 seconds
[2016.07.23-07.02.38:822][  3]LogCollectionManager: Rebuilt the object cache for 0 collections in 0.000002 seconds (found 0 objects)
[2016.07.23-07.02.38:822][  3]LogCollectionManager: Fixed up redirectors for 0 collections in 0.000064 seconds (updated 0 objects)
[2016.07.23-07.02.42:574][ 48]LogEditorViewport: Clicking Background
[2016.07.23-07.03.20:523][545]LogEditorViewport: Clicking Background
[2016.07.23-07.03.23:293][592]LogEditorViewport: Clicking Background
[2016.07.23-07.05.24:663][107]LogEditorViewport: Clicking Background
[2016.07.23-07.09.16:889][ 37]LogContentBrowser: Native class hierarchy updated for 'BlueprintGraph' in 0.0018 seconds. Added 108 classes and 0 folders.
[2016.07.23-09.04.08:287][664]LogEditorViewport: Clicking on Actor (LMB): StaticMeshActor (4WayCubicle305)
[2016.07.23-09.04.10:768][703]LogEditorViewport: Clicking on Actor (context menu): StaticMeshActor (4WayCubicle306)
[2016.07.23-09.11.00:650][399]LogEditorViewport: Clicking Background
[2016.07.23-09.15.27:335][941]LogHttp:Warning: Timeout processing Http request. 0000008B2E873400
[2016.07.23-09.15.39:710][338]LogFactory: FactoryCreateBinary: StaticMesh with FbxFactory (0 0 ../../../../../../Users/Brenden/Desktop/table 8_fbx/table 8_fbx.FBX)
[2016.07.23-09.15.39:748][338]LogFbx: ItemName: Model, ItemCount : 3
[2016.07.23-09.15.39:748][338]LogFbx: ItemName: Material, ItemCount : 2
[2016.07.23-09.15.39:748][338]LogFbx: ItemName: Texture, ItemCount : 4
[2016.07.23-09.15.39:748][338]LogFbx: ItemName: Video, ItemCount : 4
[2016.07.23-09.15.39:748][338]LogFbx: ItemName: SceneInfo, ItemCount : 1
[2016.07.23-09.15.39:748][338]LogFbx: ItemName: GlobalSettings, ItemCount : 1
[2016.07.23-09.15.39:748][338]LogFbx: ItemName: CollectionExclusive, ItemCount : 45
[2016.07.23-09.15.39:761][338]LogFbx: Loading FBX Scene from ../../../../../../Users/Brenden/Desktop/table 8_fbx/table 8_fbx.FBX
[2016.07.23-09.15.39:782][338]LogFbx: FBX Scene Loaded Succesfully
[2016.07.23-09.15.55:927][338]LogFbx: Loading FBX Scene from ../../../../../../Users/Brenden/Desktop/table 8_fbx/table 8_fbx.FBX
[2016.07.23-09.15.55:943][338]LogFbx: FBX Scene Loaded Succesfully
[2016.07.23-09.15.55:950][338]LogLinker:Warning: Can't find file '/Game/Furniture/Material__2'
[2016.07.23-09.15.55:950][338]LogLinker:Warning: Can't find file '/Game/Furniture/Material__2'
[2016.07.23-09.15.55:956][338]LogMaterial: Missing cached shader map for material Material__2, compiling. 
[2016.07.23-09.15.56:004][338]LogLinker:Warning: Can't find file '/Game/Furniture/Bamboo'
[2016.07.23-09.15.56:005][338]LogLinker:Warning: Can't find file '/Game/Furniture/Bamboo'
[2016.07.23-09.15.56:038][338]LogMaterial: Missing cached shader map for material Bamboo, compiling. 
[2016.07.23-09.15.56:058][338]LogFbx:Warning: Triangulating static mesh Box001
[2016.07.23-09.15.56:099][338]LogStaticMesh: Building static mesh table_8_fbx...
[2016.07.23-09.15.56:117][338]LogStaticMesh: Built static mesh [0.02s] /Game/Furniture/table_8_fbx.table_8_fbx
[2016.07.23-09.15.56:125][338]LogStaticMesh:Warning: table_8_fbx has degenerate tangent bases which will result in incorrect shading.  MikkTSpace relies on tangent bases and may result in mesh corruption, consider disabling this option.
[2016.07.23-09.15.56:135][338]FBXImport:Warning: Warning Warning: No smoothing group information was found in this FBX scene.  Please make sure to enable the 'Export Smoothing Groups' option in the FBX Exporter plug-in before exporting the file.  Even for tools that don't support smoothing groups, the FBX Exporter will generate appropriate smoothing data at export-time so that correct vertex normals can be inferred while importing. 
[2016.07.23-09.15.56:135][338]FBXImport:Warning: Warning table_8_fbx has degenerate tangent bases which will result in incorrect shading.  MikkTSpace relies on tangent bases and may result in mesh corruption, consider disabling this option. 
[2016.07.23-09.16.22:596][865]LogActorFactory: Actor Factory created table_8_fbx
[2016.07.23-09.16.24:659][951]LogActorFactory: Actor Factory created table_8_fbx
[2016.07.23-09.17.51:377][303]LogEditorViewport: Clicking on Actor (LMB): StaticMeshActor (table_8_fbx)
[2016.07.23-09.17.52:122][339]LogEditorViewport: Clicking on Actor (context menu): StaticMeshActor (table_8_fbx)
[2016.07.23-09.18.30:053][111]Cmd: OBJ SAVEPACKAGE PACKAGE="/Game/Furniture/table_8_fbx" FILE="D:/GitHub/TeamMIA/Uptime/Content/Furniture/table_8_fbx.uasset" SILENT=true
[2016.07.23-09.18.30:077][111]LogSavePackage: Save=21.28ms
[2016.07.23-09.18.30:077][111]LogSavePackage: Moving 'D:/GitHub/TeamMIA/Uptime/Saved/table_8_fbx65E5DFEB48773CBB70FB0A8BFD92A5EB.tmp' to 'D:/GitHub/TeamMIA/Uptime/Content/Furniture/table_8_fbx.uasset'
[2016.07.23-09.18.30:080][111]LogSavePackage: Total save time: 24.88ms
[2016.07.23-09.18.30:080][111]LogSavePackage:Display: Finished SavePackage D:/GitHub/TeamMIA/Uptime/Content/Furniture/table_8_fbx.uasset
[2016.07.23-09.18.41:120][943]LogEditorViewport: Clicking on Actor (LMB): StaticMeshActor (table_8_fbx)
[2016.07.23-09.18.43:570][105]LogEditorViewport: Clicking on Actor (context menu): StaticMeshActor (table_8_fbx)
[2016.07.23-09.20.58:852][ 90]Cmd: OBJ SAVEPACKAGE PACKAGE="/Game/Furniture/table_8_fbx" FILE="D:/GitHub/TeamMIA/Uptime/Content/Furniture/table_8_fbx.uasset" SILENT=true
[2016.07.23-09.20.58:925][ 90]LogSavePackage: Save=13.62ms
[2016.07.23-09.20.58:925][ 90]LogSavePackage: Moving 'D:/GitHub/TeamMIA/Uptime/Saved/table_8_fbx6545BA9740E4E350C709B9A875419FFE.tmp' to 'D:/GitHub/TeamMIA/Uptime/Content/Furniture/table_8_fbx.uasset'
[2016.07.23-09.20.58:927][ 90]LogSavePackage: Total save time: 51.69ms
[2016.07.23-09.20.58:927][ 90]LogSavePackage:Display: Finished SavePackage D:/GitHub/TeamMIA/Uptime/Content/Furniture/table_8_fbx.uasset
[2016.07.23-09.21.19:314][340]LogEditorViewport: Clicking on Actor (LMB): StaticMeshActor (table_8_fbx)
[2016.07.23-09.21.21:020][441]LogEditorViewport: Clicking on Actor (LMB): StaticMeshActor (table_8_fbx2)
[2016.07.23-09.21.22:262][515]LogEditorViewport: Clicking on Actor (CTRL LMB): StaticMeshActor (table_8_fbx)
[2016.07.23-09.21.51:536][373]LogEditorViewport: Clicking Background
[2016.07.23-09.22.09:088][966]LogEditorViewport: Clicking on Actor (LMB): StaticMeshActor (table_8_fbx2)
[2016.07.23-09.22.27:778][878]LogEditorViewport: Clicking Background
[2016.07.23-09.22.46:523][534]Cmd: OBJ SAVEPACKAGE PACKAGE="/Game/Furniture/DraftingTable" FILE="D:/GitHub/TeamMIA/Uptime/Content/Furniture/DraftingTable.uasset" SILENT=true
[2016.07.23-09.22.46:536][534]LogSavePackage: Save=12.98ms
[2016.07.23-09.22.46:537][534]LogSavePackage: Moving 'D:/GitHub/TeamMIA/Uptime/Saved/DraftingTable397238F74B261996E9E0D18509566E81.tmp' to 'D:/GitHub/TeamMIA/Uptime/Content/Furniture/DraftingTable.uasset'
[2016.07.23-09.22.46:539][534]LogSavePackage: Total save time: 15.41ms
[2016.07.23-09.22.46:539][534]LogSavePackage:Display: Finished SavePackage D:/GitHub/TeamMIA/Uptime/Content/Furniture/DraftingTable.uasset
[2016.07.23-09.22.49:295][592]LogEditorViewport: Clicking on Actor (LMB): StaticMeshActor (table_8_fbx4)
[2016.07.23-09.23.56:122][572]LogEditorViewport: Clicking Background
[2016.07.23-09.24.08:964][910]LogEditorViewport: Clicking Background
[2016.07.23-09.25.53:196][409]LogEditorViewport: Clicking on Actor (LMB): PointLight (PointLight2)
[2016.07.23-09.25.53:645][429]Cmd: DELETE
[2016.07.23-09.25.53:645][429]Cmd: ACTOR DELETE
[2016.07.23-09.25.53:655][429]LogEditorActor: Deleted Actor: PointLight
[2016.07.23-09.25.53:690][429]LogEditorActor: Deleted 1 Actors (0.038 secs)
[2016.07.23-09.25.55:555][571]LogEditorViewport: Clicking on Actor (LMB): PointLight (PointLight)
[2016.07.23-09.25.55:787][583]Cmd: DELETE
[2016.07.23-09.25.55:787][583]Cmd: ACTOR DELETE
[2016.07.23-09.25.55:790][583]LogEditorActor: Deleted Actor: PointLight
[2016.07.23-09.25.55:822][583]LogEditorActor: Deleted 1 Actors (0.034 secs)
[2016.07.23-09.25.57:375][716]LogEditorViewport: Clicking on Actor (LMB): SkyLight (SkyLight)
[2016.07.23-09.25.58:114][762]LogEditorViewport: Clicking on Actor (LMB): SkyLight (SkyLight)
[2016.07.23-09.25.58:312][772]LogEditorViewport: Clicking on Component (LMB): SkyLightComponent (SkyLightComponent0)
[2016.07.23-09.26.04:619][228]LogEditorViewport: Clicking on Component (LMB): SkyLightComponent (SkyLightComponent0)
[2016.07.23-09.26.05:463][284]LogEditorViewport: Clicking on Component (LMB): SkyLightComponent (SkyLightComponent0)
[2016.07.23-09.26.12:030][718]Cmd: DELETE
[2016.07.23-09.26.12:030][718]Cmd: ACTOR DELETE
[2016.07.23-09.26.12:033][718]LogEditorActor: Deleted Actor: SpotLight
[2016.07.23-09.26.12:064][718]LogEditorActor: Deleted 1 Actors (0.034 secs)
[2016.07.23-09.26.12:813][783]LogEditorViewport: Clicking on Actor (LMB): SkyLight (SkyLight)
[2016.07.23-09.26.14:913][925]Cmd: DELETE
[2016.07.23-09.26.14:913][925]Cmd: ACTOR DELETE
[2016.07.23-09.26.14:916][925]LogEditorActor: Deleted Actor: SkyLight
[2016.07.23-09.26.14:948][925]LogEditorActor: Deleted 1 Actors (0.034 secs)
[2016.07.23-09.29.18:879][869]Cmd: OBJ SAVEPACKAGE PACKAGE="/Game/Maps/UptimeLevel" FILE="D:/GitHub/TeamMIA/Uptime/Saved/Autosaves/Game/Maps/UptimeLevel_Auto1.umap" SILENT=true AUTOSAVING=true KEEPDIRTY=false
[2016.07.23-09.29.19:517][869]LogSavePackage: Save=564.39ms
[2016.07.23-09.29.19:517][869]LogSavePackage: Moving 'D:/GitHub/TeamMIA/Uptime/Saved/UptimeLevel_Auto1880143AF4E8A350F4556E7829D1A0799.tmp' to 'D:/GitHub/TeamMIA/Uptime/Saved/Autosaves/Game/Maps/UptimeLevel_Auto1.umap'
[2016.07.23-09.29.19:535][869]LogSavePackage: Total save time: 654.35ms
[2016.07.23-09.29.19:535][869]LogSavePackage:Display: Finished SavePackage D:/GitHub/TeamMIA/Uptime/Saved/Autosaves/Game/Maps/UptimeLevel_Auto1.umap
[2016.07.23-09.29.19:537][869]LogFileHelpers: Editor autosave (incl. sublevels) for '/Game/Maps/UptimeLevel' took 0.734
[2016.07.23-09.29.19:537][869]LogFileHelpers: Editor autosave (incl. sublevels) for all levels took 0.734
[2016.07.23-09.31.44:406][440]LogEditorViewport: Clicking on Actor (LMB): DirectionalLight (DirectionalLight)
[2016.07.23-09.33.47:138][272]LogEditorViewport: Clicking Background
[2016.07.23-09.35.44:286][ 31]LogEditorViewport: Clicking Background
[2016.07.23-09.36.10:585][272]Cmd: DELETE
[2016.07.23-09.36.10:585][272]Cmd: ACTOR DELETE
[2016.07.23-09.36.10:588][272]LogEditorActor: Deleted Actor: PointLight
[2016.07.23-09.36.10:650][272]LogEditorActor: Deleted 1 Actors (0.065 secs)
[2016.07.23-09.36.22:052][611]Cmd: DELETE
[2016.07.23-09.36.22:052][611]Cmd: ACTOR DELETE
[2016.07.23-09.36.22:055][611]LogEditorActor: Deleted Actor: SkyLight
[2016.07.23-09.36.22:090][611]LogEditorActor: Deleted 1 Actors (0.038 secs)
[2016.07.23-09.38.37:389][879]LogEditorViewport: Clicking on Actor (LMB): SkeletalMeshActor (Tech_NonBinaryFBX_A_pose_cm)
[2016.07.23-09.39.20:020][425]Cmd: OBJ SAVEPACKAGE PACKAGE="/Game/Maps/UptimeLevel" FILE="D:/GitHub/TeamMIA/Uptime/Saved/Autosaves/Game/Maps/UptimeLevel_Auto2.umap" SILENT=true AUTOSAVING=true KEEPDIRTY=false
[2016.07.23-09.39.20:554][425]LogSavePackage: Save=527.15ms
[2016.07.23-09.39.20:554][425]LogSavePackage: Moving 'D:/GitHub/TeamMIA/Uptime/Saved/UptimeLevel_Auto212382EE0472C59B534DFEBAC4FC8F736.tmp' to 'D:/GitHub/TeamMIA/Uptime/Saved/Autosaves/Game/Maps/UptimeLevel_Auto2.umap'
[2016.07.23-09.39.20:556][425]LogSavePackage: Total save time: 535.45ms
[2016.07.23-09.39.20:556][425]LogSavePackage:Display: Finished SavePackage D:/GitHub/TeamMIA/Uptime/Saved/Autosaves/Game/Maps/UptimeLevel_Auto2.umap
[2016.07.23-09.39.20:559][425]LogFileHelpers: Editor autosave (incl. sublevels) for '/Game/Maps/UptimeLevel' took 0.581
[2016.07.23-09.39.20:559][425]LogFileHelpers: Editor autosave (incl. sublevels) for all levels took 0.581
[2016.07.23-09.40.28:467][665]Cmd: OBJ SAVEPACKAGE PACKAGE="/Game/Maps/UptimeLevel" FILE="D:/GitHub/TeamMIA/Uptime/Content/Maps/UptimeLevel.umap" SILENT=true AUTOSAVING=false KEEPDIRTY=false
[2016.07.23-09.40.28:993][665]LogSavePackage: Save=494.11ms
[2016.07.23-09.40.28:994][665]LogSavePackage: Moving 'D:/GitHub/TeamMIA/Uptime/Saved/UptimeLevel2F135EE04CA199410A331AAD7CA1663B.tmp' to 'D:/GitHub/TeamMIA/Uptime/Content/Maps/UptimeLevel.umap'
[2016.07.23-09.40.29:020][665]LogSavePackage: Total save time: 522.18ms
[2016.07.23-09.40.29:020][665]LogSavePackage:Display: Finished SavePackage D:/GitHub/TeamMIA/Uptime/Content/Maps/UptimeLevel.umap
[2016.07.23-09.40.30:041][707]Cmd: QUIT_EDITOR
[2016.07.23-09.40.30:137][707]LogWindowsTextInputMethodSystem:Display: IME system now deactivated.
[2016.07.23-09.40.30:199][707]LogExit: Preparing to exit.
[2016.07.23-09.40.30:888][707]LogExit: Editor shut down
[2016.07.23-09.40.30:890][707]LogExit: Transaction tracking system shut down
[2016.07.23-09.40.31:350][707]LogObj: Freed 0b from 0 cluster array pools.
[2016.07.23-09.40.31:351][707]LogExit: Object subsystem successfully closed.
[2016.07.23-09.40.31:392][707]LogD3D11RHI: Shutdown
[2016.07.23-09.40.31:392][707]LogD3D11RHI: CleanupD3DDevice
[2016.07.23-09.40.31:547][707]LogD3D11RHI: ~FD3D11DynamicRHI
[2016.07.23-09.40.31:614][707]LogDerivedDataCache: Shutdown
[2016.07.23-09.40.31:645][707]LogModuleManager: Shutting down and abandoning module StaticMeshEditor (207)
[2016.07.23-09.40.31:645][707]LogModuleManager: Shutting down and abandoning module SequencerWidgets (206)
[2016.07.23-09.40.31:645][707]LogModuleManager: Shutting down and abandoning module BlueprintGraph (205)
[2016.07.23-09.40.31:645][707]LogModuleManager: Shutting down and abandoning module HierarchicalLODOutliner (204)
[2016.07.23-09.40.31:645][707]LogModuleManager: Shutting down and abandoning module CrashTracker (203)
[2016.07.23-09.40.31:646][707]LogModuleManager: Shutting down and abandoning module SceneOutliner (202)
[2016.07.23-09.40.31:646][707]LogModuleManager: Shutting down and abandoning module SuperSearch (201)
[2016.07.23-09.40.31:646][707]LogModuleManager: Shutting down and abandoning module WidgetCarousel (200)
[2016.07.23-09.40.31:646][707]LogModuleManager: Shutting down and abandoning module AddContentDialog (199)
[2016.07.23-09.40.31:653][707]LogModuleManager: Shutting down and abandoning module GameplayTags (198)
[2016.07.23-09.40.31:653][707]LogModuleManager: Shutting down and abandoning module EditorWidgets (197)
[2016.07.23-09.40.31:653][707]LogModuleManager: Shutting down and abandoning module CollectionManager (196)
[2016.07.23-09.40.31:654][707]LogModuleManager: Shutting down and abandoning module StatsViewer (195)
[2016.07.23-09.40.31:655][707]LogModuleManager: Shutting down and abandoning module FoliageEdit (194)
[2016.07.23-09.40.31:656][707]LogModuleManager: Shutting down and abandoning module LandscapeEditor (193)
[2016.07.23-09.40.31:656][707]LogModuleManager: Shutting down and abandoning module ActorPickerMode (192)
[2016.07.23-09.40.31:656][707]LogModuleManager: Shutting down and abandoning module GeometryMode (191)
[2016.07.23-09.40.31:656][707]LogModuleManager: Shutting down and abandoning module TextureAlignMode (190)
[2016.07.23-09.40.31:656][707]LogModuleManager: Shutting down and abandoning module BspMode (189)
[2016.07.23-09.40.31:656][707]LogModuleManager: Shutting down and abandoning module PlacementMode (188)
[2016.07.23-09.40.31:657][707]LogModuleManager: Shutting down and abandoning module AutomationWorker (187)
[2016.07.23-09.40.31:657][707]LogModuleManager: Shutting down and abandoning module CharacterAI (186)
[2016.07.23-09.40.31:657][707]LogModuleManager: Shutting down and abandoning module SmartSnapping (185)
[2016.07.23-09.40.31:657][707]LogModuleManager: Shutting down and abandoning module ViewportSnapping (184)
[2016.07.23-09.40.31:657][707]LogModuleManager: Shutting down and abandoning module LogVisualizer (183)
[2016.07.23-09.40.31:659][707]LogModuleManager: Shutting down and abandoning module GameProjectGeneration (182)
[2016.07.23-09.40.31:660][707]LogModuleManager: Shutting down and abandoning module IntroTutorials (181)
[2016.07.23-09.40.31:661][707]LogModuleManager: Shutting down and abandoning module EditorLiveStreaming (180)
[2016.07.23-09.40.31:661][707]LogModuleManager: Shutting down and abandoning module IOSPlatformEditor (179)
[2016.07.23-09.40.31:661][707]LogModuleManager: Shutting down and abandoning module HTML5PlatformEditor (178)
[2016.07.23-09.40.31:661][707]LogModuleManager: Shutting down and abandoning module AndroidDeviceDetection (177)
[2016.07.23-09.40.32:101][707]LogModuleManager: Shutting down and abandoning module AndroidPlatformEditor (176)
[2016.07.23-09.40.32:101][707]LogModuleManager: Shutting down and abandoning module IOSRuntimeSettings (175)
[2016.07.23-09.40.32:101][707]LogModuleManager: Shutting down and abandoning module AndroidRuntimeSettings (174)
[2016.07.23-09.40.32:101][707]LogModuleManager: Shutting down and abandoning module MergeActors (173)
[2016.07.23-09.40.32:103][707]LogModuleManager: Shutting down and abandoning module SizeMap (172)
[2016.07.23-09.40.32:104][707]LogModuleManager: Shutting down and abandoning module TreeMap (171)
[2016.07.23-09.40.32:104][707]LogModuleManager: Shutting down and abandoning module ReferenceViewer (170)
[2016.07.23-09.40.32:104][707]LogModuleManager: Shutting down and abandoning module LocalizationService (169)
[2016.07.23-09.40.32:105][707]LogModuleManager: Shutting down and abandoning module LocalizationDashboard (168)
[2016.07.23-09.40.32:105][707]LogModuleManager: Shutting down and abandoning module HardwareTargeting (167)
[2016.07.23-09.40.32:105][707]LogModuleManager: Shutting down and abandoning module DeviceProfileEditor (166)
[2016.07.23-09.40.32:106][707]LogModuleManager: Shutting down and abandoning module UndoHistory (165)
[2016.07.23-09.40.32:106][707]LogModuleManager: Shutting down and abandoning module UserFeedback (164)
[2016.07.23-09.40.32:107][707]LogModuleManager: Shutting down and abandoning module XmlParser (163)
[2016.07.23-09.40.32:107][707]LogModuleManager: Shutting down and abandoning module Blutility (162)
[2016.07.23-09.40.32:107][707]LogModuleManager: Shutting down and abandoning module ProjectTargetPlatformEditor (161)
[2016.07.23-09.40.32:108][707]LogModuleManager: Shutting down and abandoning module ProjectSettingsViewer (160)
[2016.07.23-09.40.32:108][707]LogModuleManager: Shutting down and abandoning module InputBindingEditor (159)
[2016.07.23-09.40.32:109][707]LogModuleManager: Shutting down and abandoning module EditorSettingsViewer (158)
[2016.07.23-09.40.32:109][707]LogModuleManager: Shutting down and abandoning module SettingsEditor (157)
[2016.07.23-09.40.32:110][707]LogModuleManager: Shutting down and abandoning module ProjectLauncher (156)
[2016.07.23-09.40.32:110][707]LogModuleManager: Shutting down and abandoning module SessionFrontend (155)
[2016.07.23-09.40.32:111][707]LogModuleManager: Shutting down and abandoning module ProfilerClient (154)
[2016.07.23-09.40.32:111][707]LogModuleManager: Shutting down and abandoning module TargetDeviceServices (153)
[2016.07.23-09.40.32:111][707]LogModuleManager: Shutting down and abandoning module DeviceManager (152)
[2016.07.23-09.40.32:155][707]LogModuleManager: Shutting down and abandoning module AutomationController (151)
[2016.07.23-09.40.32:156][707]LogModuleManager: Shutting down and abandoning module AutomationWindow (150)
[2016.07.23-09.40.32:157][707]LogModuleManager: Shutting down and abandoning module Layers (149)
[2016.07.23-09.40.32:159][707]LogModuleManager: Shutting down and abandoning module ComponentVisualizers (148)
[2016.07.23-09.40.32:159][707]LogModuleManager: Shutting down and abandoning module DetailCustomizations (147)
[2016.07.23-09.40.32:159][707]LogModuleManager: Shutting down and abandoning module PackagesDialog (146)
[2016.07.23-09.40.32:159][707]LogModuleManager: Shutting down and abandoning module Persona (145)
[2016.07.23-09.40.32:162][707]LogModuleManager: Shutting down and abandoning module Kismet (144)
[2016.07.23-09.40.32:162][707]LogModuleManager: Shutting down and abandoning module GraphEditor (143)
[2016.07.23-09.40.32:163][707]LogModuleManager: Shutting down and abandoning module ClassViewer (142)
[2016.07.23-09.40.32:164][707]LogModuleManager: Shutting down and abandoning module Toolbox (141)
[2016.07.23-09.40.32:164][707]LogModuleManager: Shutting down and abandoning module ModuleUI (140)
[2016.07.23-09.40.32:164][707]LogModuleManager: Shutting down and abandoning module MovieSceneTools (139)
[2016.07.23-09.40.32:165][707]LogModuleManager: Shutting down and abandoning module OutputLog (138)
[2016.07.23-09.40.32:165][707]LogModuleManager: Shutting down and abandoning module GammaUI (137)
[2016.07.23-09.40.32:166][707]LogModuleManager: Shutting down and abandoning module Documentation (136)
[2016.07.23-09.40.32:166][707]LogModuleManager: Shutting down and abandoning module StreamingPauseRendering (135)
[2016.07.23-09.40.32:166][707]LogModuleManager: Shutting down and abandoning module AnalyticsET (134)
[2016.07.23-09.40.32:166][707]LogModuleManager: Shutting down and abandoning module Analytics (133)
[2016.07.23-09.40.32:166][707]LogModuleManager: Shutting down and abandoning module PortalServices (132)
[2016.07.23-09.40.32:166][707]LogModuleManager: Shutting down and abandoning module PortalRpc (131)
[2016.07.23-09.40.32:166][707]LogModuleManager: Shutting down and abandoning module MessagingRpc (130)
[2016.07.23-09.40.32:166][707]LogModuleManager: Shutting down and abandoning module AITestSuite (129)
[2016.07.23-09.40.32:167][707]LogModuleManager: Shutting down and abandoning module GameplayDebugger (128)
[2016.07.23-09.40.32:167][707]LogModuleManager: Shutting down and abandoning module AIModule (127)
[2016.07.23-09.40.32:167][707]LogModuleManager: Shutting down and abandoning module ProfilerService (126)
[2016.07.23-09.40.32:319][707]LogModuleManager: Shutting down and abandoning module TaskGraph (125)
[2016.07.23-09.40.32:322][707]LogModuleManager: Shutting down and abandoning module SlateRemote (124)
[2016.07.23-09.40.32:322][707]LogModuleManager: Shutting down and abandoning module SteamVRController (123)
[2016.07.23-09.40.32:322][707]LogModuleManager: Shutting down and abandoning module SteamVR (122)
[2016.07.23-09.40.32:322][707]LogModuleManager: Shutting down and abandoning module ProceduralMeshComponent (121)
[2016.07.23-09.40.32:322][707]LogModuleManager: Shutting down and abandoning module OculusLibrary (120)
[2016.07.23-09.40.32:322][707]LogModuleManager: Shutting down and abandoning module OculusInput (119)
[2016.07.23-09.40.32:322][707]LogModuleManager: Shutting down and abandoning module CustomMeshComponent (118)
[2016.07.23-09.40.32:322][707]LogModuleManager: Shutting down and abandoning module CableComponent (117)
[2016.07.23-09.40.32:322][707]LogModuleManager: Shutting down and abandoning module ArchVisCharacter (116)
[2016.07.23-09.40.32:322][707]LogModuleManager: Shutting down and abandoning module MediaPlayerEditor (115)
[2016.07.23-09.40.32:324][707]LogModuleManager: Shutting down and abandoning module HTML5Networking (114)
[2016.07.23-09.40.32:324][707]LogModuleManager: Shutting down and abandoning module SpeedTreeImporter (113)
[2016.07.23-09.40.32:324][707]LogModuleManager: Shutting down and abandoning module PluginBrowser (112)
[2016.07.23-09.40.32:325][707]LogModuleManager: Shutting down and abandoning module EpicSurvey (111)
[2016.07.23-09.40.32:326][707]LogModuleManager: Shutting down and abandoning module DesktopPlatform (110)
[2016.07.23-09.40.32:326][707]LogModuleManager: Shutting down and abandoning module VisualStudioSourceCodeAccess (109)
[2016.07.23-09.40.32:326][707]LogModuleManager: Shutting down and abandoning module UObjectPlugin (108)
[2016.07.23-09.40.32:326][707]LogModuleManager: Shutting down and abandoning module SubversionSourceControl (107)
[2016.07.23-09.40.32:327][707]LogModuleManager: Shutting down and abandoning module PerforceSourceControl (106)
[2016.07.23-09.40.32:328][707]LogModuleManager: Shutting down and abandoning module SourceControl (105)
[2016.07.23-09.40.32:329][707]LogModuleManager: Shutting down and abandoning module GitSourceControl (104)
[2016.07.23-09.40.32:330][707]LogModuleManager: Shutting down and abandoning module LightPropagationVolumeEditor (103)
[2016.07.23-09.40.32:330][707]LogModuleManager: Shutting down and abandoning module PaperTiledImporter (102)
[2016.07.23-09.40.32:330][707]LogModuleManager: Shutting down and abandoning module PaperSpriteSheetImporter (101)
[2016.07.23-09.40.32:330][707]LogModuleManager: Shutting down and abandoning module MeshPaint (100)
[2016.07.23-09.40.32:330][707]LogModuleManager: Shutting down and abandoning module HotReload (99)
[2016.07.23-09.40.32:331][707]LogModuleManager: Shutting down and abandoning module MainFrame (98)
[2016.07.23-09.40.32:331][707]LogModuleManager: Shutting down and abandoning module LevelEditor (97)
[2016.07.23-09.40.32:333][707]LogModuleManager: Shutting down and abandoning module DirectoryWatcher (96)
[2016.07.23-09.40.32:338][707]LogModuleManager: Shutting down and abandoning module AssetRegistry (95)
[2016.07.23-09.40.32:541][707]LogModuleManager: Shutting down and abandoning module ContentBrowser (94)
[2016.07.23-09.40.32:543][707]LogModuleManager: Shutting down and abandoning module Paper2DEditor (93)
[2016.07.23-09.40.32:543][707]LogModuleManager: Shutting down and abandoning module UdpMessaging (92)
[2016.07.23-09.40.32:645][707]LogModuleManager: Shutting down and abandoning module LightPropagationVolumeRuntime (91)
[2016.07.23-09.40.32:645][707]LogModuleManager: Shutting down and abandoning module Paper2D (90)
[2016.07.23-09.40.32:646][707]LogModuleManager: Shutting down and abandoning module WindowsMoviePlayer (89)
[2016.07.23-09.40.32:647][707]LogModuleManager: Shutting down and abandoning module Media (88)
[2016.07.23-09.40.32:647][707]LogModuleManager: Shutting down and abandoning module WmfMedia (87)
[2016.07.23-09.40.32:647][707]LogModuleManager: Shutting down and abandoning module MediaAssets (86)
[2016.07.23-09.40.32:647][707]LogModuleManager: Shutting down and abandoning module GameLiveStreaming (85)
[2016.07.23-09.40.32:647][707]LogModuleManager: Shutting down and abandoning module GameplayTagsEditor (84)
[2016.07.23-09.40.32:647][707]LogModuleManager: Shutting down and abandoning module OnlineBlueprintSupport (83)
[2016.07.23-09.40.32:647][707]LogModuleManager: Shutting down and abandoning module GameplayTasksEditor (82)
[2016.07.23-09.40.32:647][707]LogModuleManager: Shutting down and abandoning module PropertyEditor (81)
[2016.07.23-09.40.32:648][707]LogModuleManager: Shutting down and abandoning module BehaviorTreeEditor (80)
[2016.07.23-09.40.32:649][707]LogModuleManager: Shutting down and abandoning module FunctionalTesting (79)
[2016.07.23-09.40.32:649][707]LogModuleManager: Shutting down and abandoning module CollisionAnalyzer (78)
[2016.07.23-09.40.32:650][707]LogModuleManager: Shutting down and abandoning module WorkspaceMenuStructure (77)
[2016.07.23-09.40.32:650][707]LogModuleManager: Shutting down and abandoning module MessageLog (76)
[2016.07.23-09.40.32:651][707]LogModuleManager: Shutting down and abandoning module Sequencer (75)
[2016.07.23-09.40.32:651][707]LogModuleManager: Shutting down and abandoning module AssetTools (74)
[2016.07.23-09.40.32:652][707]LogModuleManager: Shutting down and abandoning module UMGEditor (73)
[2016.07.23-09.40.32:652][707]LogModuleManager: Shutting down and abandoning module UMG (72)
[2016.07.23-09.40.32:652][707]LogModuleManager: Shutting down and abandoning module SlateReflector (71)
[2016.07.23-09.40.32:654][707]LogModuleManager: Shutting down and abandoning module Slate (70)
[2016.07.23-09.40.32:654][707]LogModuleManager: Shutting down and abandoning module EditorStyle (69)
[2016.07.23-09.40.32:659][707]LogModuleManager: Shutting down and abandoning module SessionServices (68)
[2016.07.23-09.40.32:659][707]LogModuleManager: Shutting down and abandoning module SourceCodeAccess (67)
[2016.07.23-09.40.32:660][707]LogModuleManager: Shutting down and abandoning module HeadMountedDisplay (66)
[2016.07.23-09.40.32:660][707]LogModuleManager: Shutting down and abandoning module XAudio2 (65)
[2016.07.23-09.40.32:660][707]LogModuleManager: Shutting down and abandoning module Networking (63)
[2016.07.23-09.40.32:660][707]LogModuleManager: Shutting down and abandoning module Core (62)
[2016.07.23-09.40.32:660][707]LogModuleManager: Shutting down and abandoning module KismetCompiler (61)
[2016.07.23-09.40.32:660][707]LogModuleManager: Shutting down and abandoning module PhysXFormats (60)
[2016.07.23-09.40.32:660][707]LogModuleManager: Shutting down and abandoning module MeshUtilities (59)
[2016.07.23-09.40.32:661][707]LogModuleManager: Shutting down and abandoning module CookingStats (58)
[2016.07.23-09.40.32:661][707]LogModuleManager: Shutting down and abandoning module DerivedDataCache (57)
[2016.07.23-09.40.32:661][707]LogDerivedDataCache: Shutdown
[2016.07.23-09.40.32:661][707]LogModuleManager: Shutting down and abandoning module ShaderFormatOpenGL (56)
[2016.07.23-09.40.32:662][707]LogModuleManager: Shutting down and abandoning module ShaderFormatD3D (55)
[2016.07.23-09.40.32:662][707]LogModuleManager: Shutting down and abandoning module MetalShaderFormat (54)
[2016.07.23-09.40.32:663][707]LogModuleManager: Shutting down and abandoning module TextureFormatUncompressed (53)
[2016.07.23-09.40.32:663][707]LogModuleManager: Shutting down and abandoning module TextureFormatPVR (52)
[2016.07.23-09.40.32:664][707]LogModuleManager: Shutting down and abandoning module TextureFormatIntelISPCTexComp (51)
[2016.07.23-09.40.32:664][707]LogModuleManager: Shutting down and abandoning module TextureFormatDXT (50)
[2016.07.23-09.40.32:664][707]LogModuleManager: Shutting down and abandoning module ImageWrapper (49)
[2016.07.23-09.40.32:664][707]LogModuleManager: Shutting down and abandoning module TextureFormatASTC (48)
[2016.07.23-09.40.32:664][707]LogModuleManager: Shutting down and abandoning module TextureFormatAndroid (47)
[2016.07.23-09.40.32:664][707]LogModuleManager: Shutting down and abandoning module AudioFormatOpus (46)
[2016.07.23-09.40.32:665][707]LogModuleManager: Shutting down and abandoning module AudioFormatOgg (45)
[2016.07.23-09.40.32:665][707]LogModuleManager: Shutting down and abandoning module AudioFormatADPCM (44)
[2016.07.23-09.40.32:665][707]LogModuleManager: Shutting down and abandoning module LinuxTargetPlatform (43)
[2016.07.23-09.40.32:666][707]LogModuleManager: Shutting down and abandoning module LinuxServerTargetPlatform (42)
[2016.07.23-09.40.32:666][707]LogModuleManager: Shutting down and abandoning module LinuxNoEditorTargetPlatform (41)
[2016.07.23-09.40.32:666][707]LogModuleManager: Shutting down and abandoning module TVOSTargetPlatform (40)
[2016.07.23-09.40.32:666][707]LogModuleManager: Shutting down and abandoning module Messaging (39)
[2016.07.23-09.40.32:666][707]LogModuleManager: Shutting down and abandoning module IOSTargetPlatform (38)
[2016.07.23-09.40.32:666][707]LogModuleManager: Shutting down and abandoning module HTML5TargetPlatform (37)
[2016.07.23-09.40.32:666][707]LogModuleManager: Shutting down and abandoning module Android_PVRTCTargetPlatform (36)
[2016.07.23-09.40.32:666][707]LogModuleManager: Shutting down and abandoning module Android_MultiTargetPlatform (35)
[2016.07.23-09.40.32:667][707]LogModuleManager: Shutting down and abandoning module Android_ETC2TargetPlatform (34)
[2016.07.23-09.40.32:667][707]LogModuleManager: Shutting down and abandoning module Android_ETC1TargetPlatform (33)
[2016.07.23-09.40.32:667][707]LogModuleManager: Shutting down and abandoning module Android_DXTTargetPlatform (32)
[2016.07.23-09.40.32:667][707]LogModuleManager: Shutting down and abandoning module Android_ATCTargetPlatform (31)
[2016.07.23-09.40.32:667][707]LogModuleManager: Shutting down and abandoning module Android_ASTCTargetPlatform (30)
[2016.07.23-09.40.32:667][707]LogModuleManager: Shutting down and abandoning module AndroidTargetPlatform (29)
[2016.07.23-09.40.32:667][707]LogModuleManager: Shutting down and abandoning module WindowsTargetPlatform (28)
[2016.07.23-09.40.32:667][707]LogModuleManager: Shutting down and abandoning module WindowsServerTargetPlatform (27)
[2016.07.23-09.40.32:667][707]LogModuleManager: Shutting down and abandoning module WindowsNoEditorTargetPlatform (26)
[2016.07.23-09.40.32:667][707]LogModuleManager: Shutting down and abandoning module WindowsClientTargetPlatform (25)
[2016.07.23-09.40.32:668][707]LogModuleManager: Shutting down and abandoning module AllDesktopTargetPlatform (24)
[2016.07.23-09.40.32:668][707]LogModuleManager: Shutting down and abandoning module TargetPlatform (23)
[2016.07.23-09.40.32:668][707]LogModuleManager: Shutting down and abandoning module InputCore (22)
[2016.07.23-09.40.32:668][707]LogModuleManager: Shutting down and abandoning module Settings (21)
[2016.07.23-09.40.32:668][707]LogModuleManager: Shutting down and abandoning module OnlineSubsystem (19)
[2016.07.23-09.40.32:668][707]LogModuleManager: Shutting down and abandoning module HTTP (18)
[2016.07.23-09.40.34:672][707]LogModuleManager: Shutting down and abandoning module XMPP (17)
[2016.07.23-09.40.34:675][707]LogModuleManager: Shutting down and abandoning module OculusRift (16)
[2016.07.23-09.40.34:676][707]LogModuleManager: Shutting down and abandoning module ExampleDeviceProfileSelector (15)
[2016.07.23-09.40.34:676][707]LogModuleManager: Shutting down and abandoning module TextureCompressor (14)
[2016.07.23-09.40.34:676][707]LogModuleManager: Shutting down and abandoning module ShaderCore (13)
[2016.07.23-09.40.34:676][707]LogModuleManager: Shutting down and abandoning module Landscape (12)
[2016.07.23-09.40.34:677][707]LogModuleManager: Shutting down and abandoning module SlateRHIRenderer (11)
[2016.07.23-09.40.34:687][707]LogModuleManager: Shutting down and abandoning module OpenGLDrv (10)
[2016.07.23-09.40.34:689][707]LogModuleManager: Shutting down and abandoning module D3D11RHI (9)
[2016.07.23-09.40.34:689][707]LogModuleManager: Shutting down and abandoning module AnimGraphRuntime (8)
[2016.07.23-09.40.34:689][707]LogModuleManager: Shutting down and abandoning module Renderer (7)
[2016.07.23-09.40.34:689][707]LogModuleManager: Shutting down and abandoning module Engine (6)
[2016.07.23-09.40.34:689][707]LogModuleManager: Shutting down and abandoning module CoreUObject (5)
[2016.07.23-09.40.34:689][707]LogModuleManager: Shutting down and abandoning module NetworkFile (4)
[2016.07.23-09.40.34:689][707]LogModuleManager: Shutting down and abandoning module StreamingFile (3)
[2016.07.23-09.40.34:689][707]LogModuleManager: Shutting down and abandoning module SandboxFile (2)
[2016.07.23-09.40.34:690][707]LogModuleManager: Shutting down and abandoning module PakFile (1)
[2016.07.23-09.40.34:692][707]LogExit: Exiting.
[2016.07.23-09.40.34:735][707]Log file closed, 07/23/16 19:40:34
