Log file open, 07/23/16 19:47:02
LogInit:Display: Running engine for game: Uptime
LogPlatformFile: Not using cached read wrapper
LogInit:Display: RandInit(-1196261755) SRandInit(-1196261753).
LogTaskGraph: Started task graph with 4 named threads and 7 total threads.
LogStats: Stats thread started at 0.088271
LogInit: Version: 4.11.2-2946394+++UE4+Release-4.11
LogInit: API Version: 2927265
LogInit: Compiled (64-bit): Apr 18 2016 02:18:46
LogInit: Compiled with Visual C++: 19.00.23026.00
LogInit: Build Configuration: Development
LogInit: Branch Name: ++UE4+Release-4.11
LogInit: Command line:  
LogInit: Base directory: C:/Program Files (x86)/Epic Games/4.11/Engine/Binaries/Win64/
LogInit: Installed Engine Build: 1
LogInit: Using libcurl 7.41.0
LogInit:  - built for x86_64-pc-win32
LogInit:  - supports SSL with WinSSL
LogInit:  - other features:
LogInit:      CURL_VERSION_SSL
LogInit:      CURL_VERSION_IPV6
LogInit:      CURL_VERSION_ASYNCHDNS
LogInit:      CURL_VERSION_LARGEFILE
LogInit:      CURL_VERSION_IDN
LogInit:  CurlRequestOptions (configurable via config and command line):
LogInit:  - bVerifyPeer = true  - Libcurl will verify peer certificate
LogInit:  - bUseHttpProxy = false  - Libcurl will NOT use HTTP proxy
LogInit:  - bDontReuseConnections = false  - Libcurl will reuse connections
LogInit:  - CertBundlePath = nullptr  - Libcurl will use whatever was configured at build time.
LogInit: Presizing for max 16777216 objects, including 0 objects not considered by GC, pre-allocating 0 bytes for permanent pool.
LogInit: Object subsystem initialized
[2016.07.23-09.47.02:434][  0]LogInit: Selected Device Profile: [Windows]
[2016.07.23-09.47.02:434][  0]LogInit: Applying CVar settings loaded from the selected device profile: [Windows]
[2016.07.23-09.47.02:444][  0]LogInit: Computer: BRENDEN-PC
[2016.07.23-09.47.02:444][  0]LogInit: User: Brenden
[2016.07.23-09.47.02:444][  0]LogInit: CPU Page size=65536, Cores=4
[2016.07.23-09.47.02:444][  0]LogInit: High frequency timer resolution =3.125107 MHz
[2016.07.23-09.47.02:444][  0]LogMemory: Memory total: Physical=8.0GB (8GB approx)
[2016.07.23-09.47.02:444][  0]LogMemory: Platform Memory Stats for Windows
[2016.07.23-09.47.02:444][  0]LogMemory: Process Physical Memory: 312.50 MB used, 312.50 MB peak
[2016.07.23-09.47.02:444][  0]LogMemory: Process Virtual Memory: 315.64 MB used, 315.64 MB peak
[2016.07.23-09.47.02:444][  0]LogMemory: Physical Memory: 5013.55 MB used, 8190.27 MB total
[2016.07.23-09.47.02:444][  0]LogMemory: Virtual Memory: 648.76 MB used, 134217728.00 MB total
[2016.07.23-09.47.02:493][  0]LogTextLocalizationManager: No specific translations for ('en-US') exist, so ('en') translations will be used.
[2016.07.23-09.47.03:065][  0]LogD3D11RHI: D3D11 adapters:
[2016.07.23-09.47.03:100][  0]LogD3D11RHI:    0. 'NVIDIA GeForce GTX 560 Ti' (Feature Level 11_0)
[2016.07.23-09.47.03:100][  0]LogD3D11RHI:       971MB of dedicated video memory, 0MB of dedicated system memory, and 3071MB of shared system memory, 2 output[s]
[2016.07.23-09.47.03:171][  0]LogD3D11RHI:    1. 'NVIDIA GeForce 210 ' (Feature Level 10_0)
[2016.07.23-09.47.03:171][  0]LogD3D11RHI:       972MB of dedicated video memory, 0MB of dedicated system memory, and 3071MB of shared system memory, 1 output[s]
[2016.07.23-09.47.03:173][  0]LogD3D11RHI:    2. 'Microsoft Basic Render Driver' (Feature Level 11_0)
[2016.07.23-09.47.03:173][  0]LogD3D11RHI:       0MB of dedicated video memory, 0MB of dedicated system memory, and 4095MB of shared system memory, 0 output[s]
[2016.07.23-09.47.03:173][  0]LogD3D11RHI: Chosen D3D11 Adapter: 0
[2016.07.23-09.47.03:181][  0]LogD3D11RHI: Creating new Direct3DDevice
[2016.07.23-09.47.03:181][  0]LogD3D11RHI:     Adapter Name: NVIDIA GeForce GTX 560 Ti
[2016.07.23-09.47.03:181][  0]LogD3D11RHI:   Driver Version: Unknown (internal Unknown)
[2016.07.23-09.47.03:181][  0]LogD3D11RHI:      Driver Date: Unknown
[2016.07.23-09.47.03:181][  0]LogRHI: Texture pool is 680 MB (70% of 971 MB)
[2016.07.23-09.47.03:193][  0]LogD3D11RHI: Async texture creation enabled
[2016.07.23-09.47.03:213][  0]LogShaderCompilers: Guid format shader working directory is 24 characters bigger than the processId version (D:/GitHub/TeamMIA/Uptime/Intermediate/Shaders/WorkingDirectory/3148/).
[2016.07.23-09.47.03:214][  0]LogShaderCompilers: Cleaned the shader compiler working directory 'C:/Users/Brenden/AppData/Local/Temp/UnrealShaderWorkingDir/E42DC16E4DE8E305D7D516972C3A2DEA/'.
[2016.07.23-09.47.03:214][  0]LogShaderCompilers:Display: Using Local Shader Compiler.
[2016.07.23-09.47.04:884][  0]LogTemp:Display: Loaded TP AllDesktopTargetPlatform
[2016.07.23-09.47.04:895][  0]LogTemp:Display: Loaded TP WindowsClientTargetPlatform
[2016.07.23-09.47.04:906][  0]LogTemp:Display: Loaded TP WindowsNoEditorTargetPlatform
[2016.07.23-09.47.04:916][  0]LogTemp:Display: Loaded TP WindowsServerTargetPlatform
[2016.07.23-09.47.04:925][  0]LogTemp:Display: Loaded TP WindowsTargetPlatform
[2016.07.23-09.47.04:932][  0]LogTemp:Display: Loaded TP AndroidTargetPlatform
[2016.07.23-09.47.04:938][  0]LogTemp:Display: Loaded TP Android_ASTCTargetPlatform
[2016.07.23-09.47.04:943][  0]LogTemp:Display: Loaded TP Android_ATCTargetPlatform
[2016.07.23-09.47.04:949][  0]LogTemp:Display: Loaded TP Android_DXTTargetPlatform
[2016.07.23-09.47.04:955][  0]LogTemp:Display: Loaded TP Android_ETC1TargetPlatform
[2016.07.23-09.47.04:961][  0]LogTemp:Display: Loaded TP Android_ETC2TargetPlatform
[2016.07.23-09.47.04:975][  0]LogTemp:Display: Loaded TP Android_MultiTargetPlatform
[2016.07.23-09.47.04:975][  0]LogTemp:Display: Loaded TP Android_PVRTCTargetPlatform
[2016.07.23-09.47.04:977][  0]LogTemp:Display: Loaded TP HTML5TargetPlatform
[2016.07.23-09.47.05:001][  0]LogTemp:Display: Loaded TP IOSTargetPlatform
[2016.07.23-09.47.05:006][  0]LogTemp:Display: Loaded TP TVOSTargetPlatform
[2016.07.23-09.47.05:011][  0]LogTemp:Display: Loaded TP LinuxNoEditorTargetPlatform
[2016.07.23-09.47.05:019][  0]LogTemp:Display: Loaded TP LinuxServerTargetPlatform
[2016.07.23-09.47.05:025][  0]LogTemp:Display: Loaded TP LinuxTargetPlatform
[2016.07.23-09.47.05:025][  0]LogTargetPlatformManager:Display: Building Assets For Windows
[2016.07.23-09.47.05:159][  0]LogDerivedDataCache:Display: Max Cache Size: 512 MB
[2016.07.23-09.47.05:320][  0]LogDerivedDataCache: Loaded boot cache 0.16s 46MB C:/Users/Brenden/AppData/Local/UnrealEngine/4.11/DerivedDataCache/Boot.ddc.
[2016.07.23-09.47.05:320][  0]LogDerivedDataCache:Display: Loaded Boot cache: C:/Users/Brenden/AppData/Local/UnrealEngine/4.11/DerivedDataCache/Boot.ddc
[2016.07.23-09.47.05:320][  0]LogDerivedDataCache: FDerivedDataBackendGraph:  Pak pak cache file D:/GitHub/TeamMIA/Uptime/DerivedDataCache/DDC.ddp not found, will not use a pak cache.
[2016.07.23-09.47.05:320][  0]LogDerivedDataCache: Unable to find inner node Pak for hierarchical cache Hierarchy.
[2016.07.23-09.47.05:321][  0]LogDerivedDataCache: FDerivedDataBackendGraph:  CompressedPak pak cache file D:/GitHub/TeamMIA/Uptime/DerivedDataCache/Compressed.ddp not found, will not use a pak cache.
[2016.07.23-09.47.05:321][  0]LogDerivedDataCache: Unable to find inner node CompressedPak for hierarchical cache Hierarchy.
[2016.07.23-09.47.05:342][  0]LogDerivedDataCache:Display: Pak cache opened for reading ../../../Engine/DerivedDataCache/Compressed.ddp.
[2016.07.23-09.47.05:355][  0]LogDerivedDataCache: Using Local data cache path C:/Users/Brenden/AppData/Local/UnrealEngine/Common/DerivedDataCache: Writable
[2016.07.23-09.47.05:680][  0]LogInit: Selected Device Profile: [Windows]
[2016.07.23-09.47.05:681][  0]LogContentStreaming: Texture pool size is 0.00 MB
[2016.07.23-09.47.05:736][  0]LogMaterial: Uniform references updated for custom material expression Custom.
[2016.07.23-09.47.05:921][  0]LogMeshUtilities: No automatic mesh reduction module available
[2016.07.23-09.47.05:921][  0]LogMeshUtilities: No automatic mesh merging module available
[2016.07.23-09.47.05:921][  0]LogMeshUtilities: No distributed automatic mesh merging module available
[2016.07.23-09.47.06:384][  0]LogUObjectArray: 27679 objects as part of root set at end of initial load.
[2016.07.23-09.47.06:384][  0]LogUObjectAllocator: 5591592 out of 0 bytes used by permanent object pool.
[2016.07.23-09.47.06:384][  0]LogUObjectArray: CloseDisregardForGC: 0/0 objects in disregard for GC pool
[2016.07.23-09.47.06:395][  0]LogInit: WinSock: version 1.1 (2.2), MaxSocks=32767, MaxUdp=65467
[2016.07.23-09.47.06:544][  0]LogSlate: SlateFontCache - WITH_FREETYPE: 1, WITH_HARFBUZZ: 1
[2016.07.23-09.47.06:544][  0]LogSlate: SlateFontCache - WITH_FREETYPE: 1, WITH_HARFBUZZ: 1
[2016.07.23-09.47.06:760][  0]LogStreaming:Warning: Failed to read file '../../../Engine/Content/Editor/Slate/Common/Selection_16x.png' error.
[2016.07.23-09.47.06:760][  0]LogSlate: Could not find file for Slate resource: ../../../Engine/Content/Editor/Slate/Common/Selection_16x.png
[2016.07.23-09.47.06:760][  0]LogStreaming:Warning: Failed to read file '../../../Engine/Content/Editor/Slate/Common/Selection_16x.png' error.
[2016.07.23-09.47.06:760][  0]LogSlate: Could not find file for Slate resource: ../../../Engine/Content/Editor/Slate/Common/Selection_16x.png
[2016.07.23-09.47.06:760][  0]LogStreaming:Warning: Failed to read file '../../../Engine/Content/Editor/Slate/Common/Selection_16x.png' error.
[2016.07.23-09.47.06:760][  0]LogSlate: Could not find file for Slate resource: ../../../Engine/Content/Editor/Slate/Common/Selection_16x.png
[2016.07.23-09.47.07:840][  0]LogUdpMessaging: Initializing bridge on interface 0.0.0.0:0 to multicast group 230.0.0.1:6666.
[2016.07.23-09.47.07:965][  0]LogAssetRegistry: FAssetRegistry took 0.0221 seconds to start up
[2016.07.23-09.47.08:185][  0]SourceControl: Info Source control is disabled
[2016.07.23-09.47.08:303][  0]SourceControl: Info Source control is disabled
[2016.07.23-09.47.08:316][  0]SourceControl: Info Source control is disabled
[2016.07.23-09.47.08:331][  0]SourceControl: Info Source control is disabled
[2016.07.23-09.47.08:538][  0]LogHMD: Failed to initialize OpenVR with code 110
[2016.07.23-09.47.08:637][  0]LogEngine: Initializing Engine...
[2016.07.23-09.47.08:872][  0]LogAIModule: Creating AISystem for world NewWorld
[2016.07.23-09.47.08:901][  0]LogInit: XAudio2 using 'Headphones (Realtek High Definition Audio)' : 2 channels at 48 kHz using 32 bits per sample (channel mask 0x3)
[2016.07.23-09.47.08:954][  0]LogInit: FAudioDevice initialized.
[2016.07.23-09.47.09:004][  0]LogDerivedDataCache: Saved boot cache 0.05s 46MB C:/Users/Brenden/AppData/Local/UnrealEngine/4.11/DerivedDataCache/Boot.ddc.
[2016.07.23-09.47.09:025][  0]LogInit: Texture streaming: Enabled
[2016.07.23-09.47.09:060][  0]LogInit: Transaction tracking system initialized
[2016.07.23-09.47.09:096][  0]BlueprintLog: New page: Editor Load
[2016.07.23-09.47.09:212][  0]LocalizationService: Info Localization service is disabled
[2016.07.23-09.47.09:328][  0]LogConsoleResponse:Display: 
[2016.07.23-09.47.09:493][  0]LogCook:Display: Max memory allowance for cook 8192mb
[2016.07.23-09.47.09:493][  0]LogCook:Display: Mobile HDR setting 1
[2016.07.23-09.47.09:493][  0]LogCook:Display: Done creating registry. It took  0.00s.
[2016.07.23-09.47.09:581][  0]LogFileCache: Scanning file cache for directory 'D:/GitHub/TeamMIA/Uptime/Content/' took 0.02s
[2016.07.23-09.47.09:581][  0]SourceControl: Info Source control is disabled
[2016.07.23-09.47.09:582][  0]Cmd: MAP LOAD FILE="D:/GitHub/TeamMIA/Uptime/Content/Maps/UptimeLevel.umap" TEMPLATE=0 SHOWPROGRESS=1 FEATURELEVEL=3
[2016.07.23-09.47.09:582][  0]LightingResults: New page: Lighting Build
[2016.07.23-09.47.09:587][  0]MapCheck: New page: Map Check
[2016.07.23-09.47.09:587][  0]LightingResults: New page: Lighting Build
[2016.07.23-09.47.10:215][  0]LogAIModule: Creating AISystem for world UptimeLevel
[2016.07.23-09.47.10:254][  0]LogEditorServer: Finished looking for orphan Actors (0.000 secs)
[2016.07.23-09.47.10:255][  0]Cmd: MAP CHECKDEP NOCLEARLOG
[2016.07.23-09.47.10:394][  0]MapCheck: Info Map check complete: 0 Error(s), 0 Warning(s), took 139.04ms to complete.
[2016.07.23-09.47.10:394][  0]LogFileHelpers: Loading map 'UptimeLevel' took 0.813
[2016.07.23-09.47.10:545][  0]LogCollectionManager: Loaded 0 collections in 0.003044 seconds
[2016.07.23-09.47.10:591][  0]LogFileCache: Scanning file cache for directory 'D:/GitHub/TeamMIA/Uptime/Saved/Collections/' took 0.01s
[2016.07.23-09.47.10:591][  0]LogFileCache: Scanning file cache for directory 'D:/GitHub/TeamMIA/Uptime/Content/Developers/Brenden/Collections/' took 0.01s
[2016.07.23-09.47.10:591][  0]LogFileCache: Scanning file cache for directory 'D:/GitHub/TeamMIA/Uptime/Content/Collections/' took 0.01s
[2016.07.23-09.47.10:591][  0]LogCollectionManager: Rebuilt the GUID cache for 0 collections in 0.000004 seconds
[2016.07.23-09.47.10:601][  0]LogContentBrowser: Native class hierarchy populated in 0.0108 seconds. Added 1979 classes and 343 folders.
[2016.07.23-09.47.10:607][  0]LogStats: UGameplayTagsManager::ConstructGameplayTagTree: Construct from data asset -  0.000 s
[2016.07.23-09.47.10:607][  0]LogStats: UGameplayTagsManager::ConstructGameplayTagTree: GameplayTagTreeChangedEvent.Broadcast -  0.000 s
[2016.07.23-09.47.10:608][  0]LogContentBrowser: Native class hierarchy updated for 'GameplayTags' in 0.0006 seconds. Added 12 classes and 0 folders.
[2016.07.23-09.47.10:616][  0]LogContentBrowser: Native class hierarchy updated for 'WidgetCarousel' in 0.0005 seconds. Added 0 classes and 0 folders.
[2016.07.23-09.47.10:626][  0]LogContentBrowser: Native class hierarchy updated for 'SuperSearch' in 0.0005 seconds. Added 1 classes and 2 folders.
[2016.07.23-09.47.10:743][  0]LogContentBrowser: Native class hierarchy updated for 'AddContentDialog' in 0.0012 seconds. Added 0 classes and 0 folders.
[2016.07.23-09.47.10:751][  0]LogContentBrowser: Native class hierarchy updated for 'SceneOutliner' in 0.0008 seconds. Added 1 classes and 2 folders.
[2016.07.23-09.47.10:889][  0]LogCrashTracker: Crashtracker disabled due to settings.
[2016.07.23-09.47.10:894][  0]LogUObjectGlobals:Warning: Failed to find object 'Class None.'
[2016.07.23-09.47.10:925][  0]LogContentBrowser: Native class hierarchy updated for 'HierarchicalLODOutliner' in 0.0006 seconds. Added 1 classes and 2 folders.
[2016.07.23-09.47.10:925][  0]LogLoad: Full Startup: 9.64 seconds (BP compile: 0.00 seconds)
[2016.07.23-09.47.10:926][  0]LogExternalProfiler: Found external profiler: VSPerf
[2016.07.23-09.47.10:926][  0]LogExternalProfiler: Using external profiler: VSPerf
[2016.07.23-09.47.10:934][  0]LogWindowsTextInputMethodSystem:Display: IME system now deactivated.
[2016.07.23-09.47.10:934][  0]LogOcInput: OculusInput pre-init called
[2016.07.23-09.47.11:003][  0]LogContentStreaming: Texture pool size now 1000 MB
[2016.07.23-09.47.11:224][  0]LogRenderer: Reallocating scene render targets to support 1304x660 (Frame:2).
[2016.07.23-09.47.11:412][  2]LogAssetRegistry: Asset discovery search completed in 3.4698 seconds
[2016.07.23-09.47.11:412][  2]LogCollectionManager: Rebuilt the object cache for 0 collections in 0.000002 seconds (found 0 objects)
[2016.07.23-09.47.11:412][  2]LogCollectionManager: Fixed up redirectors for 0 collections in 0.000054 seconds (updated 0 objects)
[2016.07.23-09.47.17:199][454]LogLinker:Warning: Can't find file '/Game/ArbitraryStudio/Electronics/Materials/MI_PhotoCopier'
[2016.07.23-09.47.17:199][454]LogLinker:Warning: Can't find file for asset '/Game/ArbitraryStudio/Electronics/Materials/MI_PhotoCopier' while loading D:/GitHub/TeamMIA/Uptime/Content/Furniture/Printers/SM_PhotocopierBig.uasset.
[2016.07.23-09.47.17:199][454]LoadErrors:Error: Error /Game/Furniture/Printers/SM_PhotocopierBig : Can't find file for asset. /Game/ArbitraryStudio/Electronics/Materials/MI_PhotoCopier
[2016.07.23-09.47.17:199][454]LogLinker:Warning: Can't find file '/Game/ArbitraryStudio/Electronics/Materials/MI_PhotoCopier'
[2016.07.23-09.47.17:199][454]LogLinker:Warning: Can't find file for asset '/Game/ArbitraryStudio/Electronics/Materials/MI_PhotoCopier' while loading D:/GitHub/TeamMIA/Uptime/Content/Furniture/Printers/SM_PhotocopierBig.uasset.
[2016.07.23-09.47.17:201][454]LogLinker:Warning: Can't find file '/Game/ArbitraryStudio/Electronics/Materials/MI_PhotoCopier'
[2016.07.23-09.47.17:201][454]LoadErrors: Info Failed to load /Game/ArbitraryStudio/Electronics/Materials/MI_PhotoCopier.MI_PhotoCopier Referenced by SM_PhotocopierBig
[2016.07.23-09.47.17:201][454]LogLinker:Warning: Can't find file for asset '/Game/ArbitraryStudio/Electronics/Materials/MI_PhotoCopier' while loading NULL.
[2016.07.23-09.47.17:270][457]LogActorFactory: Actor Factory created SM_PhotocopierBig
[2016.07.23-09.47.17:874][505]LogActorFactory: Actor Factory created SM_PhotocopierBig
[2016.07.23-09.47.36:624][770]LogLinker:Warning: Can't find file '/Game/ArbitraryStudio/M_MasterMaterial'
[2016.07.23-09.47.36:624][770]LogLinker:Warning: Can't find file for asset '/Game/ArbitraryStudio/M_MasterMaterial' while loading D:/GitHub/TeamMIA/Uptime/Content/Furniture/Printers/MI_PhotoCopier.uasset.
[2016.07.23-09.47.36:624][770]LoadErrors:Error: Error /Game/Furniture/Printers/MI_PhotoCopier : Can't find file for asset. /Game/ArbitraryStudio/M_MasterMaterial
[2016.07.23-09.47.36:624][770]LogLinker:Warning: Can't find file '/Game/ArbitraryStudio/Electronics/Textures/T_PhotoCopier__N'
[2016.07.23-09.47.36:624][770]LogLinker:Warning: Can't find file for asset '/Game/ArbitraryStudio/Electronics/Textures/T_PhotoCopier__N' while loading D:/GitHub/TeamMIA/Uptime/Content/Furniture/Printers/MI_PhotoCopier.uasset.
[2016.07.23-09.47.36:624][770]LoadErrors:Error: Error /Game/Furniture/Printers/MI_PhotoCopier : Can't find file for asset. /Game/ArbitraryStudio/Electronics/Textures/T_PhotoCopier__N
[2016.07.23-09.47.36:624][770]LogLinker:Warning: Can't find file '/Game/ArbitraryStudio/Electronics/Textures/T_PhotoCopier_D'
[2016.07.23-09.47.36:624][770]LogLinker:Warning: Can't find file for asset '/Game/ArbitraryStudio/Electronics/Textures/T_PhotoCopier_D' while loading D:/GitHub/TeamMIA/Uptime/Content/Furniture/Printers/MI_PhotoCopier.uasset.
[2016.07.23-09.47.36:624][770]LoadErrors:Error: Error /Game/Furniture/Printers/MI_PhotoCopier : Can't find file for asset. /Game/ArbitraryStudio/Electronics/Textures/T_PhotoCopier_D
[2016.07.23-09.47.36:625][770]LogLinker:Warning: Can't find file '/Game/ArbitraryStudio/Electronics/Textures/T_PhotoCopier_RMA'
[2016.07.23-09.47.36:625][770]LogLinker:Warning: Can't find file for asset '/Game/ArbitraryStudio/Electronics/Textures/T_PhotoCopier_RMA' while loading D:/GitHub/TeamMIA/Uptime/Content/Furniture/Printers/MI_PhotoCopier.uasset.
[2016.07.23-09.47.36:625][770]LoadErrors:Error: Error /Game/Furniture/Printers/MI_PhotoCopier : Can't find file for asset. /Game/ArbitraryStudio/Electronics/Textures/T_PhotoCopier_RMA
[2016.07.23-09.47.36:625][770]LogLinker:Warning: Can't find file '/Game/ArbitraryStudio/M_MasterMaterial'
[2016.07.23-09.47.36:625][770]LogLinker:Warning: Can't find file for asset '/Game/ArbitraryStudio/M_MasterMaterial' while loading D:/GitHub/TeamMIA/Uptime/Content/Furniture/Printers/MI_PhotoCopier.uasset.
[2016.07.23-09.47.36:626][770]LogLinker:Warning: Can't find file '/Game/ArbitraryStudio/Electronics/Textures/T_PhotoCopier__N'
[2016.07.23-09.47.36:626][770]LogLinker:Warning: Can't find file for asset '/Game/ArbitraryStudio/Electronics/Textures/T_PhotoCopier__N' while loading D:/GitHub/TeamMIA/Uptime/Content/Furniture/Printers/MI_PhotoCopier.uasset.
[2016.07.23-09.47.36:626][770]LogLinker:Warning: Can't find file '/Game/ArbitraryStudio/Electronics/Textures/T_PhotoCopier_D'
[2016.07.23-09.47.36:626][770]LogLinker:Warning: Can't find file for asset '/Game/ArbitraryStudio/Electronics/Textures/T_PhotoCopier_D' while loading D:/GitHub/TeamMIA/Uptime/Content/Furniture/Printers/MI_PhotoCopier.uasset.
[2016.07.23-09.47.36:626][770]LogLinker:Warning: Can't find file '/Game/ArbitraryStudio/Electronics/Textures/T_PhotoCopier_RMA'
[2016.07.23-09.47.36:626][770]LogLinker:Warning: Can't find file for asset '/Game/ArbitraryStudio/Electronics/Textures/T_PhotoCopier_RMA' while loading D:/GitHub/TeamMIA/Uptime/Content/Furniture/Printers/MI_PhotoCopier.uasset.
[2016.07.23-09.47.36:627][770]LogLinker:Warning: Can't find file '/Game/ArbitraryStudio/M_MasterMaterial'
[2016.07.23-09.47.36:627][770]LoadErrors: Info Failed to load /Game/ArbitraryStudio/M_MasterMaterial.M_MasterMaterial Referenced by MI_PhotoCopier
[2016.07.23-09.47.36:627][770]LogLinker:Warning: Can't find file for asset '/Game/ArbitraryStudio/M_MasterMaterial' while loading NULL.
[2016.07.23-09.47.36:628][770]LogLinker:Warning: Can't find file '/Game/ArbitraryStudio/Electronics/Textures/T_PhotoCopier_D'
[2016.07.23-09.47.36:628][770]LoadErrors: Info Failed to load /Game/ArbitraryStudio/Electronics/Textures/T_PhotoCopier_D.T_PhotoCopier_D Referenced by MI_PhotoCopier
[2016.07.23-09.47.36:628][770]LogLinker:Warning: Can't find file for asset '/Game/ArbitraryStudio/Electronics/Textures/T_PhotoCopier_D' while loading NULL.
[2016.07.23-09.47.36:628][770]LogLinker:Warning: Can't find file '/Game/ArbitraryStudio/Electronics/Textures/T_PhotoCopier__N'
[2016.07.23-09.47.36:628][770]LoadErrors: Info Failed to load /Game/ArbitraryStudio/Electronics/Textures/T_PhotoCopier__N.T_PhotoCopier__N Referenced by MI_PhotoCopier
[2016.07.23-09.47.36:628][770]LogLinker:Warning: Can't find file for asset '/Game/ArbitraryStudio/Electronics/Textures/T_PhotoCopier__N' while loading NULL.
[2016.07.23-09.47.36:628][770]LogLinker:Warning: Can't find file '/Game/ArbitraryStudio/Electronics/Textures/T_PhotoCopier_RMA'
[2016.07.23-09.47.36:628][770]LoadErrors: Info Failed to load /Game/ArbitraryStudio/Electronics/Textures/T_PhotoCopier_RMA.T_PhotoCopier_RMA Referenced by MI_PhotoCopier
[2016.07.23-09.47.36:628][770]LogLinker:Warning: Can't find file for asset '/Game/ArbitraryStudio/Electronics/Textures/T_PhotoCopier_RMA' while loading NULL.
[2016.07.23-09.48.03:018][629]LogEditorViewport: Clicking on Actor (LMB): StaticMeshActor (SM_PhotocopierBig)
[2016.07.23-09.48.03:134][634]LogEditorViewport: Clicking on Component (LMB): StaticMeshComponent (StaticMeshComponent0)
[2016.07.23-09.48.21:763][962]LogEditorViewport: Clicking on Component (context menu): StaticMeshComponent (StaticMeshComponent0)
[2016.07.23-09.48.23:465][ 83]LogEditorViewport: Clicking on Component (LMB): StaticMeshComponent (StaticMeshComponent0)
[2016.07.23-09.48.24:623][159]LogEditorViewport: Clicking on Component (LMB): StaticMeshComponent (StaticMeshComponent0)
[2016.07.23-09.48.24:771][165]LogEditorViewport: Clicking on Actor (double click): StaticMeshActor (SM_PhotocopierBig)
[2016.07.23-09.48.26:344][268]LogEditorViewport: Clicking on Actor (context menu): StaticMeshActor (SM_PhotocopierBig)
[2016.07.23-09.55.03:128][583]LogObjectTools: Package to ignore "/Engine/EngineMaterials/AntiAliasedTextMaterialTranslucent" in the list of referenced objects is NULL and should be removed from the list
[2016.07.23-09.55.03:128][583]LogObjectTools: Package to ignore "/Engine/EngineMaterials/CubeMaterial" in the list of referenced objects is NULL and should be removed from the list
[2016.07.23-09.55.03:128][583]LogObjectTools: Package to ignore "/Engine/EngineMaterials/DefaultCubemap" in the list of referenced objects is NULL and should be removed from the list
[2016.07.23-09.55.03:128][583]LogObjectTools: Package to ignore "/Engine/EngineMaterials/DefaultDecalMaterial" in the list of referenced objects is NULL and should be removed from the list
[2016.07.23-09.55.03:128][583]LogObjectTools: Package to ignore "/Engine/EngineMaterials/DefaultDiffuse_TC_Masks" in the list of referenced objects is NULL and should be removed from the list
[2016.07.23-09.55.03:128][583]LogObjectTools: Package to ignore "/Engine/EngineMaterials/DefaultNormal_Uncompressed" in the list of referenced objects is NULL and should be removed from the list
[2016.07.23-09.55.03:128][583]LogObjectTools: Package to ignore "/Engine/EngineMaterials/DefaultParticle" in the list of referenced objects is NULL and should be removed from the list
[2016.07.23-09.55.03:128][583]LogObjectTools: Package to ignore "/Engine/EngineMaterials/DefaultTextMaterialTranslucent" in the list of referenced objects is NULL and should be removed from the list
[2016.07.23-09.55.03:128][583]LogObjectTools: Package to ignore "/Engine/EngineMaterials/DefCube_Face" in the list of referenced objects is NULL and should be removed from the list
[2016.07.23-09.55.03:128][583]LogObjectTools: Package to ignore "/Engine/EngineMaterials/EmissiveTexturedMaterial" in the list of referenced objects is NULL and should be removed from the list
[2016.07.23-09.55.03:128][583]LogObjectTools: Package to ignore "/Engine/EngineMaterials/FlatNormal" in the list of referenced objects is NULL and should be removed from the list
[2016.07.23-09.55.03:128][583]LogObjectTools: Package to ignore "/Engine/EngineMaterials/FogVolumeMaterial" in the list of referenced objects is NULL and should be removed from the list
[2016.07.23-09.55.03:128][583]LogObjectTools: Package to ignore "/Engine/EngineMaterials/OrientParticle" in the list of referenced objects is NULL and should be removed from the list
[2016.07.23-09.55.03:128][583]LogObjectTools: Package to ignore "/Engine/EngineMaterials/PhysMat_Carboard" in the list of referenced objects is NULL and should be removed from the list
[2016.07.23-09.55.03:128][583]LogObjectTools: Package to ignore "/Engine/EngineMaterials/PhysMat_Ice" in the list of referenced objects is NULL and should be removed from the list
[2016.07.23-09.55.03:128][583]LogObjectTools: Package to ignore "/Engine/EngineMaterials/PhysMat_Metal" in the list of referenced objects is NULL and should be removed from the list
[2016.07.23-09.55.03:128][583]LogObjectTools: Package to ignore "/Engine/EngineMaterials/PhysMat_Vehicle" in the list of referenced objects is NULL and should be removed from the list
[2016.07.23-09.55.03:128][583]LogObjectTools: Package to ignore "/Engine/EngineMaterials/PhysMat_VehicleRagdoll" in the list of referenced objects is NULL and should be removed from the list
[2016.07.23-09.55.03:128][583]LogObjectTools: Package to ignore "/Engine/EngineMaterials/PPVolumeMaterial" in the list of referenced objects is NULL and should be removed from the list
[2016.07.23-09.55.03:128][583]LogObjectTools: Package to ignore "/Engine/EngineMaterials/PPVolumeMaterialInstance" in the list of referenced objects is NULL and should be removed from the list
[2016.07.23-09.55.03:128][583]LogObjectTools: Package to ignore "/Engine/EngineMaterials/RandomAngles" in the list of referenced objects is NULL and should be removed from the list
[2016.07.23-09.55.03:128][583]LogObjectTools: Package to ignore "/Engine/EngineMaterials/RandomMirrorDisc" in the list of referenced objects is NULL and should be removed from the list
[2016.07.23-09.55.03:128][583]LogObjectTools: Package to ignore "/Engine/EngineMaterials/RandomNormal2" in the list of referenced objects is NULL and should be removed from the list
[2016.07.23-09.55.03:128][583]LogObjectTools: Package to ignore "/Engine/EngineMaterials/ScreenMaterial" in the list of referenced objects is NULL and should be removed from the list
[2016.07.23-09.55.03:128][583]LogObjectTools: Package to ignore "/Engine/EngineMaterials/SoundCue_SpeakerIcon" in the list of referenced objects is NULL and should be removed from the list
[2016.07.23-09.55.03:128][583]LogObjectTools: Package to ignore "/Engine/EngineMaterials/T_DefaultTexture2_D" in the list of referenced objects is NULL and should be removed from the list
[2016.07.23-09.55.03:128][583]LogObjectTools: Package to ignore "/Engine/EngineMaterials/T_Default_BaseColor" in the list of referenced objects is NULL and should be removed from the list
[2016.07.23-09.55.03:128][583]LogObjectTools: Package to ignore "/Engine/EngineMaterials/T_Default_MacroVariation" in the list of referenced objects is NULL and should be removed from the list
[2016.07.23-09.55.03:128][583]LogObjectTools: Package to ignore "/Engine/EngineMaterials/T_Default_Normal" in the list of referenced objects is NULL and should be removed from the list
[2016.07.23-09.55.03:128][583]LogObjectTools: Package to ignore "/Engine/EngineMaterials/T_SphereShadow_RGBA_5-15-30-60deg" in the list of referenced objects is NULL and should be removed from the list
[2016.07.23-09.55.03:128][583]LogObjectTools: Package to ignore "/Engine/EngineMaterials/UnlitText" in the list of referenced objects is NULL and should be removed from the list
[2016.07.23-09.55.03:128][583]LogObjectTools: Package to ignore "/Engine/EditorMeshes/AnimTreeEd_PreviewFloor" in the list of referenced objects is NULL and should be removed from the list
[2016.07.23-09.55.03:128][583]LogObjectTools: Package to ignore "/Engine/EditorMeshes/ArcadeEditorSphere" in the list of referenced objects is NULL and should be removed from the list
[2016.07.23-09.55.03:128][583]LogObjectTools: Package to ignore "/Engine/EditorMeshes/Axis_Guide" in the list of referenced objects is NULL and should be removed from the list
[2016.07.23-09.55.03:128][583]LogObjectTools: Package to ignore "/Engine/EditorMeshes/EditorHelp" in the list of referenced objects is NULL and should be removed from the list
[2016.07.23-09.55.03:128][583]LogObjectTools: Package to ignore "/Engine/EditorMeshes/PhAT_FloorBox" in the list of referenced objects is NULL and should be removed from the list
[2016.07.23-09.55.03:128][583]LogObjectTools: Package to ignore "/Engine/EditorResources/Ai_Spawnpoint" in the list of referenced objects is NULL and should be removed from the list
[2016.07.23-09.55.03:128][583]LogObjectTools: Package to ignore "/Engine/EditorResources/BadBlueprintSprite" in the list of referenced objects is NULL and should be removed from the list
[2016.07.23-09.55.03:128][583]LogObjectTools: Package to ignore "/Engine/EditorResources/BadHighlight" in the list of referenced objects is NULL and should be removed from the list
[2016.07.23-09.55.03:128][583]LogObjectTools: Package to ignore "/Engine/EditorResources/BadPylon" in the list of referenced objects is NULL and should be removed from the list
[2016.07.23-09.55.03:128][583]LogObjectTools: Package to ignore "/Engine/EditorResources/Console" in the list of referenced objects is NULL and should be removed from the list
[2016.07.23-09.55.03:128][583]LogObjectTools: Package to ignore "/Engine/EditorResources/Goal_Waypoint" in the list of referenced objects is NULL and should be removed from the list
[2016.07.23-09.55.03:128][583]LogObjectTools: Package to ignore "/Engine/EditorResources/MaterialBackdrop" in the list of referenced objects is NULL and should be removed from the list
[2016.07.23-09.55.03:128][583]LogObjectTools: Package to ignore "/Engine/EditorResources/PathNode" in the list of referenced objects is NULL and should be removed from the list
[2016.07.23-09.55.03:128][583]LogObjectTools: Package to ignore "/Engine/EditorResources/Spawn_Point" in the list of referenced objects is NULL and should be removed from the list
[2016.07.23-09.55.03:128][583]LogObjectTools: Package to ignore "/Engine/EditorResources/S_AutoAlignToTerrain" in the list of referenced objects is NULL and should be removed from the list
[2016.07.23-09.55.03:128][583]LogObjectTools: Package to ignore "/Engine/EditorResources/S_BezierHandle" in the list of referenced objects is NULL and should be removed from the list
[2016.07.23-09.55.03:128][583]LogObjectTools: Package to ignore "/Engine/EditorResources/S_FluidFlow" in the list of referenced objects is NULL and should be removed from the list
[2016.07.23-09.55.03:128][583]LogObjectTools: Package to ignore "/Engine/EditorResources/S_FluidRaindrops" in the list of referenced objects is NULL and should be removed from the list
[2016.07.23-09.55.03:128][583]LogObjectTools: Package to ignore "/Engine/EditorResources/S_FluidSphere" in the list of referenced objects is NULL and should be removed from the list
[2016.07.23-09.55.03:128][583]LogObjectTools: Package to ignore "/Engine/EditorResources/S_FluidSurf" in the list of referenced objects is NULL and should be removed from the list
[2016.07.23-09.55.03:128][583]LogObjectTools: Package to ignore "/Engine/EditorResources/S_FluidSurfOsc" in the list of referenced objects is NULL and should be removed from the list
[2016.07.23-09.55.03:128][583]LogObjectTools: Package to ignore "/Engine/EditorResources/S_Pawn" in the list of referenced objects is NULL and should be removed from the list
[2016.07.23-09.55.03:128][583]LogObjectTools: Package to ignore "/Engine/EditorResources/S_Pickup" in the list of referenced objects is NULL and should be removed from the list
[2016.07.23-09.55.03:128][583]LogObjectTools: Package to ignore "/Engine/EditorResources/S_PolyMarker" in the list of referenced objects is NULL and should be removed from the list
[2016.07.23-09.55.03:128][583]LogObjectTools: Package to ignore "/Engine/EditorResources/S_PortalActorIcon" in the list of referenced objects is NULL and should be removed from the list
[2016.07.23-09.55.03:128][583]LogObjectTools: Package to ignore "/Engine/EditorResources/S_PortalActorIcon" in the list of referenced objects is NULL and should be removed from the list
[2016.07.23-09.55.03:128][583]LogObjectTools: Package to ignore "/Engine/EditorResources/S_Route" in the list of referenced objects is NULL and should be removed from the list
[2016.07.23-09.55.03:128][583]LogObjectTools: Package to ignore "/Engine/EditorResources/S_SceneCaptureIcon" in the list of referenced objects is NULL and should be removed from the list
[2016.07.23-09.55.03:128][583]LogObjectTools: Package to ignore "/Engine/EditorResources/S_SkyLight" in the list of referenced objects is NULL and should be removed from the list
[2016.07.23-09.55.03:128][583]LogObjectTools: Package to ignore "/Engine/EditorResources/S_Teleport" in the list of referenced objects is NULL and should be removed from the list
[2016.07.23-09.55.03:128][583]LogObjectTools: Package to ignore "/Engine/EditorResources/TilePatine_D" in the list of referenced objects is NULL and should be removed from the list
[2016.07.23-09.55.03:128][583]LogObjectTools: Package to ignore "/Engine/EditorResources/TilePatine_N" in the list of referenced objects is NULL and should be removed from the list
[2016.07.23-09.55.03:128][583]LogObjectTools: Package to ignore "/Engine/EditorResources/UnrealEdIcon_PhysAsset" in the list of referenced objects is NULL and should be removed from the list
[2016.07.23-09.55.03:128][583]LogObjectTools: Package to ignore "/Engine/EditorResources/Waypoint" in the list of referenced objects is NULL and should be removed from the list
[2016.07.23-09.55.03:128][583]LogObjectTools: Package to ignore "/Engine/EngineResources/Bad" in the list of referenced objects is NULL and should be removed from the list
[2016.07.23-09.55.03:128][583]LogObjectTools: Package to ignore "/Engine/EngineResources/Gray" in the list of referenced objects is NULL and should be removed from the list
[2016.07.23-09.55.03:128][583]LogObjectTools: Package to ignore "/Engine/EngineResources/WireframeTexture" in the list of referenced objects is NULL and should be removed from the list
[2016.07.23-09.55.03:159][583]LogObjectTools:Warning: 
Objects referenced by StaticMesh /Game/Furniture/Printers/SM_PhotocopierBig.SM_PhotocopierBig:
	MaterialInstanceConstant /Game/Furniture/Printers/MI_PhotoCopier.MI_PhotoCopier:
	SceneThumbnailInfoWithPrimitive /Game/Furniture/Printers/MI_PhotoCopier.MI_PhotoCopier:SceneThumbnailInfoWithPrimitive_11:
	BodySetup /Game/Furniture/Printers/SM_PhotocopierBig.SM_PhotocopierBig:BodySetup_62:
	FbxStaticMeshImportData /Game/Furniture/Printers/SM_PhotocopierBig.SM_PhotocopierBig:FbxStaticMeshImportData_52:
	SceneThumbnailInfo /Game/Furniture/Printers/SM_PhotocopierBig.SM_PhotocopierBig:SceneThumbnailInfo_46:
	NavCollision /Game/Furniture/Printers/SM_PhotocopierBig.SM_PhotocopierBig:NavCollision_9:

[2016.07.23-09.55.27:079][784]LogPackageName:Error: DoesPackageExist: DoesPackageExist FAILED: 'None' is not a standard unreal filename or a long path name. Reason: Path should start with a '/'
[2016.07.23-09.55.41:805][513]LogPackageName:Error: DoesPackageExist: DoesPackageExist FAILED: 'None' is not a standard unreal filename or a long path name. Reason: Path should start with a '/'
[2016.07.23-09.55.51:868][ 20]LogPackageName:Error: DoesPackageExist: DoesPackageExist FAILED: 'None' is not a standard unreal filename or a long path name. Reason: Path should start with a '/'
[2016.07.23-09.55.54:201][144]LogPackageName:Error: DoesPackageExist: DoesPackageExist FAILED: 'None' is not a standard unreal filename or a long path name. Reason: Path should start with a '/'
[2016.07.23-09.56.20:396][438]LogObjectTools: Package to ignore "/Engine/EngineMaterials/AntiAliasedTextMaterialTranslucent" in the list of referenced objects is NULL and should be removed from the list
[2016.07.23-09.56.20:396][438]LogObjectTools: Package to ignore "/Engine/EngineMaterials/CubeMaterial" in the list of referenced objects is NULL and should be removed from the list
[2016.07.23-09.56.20:396][438]LogObjectTools: Package to ignore "/Engine/EngineMaterials/DefaultCubemap" in the list of referenced objects is NULL and should be removed from the list
[2016.07.23-09.56.20:396][438]LogObjectTools: Package to ignore "/Engine/EngineMaterials/DefaultDecalMaterial" in the list of referenced objects is NULL and should be removed from the list
[2016.07.23-09.56.20:396][438]LogObjectTools: Package to ignore "/Engine/EngineMaterials/DefaultDiffuse_TC_Masks" in the list of referenced objects is NULL and should be removed from the list
[2016.07.23-09.56.20:396][438]LogObjectTools: Package to ignore "/Engine/EngineMaterials/DefaultNormal_Uncompressed" in the list of referenced objects is NULL and should be removed from the list
[2016.07.23-09.56.20:396][438]LogObjectTools: Package to ignore "/Engine/EngineMaterials/DefaultParticle" in the list of referenced objects is NULL and should be removed from the list
[2016.07.23-09.56.20:396][438]LogObjectTools: Package to ignore "/Engine/EngineMaterials/DefaultTextMaterialTranslucent" in the list of referenced objects is NULL and should be removed from the list
[2016.07.23-09.56.20:396][438]LogObjectTools: Package to ignore "/Engine/EngineMaterials/DefCube_Face" in the list of referenced objects is NULL and should be removed from the list
[2016.07.23-09.56.20:396][438]LogObjectTools: Package to ignore "/Engine/EngineMaterials/EmissiveTexturedMaterial" in the list of referenced objects is NULL and should be removed from the list
[2016.07.23-09.56.20:396][438]LogObjectTools: Package to ignore "/Engine/EngineMaterials/FlatNormal" in the list of referenced objects is NULL and should be removed from the list
[2016.07.23-09.56.20:396][438]LogObjectTools: Package to ignore "/Engine/EngineMaterials/FogVolumeMaterial" in the list of referenced objects is NULL and should be removed from the list
[2016.07.23-09.56.20:396][438]LogObjectTools: Package to ignore "/Engine/EngineMaterials/OrientParticle" in the list of referenced objects is NULL and should be removed from the list
[2016.07.23-09.56.20:396][438]LogObjectTools: Package to ignore "/Engine/EngineMaterials/PhysMat_Carboard" in the list of referenced objects is NULL and should be removed from the list
[2016.07.23-09.56.20:396][438]LogObjectTools: Package to ignore "/Engine/EngineMaterials/PhysMat_Ice" in the list of referenced objects is NULL and should be removed from the list
[2016.07.23-09.56.20:396][438]LogObjectTools: Package to ignore "/Engine/EngineMaterials/PhysMat_Metal" in the list of referenced objects is NULL and should be removed from the list
[2016.07.23-09.56.20:396][438]LogObjectTools: Package to ignore "/Engine/EngineMaterials/PhysMat_Vehicle" in the list of referenced objects is NULL and should be removed from the list
[2016.07.23-09.56.20:396][438]LogObjectTools: Package to ignore "/Engine/EngineMaterials/PhysMat_VehicleRagdoll" in the list of referenced objects is NULL and should be removed from the list
[2016.07.23-09.56.20:396][438]LogObjectTools: Package to ignore "/Engine/EngineMaterials/PPVolumeMaterial" in the list of referenced objects is NULL and should be removed from the list
[2016.07.23-09.56.20:396][438]LogObjectTools: Package to ignore "/Engine/EngineMaterials/PPVolumeMaterialInstance" in the list of referenced objects is NULL and should be removed from the list
[2016.07.23-09.56.20:396][438]LogObjectTools: Package to ignore "/Engine/EngineMaterials/RandomAngles" in the list of referenced objects is NULL and should be removed from the list
[2016.07.23-09.56.20:396][438]LogObjectTools: Package to ignore "/Engine/EngineMaterials/RandomMirrorDisc" in the list of referenced objects is NULL and should be removed from the list
[2016.07.23-09.56.20:396][438]LogObjectTools: Package to ignore "/Engine/EngineMaterials/RandomNormal2" in the list of referenced objects is NULL and should be removed from the list
[2016.07.23-09.56.20:396][438]LogObjectTools: Package to ignore "/Engine/EngineMaterials/ScreenMaterial" in the list of referenced objects is NULL and should be removed from the list
[2016.07.23-09.56.20:396][438]LogObjectTools: Package to ignore "/Engine/EngineMaterials/SoundCue_SpeakerIcon" in the list of referenced objects is NULL and should be removed from the list
[2016.07.23-09.56.20:396][438]LogObjectTools: Package to ignore "/Engine/EngineMaterials/T_DefaultTexture2_D" in the list of referenced objects is NULL and should be removed from the list
[2016.07.23-09.56.20:396][438]LogObjectTools: Package to ignore "/Engine/EngineMaterials/T_Default_BaseColor" in the list of referenced objects is NULL and should be removed from the list
[2016.07.23-09.56.20:396][438]LogObjectTools: Package to ignore "/Engine/EngineMaterials/T_Default_MacroVariation" in the list of referenced objects is NULL and should be removed from the list
[2016.07.23-09.56.20:396][438]LogObjectTools: Package to ignore "/Engine/EngineMaterials/T_Default_Normal" in the list of referenced objects is NULL and should be removed from the list
[2016.07.23-09.56.20:397][438]LogObjectTools: Package to ignore "/Engine/EngineMaterials/T_SphereShadow_RGBA_5-15-30-60deg" in the list of referenced objects is NULL and should be removed from the list
[2016.07.23-09.56.20:397][438]LogObjectTools: Package to ignore "/Engine/EngineMaterials/UnlitText" in the list of referenced objects is NULL and should be removed from the list
[2016.07.23-09.56.20:397][438]LogObjectTools: Package to ignore "/Engine/EditorMeshes/AnimTreeEd_PreviewFloor" in the list of referenced objects is NULL and should be removed from the list
[2016.07.23-09.56.20:397][438]LogObjectTools: Package to ignore "/Engine/EditorMeshes/ArcadeEditorSphere" in the list of referenced objects is NULL and should be removed from the list
[2016.07.23-09.56.20:397][438]LogObjectTools: Package to ignore "/Engine/EditorMeshes/Axis_Guide" in the list of referenced objects is NULL and should be removed from the list
[2016.07.23-09.56.20:397][438]LogObjectTools: Package to ignore "/Engine/EditorMeshes/EditorHelp" in the list of referenced objects is NULL and should be removed from the list
[2016.07.23-09.56.20:397][438]LogObjectTools: Package to ignore "/Engine/EditorMeshes/PhAT_FloorBox" in the list of referenced objects is NULL and should be removed from the list
[2016.07.23-09.56.20:397][438]LogObjectTools: Package to ignore "/Engine/EditorResources/Ai_Spawnpoint" in the list of referenced objects is NULL and should be removed from the list
[2016.07.23-09.56.20:397][438]LogObjectTools: Package to ignore "/Engine/EditorResources/BadBlueprintSprite" in the list of referenced objects is NULL and should be removed from the list
[2016.07.23-09.56.20:397][438]LogObjectTools: Package to ignore "/Engine/EditorResources/BadHighlight" in the list of referenced objects is NULL and should be removed from the list
[2016.07.23-09.56.20:397][438]LogObjectTools: Package to ignore "/Engine/EditorResources/BadPylon" in the list of referenced objects is NULL and should be removed from the list
[2016.07.23-09.56.20:397][438]LogObjectTools: Package to ignore "/Engine/EditorResources/Console" in the list of referenced objects is NULL and should be removed from the list
[2016.07.23-09.56.20:397][438]LogObjectTools: Package to ignore "/Engine/EditorResources/Goal_Waypoint" in the list of referenced objects is NULL and should be removed from the list
[2016.07.23-09.56.20:397][438]LogObjectTools: Package to ignore "/Engine/EditorResources/MaterialBackdrop" in the list of referenced objects is NULL and should be removed from the list
[2016.07.23-09.56.20:397][438]LogObjectTools: Package to ignore "/Engine/EditorResources/PathNode" in the list of referenced objects is NULL and should be removed from the list
[2016.07.23-09.56.20:397][438]LogObjectTools: Package to ignore "/Engine/EditorResources/Spawn_Point" in the list of referenced objects is NULL and should be removed from the list
[2016.07.23-09.56.20:397][438]LogObjectTools: Package to ignore "/Engine/EditorResources/S_AutoAlignToTerrain" in the list of referenced objects is NULL and should be removed from the list
[2016.07.23-09.56.20:397][438]LogObjectTools: Package to ignore "/Engine/EditorResources/S_BezierHandle" in the list of referenced objects is NULL and should be removed from the list
[2016.07.23-09.56.20:397][438]LogObjectTools: Package to ignore "/Engine/EditorResources/S_FluidFlow" in the list of referenced objects is NULL and should be removed from the list
[2016.07.23-09.56.20:397][438]LogObjectTools: Package to ignore "/Engine/EditorResources/S_FluidRaindrops" in the list of referenced objects is NULL and should be removed from the list
[2016.07.23-09.56.20:397][438]LogObjectTools: Package to ignore "/Engine/EditorResources/S_FluidSphere" in the list of referenced objects is NULL and should be removed from the list
[2016.07.23-09.56.20:397][438]LogObjectTools: Package to ignore "/Engine/EditorResources/S_FluidSurf" in the list of referenced objects is NULL and should be removed from the list
[2016.07.23-09.56.20:397][438]LogObjectTools: Package to ignore "/Engine/EditorResources/S_FluidSurfOsc" in the list of referenced objects is NULL and should be removed from the list
[2016.07.23-09.56.20:397][438]LogObjectTools: Package to ignore "/Engine/EditorResources/S_Pawn" in the list of referenced objects is NULL and should be removed from the list
[2016.07.23-09.56.20:397][438]LogObjectTools: Package to ignore "/Engine/EditorResources/S_Pickup" in the list of referenced objects is NULL and should be removed from the list
[2016.07.23-09.56.20:397][438]LogObjectTools: Package to ignore "/Engine/EditorResources/S_PolyMarker" in the list of referenced objects is NULL and should be removed from the list
[2016.07.23-09.56.20:397][438]LogObjectTools: Package to ignore "/Engine/EditorResources/S_PortalActorIcon" in the list of referenced objects is NULL and should be removed from the list
[2016.07.23-09.56.20:397][438]LogObjectTools: Package to ignore "/Engine/EditorResources/S_PortalActorIcon" in the list of referenced objects is NULL and should be removed from the list
[2016.07.23-09.56.20:397][438]LogObjectTools: Package to ignore "/Engine/EditorResources/S_Route" in the list of referenced objects is NULL and should be removed from the list
[2016.07.23-09.56.20:397][438]LogObjectTools: Package to ignore "/Engine/EditorResources/S_SceneCaptureIcon" in the list of referenced objects is NULL and should be removed from the list
[2016.07.23-09.56.20:397][438]LogObjectTools: Package to ignore "/Engine/EditorResources/S_SkyLight" in the list of referenced objects is NULL and should be removed from the list
[2016.07.23-09.56.20:397][438]LogObjectTools: Package to ignore "/Engine/EditorResources/S_Teleport" in the list of referenced objects is NULL and should be removed from the list
[2016.07.23-09.56.20:397][438]LogObjectTools: Package to ignore "/Engine/EditorResources/TilePatine_D" in the list of referenced objects is NULL and should be removed from the list
[2016.07.23-09.56.20:397][438]LogObjectTools: Package to ignore "/Engine/EditorResources/TilePatine_N" in the list of referenced objects is NULL and should be removed from the list
[2016.07.23-09.56.20:397][438]LogObjectTools: Package to ignore "/Engine/EditorResources/UnrealEdIcon_PhysAsset" in the list of referenced objects is NULL and should be removed from the list
[2016.07.23-09.56.20:397][438]LogObjectTools: Package to ignore "/Engine/EditorResources/Waypoint" in the list of referenced objects is NULL and should be removed from the list
[2016.07.23-09.56.20:397][438]LogObjectTools: Package to ignore "/Engine/EngineResources/Bad" in the list of referenced objects is NULL and should be removed from the list
[2016.07.23-09.56.20:397][438]LogObjectTools: Package to ignore "/Engine/EngineResources/Gray" in the list of referenced objects is NULL and should be removed from the list
[2016.07.23-09.56.20:397][438]LogObjectTools: Package to ignore "/Engine/EngineResources/WireframeTexture" in the list of referenced objects is NULL and should be removed from the list
[2016.07.23-09.56.20:426][438]LogObjectTools:Warning: 
Objects referenced by StaticMesh /Game/Furniture/Printers/SM_PhotocopierBig.SM_PhotocopierBig:
	MaterialInstanceConstant /Game/Furniture/Printers/MI_PhotoCopier.MI_PhotoCopier:
	SceneThumbnailInfoWithPrimitive /Game/Furniture/Printers/MI_PhotoCopier.MI_PhotoCopier:SceneThumbnailInfoWithPrimitive_11:
	BodySetup /Game/Furniture/Printers/SM_PhotocopierBig.SM_PhotocopierBig:BodySetup_62:
	FbxStaticMeshImportData /Game/Furniture/Printers/SM_PhotocopierBig.SM_PhotocopierBig:FbxStaticMeshImportData_52:
	SceneThumbnailInfo /Game/Furniture/Printers/SM_PhotocopierBig.SM_PhotocopierBig:SceneThumbnailInfo_46:
	NavCollision /Game/Furniture/Printers/SM_PhotocopierBig.SM_PhotocopierBig:NavCollision_9:

[2016.07.23-09.56.53:387][ 43]LogPackageName:Error: DoesPackageExist: DoesPackageExist FAILED: 'None' is not a standard unreal filename or a long path name. Reason: Path should start with a '/'
[2016.07.23-09.58.33:018][ 38]Cmd: QUIT_EDITOR
[2016.07.23-09.58.33:095][ 38]LogWindowsTextInputMethodSystem:Display: IME system now deactivated.
[2016.07.23-09.58.33:152][ 38]LogExit: Preparing to exit.
[2016.07.23-09.58.34:043][ 38]LogExit: Editor shut down
[2016.07.23-09.58.34:044][ 38]LogExit: Transaction tracking system shut down
[2016.07.23-09.58.34:200][ 38]LogObj: Freed 0b from 0 cluster array pools.
[2016.07.23-09.58.34:200][ 38]LogExit: Object subsystem successfully closed.
[2016.07.23-09.58.34:217][ 38]LogD3D11RHI: Shutdown
[2016.07.23-09.58.34:217][ 38]LogD3D11RHI: CleanupD3DDevice
[2016.07.23-09.58.34:327][ 38]LogD3D11RHI: ~FD3D11DynamicRHI
[2016.07.23-09.58.34:383][ 38]LogDerivedDataCache: Shutdown
[2016.07.23-09.58.34:384][ 38]LogModuleManager: Shutting down and abandoning module StaticMeshEditor (205)
[2016.07.23-09.58.34:384][ 38]LogModuleManager: Shutting down and abandoning module HierarchicalLODOutliner (204)
[2016.07.23-09.58.34:384][ 38]LogModuleManager: Shutting down and abandoning module CrashTracker (203)
[2016.07.23-09.58.34:384][ 38]LogModuleManager: Shutting down and abandoning module SceneOutliner (202)
[2016.07.23-09.58.34:384][ 38]LogModuleManager: Shutting down and abandoning module SuperSearch (201)
[2016.07.23-09.58.34:384][ 38]LogModuleManager: Shutting down and abandoning module WidgetCarousel (200)
[2016.07.23-09.58.34:384][ 38]LogModuleManager: Shutting down and abandoning module AddContentDialog (199)
[2016.07.23-09.58.34:386][ 38]LogModuleManager: Shutting down and abandoning module GameplayTags (198)
[2016.07.23-09.58.34:386][ 38]LogModuleManager: Shutting down and abandoning module EditorWidgets (197)
[2016.07.23-09.58.34:386][ 38]LogModuleManager: Shutting down and abandoning module CollectionManager (196)
[2016.07.23-09.58.34:386][ 38]LogModuleManager: Shutting down and abandoning module StatsViewer (195)
[2016.07.23-09.58.34:386][ 38]LogModuleManager: Shutting down and abandoning module FoliageEdit (194)
[2016.07.23-09.58.34:386][ 38]LogModuleManager: Shutting down and abandoning module LandscapeEditor (193)
[2016.07.23-09.58.34:386][ 38]LogModuleManager: Shutting down and abandoning module ActorPickerMode (192)
[2016.07.23-09.58.34:386][ 38]LogModuleManager: Shutting down and abandoning module GeometryMode (191)
[2016.07.23-09.58.34:386][ 38]LogModuleManager: Shutting down and abandoning module TextureAlignMode (190)
[2016.07.23-09.58.34:386][ 38]LogModuleManager: Shutting down and abandoning module BspMode (189)
[2016.07.23-09.58.34:386][ 38]LogModuleManager: Shutting down and abandoning module PlacementMode (188)
[2016.07.23-09.58.34:386][ 38]LogModuleManager: Shutting down and abandoning module AutomationWorker (187)
[2016.07.23-09.58.34:386][ 38]LogModuleManager: Shutting down and abandoning module CharacterAI (186)
[2016.07.23-09.58.34:386][ 38]LogModuleManager: Shutting down and abandoning module SmartSnapping (185)
[2016.07.23-09.58.34:386][ 38]LogModuleManager: Shutting down and abandoning module ViewportSnapping (184)
[2016.07.23-09.58.34:386][ 38]LogModuleManager: Shutting down and abandoning module LogVisualizer (183)
[2016.07.23-09.58.34:386][ 38]LogModuleManager: Shutting down and abandoning module GameProjectGeneration (182)
[2016.07.23-09.58.34:386][ 38]LogModuleManager: Shutting down and abandoning module IntroTutorials (181)
[2016.07.23-09.58.34:386][ 38]LogModuleManager: Shutting down and abandoning module EditorLiveStreaming (180)
[2016.07.23-09.58.34:386][ 38]LogModuleManager: Shutting down and abandoning module IOSPlatformEditor (179)
[2016.07.23-09.58.34:387][ 38]LogModuleManager: Shutting down and abandoning module HTML5PlatformEditor (178)
[2016.07.23-09.58.34:387][ 38]LogModuleManager: Shutting down and abandoning module AndroidDeviceDetection (177)
[2016.07.23-09.58.34:595][ 38]LogModuleManager: Shutting down and abandoning module AndroidPlatformEditor (176)
[2016.07.23-09.58.34:595][ 38]LogModuleManager: Shutting down and abandoning module IOSRuntimeSettings (175)
[2016.07.23-09.58.34:595][ 38]LogModuleManager: Shutting down and abandoning module AndroidRuntimeSettings (174)
[2016.07.23-09.58.34:595][ 38]LogModuleManager: Shutting down and abandoning module MergeActors (173)
[2016.07.23-09.58.34:595][ 38]LogModuleManager: Shutting down and abandoning module SizeMap (172)
[2016.07.23-09.58.34:595][ 38]LogModuleManager: Shutting down and abandoning module TreeMap (171)
[2016.07.23-09.58.34:595][ 38]LogModuleManager: Shutting down and abandoning module ReferenceViewer (170)
[2016.07.23-09.58.34:595][ 38]LogModuleManager: Shutting down and abandoning module LocalizationService (169)
[2016.07.23-09.58.34:595][ 38]LogModuleManager: Shutting down and abandoning module LocalizationDashboard (168)
[2016.07.23-09.58.34:595][ 38]LogModuleManager: Shutting down and abandoning module HardwareTargeting (167)
[2016.07.23-09.58.34:595][ 38]LogModuleManager: Shutting down and abandoning module DeviceProfileEditor (166)
[2016.07.23-09.58.34:595][ 38]LogModuleManager: Shutting down and abandoning module UndoHistory (165)
[2016.07.23-09.58.34:595][ 38]LogModuleManager: Shutting down and abandoning module UserFeedback (164)
[2016.07.23-09.58.34:595][ 38]LogModuleManager: Shutting down and abandoning module XmlParser (163)
[2016.07.23-09.58.34:595][ 38]LogModuleManager: Shutting down and abandoning module Blutility (162)
[2016.07.23-09.58.34:595][ 38]LogModuleManager: Shutting down and abandoning module ProjectTargetPlatformEditor (161)
[2016.07.23-09.58.34:595][ 38]LogModuleManager: Shutting down and abandoning module ProjectSettingsViewer (160)
[2016.07.23-09.58.34:595][ 38]LogModuleManager: Shutting down and abandoning module InputBindingEditor (159)
[2016.07.23-09.58.34:595][ 38]LogModuleManager: Shutting down and abandoning module EditorSettingsViewer (158)
[2016.07.23-09.58.34:595][ 38]LogModuleManager: Shutting down and abandoning module SettingsEditor (157)
[2016.07.23-09.58.34:595][ 38]LogModuleManager: Shutting down and abandoning module ProjectLauncher (156)
[2016.07.23-09.58.34:595][ 38]LogModuleManager: Shutting down and abandoning module SessionFrontend (155)
[2016.07.23-09.58.34:595][ 38]LogModuleManager: Shutting down and abandoning module ProfilerClient (154)
[2016.07.23-09.58.34:595][ 38]LogModuleManager: Shutting down and abandoning module TargetDeviceServices (153)
[2016.07.23-09.58.34:595][ 38]LogModuleManager: Shutting down and abandoning module DeviceManager (152)
[2016.07.23-09.58.34:638][ 38]LogModuleManager: Shutting down and abandoning module AutomationController (151)
[2016.07.23-09.58.34:638][ 38]LogModuleManager: Shutting down and abandoning module AutomationWindow (150)
[2016.07.23-09.58.34:638][ 38]LogModuleManager: Shutting down and abandoning module Layers (149)
[2016.07.23-09.58.34:638][ 38]LogModuleManager: Shutting down and abandoning module ComponentVisualizers (148)
[2016.07.23-09.58.34:638][ 38]LogModuleManager: Shutting down and abandoning module DetailCustomizations (147)
[2016.07.23-09.58.34:638][ 38]LogModuleManager: Shutting down and abandoning module PackagesDialog (146)
[2016.07.23-09.58.34:638][ 38]LogModuleManager: Shutting down and abandoning module Persona (145)
[2016.07.23-09.58.34:638][ 38]LogModuleManager: Shutting down and abandoning module Kismet (144)
[2016.07.23-09.58.34:638][ 38]LogModuleManager: Shutting down and abandoning module GraphEditor (143)
[2016.07.23-09.58.34:638][ 38]LogModuleManager: Shutting down and abandoning module ClassViewer (142)
[2016.07.23-09.58.34:638][ 38]LogModuleManager: Shutting down and abandoning module Toolbox (141)
[2016.07.23-09.58.34:638][ 38]LogModuleManager: Shutting down and abandoning module ModuleUI (140)
[2016.07.23-09.58.34:638][ 38]LogModuleManager: Shutting down and abandoning module MovieSceneTools (139)
[2016.07.23-09.58.34:638][ 38]LogModuleManager: Shutting down and abandoning module OutputLog (138)
[2016.07.23-09.58.34:638][ 38]LogModuleManager: Shutting down and abandoning module GammaUI (137)
[2016.07.23-09.58.34:638][ 38]LogModuleManager: Shutting down and abandoning module Documentation (136)
[2016.07.23-09.58.34:638][ 38]LogModuleManager: Shutting down and abandoning module StreamingPauseRendering (135)
[2016.07.23-09.58.34:638][ 38]LogModuleManager: Shutting down and abandoning module AnalyticsET (134)
[2016.07.23-09.58.34:638][ 38]LogModuleManager: Shutting down and abandoning module Analytics (133)
[2016.07.23-09.58.34:638][ 38]LogModuleManager: Shutting down and abandoning module PortalServices (132)
[2016.07.23-09.58.34:639][ 38]LogModuleManager: Shutting down and abandoning module PortalRpc (131)
[2016.07.23-09.58.34:639][ 38]LogModuleManager: Shutting down and abandoning module MessagingRpc (130)
[2016.07.23-09.58.34:639][ 38]LogModuleManager: Shutting down and abandoning module AITestSuite (129)
[2016.07.23-09.58.34:639][ 38]LogModuleManager: Shutting down and abandoning module GameplayDebugger (128)
[2016.07.23-09.58.34:639][ 38]LogModuleManager: Shutting down and abandoning module AIModule (127)
[2016.07.23-09.58.34:639][ 38]LogModuleManager: Shutting down and abandoning module ProfilerService (126)
[2016.07.23-09.58.34:746][ 38]LogModuleManager: Shutting down and abandoning module TaskGraph (125)
[2016.07.23-09.58.34:746][ 38]LogModuleManager: Shutting down and abandoning module SlateRemote (124)
[2016.07.23-09.58.34:746][ 38]LogModuleManager: Shutting down and abandoning module SteamVRController (123)
[2016.07.23-09.58.34:746][ 38]LogModuleManager: Shutting down and abandoning module SteamVR (122)
[2016.07.23-09.58.34:746][ 38]LogModuleManager: Shutting down and abandoning module ProceduralMeshComponent (121)
[2016.07.23-09.58.34:746][ 38]LogModuleManager: Shutting down and abandoning module OculusLibrary (120)
[2016.07.23-09.58.34:746][ 38]LogModuleManager: Shutting down and abandoning module OculusInput (119)
[2016.07.23-09.58.34:746][ 38]LogModuleManager: Shutting down and abandoning module CustomMeshComponent (118)
[2016.07.23-09.58.34:746][ 38]LogModuleManager: Shutting down and abandoning module CableComponent (117)
[2016.07.23-09.58.34:746][ 38]LogModuleManager: Shutting down and abandoning module ArchVisCharacter (116)
[2016.07.23-09.58.34:746][ 38]LogModuleManager: Shutting down and abandoning module MediaPlayerEditor (115)
[2016.07.23-09.58.34:747][ 38]LogModuleManager: Shutting down and abandoning module HTML5Networking (114)
[2016.07.23-09.58.34:747][ 38]LogModuleManager: Shutting down and abandoning module SpeedTreeImporter (113)
[2016.07.23-09.58.34:747][ 38]LogModuleManager: Shutting down and abandoning module PluginBrowser (112)
[2016.07.23-09.58.34:747][ 38]LogModuleManager: Shutting down and abandoning module EpicSurvey (111)
[2016.07.23-09.58.34:747][ 38]LogModuleManager: Shutting down and abandoning module DesktopPlatform (110)
[2016.07.23-09.58.34:747][ 38]LogModuleManager: Shutting down and abandoning module VisualStudioSourceCodeAccess (109)
[2016.07.23-09.58.34:747][ 38]LogModuleManager: Shutting down and abandoning module UObjectPlugin (108)
[2016.07.23-09.58.34:747][ 38]LogModuleManager: Shutting down and abandoning module SubversionSourceControl (107)
[2016.07.23-09.58.34:747][ 38]LogModuleManager: Shutting down and abandoning module PerforceSourceControl (106)
[2016.07.23-09.58.34:747][ 38]LogModuleManager: Shutting down and abandoning module SourceControl (105)
[2016.07.23-09.58.34:747][ 38]LogModuleManager: Shutting down and abandoning module GitSourceControl (104)
[2016.07.23-09.58.34:747][ 38]LogModuleManager: Shutting down and abandoning module LightPropagationVolumeEditor (103)
[2016.07.23-09.58.34:747][ 38]LogModuleManager: Shutting down and abandoning module PaperTiledImporter (102)
[2016.07.23-09.58.34:747][ 38]LogModuleManager: Shutting down and abandoning module PaperSpriteSheetImporter (101)
[2016.07.23-09.58.34:747][ 38]LogModuleManager: Shutting down and abandoning module MeshPaint (100)
[2016.07.23-09.58.34:747][ 38]LogModuleManager: Shutting down and abandoning module HotReload (99)
[2016.07.23-09.58.34:747][ 38]LogModuleManager: Shutting down and abandoning module MainFrame (98)
[2016.07.23-09.58.34:748][ 38]LogModuleManager: Shutting down and abandoning module LevelEditor (97)
[2016.07.23-09.58.34:748][ 38]LogModuleManager: Shutting down and abandoning module DirectoryWatcher (96)
[2016.07.23-09.58.34:749][ 38]LogModuleManager: Shutting down and abandoning module AssetRegistry (95)
[2016.07.23-09.58.34:998][ 38]LogModuleManager: Shutting down and abandoning module ContentBrowser (94)
[2016.07.23-09.58.34:999][ 38]LogModuleManager: Shutting down and abandoning module Paper2DEditor (93)
[2016.07.23-09.58.34:999][ 38]LogModuleManager: Shutting down and abandoning module UdpMessaging (92)
[2016.07.23-09.58.35:099][ 38]LogModuleManager: Shutting down and abandoning module LightPropagationVolumeRuntime (91)
[2016.07.23-09.58.35:099][ 38]LogModuleManager: Shutting down and abandoning module Paper2D (90)
[2016.07.23-09.58.35:099][ 38]LogModuleManager: Shutting down and abandoning module WindowsMoviePlayer (89)
[2016.07.23-09.58.35:099][ 38]LogModuleManager: Shutting down and abandoning module Media (88)
[2016.07.23-09.58.35:099][ 38]LogModuleManager: Shutting down and abandoning module WmfMedia (87)
[2016.07.23-09.58.35:099][ 38]LogModuleManager: Shutting down and abandoning module MediaAssets (86)
[2016.07.23-09.58.35:099][ 38]LogModuleManager: Shutting down and abandoning module GameLiveStreaming (85)
[2016.07.23-09.58.35:099][ 38]LogModuleManager: Shutting down and abandoning module GameplayTagsEditor (84)
[2016.07.23-09.58.35:099][ 38]LogModuleManager: Shutting down and abandoning module OnlineBlueprintSupport (83)
[2016.07.23-09.58.35:099][ 38]LogModuleManager: Shutting down and abandoning module GameplayTasksEditor (82)
[2016.07.23-09.58.35:099][ 38]LogModuleManager: Shutting down and abandoning module PropertyEditor (81)
[2016.07.23-09.58.35:099][ 38]LogModuleManager: Shutting down and abandoning module BehaviorTreeEditor (80)
[2016.07.23-09.58.35:099][ 38]LogModuleManager: Shutting down and abandoning module FunctionalTesting (79)
[2016.07.23-09.58.35:099][ 38]LogModuleManager: Shutting down and abandoning module CollisionAnalyzer (78)
[2016.07.23-09.58.35:099][ 38]LogModuleManager: Shutting down and abandoning module WorkspaceMenuStructure (77)
[2016.07.23-09.58.35:099][ 38]LogModuleManager: Shutting down and abandoning module MessageLog (76)
[2016.07.23-09.58.35:099][ 38]LogModuleManager: Shutting down and abandoning module Sequencer (75)
[2016.07.23-09.58.35:099][ 38]LogModuleManager: Shutting down and abandoning module AssetTools (74)
[2016.07.23-09.58.35:099][ 38]LogModuleManager: Shutting down and abandoning module UMGEditor (73)
[2016.07.23-09.58.35:099][ 38]LogModuleManager: Shutting down and abandoning module UMG (72)
[2016.07.23-09.58.35:099][ 38]LogModuleManager: Shutting down and abandoning module SlateReflector (71)
[2016.07.23-09.58.35:099][ 38]LogModuleManager: Shutting down and abandoning module Slate (70)
[2016.07.23-09.58.35:099][ 38]LogModuleManager: Shutting down and abandoning module EditorStyle (69)
[2016.07.23-09.58.35:103][ 38]LogModuleManager: Shutting down and abandoning module SessionServices (68)
[2016.07.23-09.58.35:103][ 38]LogModuleManager: Shutting down and abandoning module SourceCodeAccess (67)
[2016.07.23-09.58.35:103][ 38]LogModuleManager: Shutting down and abandoning module HeadMountedDisplay (66)
[2016.07.23-09.58.35:103][ 38]LogModuleManager: Shutting down and abandoning module XAudio2 (65)
[2016.07.23-09.58.35:103][ 38]LogModuleManager: Shutting down and abandoning module Networking (63)
[2016.07.23-09.58.35:103][ 38]LogModuleManager: Shutting down and abandoning module Core (62)
[2016.07.23-09.58.35:103][ 38]LogModuleManager: Shutting down and abandoning module KismetCompiler (61)
[2016.07.23-09.58.35:103][ 38]LogModuleManager: Shutting down and abandoning module PhysXFormats (60)
[2016.07.23-09.58.35:103][ 38]LogModuleManager: Shutting down and abandoning module MeshUtilities (59)
[2016.07.23-09.58.35:103][ 38]LogModuleManager: Shutting down and abandoning module CookingStats (58)
[2016.07.23-09.58.35:103][ 38]LogModuleManager: Shutting down and abandoning module DerivedDataCache (57)
[2016.07.23-09.58.35:103][ 38]LogDerivedDataCache: Shutdown
[2016.07.23-09.58.35:103][ 38]LogModuleManager: Shutting down and abandoning module ShaderFormatOpenGL (56)
[2016.07.23-09.58.35:103][ 38]LogModuleManager: Shutting down and abandoning module ShaderFormatD3D (55)
[2016.07.23-09.58.35:103][ 38]LogModuleManager: Shutting down and abandoning module MetalShaderFormat (54)
[2016.07.23-09.58.35:103][ 38]LogModuleManager: Shutting down and abandoning module TextureFormatUncompressed (53)
[2016.07.23-09.58.35:103][ 38]LogModuleManager: Shutting down and abandoning module TextureFormatPVR (52)
[2016.07.23-09.58.35:103][ 38]LogModuleManager: Shutting down and abandoning module TextureFormatIntelISPCTexComp (51)
[2016.07.23-09.58.35:103][ 38]LogModuleManager: Shutting down and abandoning module TextureFormatDXT (50)
[2016.07.23-09.58.35:103][ 38]LogModuleManager: Shutting down and abandoning module ImageWrapper (49)
[2016.07.23-09.58.35:103][ 38]LogModuleManager: Shutting down and abandoning module TextureFormatASTC (48)
[2016.07.23-09.58.35:103][ 38]LogModuleManager: Shutting down and abandoning module TextureFormatAndroid (47)
[2016.07.23-09.58.35:103][ 38]LogModuleManager: Shutting down and abandoning module AudioFormatOpus (46)
[2016.07.23-09.58.35:103][ 38]LogModuleManager: Shutting down and abandoning module AudioFormatOgg (45)
[2016.07.23-09.58.35:103][ 38]LogModuleManager: Shutting down and abandoning module AudioFormatADPCM (44)
[2016.07.23-09.58.35:103][ 38]LogModuleManager: Shutting down and abandoning module LinuxTargetPlatform (43)
[2016.07.23-09.58.35:103][ 38]LogModuleManager: Shutting down and abandoning module LinuxServerTargetPlatform (42)
[2016.07.23-09.58.35:103][ 38]LogModuleManager: Shutting down and abandoning module LinuxNoEditorTargetPlatform (41)
[2016.07.23-09.58.35:104][ 38]LogModuleManager: Shutting down and abandoning module TVOSTargetPlatform (40)
[2016.07.23-09.58.35:104][ 38]LogModuleManager: Shutting down and abandoning module Messaging (39)
[2016.07.23-09.58.35:104][ 38]LogModuleManager: Shutting down and abandoning module IOSTargetPlatform (38)
[2016.07.23-09.58.35:104][ 38]LogModuleManager: Shutting down and abandoning module HTML5TargetPlatform (37)
[2016.07.23-09.58.35:104][ 38]LogModuleManager: Shutting down and abandoning module Android_PVRTCTargetPlatform (36)
[2016.07.23-09.58.35:104][ 38]LogModuleManager: Shutting down and abandoning module Android_MultiTargetPlatform (35)
[2016.07.23-09.58.35:104][ 38]LogModuleManager: Shutting down and abandoning module Android_ETC2TargetPlatform (34)
[2016.07.23-09.58.35:104][ 38]LogModuleManager: Shutting down and abandoning module Android_ETC1TargetPlatform (33)
[2016.07.23-09.58.35:104][ 38]LogModuleManager: Shutting down and abandoning module Android_DXTTargetPlatform (32)
[2016.07.23-09.58.35:104][ 38]LogModuleManager: Shutting down and abandoning module Android_ATCTargetPlatform (31)
[2016.07.23-09.58.35:104][ 38]LogModuleManager: Shutting down and abandoning module Android_ASTCTargetPlatform (30)
[2016.07.23-09.58.35:104][ 38]LogModuleManager: Shutting down and abandoning module AndroidTargetPlatform (29)
[2016.07.23-09.58.35:104][ 38]LogModuleManager: Shutting down and abandoning module WindowsTargetPlatform (28)
[2016.07.23-09.58.35:104][ 38]LogModuleManager: Shutting down and abandoning module WindowsServerTargetPlatform (27)
[2016.07.23-09.58.35:104][ 38]LogModuleManager: Shutting down and abandoning module WindowsNoEditorTargetPlatform (26)
[2016.07.23-09.58.35:104][ 38]LogModuleManager: Shutting down and abandoning module WindowsClientTargetPlatform (25)
[2016.07.23-09.58.35:104][ 38]LogModuleManager: Shutting down and abandoning module AllDesktopTargetPlatform (24)
[2016.07.23-09.58.35:104][ 38]LogModuleManager: Shutting down and abandoning module TargetPlatform (23)
[2016.07.23-09.58.35:104][ 38]LogModuleManager: Shutting down and abandoning module InputCore (22)
[2016.07.23-09.58.35:104][ 38]LogModuleManager: Shutting down and abandoning module Settings (21)
[2016.07.23-09.58.35:104][ 38]LogModuleManager: Shutting down and abandoning module OnlineSubsystem (19)
[2016.07.23-09.58.35:104][ 38]LogModuleManager: Shutting down and abandoning module HTTP (18)
[2016.07.23-09.58.36:106][ 38]LogModuleManager: Shutting down and abandoning module XMPP (17)
[2016.07.23-09.58.36:106][ 38]LogModuleManager: Shutting down and abandoning module OculusRift (16)
[2016.07.23-09.58.36:106][ 38]LogModuleManager: Shutting down and abandoning module ExampleDeviceProfileSelector (15)
[2016.07.23-09.58.36:106][ 38]LogModuleManager: Shutting down and abandoning module TextureCompressor (14)
[2016.07.23-09.58.36:106][ 38]LogModuleManager: Shutting down and abandoning module ShaderCore (13)
[2016.07.23-09.58.36:106][ 38]LogModuleManager: Shutting down and abandoning module Landscape (12)
[2016.07.23-09.58.36:106][ 38]LogModuleManager: Shutting down and abandoning module SlateRHIRenderer (11)
[2016.07.23-09.58.36:110][ 38]LogModuleManager: Shutting down and abandoning module OpenGLDrv (10)
[2016.07.23-09.58.36:110][ 38]LogModuleManager: Shutting down and abandoning module D3D11RHI (9)
[2016.07.23-09.58.36:110][ 38]LogModuleManager: Shutting down and abandoning module AnimGraphRuntime (8)
[2016.07.23-09.58.36:110][ 38]LogModuleManager: Shutting down and abandoning module Renderer (7)
[2016.07.23-09.58.36:110][ 38]LogModuleManager: Shutting down and abandoning module Engine (6)
[2016.07.23-09.58.36:110][ 38]LogModuleManager: Shutting down and abandoning module CoreUObject (5)
[2016.07.23-09.58.36:110][ 38]LogModuleManager: Shutting down and abandoning module NetworkFile (4)
[2016.07.23-09.58.36:110][ 38]LogModuleManager: Shutting down and abandoning module StreamingFile (3)
[2016.07.23-09.58.36:110][ 38]LogModuleManager: Shutting down and abandoning module SandboxFile (2)
[2016.07.23-09.58.36:110][ 38]LogModuleManager: Shutting down and abandoning module PakFile (1)
[2016.07.23-09.58.36:112][ 38]LogExit: Exiting.
[2016.07.23-09.58.36:114][ 38]Log file closed, 07/23/16 19:58:36
