Log file open, 07/27/16 23:12:29
LogInit:Display: Running engine for game: Uptime
LogPlatformFile: Not using cached read wrapper
LogInit:Display: RandInit(-816015163) SRandInit(-816015162).
LogTaskGraph: Started task graph with 4 named threads and 5 total threads.
LogStats: Stats thread started at 0.189229
LogInit: Version: 4.11.2-2946394+++UE4+Release-4.11
LogInit: API Version: 2927265
LogInit: Compiled (64-bit): Apr 18 2016 02:18:46
LogInit: Compiled with Visual C++: 19.00.23026.00
LogInit: Build Configuration: Development
LogInit: Branch Name: ++UE4+Release-4.11
LogInit: Command line:  
LogInit: Base directory: D:/UE4/Epic Games/4.11/Engine/Binaries/Win64/
LogInit: Installed Engine Build: 1
LogInit: Using libcurl 7.41.0
LogInit:  - built for x86_64-pc-win32
LogInit:  - supports SSL with WinSSL
LogInit:  - other features:
LogInit:      CURL_VERSION_SSL
LogInit:      CURL_VERSION_IPV6
LogInit:      CURL_VERSION_ASYNCHDNS
LogInit:      CURL_VERSION_LARGEFILE
LogInit:      CURL_VERSION_IDN
LogInit:  CurlRequestOptions (configurable via config and command line):
LogInit:  - bVerifyPeer = true  - Libcurl will verify peer certificate
LogInit:  - bUseHttpProxy = false  - Libcurl will NOT use HTTP proxy
LogInit:  - bDontReuseConnections = false  - Libcurl will reuse connections
LogInit:  - CertBundlePath = nullptr  - Libcurl will use whatever was configured at build time.
LogInit: Presizing for max 16777216 objects, including 0 objects not considered by GC, pre-allocating 0 bytes for permanent pool.
LogInit: Object subsystem initialized
[2016.07.27-13.12.29:575][  0]LogInit: Selected Device Profile: [Windows]
[2016.07.27-13.12.29:575][  0]LogInit: Applying CVar settings loaded from the selected device profile: [Windows]
[2016.07.27-13.12.29:625][  0]LogInit: Computer: RISUKUN-PC
[2016.07.27-13.12.29:625][  0]LogInit: User: Risukun
[2016.07.27-13.12.29:625][  0]LogInit: CPU Page size=65536, Cores=2
[2016.07.27-13.12.29:625][  0]LogInit: High frequency timer resolution =2.929354 MHz
[2016.07.27-13.12.29:625][  0]LogMemory: Memory total: Physical=4.0GB (4GB approx)
[2016.07.27-13.12.29:631][  0]LogMemory: Platform Memory Stats for Windows
[2016.07.27-13.12.29:631][  0]LogMemory: Process Physical Memory: 312.14 MB used, 312.14 MB peak
[2016.07.27-13.12.29:631][  0]LogMemory: Process Virtual Memory: 315.39 MB used, 315.39 MB peak
[2016.07.27-13.12.29:631][  0]LogMemory: Physical Memory: 3583.68 MB used, 4094.49 MB total
[2016.07.27-13.12.29:631][  0]LogMemory: Virtual Memory: 651.86 MB used, 134217728.00 MB total
[2016.07.27-13.12.29:756][  0]LogTextLocalizationManager: No specific translations for ('en-US') exist, so ('en') translations will be used.
[2016.07.27-13.12.30:539][  0]LogD3D11RHI: D3D11 adapters:
[2016.07.27-13.12.30:565][  0]LogD3D11RHI:    0. 'NVIDIA GeForce 9600 GT' (Feature Level 10_0)
[2016.07.27-13.12.30:565][  0]LogD3D11RHI:       999MB of dedicated video memory, 0MB of dedicated system memory, and 2047MB of shared system memory, 1 output[s]
[2016.07.27-13.12.30:567][  0]LogD3D11RHI:    1. 'Microsoft Basic Render Driver' (Feature Level 11_0)
[2016.07.27-13.12.30:567][  0]LogD3D11RHI:       0MB of dedicated video memory, 0MB of dedicated system memory, and 2047MB of shared system memory, 0 output[s]
[2016.07.27-13.12.30:567][  0]LogD3D11RHI: Chosen D3D11 Adapter: 0
[2016.07.27-13.12.30:581][  0]LogD3D11RHI: Creating new Direct3DDevice
[2016.07.27-13.12.30:581][  0]LogD3D11RHI:     Adapter Name: NVIDIA GeForce 9600 GT
[2016.07.27-13.12.30:581][  0]LogD3D11RHI:   Driver Version: Unknown (internal Unknown)
[2016.07.27-13.12.30:581][  0]LogD3D11RHI:      Driver Date: Unknown
[2016.07.27-13.12.30:581][  0]LogRHI: Texture pool is 699 MB (70% of 999 MB)
[2016.07.27-13.12.30:595][  0]LogD3D11RHI: Async texture creation enabled
[2016.07.27-13.12.30:607][  0]LogShaderCompilers: Guid format shader working directory is 7 characters bigger than the processId version (C:/Users/Risukun/Documents/GitHub/Uptime/Intermediate/Shaders/WorkingDirectory/14792/).
[2016.07.27-13.12.30:607][  0]LogShaderCompilers: Cleaned the shader compiler working directory 'C:/Users/Risukun/AppData/Local/Temp/UnrealShaderWorkingDir/21E557AD49922C1C50846B9184A7BB98/'.
[2016.07.27-13.12.30:607][  0]LogShaderCompilers:Display: Using Local Shader Compiler.
[2016.07.27-13.12.33:954][  0]LogTemp:Display: Loaded TP AllDesktopTargetPlatform
[2016.07.27-13.12.33:975][  0]LogTemp:Display: Loaded TP WindowsClientTargetPlatform
[2016.07.27-13.12.33:997][  0]LogTemp:Display: Loaded TP WindowsNoEditorTargetPlatform
[2016.07.27-13.12.34:016][  0]LogTemp:Display: Loaded TP WindowsServerTargetPlatform
[2016.07.27-13.12.34:038][  0]LogTemp:Display: Loaded TP WindowsTargetPlatform
[2016.07.27-13.12.34:060][  0]LogTemp:Display: Loaded TP AndroidTargetPlatform
[2016.07.27-13.12.34:077][  0]LogTemp:Display: Loaded TP Android_ASTCTargetPlatform
[2016.07.27-13.12.34:098][  0]LogTemp:Display: Loaded TP Android_ATCTargetPlatform
[2016.07.27-13.12.34:117][  0]LogTemp:Display: Loaded TP Android_DXTTargetPlatform
[2016.07.27-13.12.34:150][  0]LogTemp:Display: Loaded TP Android_ETC1TargetPlatform
[2016.07.27-13.12.34:167][  0]LogTemp:Display: Loaded TP Android_ETC2TargetPlatform
[2016.07.27-13.12.34:204][  0]LogTemp:Display: Loaded TP Android_MultiTargetPlatform
[2016.07.27-13.12.34:204][  0]LogTemp:Display: Loaded TP Android_PVRTCTargetPlatform
[2016.07.27-13.12.34:229][  0]LogTemp:Display: Loaded TP HTML5TargetPlatform
[2016.07.27-13.12.34:293][  0]LogTemp:Display: Loaded TP IOSTargetPlatform
[2016.07.27-13.12.34:299][  0]LogTemp:Display: Loaded TP TVOSTargetPlatform
[2016.07.27-13.12.34:332][  0]LogTemp:Display: Loaded TP LinuxNoEditorTargetPlatform
[2016.07.27-13.12.34:348][  0]LogTemp:Display: Loaded TP LinuxServerTargetPlatform
[2016.07.27-13.12.34:381][  0]LogTemp:Display: Loaded TP LinuxTargetPlatform
[2016.07.27-13.12.34:381][  0]LogTargetPlatformManager:Display: Building Assets For Windows
[2016.07.27-13.12.35:507][  0]LogDerivedDataCache:Display: Max Cache Size: 512 MB
[2016.07.27-13.12.35:851][  0]LogDerivedDataCache: Loaded boot cache 0.34s 40MB C:/Users/Risukun/AppData/Local/UnrealEngine/4.11/DerivedDataCache/Boot.ddc.
[2016.07.27-13.12.35:851][  0]LogDerivedDataCache:Display: Loaded Boot cache: C:/Users/Risukun/AppData/Local/UnrealEngine/4.11/DerivedDataCache/Boot.ddc
[2016.07.27-13.12.35:851][  0]LogDerivedDataCache: FDerivedDataBackendGraph:  Pak pak cache file C:/Users/Risukun/Documents/GitHub/Uptime/DerivedDataCache/DDC.ddp not found, will not use a pak cache.
[2016.07.27-13.12.35:851][  0]LogDerivedDataCache: Unable to find inner node Pak for hierarchical cache Hierarchy.
[2016.07.27-13.12.35:851][  0]LogDerivedDataCache: FDerivedDataBackendGraph:  CompressedPak pak cache file C:/Users/Risukun/Documents/GitHub/Uptime/DerivedDataCache/Compressed.ddp not found, will not use a pak cache.
[2016.07.27-13.12.35:851][  0]LogDerivedDataCache: Unable to find inner node CompressedPak for hierarchical cache Hierarchy.
[2016.07.27-13.12.35:942][  0]LogDerivedDataCache:Display: Pak cache opened for reading ../../../Engine/DerivedDataCache/Compressed.ddp.
[2016.07.27-13.12.35:957][  0]LogDerivedDataCache: Using Local data cache path C:/Users/Risukun/AppData/Local/UnrealEngine/Common/DerivedDataCache: Writable
[2016.07.27-13.12.48:961][  0]LogInit: Selected Device Profile: [Windows]
[2016.07.27-13.12.49:166][  0]LogContentStreaming: Texture pool size is 0.00 MB
[2016.07.27-13.12.50:753][  0]LogMaterial: Uniform references updated for custom material expression Custom.
[2016.07.27-13.12.52:932][  0]LogMeshUtilities: No automatic mesh reduction module available
[2016.07.27-13.12.52:932][  0]LogMeshUtilities: No automatic mesh merging module available
[2016.07.27-13.12.52:932][  0]LogMeshUtilities: No distributed automatic mesh merging module available
[2016.07.27-13.12.56:514][  0]LogUObjectArray: 27679 objects as part of root set at end of initial load.
[2016.07.27-13.12.56:525][  0]LogUObjectAllocator: 5591592 out of 0 bytes used by permanent object pool.
[2016.07.27-13.12.56:525][  0]LogUObjectArray: CloseDisregardForGC: 0/0 objects in disregard for GC pool
[2016.07.27-13.12.56:555][  0]LogInit: WinSock: version 1.1 (2.2), MaxSocks=32767, MaxUdp=65467
[2016.07.27-13.12.58:653][  0]LogSlate: SlateFontCache - WITH_FREETYPE: 1, WITH_HARFBUZZ: 1
[2016.07.27-13.12.58:653][  0]LogSlate: SlateFontCache - WITH_FREETYPE: 1, WITH_HARFBUZZ: 1
[2016.07.27-13.13.00:459][  0]LogStreaming:Warning: Failed to read file '../../../Engine/Content/Editor/Slate/Common/Selection_16x.png' error.
[2016.07.27-13.13.00:459][  0]LogSlate: Could not find file for Slate resource: ../../../Engine/Content/Editor/Slate/Common/Selection_16x.png
[2016.07.27-13.13.00:459][  0]LogStreaming:Warning: Failed to read file '../../../Engine/Content/Editor/Slate/Common/Selection_16x.png' error.
[2016.07.27-13.13.00:459][  0]LogSlate: Could not find file for Slate resource: ../../../Engine/Content/Editor/Slate/Common/Selection_16x.png
[2016.07.27-13.13.00:459][  0]LogStreaming:Warning: Failed to read file '../../../Engine/Content/Editor/Slate/Common/Selection_16x.png' error.
[2016.07.27-13.13.00:459][  0]LogSlate: Could not find file for Slate resource: ../../../Engine/Content/Editor/Slate/Common/Selection_16x.png
[2016.07.27-13.13.07:574][  0]LogUdpMessaging: Initializing bridge on interface 0.0.0.0:0 to multicast group 230.0.0.1:6666.
[2016.07.27-13.13.08:087][  0]LogAssetRegistry: FAssetRegistry took 0.0261 seconds to start up
[2016.07.27-13.13.11:369][  0]SourceControl: Info Source control is disabled
[2016.07.27-13.13.11:558][  0]SourceControl: Info Source control is disabled
[2016.07.27-13.13.11:760][  0]SourceControl: Info Source control is disabled
[2016.07.27-13.13.11:903][  0]SourceControl: Info Source control is disabled
[2016.07.27-13.13.13:966][  0]LogHMD: Failed to initialize OpenVR with code 110
[2016.07.27-13.13.15:105][  0]LogEngine: Initializing Engine...
[2016.07.27-13.13.15:978][  0]LogAIModule: Creating AISystem for world NewWorld
[2016.07.27-13.13.16:079][  0]LogInit: XAudio2 using 'Digital Audio (S/PDIF) (High Definition Audio Device)' : 2 channels at 44.1 kHz using 16 bits per sample (channel mask 0x3)
[2016.07.27-13.13.16:114][  0]LogInit: FAudioDevice initialized.
[2016.07.27-13.13.16:161][  0]LogDerivedDataCache: Saved boot cache 0.05s 40MB C:/Users/Risukun/AppData/Local/UnrealEngine/4.11/DerivedDataCache/Boot.ddc.
[2016.07.27-13.13.16:196][  0]LogInit: Texture streaming: Enabled
[2016.07.27-13.13.16:621][  0]LogInit: Transaction tracking system initialized
[2016.07.27-13.13.17:421][  0]BlueprintLog: New page: Editor Load
[2016.07.27-13.13.19:713][  0]LocalizationService: Info Localization service is disabled
[2016.07.27-13.13.21:741][  0]LogConsoleResponse:Display: 
[2016.07.27-13.13.22:792][  0]LogFileCache: Scanning file cache for directory 'C:/Users/Risukun/Documents/GitHub/Uptime/Content/' took 0.02s
[2016.07.27-13.13.22:792][  0]LogCook:Display: Max memory allowance for cook 8192mb
[2016.07.27-13.13.22:792][  0]LogCook:Display: Mobile HDR setting 1
[2016.07.27-13.13.22:793][  0]LogCook:Display: Done creating registry. It took  0.00s.
[2016.07.27-13.13.24:503][  0]SourceControl: Info Source control is disabled
[2016.07.27-13.13.24:564][  0]Cmd: MAP LOAD FILE="C:/Users/Risukun/Documents/GitHub/Uptime/Content/Maps/UptimeLevel.umap" TEMPLATE=0 SHOWPROGRESS=1 FEATURELEVEL=2
[2016.07.27-13.13.24:598][  0]LightingResults: New page: Lighting Build
[2016.07.27-13.13.24:722][  0]MapCheck: New page: Map Check
[2016.07.27-13.13.24:722][  0]LightingResults: New page: Lighting Build
[2016.07.27-13.13.28:928][  0]LogAIModule: Creating AISystem for world UptimeLevel
[2016.07.27-13.13.29:047][  0]LogEditorServer: Finished looking for orphan Actors (0.001 secs)
[2016.07.27-13.13.29:121][  0]Cmd: MAP CHECKDEP NOCLEARLOG
[2016.07.27-13.13.29:231][  0]MapCheck: Info Map check complete: 0 Error(s), 0 Warning(s), took 109.79ms to complete.
[2016.07.27-13.13.29:231][  0]LogFileHelpers: Loading map 'UptimeLevel' took 4.668
[2016.07.27-13.13.30:083][  0]LogCollectionManager: Loaded 0 collections in 0.003043 seconds
[2016.07.27-13.13.30:224][  0]LogFileCache: Scanning file cache for directory 'C:/Users/Risukun/Documents/GitHub/Uptime/Saved/Collections/' took 0.01s
[2016.07.27-13.13.30:224][  0]LogFileCache: Scanning file cache for directory 'C:/Users/Risukun/Documents/GitHub/Uptime/Content/Developers/Risukun/Collections/' took 0.01s
[2016.07.27-13.13.30:224][  0]LogFileCache: Scanning file cache for directory 'C:/Users/Risukun/Documents/GitHub/Uptime/Content/Collections/' took 0.01s
[2016.07.27-13.13.30:224][  0]LogCollectionManager: Rebuilt the GUID cache for 0 collections in 0.000289 seconds
[2016.07.27-13.13.30:261][  0]LogContentBrowser: Native class hierarchy populated in 0.0355 seconds. Added 1979 classes and 343 folders.
[2016.07.27-13.13.30:305][  0]LogStats: UGameplayTagsManager::ConstructGameplayTagTree: Construct from data asset -  0.000 s
[2016.07.27-13.13.30:305][  0]LogStats: UGameplayTagsManager::ConstructGameplayTagTree: GameplayTagTreeChangedEvent.Broadcast -  0.000 s
[2016.07.27-13.13.30:308][  0]LogContentBrowser: Native class hierarchy updated for 'GameplayTags' in 0.0007 seconds. Added 12 classes and 0 folders.
[2016.07.27-13.13.30:327][  0]LogContentBrowser: Native class hierarchy updated for 'WidgetCarousel' in 0.0005 seconds. Added 0 classes and 0 folders.
[2016.07.27-13.13.30:499][  0]LogContentBrowser: Native class hierarchy updated for 'SuperSearch' in 0.0006 seconds. Added 1 classes and 2 folders.
[2016.07.27-13.13.31:670][  0]LogContentBrowser: Native class hierarchy updated for 'AddContentDialog' in 0.0008 seconds. Added 0 classes and 0 folders.
[2016.07.27-13.13.31:749][  0]LogContentBrowser: Native class hierarchy updated for 'SceneOutliner' in 0.0007 seconds. Added 1 classes and 2 folders.
[2016.07.27-13.13.32:376][  0]LogCrashTracker: Crashtracker disabled due to settings.
[2016.07.27-13.13.32:469][  0]LogUObjectGlobals:Warning: Failed to find object 'Class None.'
[2016.07.27-13.13.32:562][  0]LogContentBrowser: Native class hierarchy updated for 'HierarchicalLODOutliner' in 0.0009 seconds. Added 1 classes and 2 folders.
[2016.07.27-13.13.32:563][  0]LogLoad: Full Startup: 64.33 seconds (BP compile: 0.73 seconds)
[2016.07.27-13.13.32:563][  0]LogExternalProfiler: Found external profiler: VSPerf
[2016.07.27-13.13.32:563][  0]LogExternalProfiler: Using external profiler: VSPerf
[2016.07.27-13.13.32:582][  0]LogWindowsTextInputMethodSystem:Display: IME system now deactivated.
[2016.07.27-13.13.32:583][  0]LogOcInput: OculusInput pre-init called
[2016.07.27-13.13.33:051][  0]LogContentStreaming: Texture pool size now 200 MB
[2016.07.27-13.13.33:593][  0]LogRenderer: Reallocating scene render targets to support 980x500 (Frame:2).
[2016.07.27-13.13.33:993][  3]LogAssetRegistry: Asset discovery search completed in 25.9317 seconds
[2016.07.27-13.13.34:005][  3]LogCollectionManager: Rebuilt the object cache for 0 collections in 0.000002 seconds (found 0 objects)
[2016.07.27-13.13.34:005][  3]LogCollectionManager: Fixed up redirectors for 0 collections in 0.011724 seconds (updated 0 objects)
[2016.07.27-13.13.50:572][640]LogContentBrowser: Native class hierarchy updated for 'BlueprintGraph' in 0.0015 seconds. Added 108 classes and 0 folders.
[2016.07.27-13.14.34:551][133]LogActorComponent: UnregisterComponent: (/Engine/Transient.CharMoveComp) Not registered. Aborting.
[2016.07.27-13.14.34:551][133]LogActorComponent: UnregisterComponent: (/Engine/Transient.CharacterMovementComponent_0) Not registered. Aborting.
[2016.07.27-13.14.34:552][133]LogActorComponent: UnregisterComponent: (/Engine/Transient.CharacterMovementComponent_1) Not registered. Aborting.
[2016.07.27-13.14.49:632][666]BlueprintLog: New page: Compile SacrificialGoat
[2016.07.27-13.14.49:714][666]LogActorComponent: UnregisterComponent: (/Engine/Transient.CharacterMovementComponent_2) Not registered. Aborting.
[2016.07.27-13.14.50:071][666]BlueprintEditorCompileResults: Info [0141.84] Compile of SacrificialGoat successful! [in 439 ms]
[2016.07.27-13.14.51:693][727]Cmd: OBJ SAVEPACKAGE PACKAGE="/Game/StarterContent/Blueprints/SacrificialGoat" FILE="C:/Users/Risukun/Documents/GitHub/Uptime/Content/StarterContent/Blueprints/SacrificialGoat.uasset" SILENT=true
[2016.07.27-13.14.51:862][727]LogSavePackage: Save=167.25ms
[2016.07.27-13.14.51:862][727]LogSavePackage: Moving 'C:/Users/Risukun/Documents/GitHub/Uptime/Saved/SacrificialGoat1A7911CE4BCAD4C4BC3A9692E8629136.tmp' to 'C:/Users/Risukun/Documents/GitHub/Uptime/Content/StarterContent/Blueprints/SacrificialGoat.uasset'
[2016.07.27-13.14.51:866][727]LogSavePackage: Total save time: 171.28ms
[2016.07.27-13.14.51:866][727]LogSavePackage:Display: Finished SavePackage C:/Users/Risukun/Documents/GitHub/Uptime/Content/StarterContent/Blueprints/SacrificialGoat.uasset
[2016.07.27-13.15.25:100][803]BlueprintLog: New page: Compile EnemySubset
[2016.07.27-13.15.25:124][803]LogActorComponent: UnregisterComponent: (/Engine/Transient.CharMoveComp) Not registered. Aborting.
[2016.07.27-13.15.25:125][803]LogActorComponent: UnregisterComponent: (/Engine/Transient.CharacterMovementComponent_3) Not registered. Aborting.
[2016.07.27-13.15.25:125][803]LogActorComponent: UnregisterComponent: (/Engine/Transient.CharacterMovementComponent_4) Not registered. Aborting.
[2016.07.27-13.15.25:125][803]LogActorComponent: UnregisterComponent: (/Engine/Transient.CharacterMovementComponent_5) Not registered. Aborting.
[2016.07.27-13.15.25:915][803]BlueprintEditorCompileResults: Info [0177.68] Compile of EnemySubset successful! [in 815 ms]
[2016.07.27-13.15.27:087][849]LogRenderer: Reallocating scene render targets to support 1104x688 (Frame:7772).
[2016.07.27-13.16.45:570][878]BlueprintLog: New page: Compile EnemySubset
[2016.07.27-13.16.46:386][878]BlueprintEditorCompileResults: Info [0258.15] Compile of EnemySubset successful! [in 814 ms]
[2016.07.27-13.16.56:475][269]LogSlate:Warning: Prevented a slow task dialog from being summoned while a context menu was open
[2016.07.27-13.16.59:341][376]BlueprintLog: New page: Compile EnemySubset
[2016.07.27-13.16.59:445][376]LogActorComponent: UnregisterComponent: (/Engine/Transient.CharMoveComp) Not registered. Aborting.
[2016.07.27-13.16.59:446][376]LogActorComponent: UnregisterComponent: (/Engine/Transient.PawnSensing_GEN_VARIABLE) Not registered. Aborting.
[2016.07.27-13.16.59:446][376]LogActorComponent: UnregisterComponent: (/Engine/Transient.CharacterMovementComponent_6) Not registered. Aborting.
[2016.07.27-13.16.59:446][376]LogActorComponent: UnregisterComponent: (/Engine/Transient.PawnSensingComponent_0) Not registered. Aborting.
[2016.07.27-13.16.59:446][376]LogActorComponent: UnregisterComponent: (/Engine/Transient.CharacterMovementComponent_7) Not registered. Aborting.
[2016.07.27-13.16.59:446][376]LogActorComponent: UnregisterComponent: (/Engine/Transient.PawnSensingComponent_1) Not registered. Aborting.
[2016.07.27-13.17.00:216][376]BlueprintEditorCompileResults: Info [0271.98] Compile of EnemySubset successful! [in 874 ms]
[2016.07.27-13.17.00:961][398]Cmd: OBJ SAVEPACKAGE PACKAGE="/Game/StarterContent/Blueprints/EnemySubset" FILE="C:/Users/Risukun/Documents/GitHub/Uptime/Content/StarterContent/Blueprints/EnemySubset.uasset" SILENT=true
[2016.07.27-13.17.01:044][398]LogSavePackage: Save=45.97ms
[2016.07.27-13.17.01:044][398]LogSavePackage: Moving 'C:/Users/Risukun/Documents/GitHub/Uptime/Saved/EnemySubset215201AF4AE9D716FD2772B4E69E744F.tmp' to 'C:/Users/Risukun/Documents/GitHub/Uptime/Content/StarterContent/Blueprints/EnemySubset.uasset'
[2016.07.27-13.17.01:047][398]LogSavePackage: Total save time: 84.11ms
[2016.07.27-13.17.01:047][398]LogSavePackage:Display: Finished SavePackage C:/Users/Risukun/Documents/GitHub/Uptime/Content/StarterContent/Blueprints/EnemySubset.uasset
[2016.07.27-13.17.45:090][600]LogPlayLevel: PlayLevel: No blueprints needed recompiling
[2016.07.27-13.17.45:202][600]PIE: New page: SIE session: UptimeLevel (Jul 28, 2016, 9:17:45 AM)
[2016.07.27-13.17.45:202][600]LogPlayLevel: Creating play world package: /Game/Maps/UEDPIE_0_UptimeLevel
[2016.07.27-13.17.45:292][600]LogPlayLevel: PIE: StaticDuplicateObject took: (0.090255s)
[2016.07.27-13.17.45:293][600]LogAIModule: Creating AISystem for world UptimeLevel
[2016.07.27-13.17.45:293][600]LogPlayLevel: PIE: World Init took: (0.001183s)
[2016.07.27-13.17.45:294][600]LogPlayLevel: PIE: Created PIE world by copying editor world from /Game/Maps/UptimeLevel.UptimeLevel to /Game/Maps/UEDPIE_0_UptimeLevel.UptimeLevel (0.092184s)
[2016.07.27-13.17.45:294][600]LogActorComponent: UnregisterComponent: (/Engine/Transient.CharMoveComp) Not registered. Aborting.
[2016.07.27-13.17.45:294][600]LogActorComponent: UnregisterComponent: (/Engine/Transient.PawnSensing_GEN_VARIABLE) Not registered. Aborting.
[2016.07.27-13.17.45:294][600]LogActorComponent: UnregisterComponent: (/Engine/Transient.CharacterMovementComponent_8) Not registered. Aborting.
[2016.07.27-13.17.45:294][600]LogActorComponent: UnregisterComponent: (/Engine/Transient.PawnSensingComponent_2) Not registered. Aborting.
[2016.07.27-13.17.45:294][600]LogActorComponent: UnregisterComponent: (/Engine/Transient.CharacterMovementComponent_9) Not registered. Aborting.
[2016.07.27-13.17.45:294][600]LogActorComponent: UnregisterComponent: (/Engine/Transient.PawnSensingComponent_3) Not registered. Aborting.
[2016.07.27-13.17.45:294][600]LogActorComponent: UnregisterComponent: (/Engine/Transient.CharacterMovementComponent_10) Not registered. Aborting.
[2016.07.27-13.17.45:357][600]LogSelection:Warning: PIE object was selected: "Brush /Game/Maps/UEDPIE_0_UptimeLevel.UptimeLevel:PersistentLevel.Floor_12"
[2016.07.27-13.17.45:357][600]LogSelection:Warning: PIE object was selected: "Brush /Game/Maps/UEDPIE_0_UptimeLevel.UptimeLevel:PersistentLevel.Floor_13"
[2016.07.27-13.17.45:357][600]LogSelection:Warning: PIE object was selected: "Brush /Game/Maps/UEDPIE_0_UptimeLevel.UptimeLevel:PersistentLevel.Floor_14"
[2016.07.27-13.17.45:357][600]LogSelection:Warning: PIE object was selected: "Brush /Game/Maps/UEDPIE_0_UptimeLevel.UptimeLevel:PersistentLevel.Floor"
[2016.07.27-13.17.45:362][600]LogInit: XAudio2 using 'Digital Audio (S/PDIF) (High Definition Audio Device)' : 2 channels at 44.1 kHz using 16 bits per sample (channel mask 0x3)
[2016.07.27-13.17.45:375][600]LogInit: FAudioDevice initialized.
[2016.07.27-13.17.45:573][600]LogWorld: Game class is 'UptimeGameMode_C'
[2016.07.27-13.17.45:640][600]LogWorld: Bringing World /Game/Maps/UEDPIE_0_UptimeLevel.UptimeLevel up for play (max tick rate 0) at 2016.07.27-23.17.45
[2016.07.27-13.17.45:712][600]LogWorld: Bringing up level for play took: 0.137073
[2016.07.27-13.17.45:713][600]LogGameMode: Warning - PATHS NOT DEFINED or NO PLAYERSTART with positive rating
[2016.07.27-13.17.45:758][600]LogContentBrowser: Native class hierarchy updated for 'MovieSceneCapture' in 0.0009 seconds. Added 9 classes and 0 folders.
[2016.07.27-13.17.45:760][600]PIE: Info Play in editor start time for /Game/Maps/UEDPIE_0_UptimeLevel -0.29
[2016.07.27-13.17.45:812][600]LogSelection:Warning: PIE object was selected: "Brush /Game/Maps/UEDPIE_0_UptimeLevel.UptimeLevel:PersistentLevel.Floor_12"
[2016.07.27-13.17.45:812][600]LogSelection:Warning: PIE object was selected: "Brush /Game/Maps/UEDPIE_0_UptimeLevel.UptimeLevel:PersistentLevel.Floor_13"
[2016.07.27-13.17.45:812][600]LogSelection:Warning: PIE object was selected: "Brush /Game/Maps/UEDPIE_0_UptimeLevel.UptimeLevel:PersistentLevel.Floor_14"
[2016.07.27-13.17.45:812][600]LogSelection:Warning: PIE object was selected: "Brush /Game/Maps/UEDPIE_0_UptimeLevel.UptimeLevel:PersistentLevel.Floor"
[2016.07.27-13.18.07:811][971]BlueprintLog: New page: Compile EnemySubset
[2016.07.27-13.18.07:846][971]LogActorComponent: UnregisterComponent: (/Engine/Transient.CharMoveComp) Not registered. Aborting.
[2016.07.27-13.18.07:846][971]LogActorComponent: UnregisterComponent: (/Engine/Transient.PawnSensing_GEN_VARIABLE) Not registered. Aborting.
[2016.07.27-13.18.07:846][971]LogActorComponent: UnregisterComponent: (/Engine/Transient.CharacterMovementComponent_11) Not registered. Aborting.
[2016.07.27-13.18.07:846][971]LogActorComponent: UnregisterComponent: (/Engine/Transient.PawnSensingComponent_4) Not registered. Aborting.
[2016.07.27-13.18.07:847][971]LogActorComponent: UnregisterComponent: (/Engine/Transient.CharacterMovementComponent_12) Not registered. Aborting.
[2016.07.27-13.18.07:847][971]LogActorComponent: UnregisterComponent: (/Engine/Transient.PawnSensingComponent_5) Not registered. Aborting.
[2016.07.27-13.18.07:847][971]LogActorComponent: UnregisterComponent: (/Engine/Transient.CharacterMovementComponent_13) Not registered. Aborting.
[2016.07.27-13.18.08:557][971]BlueprintEditorCompileResults: Info [0340.33] Compile of EnemySubset successful! [in 745 ms]
[2016.07.27-13.18.09:043][980]Cmd: OBJ SAVEPACKAGE PACKAGE="/Game/StarterContent/Blueprints/EnemySubset" FILE="C:/Users/Risukun/Documents/GitHub/Uptime/Content/StarterContent/Blueprints/EnemySubset.uasset" SILENT=true
[2016.07.27-13.18.09:107][980]LogSavePackage: Save=47.64ms
[2016.07.27-13.18.09:107][980]LogSavePackage: Moving 'C:/Users/Risukun/Documents/GitHub/Uptime/Saved/EnemySubsetF78F5C81419DDA41BB80A0AF298B4E71.tmp' to 'C:/Users/Risukun/Documents/GitHub/Uptime/Content/StarterContent/Blueprints/EnemySubset.uasset'
[2016.07.27-13.18.09:111][980]LogSavePackage: Total save time: 66.47ms
[2016.07.27-13.18.09:111][980]LogSavePackage:Display: Finished SavePackage C:/Users/Risukun/Documents/GitHub/Uptime/Content/StarterContent/Blueprints/EnemySubset.uasset
[2016.07.27-13.18.13:139][ 51]LogEditorViewport: Clicking on Actor (LMB): SacrificialGoat_C (SacrificialGoat)
[2016.07.27-13.18.17:747][129]LogPlayLevel: PlayLevel: No blueprints needed recompiling
[2016.07.27-13.18.17:747][129]PIE: New page: SIE session: UptimeLevel (Jul 28, 2016, 9:18:17 AM)
[2016.07.27-13.18.17:748][129]LogPlayLevel: Creating play world package: /Game/Maps/UEDPIE_0_UptimeLevel
[2016.07.27-13.18.17:832][129]LogPlayLevel: PIE: StaticDuplicateObject took: (0.084187s)
[2016.07.27-13.18.17:833][129]LogAIModule: Creating AISystem for world UptimeLevel
[2016.07.27-13.18.17:833][129]LogPlayLevel: PIE: World Init took: (0.001564s)
[2016.07.27-13.18.17:834][129]LogPlayLevel: PIE: Created PIE world by copying editor world from /Game/Maps/UptimeLevel.UptimeLevel to /Game/Maps/UEDPIE_0_UptimeLevel.UptimeLevel (0.086309s)
[2016.07.27-13.18.17:896][129]LogSelection:Warning: PIE object was selected: "SacrificialGoat_C /Game/Maps/UEDPIE_0_UptimeLevel.UptimeLevel:PersistentLevel.SacrificialGoat_2"
[2016.07.27-13.18.17:900][129]LogInit: XAudio2 using 'Digital Audio (S/PDIF) (High Definition Audio Device)' : 2 channels at 44.1 kHz using 16 bits per sample (channel mask 0x3)
[2016.07.27-13.18.17:911][129]LogInit: FAudioDevice initialized.
[2016.07.27-13.18.17:945][129]LogWorld: Game class is 'UptimeGameMode_C'
[2016.07.27-13.18.18:010][129]LogWorld: Bringing World /Game/Maps/UEDPIE_0_UptimeLevel.UptimeLevel up for play (max tick rate 0) at 2016.07.27-23.18.18
[2016.07.27-13.18.18:014][129]LogWorld: Bringing up level for play took: 0.068144
[2016.07.27-13.18.18:015][129]LogGameMode: Warning - PATHS NOT DEFINED or NO PLAYERSTART with positive rating
[2016.07.27-13.18.18:016][129]PIE: Info Play in editor start time for /Game/Maps/UEDPIE_0_UptimeLevel -0.034
[2016.07.27-13.18.18:069][129]LogSelection:Warning: PIE object was selected: "SacrificialGoat_C /Game/Maps/UEDPIE_0_UptimeLevel.UptimeLevel:PersistentLevel.SacrificialGoat_2"
[2016.07.27-13.18.41:961][832]Cmd: OBJ SAVEPACKAGE PACKAGE="/Game/Maps/UptimeLevel" FILE="C:/Users/Risukun/Documents/GitHub/Uptime/Content/Maps/UptimeLevel.umap" SILENT=true AUTOSAVING=false KEEPDIRTY=false
[2016.07.27-13.18.42:753][832]LogSavePackage: Save=708.93ms
[2016.07.27-13.18.42:753][832]LogSavePackage: Moving 'C:/Users/Risukun/Documents/GitHub/Uptime/Saved/UptimeLevel17E1932F4E38631A28580AADC928D1F6.tmp' to 'C:/Users/Risukun/Documents/GitHub/Uptime/Content/Maps/UptimeLevel.umap'
[2016.07.27-13.18.42:758][832]LogSavePackage: Total save time: 736.35ms
[2016.07.27-13.18.42:758][832]LogSavePackage:Display: Finished SavePackage C:/Users/Risukun/Documents/GitHub/Uptime/Content/Maps/UptimeLevel.umap
[2016.07.27-13.18.42:800][832]LogFileHelpers: Saving map 'UptimeLevel' took 0.967
[2016.07.27-13.18.42:836][832]Cmd: OBJ SAVEPACKAGE PACKAGE="/Game/StarterContent/Blueprints/BossClass" FILE="C:/Users/Risukun/Documents/GitHub/Uptime/Content/StarterContent/Blueprints/BossClass.uasset" SILENT=true
[2016.07.27-13.18.42:891][832]LogSavePackage: Save=39.99ms
[2016.07.27-13.18.42:891][832]LogSavePackage: Moving 'C:/Users/Risukun/Documents/GitHub/Uptime/Saved/BossClass960DD56A45875B3C1CA5C09D3BF5F4E8.tmp' to 'C:/Users/Risukun/Documents/GitHub/Uptime/Content/StarterContent/Blueprints/BossClass.uasset'
[2016.07.27-13.18.42:895][832]LogSavePackage: Total save time: 56.35ms
[2016.07.27-13.18.42:895][832]LogSavePackage:Display: Finished SavePackage C:/Users/Risukun/Documents/GitHub/Uptime/Content/StarterContent/Blueprints/BossClass.uasset
[2016.07.27-13.18.42:932][832]Cmd: OBJ SAVEPACKAGE PACKAGE="/Game/StarterContent/Blueprints/FemaleWorkerClass" FILE="C:/Users/Risukun/Documents/GitHub/Uptime/Content/StarterContent/Blueprints/FemaleWorkerClass.uasset" SILENT=true
[2016.07.27-13.18.42:986][832]LogSavePackage: Save=39.57ms
[2016.07.27-13.18.42:986][832]LogSavePackage: Moving 'C:/Users/Risukun/Documents/GitHub/Uptime/Saved/FemaleWorkerClass164ACF4D4EDBAA40686723A54F713175.tmp' to 'C:/Users/Risukun/Documents/GitHub/Uptime/Content/StarterContent/Blueprints/FemaleWorkerClass.uasset'
[2016.07.27-13.18.42:990][832]LogSavePackage: Total save time: 56.27ms
[2016.07.27-13.18.42:990][832]LogSavePackage:Display: Finished SavePackage C:/Users/Risukun/Documents/GitHub/Uptime/Content/StarterContent/Blueprints/FemaleWorkerClass.uasset
[2016.07.27-13.18.43:027][832]Cmd: OBJ SAVEPACKAGE PACKAGE="/Game/StarterContent/Blueprints/MaleWorkerClass" FILE="C:/Users/Risukun/Documents/GitHub/Uptime/Content/StarterContent/Blueprints/MaleWorkerClass.uasset" SILENT=true
[2016.07.27-13.18.43:082][832]LogSavePackage: Save=39.42ms
[2016.07.27-13.18.43:082][832]LogSavePackage: Moving 'C:/Users/Risukun/Documents/GitHub/Uptime/Saved/MaleWorkerClassFA3F545B4B14A568F51ABC938EBC0C5B.tmp' to 'C:/Users/Risukun/Documents/GitHub/Uptime/Content/StarterContent/Blueprints/MaleWorkerClass.uasset'
[2016.07.27-13.18.43:085][832]LogSavePackage: Total save time: 55.95ms
[2016.07.27-13.18.43:085][832]LogSavePackage:Display: Finished SavePackage C:/Users/Risukun/Documents/GitHub/Uptime/Content/StarterContent/Blueprints/MaleWorkerClass.uasset
[2016.07.27-13.22.00:872][545]LogPlayLevel: PlayLevel: No blueprints needed recompiling
[2016.07.27-13.22.00:872][545]PIE: New page: SIE session: UptimeLevel (Jul 28, 2016, 9:22:00 AM)
[2016.07.27-13.22.00:872][545]LogPlayLevel: Creating play world package: /Game/Maps/UEDPIE_0_UptimeLevel
[2016.07.27-13.22.00:963][545]LogPlayLevel: PIE: StaticDuplicateObject took: (0.090666s)
[2016.07.27-13.22.00:964][545]LogAIModule: Creating AISystem for world UptimeLevel
[2016.07.27-13.22.00:965][545]LogPlayLevel: PIE: World Init took: (0.001470s)
[2016.07.27-13.22.00:965][545]LogPlayLevel: PIE: Created PIE world by copying editor world from /Game/Maps/UptimeLevel.UptimeLevel to /Game/Maps/UEDPIE_0_UptimeLevel.UptimeLevel (0.092734s)
[2016.07.27-13.22.00:965][545]LogActorComponent: UnregisterComponent: (/Engine/Transient.CharMoveComp) Not registered. Aborting.
[2016.07.27-13.22.00:965][545]LogActorComponent: UnregisterComponent: (/Engine/Transient.PawnSensing_GEN_VARIABLE) Not registered. Aborting.
[2016.07.27-13.22.00:965][545]LogActorComponent: UnregisterComponent: (/Engine/Transient.CharacterMovementComponent_14) Not registered. Aborting.
[2016.07.27-13.22.00:965][545]LogActorComponent: UnregisterComponent: (/Engine/Transient.PawnSensingComponent_6) Not registered. Aborting.
[2016.07.27-13.22.00:965][545]LogActorComponent: UnregisterComponent: (/Engine/Transient.CharacterMovementComponent_15) Not registered. Aborting.
[2016.07.27-13.22.00:965][545]LogActorComponent: UnregisterComponent: (/Engine/Transient.PawnSensingComponent_7) Not registered. Aborting.
[2016.07.27-13.22.00:965][545]LogActorComponent: UnregisterComponent: (/Engine/Transient.CharacterMovementComponent_16) Not registered. Aborting.
[2016.07.27-13.22.01:032][545]LogSelection:Warning: PIE object was selected: "SacrificialGoat_C /Game/Maps/UEDPIE_0_UptimeLevel.UptimeLevel:PersistentLevel.SacrificialGoat_2"
[2016.07.27-13.22.01:037][545]LogInit: XAudio2 using 'Digital Audio (S/PDIF) (High Definition Audio Device)' : 2 channels at 44.1 kHz using 16 bits per sample (channel mask 0x3)
[2016.07.27-13.22.01:049][545]LogInit: FAudioDevice initialized.
[2016.07.27-13.22.01:086][545]LogWorld: Game class is 'UptimeGameMode_C'
[2016.07.27-13.22.01:150][545]LogWorld: Bringing World /Game/Maps/UEDPIE_0_UptimeLevel.UptimeLevel up for play (max tick rate 0) at 2016.07.27-23.22.01
[2016.07.27-13.22.01:154][545]LogWorld: Bringing up level for play took: 0.067177
[2016.07.27-13.22.01:155][545]LogGameMode: Warning - PATHS NOT DEFINED or NO PLAYERSTART with positive rating
[2016.07.27-13.22.01:157][545]PIE: Info Play in editor start time for /Game/Maps/UEDPIE_0_UptimeLevel 1.107
[2016.07.27-13.22.01:208][545]LogSelection:Warning: PIE object was selected: "SacrificialGoat_C /Game/Maps/UEDPIE_0_UptimeLevel.UptimeLevel:PersistentLevel.SacrificialGoat_2"
[2016.07.27-13.22.14:477][771]LogPlayLevel: PlayLevel: No blueprints needed recompiling
[2016.07.27-13.22.14:477][771]PIE: New page: SIE session: UptimeLevel (Jul 28, 2016, 9:22:14 AM)
[2016.07.27-13.22.14:477][771]LogPlayLevel: Creating play world package: /Game/Maps/UEDPIE_0_UptimeLevel
[2016.07.27-13.22.14:560][771]LogPlayLevel: PIE: StaticDuplicateObject took: (0.082042s)
[2016.07.27-13.22.14:561][771]LogAIModule: Creating AISystem for world UptimeLevel
[2016.07.27-13.22.14:561][771]LogPlayLevel: PIE: World Init took: (0.001075s)
[2016.07.27-13.22.14:561][771]LogPlayLevel: PIE: Created PIE world by copying editor world from /Game/Maps/UptimeLevel.UptimeLevel to /Game/Maps/UEDPIE_0_UptimeLevel.UptimeLevel (0.083664s)
[2016.07.27-13.22.14:623][771]LogSelection:Warning: PIE object was selected: "SacrificialGoat_C /Game/Maps/UEDPIE_0_UptimeLevel.UptimeLevel:PersistentLevel.SacrificialGoat_2"
[2016.07.27-13.22.14:628][771]LogInit: XAudio2 using 'Digital Audio (S/PDIF) (High Definition Audio Device)' : 2 channels at 44.1 kHz using 16 bits per sample (channel mask 0x3)
[2016.07.27-13.22.14:639][771]LogInit: FAudioDevice initialized.
[2016.07.27-13.22.14:672][771]LogWorld: Game class is 'UptimeGameMode_C'
[2016.07.27-13.22.14:736][771]LogWorld: Bringing World /Game/Maps/UEDPIE_0_UptimeLevel.UptimeLevel up for play (max tick rate 0) at 2016.07.27-23.22.14
[2016.07.27-13.22.14:740][771]LogWorld: Bringing up level for play took: 0.067309
[2016.07.27-13.22.14:741][771]LogGameMode: Warning - PATHS NOT DEFINED or NO PLAYERSTART with positive rating
[2016.07.27-13.22.14:743][771]PIE: Info Play in editor start time for /Game/Maps/UEDPIE_0_UptimeLevel 0.693
[2016.07.27-13.22.14:795][771]LogSelection:Warning: PIE object was selected: "SacrificialGoat_C /Game/Maps/UEDPIE_0_UptimeLevel.UptimeLevel:PersistentLevel.SacrificialGoat_2"
[2016.07.27-13.22.36:894][263]Cmd: OBJ SAVEPACKAGE PACKAGE="/Game/Maps/UptimeLevel" FILE="C:/Users/Risukun/Documents/GitHub/Uptime/Content/Maps/UptimeLevel.umap" SILENT=true AUTOSAVING=false KEEPDIRTY=false
[2016.07.27-13.22.37:660][263]LogSavePackage: Save=692.33ms
[2016.07.27-13.22.37:660][263]LogSavePackage: Moving 'C:/Users/Risukun/Documents/GitHub/Uptime/Saved/UptimeLevel25E7528842343922B32BF2A4C979AF1A.tmp' to 'C:/Users/Risukun/Documents/GitHub/Uptime/Content/Maps/UptimeLevel.umap'
[2016.07.27-13.22.37:665][263]LogSavePackage: Total save time: 712.26ms
[2016.07.27-13.22.37:665][263]LogSavePackage:Display: Finished SavePackage C:/Users/Risukun/Documents/GitHub/Uptime/Content/Maps/UptimeLevel.umap
[2016.07.27-13.22.37:705][263]LogFileHelpers: Saving map 'UptimeLevel' took 0.936
[2016.07.27-13.22.54:869][556]LogActorComponent: UnregisterComponent: (/Engine/Transient.EditorFloorComp) Not registered. Aborting.
[2016.07.27-13.22.56:879][594]LogActorComponent: UnregisterComponent: (/Engine/Transient.CharMoveComp) Not registered. Aborting.
[2016.07.27-13.22.56:880][594]LogActorComponent: UnregisterComponent: (/Engine/Transient.PawnSensing_GEN_VARIABLE) Not registered. Aborting.
[2016.07.27-13.22.56:880][594]LogActorComponent: UnregisterComponent: (/Engine/Transient.CharacterMovementComponent_17) Not registered. Aborting.
[2016.07.27-13.22.56:880][594]LogActorComponent: UnregisterComponent: (/Engine/Transient.PawnSensingComponent_8) Not registered. Aborting.
[2016.07.27-13.22.56:880][594]LogActorComponent: UnregisterComponent: (/Engine/Transient.CharacterMovementComponent_18) Not registered. Aborting.
[2016.07.27-13.22.56:880][594]LogActorComponent: UnregisterComponent: (/Engine/Transient.PawnSensingComponent_9) Not registered. Aborting.
[2016.07.27-13.22.56:880][594]LogActorComponent: UnregisterComponent: (/Engine/Transient.CharacterMovementComponent_19) Not registered. Aborting.
[2016.07.27-13.22.57:048][594]LogWindowsTextInputMethodSystem:Display: IME system now deactivated.
[2016.07.27-13.22.57:391][595]Cmd: QUIT_EDITOR
[2016.07.27-13.22.57:603][595]LogExit: Preparing to exit.
[2016.07.27-13.22.58:834][595]LogExit: Editor shut down
[2016.07.27-13.22.58:835][595]LogExit: Transaction tracking system shut down
[2016.07.27-13.22.59:143][595]LogObj: Freed 0b from 0 cluster array pools.
[2016.07.27-13.22.59:144][595]LogExit: Object subsystem successfully closed.
[2016.07.27-13.22.59:179][595]LogD3D11RHI: Shutdown
[2016.07.27-13.22.59:180][595]LogD3D11RHI: CleanupD3DDevice
[2016.07.27-13.22.59:275][595]LogD3D11RHI: ~FD3D11DynamicRHI
[2016.07.27-13.22.59:330][595]LogDerivedDataCache: Shutdown
[2016.07.27-13.22.59:331][595]LogModuleManager: Shutting down and abandoning module MovieSceneCapture (206)
[2016.07.27-13.22.59:331][595]LogModuleManager: Shutting down and abandoning module BlueprintGraph (205)
[2016.07.27-13.22.59:331][595]LogModuleManager: Shutting down and abandoning module HierarchicalLODOutliner (204)
[2016.07.27-13.22.59:331][595]LogModuleManager: Shutting down and abandoning module CrashTracker (203)
[2016.07.27-13.22.59:331][595]LogModuleManager: Shutting down and abandoning module SceneOutliner (202)
[2016.07.27-13.22.59:331][595]LogModuleManager: Shutting down and abandoning module SuperSearch (201)
[2016.07.27-13.22.59:331][595]LogModuleManager: Shutting down and abandoning module WidgetCarousel (200)
[2016.07.27-13.22.59:331][595]LogModuleManager: Shutting down and abandoning module AddContentDialog (199)
[2016.07.27-13.22.59:334][595]LogModuleManager: Shutting down and abandoning module GameplayTags (198)
[2016.07.27-13.22.59:334][595]LogModuleManager: Shutting down and abandoning module EditorWidgets (197)
[2016.07.27-13.22.59:334][595]LogModuleManager: Shutting down and abandoning module CollectionManager (196)
[2016.07.27-13.22.59:334][595]LogModuleManager: Shutting down and abandoning module StatsViewer (195)
[2016.07.27-13.22.59:334][595]LogModuleManager: Shutting down and abandoning module FoliageEdit (194)
[2016.07.27-13.22.59:334][595]LogModuleManager: Shutting down and abandoning module LandscapeEditor (193)
[2016.07.27-13.22.59:335][595]LogModuleManager: Shutting down and abandoning module ActorPickerMode (192)
[2016.07.27-13.22.59:335][595]LogModuleManager: Shutting down and abandoning module GeometryMode (191)
[2016.07.27-13.22.59:335][595]LogModuleManager: Shutting down and abandoning module TextureAlignMode (190)
[2016.07.27-13.22.59:335][595]LogModuleManager: Shutting down and abandoning module BspMode (189)
[2016.07.27-13.22.59:335][595]LogModuleManager: Shutting down and abandoning module PlacementMode (188)
[2016.07.27-13.22.59:335][595]LogModuleManager: Shutting down and abandoning module AutomationWorker (187)
[2016.07.27-13.22.59:335][595]LogModuleManager: Shutting down and abandoning module CharacterAI (186)
[2016.07.27-13.22.59:335][595]LogModuleManager: Shutting down and abandoning module SmartSnapping (185)
[2016.07.27-13.22.59:335][595]LogModuleManager: Shutting down and abandoning module ViewportSnapping (184)
[2016.07.27-13.22.59:335][595]LogModuleManager: Shutting down and abandoning module LogVisualizer (183)
[2016.07.27-13.22.59:335][595]LogModuleManager: Shutting down and abandoning module GameProjectGeneration (182)
[2016.07.27-13.22.59:335][595]LogModuleManager: Shutting down and abandoning module IntroTutorials (181)
[2016.07.27-13.22.59:335][595]LogModuleManager: Shutting down and abandoning module EditorLiveStreaming (180)
[2016.07.27-13.22.59:335][595]LogModuleManager: Shutting down and abandoning module IOSPlatformEditor (179)
[2016.07.27-13.22.59:335][595]LogModuleManager: Shutting down and abandoning module HTML5PlatformEditor (178)
[2016.07.27-13.22.59:335][595]LogModuleManager: Shutting down and abandoning module AndroidDeviceDetection (177)
[2016.07.27-13.22.59:655][595]LogModuleManager: Shutting down and abandoning module AndroidPlatformEditor (176)
[2016.07.27-13.22.59:655][595]LogModuleManager: Shutting down and abandoning module IOSRuntimeSettings (175)
[2016.07.27-13.22.59:655][595]LogModuleManager: Shutting down and abandoning module AndroidRuntimeSettings (174)
[2016.07.27-13.22.59:655][595]LogModuleManager: Shutting down and abandoning module MergeActors (173)
[2016.07.27-13.22.59:655][595]LogModuleManager: Shutting down and abandoning module SizeMap (172)
[2016.07.27-13.22.59:655][595]LogModuleManager: Shutting down and abandoning module TreeMap (171)
[2016.07.27-13.22.59:655][595]LogModuleManager: Shutting down and abandoning module ReferenceViewer (170)
[2016.07.27-13.22.59:655][595]LogModuleManager: Shutting down and abandoning module LocalizationService (169)
[2016.07.27-13.22.59:655][595]LogModuleManager: Shutting down and abandoning module LocalizationDashboard (168)
[2016.07.27-13.22.59:655][595]LogModuleManager: Shutting down and abandoning module HardwareTargeting (167)
[2016.07.27-13.22.59:655][595]LogModuleManager: Shutting down and abandoning module DeviceProfileEditor (166)
[2016.07.27-13.22.59:655][595]LogModuleManager: Shutting down and abandoning module UndoHistory (165)
[2016.07.27-13.22.59:655][595]LogModuleManager: Shutting down and abandoning module UserFeedback (164)
[2016.07.27-13.22.59:655][595]LogModuleManager: Shutting down and abandoning module XmlParser (163)
[2016.07.27-13.22.59:655][595]LogModuleManager: Shutting down and abandoning module Blutility (162)
[2016.07.27-13.22.59:655][595]LogModuleManager: Shutting down and abandoning module ProjectTargetPlatformEditor (161)
[2016.07.27-13.22.59:656][595]LogModuleManager: Shutting down and abandoning module ProjectSettingsViewer (160)
[2016.07.27-13.22.59:656][595]LogModuleManager: Shutting down and abandoning module InputBindingEditor (159)
[2016.07.27-13.22.59:656][595]LogModuleManager: Shutting down and abandoning module EditorSettingsViewer (158)
[2016.07.27-13.22.59:656][595]LogModuleManager: Shutting down and abandoning module SettingsEditor (157)
[2016.07.27-13.22.59:656][595]LogModuleManager: Shutting down and abandoning module ProjectLauncher (156)
[2016.07.27-13.22.59:656][595]LogModuleManager: Shutting down and abandoning module SessionFrontend (155)
[2016.07.27-13.22.59:656][595]LogModuleManager: Shutting down and abandoning module ProfilerClient (154)
[2016.07.27-13.22.59:656][595]LogModuleManager: Shutting down and abandoning module TargetDeviceServices (153)
[2016.07.27-13.22.59:656][595]LogModuleManager: Shutting down and abandoning module DeviceManager (152)
[2016.07.27-13.22.59:700][595]LogModuleManager: Shutting down and abandoning module AutomationController (151)
[2016.07.27-13.22.59:700][595]LogModuleManager: Shutting down and abandoning module AutomationWindow (150)
[2016.07.27-13.22.59:700][595]LogModuleManager: Shutting down and abandoning module Layers (149)
[2016.07.27-13.22.59:700][595]LogModuleManager: Shutting down and abandoning module ComponentVisualizers (148)
[2016.07.27-13.22.59:700][595]LogModuleManager: Shutting down and abandoning module DetailCustomizations (147)
[2016.07.27-13.22.59:700][595]LogModuleManager: Shutting down and abandoning module PackagesDialog (146)
[2016.07.27-13.22.59:700][595]LogModuleManager: Shutting down and abandoning module Persona (145)
[2016.07.27-13.22.59:700][595]LogModuleManager: Shutting down and abandoning module Kismet (144)
[2016.07.27-13.22.59:700][595]LogModuleManager: Shutting down and abandoning module GraphEditor (143)
[2016.07.27-13.22.59:700][595]LogModuleManager: Shutting down and abandoning module ClassViewer (142)
[2016.07.27-13.22.59:702][595]LogModuleManager: Shutting down and abandoning module Toolbox (141)
[2016.07.27-13.22.59:703][595]LogModuleManager: Shutting down and abandoning module ModuleUI (140)
[2016.07.27-13.22.59:703][595]LogModuleManager: Shutting down and abandoning module MovieSceneTools (139)
[2016.07.27-13.22.59:703][595]LogModuleManager: Shutting down and abandoning module OutputLog (138)
[2016.07.27-13.22.59:703][595]LogModuleManager: Shutting down and abandoning module GammaUI (137)
[2016.07.27-13.22.59:703][595]LogModuleManager: Shutting down and abandoning module Documentation (136)
[2016.07.27-13.22.59:703][595]LogModuleManager: Shutting down and abandoning module StreamingPauseRendering (135)
[2016.07.27-13.22.59:703][595]LogModuleManager: Shutting down and abandoning module AnalyticsET (134)
[2016.07.27-13.22.59:703][595]LogModuleManager: Shutting down and abandoning module Analytics (133)
[2016.07.27-13.22.59:703][595]LogModuleManager: Shutting down and abandoning module PortalServices (132)
[2016.07.27-13.22.59:703][595]LogModuleManager: Shutting down and abandoning module PortalRpc (131)
[2016.07.27-13.22.59:703][595]LogModuleManager: Shutting down and abandoning module MessagingRpc (130)
[2016.07.27-13.22.59:703][595]LogModuleManager: Shutting down and abandoning module AITestSuite (129)
[2016.07.27-13.22.59:703][595]LogModuleManager: Shutting down and abandoning module GameplayDebugger (128)
[2016.07.27-13.22.59:703][595]LogModuleManager: Shutting down and abandoning module AIModule (127)
[2016.07.27-13.22.59:703][595]LogModuleManager: Shutting down and abandoning module ProfilerService (126)
[2016.07.27-13.22.59:921][595]LogModuleManager: Shutting down and abandoning module TaskGraph (125)
[2016.07.27-13.22.59:921][595]LogModuleManager: Shutting down and abandoning module SlateRemote (124)
[2016.07.27-13.22.59:921][595]LogModuleManager: Shutting down and abandoning module SteamVRController (123)
[2016.07.27-13.22.59:921][595]LogModuleManager: Shutting down and abandoning module SteamVR (122)
[2016.07.27-13.22.59:921][595]LogModuleManager: Shutting down and abandoning module ProceduralMeshComponent (121)
[2016.07.27-13.22.59:921][595]LogModuleManager: Shutting down and abandoning module OculusLibrary (120)
[2016.07.27-13.22.59:921][595]LogModuleManager: Shutting down and abandoning module OculusInput (119)
[2016.07.27-13.22.59:922][595]LogModuleManager: Shutting down and abandoning module CustomMeshComponent (118)
[2016.07.27-13.22.59:922][595]LogModuleManager: Shutting down and abandoning module CableComponent (117)
[2016.07.27-13.22.59:922][595]LogModuleManager: Shutting down and abandoning module ArchVisCharacter (116)
[2016.07.27-13.22.59:922][595]LogModuleManager: Shutting down and abandoning module MediaPlayerEditor (115)
[2016.07.27-13.22.59:924][595]LogModuleManager: Shutting down and abandoning module HTML5Networking (114)
[2016.07.27-13.22.59:924][595]LogModuleManager: Shutting down and abandoning module SpeedTreeImporter (113)
[2016.07.27-13.22.59:924][595]LogModuleManager: Shutting down and abandoning module PluginBrowser (112)
[2016.07.27-13.22.59:924][595]LogModuleManager: Shutting down and abandoning module EpicSurvey (111)
[2016.07.27-13.22.59:924][595]LogModuleManager: Shutting down and abandoning module DesktopPlatform (110)
[2016.07.27-13.22.59:924][595]LogModuleManager: Shutting down and abandoning module VisualStudioSourceCodeAccess (109)
[2016.07.27-13.22.59:924][595]LogModuleManager: Shutting down and abandoning module UObjectPlugin (108)
[2016.07.27-13.22.59:924][595]LogModuleManager: Shutting down and abandoning module SubversionSourceControl (107)
[2016.07.27-13.22.59:924][595]LogModuleManager: Shutting down and abandoning module PerforceSourceControl (106)
[2016.07.27-13.22.59:924][595]LogModuleManager: Shutting down and abandoning module SourceControl (105)
[2016.07.27-13.22.59:924][595]LogModuleManager: Shutting down and abandoning module GitSourceControl (104)
[2016.07.27-13.22.59:924][595]LogModuleManager: Shutting down and abandoning module LightPropagationVolumeEditor (103)
[2016.07.27-13.22.59:924][595]LogModuleManager: Shutting down and abandoning module PaperTiledImporter (102)
[2016.07.27-13.22.59:924][595]LogModuleManager: Shutting down and abandoning module PaperSpriteSheetImporter (101)
[2016.07.27-13.22.59:924][595]LogModuleManager: Shutting down and abandoning module MeshPaint (100)
[2016.07.27-13.22.59:924][595]LogModuleManager: Shutting down and abandoning module HotReload (99)
[2016.07.27-13.22.59:925][595]LogModuleManager: Shutting down and abandoning module MainFrame (98)
[2016.07.27-13.22.59:925][595]LogModuleManager: Shutting down and abandoning module LevelEditor (97)
[2016.07.27-13.22.59:927][595]LogModuleManager: Shutting down and abandoning module DirectoryWatcher (96)
[2016.07.27-13.22.59:933][595]LogModuleManager: Shutting down and abandoning module AssetRegistry (95)
[2016.07.27-13.23.00:784][595]LogModuleManager: Shutting down and abandoning module ContentBrowser (94)
[2016.07.27-13.23.00:787][595]LogModuleManager: Shutting down and abandoning module Paper2DEditor (93)
[2016.07.27-13.23.00:787][595]LogModuleManager: Shutting down and abandoning module UdpMessaging (92)
[2016.07.27-13.23.00:888][595]LogModuleManager: Shutting down and abandoning module LightPropagationVolumeRuntime (91)
[2016.07.27-13.23.00:888][595]LogModuleManager: Shutting down and abandoning module Paper2D (90)
[2016.07.27-13.23.00:888][595]LogModuleManager: Shutting down and abandoning module WindowsMoviePlayer (89)
[2016.07.27-13.23.00:888][595]LogModuleManager: Shutting down and abandoning module Media (88)
[2016.07.27-13.23.00:888][595]LogModuleManager: Shutting down and abandoning module WmfMedia (87)
[2016.07.27-13.23.00:888][595]LogModuleManager: Shutting down and abandoning module MediaAssets (86)
[2016.07.27-13.23.00:888][595]LogModuleManager: Shutting down and abandoning module GameLiveStreaming (85)
[2016.07.27-13.23.00:888][595]LogModuleManager: Shutting down and abandoning module GameplayTagsEditor (84)
[2016.07.27-13.23.00:888][595]LogModuleManager: Shutting down and abandoning module OnlineBlueprintSupport (83)
[2016.07.27-13.23.00:888][595]LogModuleManager: Shutting down and abandoning module GameplayTasksEditor (82)
[2016.07.27-13.23.00:888][595]LogModuleManager: Shutting down and abandoning module PropertyEditor (81)
[2016.07.27-13.23.00:888][595]LogModuleManager: Shutting down and abandoning module BehaviorTreeEditor (80)
[2016.07.27-13.23.00:888][595]LogModuleManager: Shutting down and abandoning module FunctionalTesting (79)
[2016.07.27-13.23.00:888][595]LogModuleManager: Shutting down and abandoning module CollisionAnalyzer (78)
[2016.07.27-13.23.00:888][595]LogModuleManager: Shutting down and abandoning module WorkspaceMenuStructure (77)
[2016.07.27-13.23.00:888][595]LogModuleManager: Shutting down and abandoning module MessageLog (76)
[2016.07.27-13.23.00:888][595]LogModuleManager: Shutting down and abandoning module Sequencer (75)
[2016.07.27-13.23.00:888][595]LogModuleManager: Shutting down and abandoning module AssetTools (74)
[2016.07.27-13.23.00:888][595]LogModuleManager: Shutting down and abandoning module UMGEditor (73)
[2016.07.27-13.23.00:888][595]LogModuleManager: Shutting down and abandoning module UMG (72)
[2016.07.27-13.23.00:889][595]LogModuleManager: Shutting down and abandoning module SlateReflector (71)
[2016.07.27-13.23.00:889][595]LogModuleManager: Shutting down and abandoning module Slate (70)
[2016.07.27-13.23.00:889][595]LogModuleManager: Shutting down and abandoning module EditorStyle (69)
[2016.07.27-13.23.00:892][595]LogModuleManager: Shutting down and abandoning module SessionServices (68)
[2016.07.27-13.23.00:892][595]LogModuleManager: Shutting down and abandoning module SourceCodeAccess (67)
[2016.07.27-13.23.00:892][595]LogModuleManager: Shutting down and abandoning module HeadMountedDisplay (66)
[2016.07.27-13.23.00:892][595]LogModuleManager: Shutting down and abandoning module XAudio2 (65)
[2016.07.27-13.23.00:892][595]LogModuleManager: Shutting down and abandoning module Networking (63)
[2016.07.27-13.23.00:892][595]LogModuleManager: Shutting down and abandoning module Core (62)
[2016.07.27-13.23.00:892][595]LogModuleManager: Shutting down and abandoning module KismetCompiler (61)
[2016.07.27-13.23.00:892][595]LogModuleManager: Shutting down and abandoning module PhysXFormats (60)
[2016.07.27-13.23.00:892][595]LogModuleManager: Shutting down and abandoning module MeshUtilities (59)
[2016.07.27-13.23.00:892][595]LogModuleManager: Shutting down and abandoning module CookingStats (58)
[2016.07.27-13.23.00:892][595]LogModuleManager: Shutting down and abandoning module DerivedDataCache (57)
[2016.07.27-13.23.00:892][595]LogDerivedDataCache: Shutdown
[2016.07.27-13.23.00:892][595]LogModuleManager: Shutting down and abandoning module ShaderFormatOpenGL (56)
[2016.07.27-13.23.00:892][595]LogModuleManager: Shutting down and abandoning module ShaderFormatD3D (55)
[2016.07.27-13.23.00:892][595]LogModuleManager: Shutting down and abandoning module MetalShaderFormat (54)
[2016.07.27-13.23.00:892][595]LogModuleManager: Shutting down and abandoning module TextureFormatUncompressed (53)
[2016.07.27-13.23.00:892][595]LogModuleManager: Shutting down and abandoning module TextureFormatPVR (52)
[2016.07.27-13.23.00:892][595]LogModuleManager: Shutting down and abandoning module TextureFormatIntelISPCTexComp (51)
[2016.07.27-13.23.00:892][595]LogModuleManager: Shutting down and abandoning module TextureFormatDXT (50)
[2016.07.27-13.23.00:892][595]LogModuleManager: Shutting down and abandoning module ImageWrapper (49)
[2016.07.27-13.23.00:892][595]LogModuleManager: Shutting down and abandoning module TextureFormatASTC (48)
[2016.07.27-13.23.00:892][595]LogModuleManager: Shutting down and abandoning module TextureFormatAndroid (47)
[2016.07.27-13.23.00:892][595]LogModuleManager: Shutting down and abandoning module AudioFormatOpus (46)
[2016.07.27-13.23.00:892][595]LogModuleManager: Shutting down and abandoning module AudioFormatOgg (45)
[2016.07.27-13.23.00:893][595]LogModuleManager: Shutting down and abandoning module AudioFormatADPCM (44)
[2016.07.27-13.23.00:893][595]LogModuleManager: Shutting down and abandoning module LinuxTargetPlatform (43)
[2016.07.27-13.23.00:893][595]LogModuleManager: Shutting down and abandoning module LinuxServerTargetPlatform (42)
[2016.07.27-13.23.00:893][595]LogModuleManager: Shutting down and abandoning module LinuxNoEditorTargetPlatform (41)
[2016.07.27-13.23.00:893][595]LogModuleManager: Shutting down and abandoning module TVOSTargetPlatform (40)
[2016.07.27-13.23.00:893][595]LogModuleManager: Shutting down and abandoning module Messaging (39)
[2016.07.27-13.23.00:893][595]LogModuleManager: Shutting down and abandoning module IOSTargetPlatform (38)
[2016.07.27-13.23.00:893][595]LogModuleManager: Shutting down and abandoning module HTML5TargetPlatform (37)
[2016.07.27-13.23.00:893][595]LogModuleManager: Shutting down and abandoning module Android_PVRTCTargetPlatform (36)
[2016.07.27-13.23.00:893][595]LogModuleManager: Shutting down and abandoning module Android_MultiTargetPlatform (35)
[2016.07.27-13.23.00:893][595]LogModuleManager: Shutting down and abandoning module Android_ETC2TargetPlatform (34)
[2016.07.27-13.23.00:893][595]LogModuleManager: Shutting down and abandoning module Android_ETC1TargetPlatform (33)
[2016.07.27-13.23.00:893][595]LogModuleManager: Shutting down and abandoning module Android_DXTTargetPlatform (32)
[2016.07.27-13.23.00:893][595]LogModuleManager: Shutting down and abandoning module Android_ATCTargetPlatform (31)
[2016.07.27-13.23.00:893][595]LogModuleManager: Shutting down and abandoning module Android_ASTCTargetPlatform (30)
[2016.07.27-13.23.00:893][595]LogModuleManager: Shutting down and abandoning module AndroidTargetPlatform (29)
[2016.07.27-13.23.00:893][595]LogModuleManager: Shutting down and abandoning module WindowsTargetPlatform (28)
[2016.07.27-13.23.00:893][595]LogModuleManager: Shutting down and abandoning module WindowsServerTargetPlatform (27)
[2016.07.27-13.23.00:893][595]LogModuleManager: Shutting down and abandoning module WindowsNoEditorTargetPlatform (26)
[2016.07.27-13.23.00:893][595]LogModuleManager: Shutting down and abandoning module WindowsClientTargetPlatform (25)
[2016.07.27-13.23.00:893][595]LogModuleManager: Shutting down and abandoning module AllDesktopTargetPlatform (24)
[2016.07.27-13.23.00:893][595]LogModuleManager: Shutting down and abandoning module TargetPlatform (23)
[2016.07.27-13.23.00:893][595]LogModuleManager: Shutting down and abandoning module InputCore (22)
[2016.07.27-13.23.00:893][595]LogModuleManager: Shutting down and abandoning module Settings (21)
[2016.07.27-13.23.00:894][595]LogModuleManager: Shutting down and abandoning module OnlineSubsystem (19)
[2016.07.27-13.23.00:894][595]LogModuleManager: Shutting down and abandoning module HTTP (18)
[2016.07.27-13.23.03:402][595]LogModuleManager: Shutting down and abandoning module XMPP (17)
[2016.07.27-13.23.03:402][595]LogModuleManager: Shutting down and abandoning module OculusRift (16)
[2016.07.27-13.23.03:402][595]LogModuleManager: Shutting down and abandoning module ExampleDeviceProfileSelector (15)
[2016.07.27-13.23.03:402][595]LogModuleManager: Shutting down and abandoning module TextureCompressor (14)
[2016.07.27-13.23.03:402][595]LogModuleManager: Shutting down and abandoning module ShaderCore (13)
[2016.07.27-13.23.03:402][595]LogModuleManager: Shutting down and abandoning module Landscape (12)
[2016.07.27-13.23.03:402][595]LogModuleManager: Shutting down and abandoning module SlateRHIRenderer (11)
[2016.07.27-13.23.03:406][595]LogModuleManager: Shutting down and abandoning module OpenGLDrv (10)
[2016.07.27-13.23.03:406][595]LogModuleManager: Shutting down and abandoning module D3D11RHI (9)
[2016.07.27-13.23.03:406][595]LogModuleManager: Shutting down and abandoning module AnimGraphRuntime (8)
[2016.07.27-13.23.03:406][595]LogModuleManager: Shutting down and abandoning module Renderer (7)
[2016.07.27-13.23.03:406][595]LogModuleManager: Shutting down and abandoning module Engine (6)
[2016.07.27-13.23.03:407][595]LogModuleManager: Shutting down and abandoning module CoreUObject (5)
[2016.07.27-13.23.03:407][595]LogModuleManager: Shutting down and abandoning module NetworkFile (4)
[2016.07.27-13.23.03:407][595]LogModuleManager: Shutting down and abandoning module StreamingFile (3)
[2016.07.27-13.23.03:407][595]LogModuleManager: Shutting down and abandoning module SandboxFile (2)
[2016.07.27-13.23.03:407][595]LogModuleManager: Shutting down and abandoning module PakFile (1)
[2016.07.27-13.23.03:409][595]LogExit: Exiting.
[2016.07.27-13.23.03:420][595]Log file closed, 07/27/16 23:23:03
