Log file open, 07/25/16 23:01:42
LogInit:Display: Running engine for game: Uptime
LogPlatformFile: Not using cached read wrapper
LogInit:Display: RandInit(-1419466881) SRandInit(-1419466880).
LogTaskGraph: Started task graph with 4 named threads and 5 total threads.
LogStats: Stats thread started at 0.068416
LogInit: Version: 4.11.2-2946394+++UE4+Release-4.11
LogInit: API Version: 2927265
LogInit: Compiled (64-bit): Apr 18 2016 02:18:46
LogInit: Compiled with Visual C++: 19.00.23026.00
LogInit: Build Configuration: Development
LogInit: Branch Name: ++UE4+Release-4.11
LogInit: Command line:  
LogInit: Base directory: D:/UE4/Epic Games/4.11/Engine/Binaries/Win64/
LogInit: Installed Engine Build: 1
LogInit: Using libcurl 7.41.0
LogInit:  - built for x86_64-pc-win32
LogInit:  - supports SSL with WinSSL
LogInit:  - other features:
LogInit:      CURL_VERSION_SSL
LogInit:      CURL_VERSION_IPV6
LogInit:      CURL_VERSION_ASYNCHDNS
LogInit:      CURL_VERSION_LARGEFILE
LogInit:      CURL_VERSION_IDN
LogInit:  CurlRequestOptions (configurable via config and command line):
LogInit:  - bVerifyPeer = true  - Libcurl will verify peer certificate
LogInit:  - bUseHttpProxy = false  - Libcurl will NOT use HTTP proxy
LogInit:  - bDontReuseConnections = false  - Libcurl will reuse connections
LogInit:  - CertBundlePath = nullptr  - Libcurl will use whatever was configured at build time.
LogInit: Presizing for max 16777216 objects, including 0 objects not considered by GC, pre-allocating 0 bytes for permanent pool.
LogInit: Object subsystem initialized
[2016.07.25-13.01.43:117][  0]LogInit: Selected Device Profile: [Windows]
[2016.07.25-13.01.43:117][  0]LogInit: Applying CVar settings loaded from the selected device profile: [Windows]
[2016.07.25-13.01.43:129][  0]LogInit: Computer: RISUKUN-PC
[2016.07.25-13.01.43:129][  0]LogInit: User: Risukun
[2016.07.25-13.01.43:129][  0]LogInit: CPU Page size=65536, Cores=2
[2016.07.25-13.01.43:129][  0]LogInit: High frequency timer resolution =2.929359 MHz
[2016.07.25-13.01.43:129][  0]LogMemory: Memory total: Physical=4.0GB (4GB approx)
[2016.07.25-13.01.43:129][  0]LogMemory: Platform Memory Stats for Windows
[2016.07.25-13.01.43:129][  0]LogMemory: Process Physical Memory: 312.10 MB used, 312.10 MB peak
[2016.07.25-13.01.43:129][  0]LogMemory: Process Virtual Memory: 314.35 MB used, 314.35 MB peak
[2016.07.25-13.01.43:129][  0]LogMemory: Physical Memory: 3183.37 MB used, 4094.49 MB total
[2016.07.25-13.01.43:129][  0]LogMemory: Virtual Memory: 646.11 MB used, 134217728.00 MB total
[2016.07.25-13.01.43:173][  0]LogTextLocalizationManager: No specific translations for ('en-US') exist, so ('en') translations will be used.
[2016.07.25-13.01.43:922][  0]LogD3D11RHI: D3D11 adapters:
[2016.07.25-13.01.43:945][  0]LogD3D11RHI:    0. 'NVIDIA GeForce 9600 GT' (Feature Level 10_0)
[2016.07.25-13.01.43:945][  0]LogD3D11RHI:       999MB of dedicated video memory, 0MB of dedicated system memory, and 2047MB of shared system memory, 1 output[s]
[2016.07.25-13.01.43:947][  0]LogD3D11RHI:    1. 'Microsoft Basic Render Driver' (Feature Level 11_0)
[2016.07.25-13.01.43:947][  0]LogD3D11RHI:       0MB of dedicated video memory, 0MB of dedicated system memory, and 2047MB of shared system memory, 0 output[s]
[2016.07.25-13.01.43:947][  0]LogD3D11RHI: Chosen D3D11 Adapter: 0
[2016.07.25-13.01.43:971][  0]LogD3D11RHI: Creating new Direct3DDevice
[2016.07.25-13.01.43:971][  0]LogD3D11RHI:     Adapter Name: NVIDIA GeForce 9600 GT
[2016.07.25-13.01.43:971][  0]LogD3D11RHI:   Driver Version: Unknown (internal Unknown)
[2016.07.25-13.01.43:971][  0]LogD3D11RHI:      Driver Date: Unknown
[2016.07.25-13.01.43:971][  0]LogRHI: Texture pool is 699 MB (70% of 999 MB)
[2016.07.25-13.01.43:984][  0]LogD3D11RHI: Async texture creation enabled
[2016.07.25-13.01.44:004][  0]LogShaderCompilers: Guid format shader working directory is 7 characters bigger than the processId version (C:/Users/Risukun/Documents/GitHub/Uptime/Intermediate/Shaders/WorkingDirectory/54860/).
[2016.07.25-13.01.44:004][  0]LogShaderCompilers: Cleaned the shader compiler working directory 'C:/Users/Risukun/AppData/Local/Temp/UnrealShaderWorkingDir/0C1616984B4268E7F1D0A2B87AFD4E5A/'.
[2016.07.25-13.01.44:004][  0]LogShaderCompilers:Display: Using Local Shader Compiler.
[2016.07.25-13.01.45:639][  0]LogTemp:Display: Loaded TP AllDesktopTargetPlatform
[2016.07.25-13.01.45:647][  0]LogTemp:Display: Loaded TP WindowsClientTargetPlatform
[2016.07.25-13.01.45:654][  0]LogTemp:Display: Loaded TP WindowsNoEditorTargetPlatform
[2016.07.25-13.01.45:661][  0]LogTemp:Display: Loaded TP WindowsServerTargetPlatform
[2016.07.25-13.01.45:668][  0]LogTemp:Display: Loaded TP WindowsTargetPlatform
[2016.07.25-13.01.45:673][  0]LogTemp:Display: Loaded TP AndroidTargetPlatform
[2016.07.25-13.01.45:679][  0]LogTemp:Display: Loaded TP Android_ASTCTargetPlatform
[2016.07.25-13.01.45:684][  0]LogTemp:Display: Loaded TP Android_ATCTargetPlatform
[2016.07.25-13.01.45:689][  0]LogTemp:Display: Loaded TP Android_DXTTargetPlatform
[2016.07.25-13.01.45:694][  0]LogTemp:Display: Loaded TP Android_ETC1TargetPlatform
[2016.07.25-13.01.45:699][  0]LogTemp:Display: Loaded TP Android_ETC2TargetPlatform
[2016.07.25-13.01.45:709][  0]LogTemp:Display: Loaded TP Android_MultiTargetPlatform
[2016.07.25-13.01.45:709][  0]LogTemp:Display: Loaded TP Android_PVRTCTargetPlatform
[2016.07.25-13.01.45:711][  0]LogTemp:Display: Loaded TP HTML5TargetPlatform
[2016.07.25-13.01.45:732][  0]LogTemp:Display: Loaded TP IOSTargetPlatform
[2016.07.25-13.01.45:736][  0]LogTemp:Display: Loaded TP TVOSTargetPlatform
[2016.07.25-13.01.45:741][  0]LogTemp:Display: Loaded TP LinuxNoEditorTargetPlatform
[2016.07.25-13.01.45:746][  0]LogTemp:Display: Loaded TP LinuxServerTargetPlatform
[2016.07.25-13.01.45:751][  0]LogTemp:Display: Loaded TP LinuxTargetPlatform
[2016.07.25-13.01.45:752][  0]LogTargetPlatformManager:Display: Building Assets For Windows
[2016.07.25-13.01.45:860][  0]LogDerivedDataCache:Display: Max Cache Size: 512 MB
[2016.07.25-13.01.45:973][  0]LogDerivedDataCache: Loaded boot cache 0.11s 40MB C:/Users/Risukun/AppData/Local/UnrealEngine/4.11/DerivedDataCache/Boot.ddc.
[2016.07.25-13.01.45:973][  0]LogDerivedDataCache:Display: Loaded Boot cache: C:/Users/Risukun/AppData/Local/UnrealEngine/4.11/DerivedDataCache/Boot.ddc
[2016.07.25-13.01.45:974][  0]LogDerivedDataCache: FDerivedDataBackendGraph:  Pak pak cache file C:/Users/Risukun/Documents/GitHub/Uptime/DerivedDataCache/DDC.ddp not found, will not use a pak cache.
[2016.07.25-13.01.45:974][  0]LogDerivedDataCache: Unable to find inner node Pak for hierarchical cache Hierarchy.
[2016.07.25-13.01.45:974][  0]LogDerivedDataCache: FDerivedDataBackendGraph:  CompressedPak pak cache file C:/Users/Risukun/Documents/GitHub/Uptime/DerivedDataCache/Compressed.ddp not found, will not use a pak cache.
[2016.07.25-13.01.45:974][  0]LogDerivedDataCache: Unable to find inner node CompressedPak for hierarchical cache Hierarchy.
[2016.07.25-13.01.46:001][  0]LogDerivedDataCache:Display: Pak cache opened for reading ../../../Engine/DerivedDataCache/Compressed.ddp.
[2016.07.25-13.01.46:013][  0]LogDerivedDataCache: Using Local data cache path C:/Users/Risukun/AppData/Local/UnrealEngine/Common/DerivedDataCache: Writable
[2016.07.25-13.01.46:282][  0]LogInit: Selected Device Profile: [Windows]
[2016.07.25-13.01.46:283][  0]LogContentStreaming: Texture pool size is 0.00 MB
[2016.07.25-13.01.46:340][  0]LogMaterial: Uniform references updated for custom material expression Custom.
[2016.07.25-13.01.46:516][  0]LogMeshUtilities: No automatic mesh reduction module available
[2016.07.25-13.01.46:516][  0]LogMeshUtilities: No automatic mesh merging module available
[2016.07.25-13.01.46:516][  0]LogMeshUtilities: No distributed automatic mesh merging module available
[2016.07.25-13.01.46:972][  0]LogUObjectArray: 27679 objects as part of root set at end of initial load.
[2016.07.25-13.01.46:972][  0]LogUObjectAllocator: 5591592 out of 0 bytes used by permanent object pool.
[2016.07.25-13.01.46:972][  0]LogUObjectArray: CloseDisregardForGC: 0/0 objects in disregard for GC pool
[2016.07.25-13.01.46:982][  0]LogInit: WinSock: version 1.1 (2.2), MaxSocks=32767, MaxUdp=65467
[2016.07.25-13.01.47:103][  0]LogSlate: SlateFontCache - WITH_FREETYPE: 1, WITH_HARFBUZZ: 1
[2016.07.25-13.01.47:103][  0]LogSlate: SlateFontCache - WITH_FREETYPE: 1, WITH_HARFBUZZ: 1
[2016.07.25-13.01.47:252][  0]LogStreaming:Warning: Failed to read file '../../../Engine/Content/Editor/Slate/Common/Selection_16x.png' error.
[2016.07.25-13.01.47:252][  0]LogSlate: Could not find file for Slate resource: ../../../Engine/Content/Editor/Slate/Common/Selection_16x.png
[2016.07.25-13.01.47:252][  0]LogStreaming:Warning: Failed to read file '../../../Engine/Content/Editor/Slate/Common/Selection_16x.png' error.
[2016.07.25-13.01.47:252][  0]LogSlate: Could not find file for Slate resource: ../../../Engine/Content/Editor/Slate/Common/Selection_16x.png
[2016.07.25-13.01.47:252][  0]LogStreaming:Warning: Failed to read file '../../../Engine/Content/Editor/Slate/Common/Selection_16x.png' error.
[2016.07.25-13.01.47:253][  0]LogSlate: Could not find file for Slate resource: ../../../Engine/Content/Editor/Slate/Common/Selection_16x.png
[2016.07.25-13.01.48:096][  0]LogUdpMessaging: Initializing bridge on interface 0.0.0.0:0 to multicast group 230.0.0.1:6666.
[2016.07.25-13.01.48:228][  0]LogAssetRegistry: FAssetRegistry took 0.0223 seconds to start up
[2016.07.25-13.01.48:433][  0]SourceControl: Info Source control is disabled
[2016.07.25-13.01.48:572][  0]SourceControl: Info Source control is disabled
[2016.07.25-13.01.48:585][  0]SourceControl: Info Source control is disabled
[2016.07.25-13.01.48:597][  0]SourceControl: Info Source control is disabled
[2016.07.25-13.01.48:772][  0]LogHMD: Failed to initialize OpenVR with code 110
[2016.07.25-13.01.48:875][  0]LogEngine: Initializing Engine...
[2016.07.25-13.01.49:070][  0]LogAIModule: Creating AISystem for world NewWorld
[2016.07.25-13.01.49:078][  0]LogInit: XAudio2 using 'Digital Audio (S/PDIF) (High Definition Audio Device)' : 2 channels at 44.1 kHz using 16 bits per sample (channel mask 0x3)
[2016.07.25-13.01.49:095][  0]LogInit: FAudioDevice initialized.
[2016.07.25-13.01.49:142][  0]LogDerivedDataCache: Saved boot cache 0.05s 40MB C:/Users/Risukun/AppData/Local/UnrealEngine/4.11/DerivedDataCache/Boot.ddc.
[2016.07.25-13.01.49:163][  0]LogInit: Texture streaming: Enabled
[2016.07.25-13.01.49:209][  0]LogInit: Transaction tracking system initialized
[2016.07.25-13.01.49:248][  0]BlueprintLog: New page: Editor Load
[2016.07.25-13.01.49:354][  0]LocalizationService: Info Localization service is disabled
[2016.07.25-13.01.49:599][  0]LogConsoleResponse:Display: 
[2016.07.25-13.01.49:754][  0]LogCook:Display: Max memory allowance for cook 8192mb
[2016.07.25-13.01.49:754][  0]LogCook:Display: Mobile HDR setting 1
[2016.07.25-13.01.49:754][  0]LogCook:Display: Done creating registry. It took  0.00s.
[2016.07.25-13.01.49:848][  0]LogFileCache: Scanning file cache for directory 'C:/Users/Risukun/Documents/GitHub/Uptime/Content/' took 0.02s
[2016.07.25-13.01.49:848][  0]SourceControl: Info Source control is disabled
[2016.07.25-13.01.49:848][  0]Cmd: MAP LOAD FILE="C:/Users/Risukun/Documents/GitHub/Uptime/Content/Maps/UptimeLevel.umap" TEMPLATE=0 SHOWPROGRESS=1 FEATURELEVEL=2
[2016.07.25-13.01.49:851][  0]LightingResults: New page: Lighting Build
[2016.07.25-13.01.49:855][  0]MapCheck: New page: Map Check
[2016.07.25-13.01.49:855][  0]LightingResults: New page: Lighting Build
[2016.07.25-13.01.50:809][  0]LogAIModule: Creating AISystem for world UptimeLevel
[2016.07.25-13.01.50:861][  0]LogEditorServer: Finished looking for orphan Actors (0.000 secs)
[2016.07.25-13.01.50:867][  0]Cmd: MAP CHECKDEP NOCLEARLOG
[2016.07.25-13.01.50:952][  0]MapCheck: Info Map check complete: 0 Error(s), 0 Warning(s), took 85.182ms to complete.
[2016.07.25-13.01.50:952][  0]LogFileHelpers: Loading map 'UptimeLevel' took 1.104
[2016.07.25-13.01.51:115][  0]LogCollectionManager: Loaded 0 collections in 0.003034 seconds
[2016.07.25-13.01.51:158][  0]LogFileCache: Scanning file cache for directory 'C:/Users/Risukun/Documents/GitHub/Uptime/Saved/Collections/' took 0.01s
[2016.07.25-13.01.51:158][  0]LogFileCache: Scanning file cache for directory 'C:/Users/Risukun/Documents/GitHub/Uptime/Content/Developers/Risukun/Collections/' took 0.01s
[2016.07.25-13.01.51:158][  0]LogFileCache: Scanning file cache for directory 'C:/Users/Risukun/Documents/GitHub/Uptime/Content/Collections/' took 0.01s
[2016.07.25-13.01.51:158][  0]LogCollectionManager: Rebuilt the GUID cache for 0 collections in 0.000004 seconds
[2016.07.25-13.01.51:173][  0]LogContentBrowser: Native class hierarchy populated in 0.0143 seconds. Added 1979 classes and 343 folders.
[2016.07.25-13.01.51:178][  0]LogStats: UGameplayTagsManager::ConstructGameplayTagTree: Construct from data asset -  0.000 s
[2016.07.25-13.01.51:178][  0]LogStats: UGameplayTagsManager::ConstructGameplayTagTree: GameplayTagTreeChangedEvent.Broadcast -  0.000 s
[2016.07.25-13.01.51:179][  0]LogContentBrowser: Native class hierarchy updated for 'GameplayTags' in 0.0007 seconds. Added 12 classes and 0 folders.
[2016.07.25-13.01.51:185][  0]LogContentBrowser: Native class hierarchy updated for 'WidgetCarousel' in 0.0005 seconds. Added 0 classes and 0 folders.
[2016.07.25-13.01.51:194][  0]LogContentBrowser: Native class hierarchy updated for 'SuperSearch' in 0.0006 seconds. Added 1 classes and 2 folders.
[2016.07.25-13.01.51:264][  0]LogContentBrowser: Native class hierarchy updated for 'AddContentDialog' in 0.0006 seconds. Added 0 classes and 0 folders.
[2016.07.25-13.01.51:270][  0]LogContentBrowser: Native class hierarchy updated for 'SceneOutliner' in 0.0012 seconds. Added 1 classes and 2 folders.
[2016.07.25-13.01.51:375][  0]LogCrashTracker: Crashtracker disabled due to settings.
[2016.07.25-13.01.51:385][  0]LogUObjectGlobals:Warning: Failed to find object 'Class None.'
[2016.07.25-13.01.51:416][  0]LogContentBrowser: Native class hierarchy updated for 'HierarchicalLODOutliner' in 0.0007 seconds. Added 1 classes and 2 folders.
[2016.07.25-13.01.51:416][  0]LogLoad: Full Startup: 9.50 seconds (BP compile: 0.06 seconds)
[2016.07.25-13.01.51:416][  0]LogExternalProfiler: Found external profiler: VSPerf
[2016.07.25-13.01.51:416][  0]LogExternalProfiler: Using external profiler: VSPerf
[2016.07.25-13.01.51:427][  0]LogWindowsTextInputMethodSystem:Display: IME system now deactivated.
[2016.07.25-13.01.51:427][  0]LogOcInput: OculusInput pre-init called
[2016.07.25-13.01.51:486][  0]LogContentStreaming: Texture pool size now 200 MB
[2016.07.25-13.01.51:710][  0]LogRenderer: Reallocating scene render targets to support 980x500 (Frame:2).
[2016.07.25-13.01.52:467][  4]LogAssetRegistry: Asset discovery search completed in 4.2616 seconds
[2016.07.25-13.01.52:467][  4]LogCollectionManager: Rebuilt the object cache for 0 collections in 0.000001 seconds (found 0 objects)
[2016.07.25-13.01.52:467][  4]LogCollectionManager: Fixed up redirectors for 0 collections in 0.000047 seconds (updated 0 objects)
[2016.07.25-13.02.48:901][742]LogContentBrowser: Native class hierarchy updated for 'BlueprintGraph' in 0.0012 seconds. Added 108 classes and 0 folders.
[2016.07.25-13.03.47:737][950]BlueprintLog: New page: Compile UptimeGameMode
[2016.07.25-13.03.47:834][950]LogActorComponent: UnregisterComponent: (/Engine/Transient.CharMoveComp) Not registered. Aborting.
[2016.07.25-13.03.47:834][950]LogActorComponent: UnregisterComponent: (/Engine/Transient.CharacterMovementComponent_0) Not registered. Aborting.
[2016.07.25-13.03.47:834][950]LogActorComponent: UnregisterComponent: (/Engine/Transient.CharacterMovementComponent_1) Not registered. Aborting.
[2016.07.25-13.03.48:022][950]BlueprintEditorCompileResults: Info [0126.10] Compile of UptimeGameMode successful! [in 284 ms]
[2016.07.25-13.03.48:798][960]Cmd: OBJ SAVEPACKAGE PACKAGE="/Game/StarterContent/Blueprints/UptimeGameMode" FILE="C:/Users/Risukun/Documents/GitHub/Uptime/Content/StarterContent/Blueprints/UptimeGameMode.uasset" SILENT=true
[2016.07.25-13.03.48:911][960]LogSavePackage: Save=96.79ms
[2016.07.25-13.03.48:911][960]LogSavePackage: Moving 'C:/Users/Risukun/Documents/GitHub/Uptime/Saved/UptimeGameMode4826951846D9711ECC6027A7B67BC5EF.tmp' to 'C:/Users/Risukun/Documents/GitHub/Uptime/Content/StarterContent/Blueprints/UptimeGameMode.uasset'
[2016.07.25-13.03.48:914][960]LogSavePackage: Total save time: 114.61ms
[2016.07.25-13.03.48:914][960]LogSavePackage:Display: Finished SavePackage C:/Users/Risukun/Documents/GitHub/Uptime/Content/StarterContent/Blueprints/UptimeGameMode.uasset
[2016.07.25-13.04.08:711][225]LogPlayLevel: PlayLevel: No blueprints needed recompiling
[2016.07.25-13.04.08:713][225]PIE: New page: SIE session: UptimeLevel (Jul 26, 2016, 9:04:08 AM)
[2016.07.25-13.04.08:713][225]LogPlayLevel: Creating play world package: /Game/Maps/UEDPIE_0_UptimeLevel
[2016.07.25-13.04.08:794][225]LogPlayLevel: PIE: StaticDuplicateObject took: (0.080487s)
[2016.07.25-13.04.08:795][225]LogAIModule: Creating AISystem for world UptimeLevel
[2016.07.25-13.04.08:795][225]LogPlayLevel: PIE: World Init took: (0.001258s)
[2016.07.25-13.04.08:796][225]LogPlayLevel: PIE: Created PIE world by copying editor world from /Game/Maps/UptimeLevel.UptimeLevel to /Game/Maps/UEDPIE_0_UptimeLevel.UptimeLevel (0.082704s)
[2016.07.25-13.04.08:853][225]LogSelection:Warning: PIE object was selected: "NavMeshBoundsVolume /Game/Maps/UEDPIE_0_UptimeLevel.UptimeLevel:PersistentLevel.NavMeshBoundsVolume_1"
[2016.07.25-13.04.08:858][225]LogInit: XAudio2 using 'Digital Audio (S/PDIF) (High Definition Audio Device)' : 2 channels at 44.1 kHz using 16 bits per sample (channel mask 0x3)
[2016.07.25-13.04.08:871][225]LogInit: FAudioDevice initialized.
[2016.07.25-13.04.08:924][225]LogWorld: Game class is 'UptimeGameMode_C'
[2016.07.25-13.04.08:986][225]LogWorld: Bringing World /Game/Maps/UEDPIE_0_UptimeLevel.UptimeLevel up for play (max tick rate 0) at 2016.07.25-23.04.08
[2016.07.25-13.04.08:989][225]LogWorld: Bringing up level for play took: 0.064022
[2016.07.25-13.04.08:991][225]LogGameMode: Warning - PATHS NOT DEFINED or NO PLAYERSTART with positive rating
[2016.07.25-13.04.08:997][225]LogContentBrowser: Native class hierarchy updated for 'MovieSceneCapture' in 0.0007 seconds. Added 9 classes and 0 folders.
[2016.07.25-13.04.08:998][225]PIE: Info Play in editor start time for /Game/Maps/UEDPIE_0_UptimeLevel 0.946
[2016.07.25-13.04.09:025][225]LogSelection:Warning: PIE object was selected: "NavMeshBoundsVolume /Game/Maps/UEDPIE_0_UptimeLevel.UptimeLevel:PersistentLevel.NavMeshBoundsVolume_1"
[2016.07.25-13.04.35:185][579]Cmd: OBJ SAVEPACKAGE PACKAGE="/Game/Maps/UptimeLevel" FILE="C:/Users/Risukun/Documents/GitHub/Uptime/Content/Maps/UptimeLevel.umap" SILENT=true AUTOSAVING=false KEEPDIRTY=false
[2016.07.25-13.04.35:912][579]LogSavePackage: Save=655.08ms
[2016.07.25-13.04.35:912][579]LogSavePackage: Moving 'C:/Users/Risukun/Documents/GitHub/Uptime/Saved/UptimeLevel297C4B014B0F026F9935058691265482.tmp' to 'C:/Users/Risukun/Documents/GitHub/Uptime/Content/Maps/UptimeLevel.umap'
[2016.07.25-13.04.35:916][579]LogSavePackage: Total save time: 671.53ms
[2016.07.25-13.04.35:916][579]LogSavePackage:Display: Finished SavePackage C:/Users/Risukun/Documents/GitHub/Uptime/Content/Maps/UptimeLevel.umap
[2016.07.25-13.04.48:917][810]LogPlayLevel: PlayLevel: No blueprints needed recompiling
[2016.07.25-13.04.48:917][810]PIE: New page: SIE session: UptimeLevel (Jul 26, 2016, 9:04:48 AM)
[2016.07.25-13.04.48:918][810]LogPlayLevel: Creating play world package: /Game/Maps/UEDPIE_0_UptimeLevel
[2016.07.25-13.04.49:005][810]LogPlayLevel: PIE: StaticDuplicateObject took: (0.087793s)
[2016.07.25-13.04.49:007][810]LogAIModule: Creating AISystem for world UptimeLevel
[2016.07.25-13.04.49:007][810]LogPlayLevel: PIE: World Init took: (0.001509s)
[2016.07.25-13.04.49:007][810]LogPlayLevel: PIE: Created PIE world by copying editor world from /Game/Maps/UptimeLevel.UptimeLevel to /Game/Maps/UEDPIE_0_UptimeLevel.UptimeLevel (0.090019s)
[2016.07.25-13.04.49:008][810]LogActorComponent: UnregisterComponent: (/Engine/Transient.CharMoveComp) Not registered. Aborting.
[2016.07.25-13.04.49:008][810]LogActorComponent: UnregisterComponent: (/Engine/Transient.CharacterMovementComponent_2) Not registered. Aborting.
[2016.07.25-13.04.49:008][810]LogActorComponent: UnregisterComponent: (/Engine/Transient.CharacterMovementComponent_3) Not registered. Aborting.
[2016.07.25-13.04.49:069][810]LogSelection:Warning: PIE object was selected: "NavMeshBoundsVolume /Game/Maps/UEDPIE_0_UptimeLevel.UptimeLevel:PersistentLevel.NavMeshBoundsVolume_1"
[2016.07.25-13.04.49:073][810]LogInit: XAudio2 using 'Digital Audio (S/PDIF) (High Definition Audio Device)' : 2 channels at 44.1 kHz using 16 bits per sample (channel mask 0x3)
[2016.07.25-13.04.49:085][810]LogInit: FAudioDevice initialized.
[2016.07.25-13.04.49:139][810]LogWorld: Game class is 'UptimeGameMode_C'
[2016.07.25-13.04.49:217][810]LogWorld: Bringing World /Game/Maps/UEDPIE_0_UptimeLevel.UptimeLevel up for play (max tick rate 0) at 2016.07.25-23.04.49
[2016.07.25-13.04.49:222][810]LogWorld: Bringing up level for play took: 0.081634
[2016.07.25-13.04.49:223][810]LogGameMode: Warning - PATHS NOT DEFINED or NO PLAYERSTART with positive rating
[2016.07.25-13.04.49:225][810]PIE: Info Play in editor start time for /Game/Maps/UEDPIE_0_UptimeLevel 1.173
[2016.07.25-13.04.49:248][810]LogSelection:Warning: PIE object was selected: "NavMeshBoundsVolume /Game/Maps/UEDPIE_0_UptimeLevel.UptimeLevel:PersistentLevel.NavMeshBoundsVolume_1"
[2016.07.25-13.05.06:007][ 24]LogWindowsTextInputMethodSystem:Display: IME system now deactivated.
[2016.07.25-13.05.06:281][ 25]Cmd: QUIT_EDITOR
[2016.07.25-13.05.07:249][ 25]LogExit: Preparing to exit.
[2016.07.25-13.05.07:744][ 25]LogExit: Editor shut down
[2016.07.25-13.05.07:745][ 25]LogExit: Transaction tracking system shut down
[2016.07.25-13.05.08:086][ 25]LogObj: Freed 0b from 0 cluster array pools.
[2016.07.25-13.05.08:086][ 25]LogExit: Object subsystem successfully closed.
[2016.07.25-13.05.08:112][ 25]LogD3D11RHI: Shutdown
[2016.07.25-13.05.08:112][ 25]LogD3D11RHI: CleanupD3DDevice
[2016.07.25-13.05.08:219][ 25]LogD3D11RHI: ~FD3D11DynamicRHI
[2016.07.25-13.05.08:266][ 25]LogDerivedDataCache: Shutdown
[2016.07.25-13.05.08:267][ 25]LogModuleManager: Shutting down and abandoning module MovieSceneCapture (206)
[2016.07.25-13.05.08:267][ 25]LogModuleManager: Shutting down and abandoning module BlueprintGraph (205)
[2016.07.25-13.05.08:267][ 25]LogModuleManager: Shutting down and abandoning module HierarchicalLODOutliner (204)
[2016.07.25-13.05.08:267][ 25]LogModuleManager: Shutting down and abandoning module CrashTracker (203)
[2016.07.25-13.05.08:267][ 25]LogModuleManager: Shutting down and abandoning module SceneOutliner (202)
[2016.07.25-13.05.08:267][ 25]LogModuleManager: Shutting down and abandoning module SuperSearch (201)
[2016.07.25-13.05.08:267][ 25]LogModuleManager: Shutting down and abandoning module WidgetCarousel (200)
[2016.07.25-13.05.08:267][ 25]LogModuleManager: Shutting down and abandoning module AddContentDialog (199)
[2016.07.25-13.05.08:272][ 25]LogModuleManager: Shutting down and abandoning module GameplayTags (198)
[2016.07.25-13.05.08:272][ 25]LogModuleManager: Shutting down and abandoning module EditorWidgets (197)
[2016.07.25-13.05.08:272][ 25]LogModuleManager: Shutting down and abandoning module CollectionManager (196)
[2016.07.25-13.05.08:272][ 25]LogModuleManager: Shutting down and abandoning module StatsViewer (195)
[2016.07.25-13.05.08:272][ 25]LogModuleManager: Shutting down and abandoning module FoliageEdit (194)
[2016.07.25-13.05.08:272][ 25]LogModuleManager: Shutting down and abandoning module LandscapeEditor (193)
[2016.07.25-13.05.08:272][ 25]LogModuleManager: Shutting down and abandoning module ActorPickerMode (192)
[2016.07.25-13.05.08:272][ 25]LogModuleManager: Shutting down and abandoning module GeometryMode (191)
[2016.07.25-13.05.08:272][ 25]LogModuleManager: Shutting down and abandoning module TextureAlignMode (190)
[2016.07.25-13.05.08:272][ 25]LogModuleManager: Shutting down and abandoning module BspMode (189)
[2016.07.25-13.05.08:272][ 25]LogModuleManager: Shutting down and abandoning module PlacementMode (188)
[2016.07.25-13.05.08:272][ 25]LogModuleManager: Shutting down and abandoning module AutomationWorker (187)
[2016.07.25-13.05.08:272][ 25]LogModuleManager: Shutting down and abandoning module CharacterAI (186)
[2016.07.25-13.05.08:272][ 25]LogModuleManager: Shutting down and abandoning module SmartSnapping (185)
[2016.07.25-13.05.08:272][ 25]LogModuleManager: Shutting down and abandoning module ViewportSnapping (184)
[2016.07.25-13.05.08:272][ 25]LogModuleManager: Shutting down and abandoning module LogVisualizer (183)
[2016.07.25-13.05.08:273][ 25]LogModuleManager: Shutting down and abandoning module GameProjectGeneration (182)
[2016.07.25-13.05.08:273][ 25]LogModuleManager: Shutting down and abandoning module IntroTutorials (181)
[2016.07.25-13.05.08:273][ 25]LogModuleManager: Shutting down and abandoning module EditorLiveStreaming (180)
[2016.07.25-13.05.08:273][ 25]LogModuleManager: Shutting down and abandoning module IOSPlatformEditor (179)
[2016.07.25-13.05.08:273][ 25]LogModuleManager: Shutting down and abandoning module HTML5PlatformEditor (178)
[2016.07.25-13.05.08:273][ 25]LogModuleManager: Shutting down and abandoning module AndroidDeviceDetection (177)
[2016.07.25-13.05.08:831][ 25]LogModuleManager: Shutting down and abandoning module AndroidPlatformEditor (176)
[2016.07.25-13.05.08:831][ 25]LogModuleManager: Shutting down and abandoning module IOSRuntimeSettings (175)
[2016.07.25-13.05.08:831][ 25]LogModuleManager: Shutting down and abandoning module AndroidRuntimeSettings (174)
[2016.07.25-13.05.08:831][ 25]LogModuleManager: Shutting down and abandoning module MergeActors (173)
[2016.07.25-13.05.08:831][ 25]LogModuleManager: Shutting down and abandoning module SizeMap (172)
[2016.07.25-13.05.08:831][ 25]LogModuleManager: Shutting down and abandoning module TreeMap (171)
[2016.07.25-13.05.08:831][ 25]LogModuleManager: Shutting down and abandoning module ReferenceViewer (170)
[2016.07.25-13.05.08:831][ 25]LogModuleManager: Shutting down and abandoning module LocalizationService (169)
[2016.07.25-13.05.08:831][ 25]LogModuleManager: Shutting down and abandoning module LocalizationDashboard (168)
[2016.07.25-13.05.08:832][ 25]LogModuleManager: Shutting down and abandoning module HardwareTargeting (167)
[2016.07.25-13.05.08:832][ 25]LogModuleManager: Shutting down and abandoning module DeviceProfileEditor (166)
[2016.07.25-13.05.08:832][ 25]LogModuleManager: Shutting down and abandoning module UndoHistory (165)
[2016.07.25-13.05.08:832][ 25]LogModuleManager: Shutting down and abandoning module UserFeedback (164)
[2016.07.25-13.05.08:832][ 25]LogModuleManager: Shutting down and abandoning module XmlParser (163)
[2016.07.25-13.05.08:832][ 25]LogModuleManager: Shutting down and abandoning module Blutility (162)
[2016.07.25-13.05.08:832][ 25]LogModuleManager: Shutting down and abandoning module ProjectTargetPlatformEditor (161)
[2016.07.25-13.05.08:832][ 25]LogModuleManager: Shutting down and abandoning module ProjectSettingsViewer (160)
[2016.07.25-13.05.08:832][ 25]LogModuleManager: Shutting down and abandoning module InputBindingEditor (159)
[2016.07.25-13.05.08:832][ 25]LogModuleManager: Shutting down and abandoning module EditorSettingsViewer (158)
[2016.07.25-13.05.08:832][ 25]LogModuleManager: Shutting down and abandoning module SettingsEditor (157)
[2016.07.25-13.05.08:832][ 25]LogModuleManager: Shutting down and abandoning module ProjectLauncher (156)
[2016.07.25-13.05.08:832][ 25]LogModuleManager: Shutting down and abandoning module SessionFrontend (155)
[2016.07.25-13.05.08:832][ 25]LogModuleManager: Shutting down and abandoning module ProfilerClient (154)
[2016.07.25-13.05.08:832][ 25]LogModuleManager: Shutting down and abandoning module TargetDeviceServices (153)
[2016.07.25-13.05.08:832][ 25]LogModuleManager: Shutting down and abandoning module DeviceManager (152)
[2016.07.25-13.05.08:875][ 25]LogModuleManager: Shutting down and abandoning module AutomationController (151)
[2016.07.25-13.05.08:875][ 25]LogModuleManager: Shutting down and abandoning module AutomationWindow (150)
[2016.07.25-13.05.08:875][ 25]LogModuleManager: Shutting down and abandoning module Layers (149)
[2016.07.25-13.05.08:875][ 25]LogModuleManager: Shutting down and abandoning module ComponentVisualizers (148)
[2016.07.25-13.05.08:875][ 25]LogModuleManager: Shutting down and abandoning module DetailCustomizations (147)
[2016.07.25-13.05.08:875][ 25]LogModuleManager: Shutting down and abandoning module PackagesDialog (146)
[2016.07.25-13.05.08:875][ 25]LogModuleManager: Shutting down and abandoning module Persona (145)
[2016.07.25-13.05.08:875][ 25]LogModuleManager: Shutting down and abandoning module Kismet (144)
[2016.07.25-13.05.08:875][ 25]LogModuleManager: Shutting down and abandoning module GraphEditor (143)
[2016.07.25-13.05.08:875][ 25]LogModuleManager: Shutting down and abandoning module ClassViewer (142)
[2016.07.25-13.05.08:875][ 25]LogModuleManager: Shutting down and abandoning module Toolbox (141)
[2016.07.25-13.05.08:875][ 25]LogModuleManager: Shutting down and abandoning module ModuleUI (140)
[2016.07.25-13.05.08:875][ 25]LogModuleManager: Shutting down and abandoning module MovieSceneTools (139)
[2016.07.25-13.05.08:875][ 25]LogModuleManager: Shutting down and abandoning module OutputLog (138)
[2016.07.25-13.05.08:875][ 25]LogModuleManager: Shutting down and abandoning module GammaUI (137)
[2016.07.25-13.05.08:875][ 25]LogModuleManager: Shutting down and abandoning module Documentation (136)
[2016.07.25-13.05.08:875][ 25]LogModuleManager: Shutting down and abandoning module StreamingPauseRendering (135)
[2016.07.25-13.05.08:875][ 25]LogModuleManager: Shutting down and abandoning module AnalyticsET (134)
[2016.07.25-13.05.08:875][ 25]LogModuleManager: Shutting down and abandoning module Analytics (133)
[2016.07.25-13.05.08:875][ 25]LogModuleManager: Shutting down and abandoning module PortalServices (132)
[2016.07.25-13.05.08:875][ 25]LogModuleManager: Shutting down and abandoning module PortalRpc (131)
[2016.07.25-13.05.08:876][ 25]LogModuleManager: Shutting down and abandoning module MessagingRpc (130)
[2016.07.25-13.05.08:876][ 25]LogModuleManager: Shutting down and abandoning module AITestSuite (129)
[2016.07.25-13.05.08:876][ 25]LogModuleManager: Shutting down and abandoning module GameplayDebugger (128)
[2016.07.25-13.05.08:876][ 25]LogModuleManager: Shutting down and abandoning module AIModule (127)
[2016.07.25-13.05.08:876][ 25]LogModuleManager: Shutting down and abandoning module ProfilerService (126)
[2016.07.25-13.05.08:933][ 25]LogModuleManager: Shutting down and abandoning module TaskGraph (125)
[2016.07.25-13.05.08:933][ 25]LogModuleManager: Shutting down and abandoning module SlateRemote (124)
[2016.07.25-13.05.08:933][ 25]LogModuleManager: Shutting down and abandoning module SteamVRController (123)
[2016.07.25-13.05.08:933][ 25]LogModuleManager: Shutting down and abandoning module SteamVR (122)
[2016.07.25-13.05.08:933][ 25]LogModuleManager: Shutting down and abandoning module ProceduralMeshComponent (121)
[2016.07.25-13.05.08:933][ 25]LogModuleManager: Shutting down and abandoning module OculusLibrary (120)
[2016.07.25-13.05.08:933][ 25]LogModuleManager: Shutting down and abandoning module OculusInput (119)
[2016.07.25-13.05.08:934][ 25]LogModuleManager: Shutting down and abandoning module CustomMeshComponent (118)
[2016.07.25-13.05.08:934][ 25]LogModuleManager: Shutting down and abandoning module CableComponent (117)
[2016.07.25-13.05.08:934][ 25]LogModuleManager: Shutting down and abandoning module ArchVisCharacter (116)
[2016.07.25-13.05.08:934][ 25]LogModuleManager: Shutting down and abandoning module MediaPlayerEditor (115)
[2016.07.25-13.05.08:934][ 25]LogModuleManager: Shutting down and abandoning module HTML5Networking (114)
[2016.07.25-13.05.08:934][ 25]LogModuleManager: Shutting down and abandoning module SpeedTreeImporter (113)
[2016.07.25-13.05.08:934][ 25]LogModuleManager: Shutting down and abandoning module PluginBrowser (112)
[2016.07.25-13.05.08:934][ 25]LogModuleManager: Shutting down and abandoning module EpicSurvey (111)
[2016.07.25-13.05.08:934][ 25]LogModuleManager: Shutting down and abandoning module DesktopPlatform (110)
[2016.07.25-13.05.08:934][ 25]LogModuleManager: Shutting down and abandoning module VisualStudioSourceCodeAccess (109)
[2016.07.25-13.05.08:934][ 25]LogModuleManager: Shutting down and abandoning module UObjectPlugin (108)
[2016.07.25-13.05.08:934][ 25]LogModuleManager: Shutting down and abandoning module SubversionSourceControl (107)
[2016.07.25-13.05.08:934][ 25]LogModuleManager: Shutting down and abandoning module PerforceSourceControl (106)
[2016.07.25-13.05.08:934][ 25]LogModuleManager: Shutting down and abandoning module SourceControl (105)
[2016.07.25-13.05.08:934][ 25]LogModuleManager: Shutting down and abandoning module GitSourceControl (104)
[2016.07.25-13.05.08:934][ 25]LogModuleManager: Shutting down and abandoning module LightPropagationVolumeEditor (103)
[2016.07.25-13.05.08:934][ 25]LogModuleManager: Shutting down and abandoning module PaperTiledImporter (102)
[2016.07.25-13.05.08:934][ 25]LogModuleManager: Shutting down and abandoning module PaperSpriteSheetImporter (101)
[2016.07.25-13.05.08:934][ 25]LogModuleManager: Shutting down and abandoning module MeshPaint (100)
[2016.07.25-13.05.08:934][ 25]LogModuleManager: Shutting down and abandoning module HotReload (99)
[2016.07.25-13.05.08:935][ 25]LogModuleManager: Shutting down and abandoning module MainFrame (98)
[2016.07.25-13.05.08:935][ 25]LogModuleManager: Shutting down and abandoning module LevelEditor (97)
[2016.07.25-13.05.08:936][ 25]LogModuleManager: Shutting down and abandoning module DirectoryWatcher (96)
[2016.07.25-13.05.08:937][ 25]LogModuleManager: Shutting down and abandoning module AssetRegistry (95)
[2016.07.25-13.05.09:148][ 25]LogModuleManager: Shutting down and abandoning module ContentBrowser (94)
[2016.07.25-13.05.09:150][ 25]LogModuleManager: Shutting down and abandoning module Paper2DEditor (93)
[2016.07.25-13.05.09:150][ 25]LogModuleManager: Shutting down and abandoning module UdpMessaging (92)
[2016.07.25-13.05.09:251][ 25]LogModuleManager: Shutting down and abandoning module LightPropagationVolumeRuntime (91)
[2016.07.25-13.05.09:251][ 25]LogModuleManager: Shutting down and abandoning module Paper2D (90)
[2016.07.25-13.05.09:251][ 25]LogModuleManager: Shutting down and abandoning module WindowsMoviePlayer (89)
[2016.07.25-13.05.09:251][ 25]LogModuleManager: Shutting down and abandoning module Media (88)
[2016.07.25-13.05.09:251][ 25]LogModuleManager: Shutting down and abandoning module WmfMedia (87)
[2016.07.25-13.05.09:251][ 25]LogModuleManager: Shutting down and abandoning module MediaAssets (86)
[2016.07.25-13.05.09:251][ 25]LogModuleManager: Shutting down and abandoning module GameLiveStreaming (85)
[2016.07.25-13.05.09:251][ 25]LogModuleManager: Shutting down and abandoning module GameplayTagsEditor (84)
[2016.07.25-13.05.09:251][ 25]LogModuleManager: Shutting down and abandoning module OnlineBlueprintSupport (83)
[2016.07.25-13.05.09:251][ 25]LogModuleManager: Shutting down and abandoning module GameplayTasksEditor (82)
[2016.07.25-13.05.09:251][ 25]LogModuleManager: Shutting down and abandoning module PropertyEditor (81)
[2016.07.25-13.05.09:251][ 25]LogModuleManager: Shutting down and abandoning module BehaviorTreeEditor (80)
[2016.07.25-13.05.09:251][ 25]LogModuleManager: Shutting down and abandoning module FunctionalTesting (79)
[2016.07.25-13.05.09:251][ 25]LogModuleManager: Shutting down and abandoning module CollisionAnalyzer (78)
[2016.07.25-13.05.09:251][ 25]LogModuleManager: Shutting down and abandoning module WorkspaceMenuStructure (77)
[2016.07.25-13.05.09:251][ 25]LogModuleManager: Shutting down and abandoning module MessageLog (76)
[2016.07.25-13.05.09:251][ 25]LogModuleManager: Shutting down and abandoning module Sequencer (75)
[2016.07.25-13.05.09:251][ 25]LogModuleManager: Shutting down and abandoning module AssetTools (74)
[2016.07.25-13.05.09:252][ 25]LogModuleManager: Shutting down and abandoning module UMGEditor (73)
[2016.07.25-13.05.09:252][ 25]LogModuleManager: Shutting down and abandoning module UMG (72)
[2016.07.25-13.05.09:252][ 25]LogModuleManager: Shutting down and abandoning module SlateReflector (71)
[2016.07.25-13.05.09:252][ 25]LogModuleManager: Shutting down and abandoning module Slate (70)
[2016.07.25-13.05.09:252][ 25]LogModuleManager: Shutting down and abandoning module EditorStyle (69)
[2016.07.25-13.05.09:256][ 25]LogModuleManager: Shutting down and abandoning module SessionServices (68)
[2016.07.25-13.05.09:256][ 25]LogModuleManager: Shutting down and abandoning module SourceCodeAccess (67)
[2016.07.25-13.05.09:256][ 25]LogModuleManager: Shutting down and abandoning module HeadMountedDisplay (66)
[2016.07.25-13.05.09:256][ 25]LogModuleManager: Shutting down and abandoning module XAudio2 (65)
[2016.07.25-13.05.09:256][ 25]LogModuleManager: Shutting down and abandoning module Networking (63)
[2016.07.25-13.05.09:256][ 25]LogModuleManager: Shutting down and abandoning module Core (62)
[2016.07.25-13.05.09:256][ 25]LogModuleManager: Shutting down and abandoning module KismetCompiler (61)
[2016.07.25-13.05.09:256][ 25]LogModuleManager: Shutting down and abandoning module PhysXFormats (60)
[2016.07.25-13.05.09:256][ 25]LogModuleManager: Shutting down and abandoning module MeshUtilities (59)
[2016.07.25-13.05.09:256][ 25]LogModuleManager: Shutting down and abandoning module CookingStats (58)
[2016.07.25-13.05.09:256][ 25]LogModuleManager: Shutting down and abandoning module DerivedDataCache (57)
[2016.07.25-13.05.09:256][ 25]LogDerivedDataCache: Shutdown
[2016.07.25-13.05.09:256][ 25]LogModuleManager: Shutting down and abandoning module ShaderFormatOpenGL (56)
[2016.07.25-13.05.09:256][ 25]LogModuleManager: Shutting down and abandoning module ShaderFormatD3D (55)
[2016.07.25-13.05.09:256][ 25]LogModuleManager: Shutting down and abandoning module MetalShaderFormat (54)
[2016.07.25-13.05.09:256][ 25]LogModuleManager: Shutting down and abandoning module TextureFormatUncompressed (53)
[2016.07.25-13.05.09:256][ 25]LogModuleManager: Shutting down and abandoning module TextureFormatPVR (52)
[2016.07.25-13.05.09:256][ 25]LogModuleManager: Shutting down and abandoning module TextureFormatIntelISPCTexComp (51)
[2016.07.25-13.05.09:256][ 25]LogModuleManager: Shutting down and abandoning module TextureFormatDXT (50)
[2016.07.25-13.05.09:256][ 25]LogModuleManager: Shutting down and abandoning module ImageWrapper (49)
[2016.07.25-13.05.09:256][ 25]LogModuleManager: Shutting down and abandoning module TextureFormatASTC (48)
[2016.07.25-13.05.09:256][ 25]LogModuleManager: Shutting down and abandoning module TextureFormatAndroid (47)
[2016.07.25-13.05.09:256][ 25]LogModuleManager: Shutting down and abandoning module AudioFormatOpus (46)
[2016.07.25-13.05.09:256][ 25]LogModuleManager: Shutting down and abandoning module AudioFormatOgg (45)
[2016.07.25-13.05.09:256][ 25]LogModuleManager: Shutting down and abandoning module AudioFormatADPCM (44)
[2016.07.25-13.05.09:256][ 25]LogModuleManager: Shutting down and abandoning module LinuxTargetPlatform (43)
[2016.07.25-13.05.09:256][ 25]LogModuleManager: Shutting down and abandoning module LinuxServerTargetPlatform (42)
[2016.07.25-13.05.09:256][ 25]LogModuleManager: Shutting down and abandoning module LinuxNoEditorTargetPlatform (41)
[2016.07.25-13.05.09:256][ 25]LogModuleManager: Shutting down and abandoning module TVOSTargetPlatform (40)
[2016.07.25-13.05.09:256][ 25]LogModuleManager: Shutting down and abandoning module Messaging (39)
[2016.07.25-13.05.09:256][ 25]LogModuleManager: Shutting down and abandoning module IOSTargetPlatform (38)
[2016.07.25-13.05.09:256][ 25]LogModuleManager: Shutting down and abandoning module HTML5TargetPlatform (37)
[2016.07.25-13.05.09:256][ 25]LogModuleManager: Shutting down and abandoning module Android_PVRTCTargetPlatform (36)
[2016.07.25-13.05.09:256][ 25]LogModuleManager: Shutting down and abandoning module Android_MultiTargetPlatform (35)
[2016.07.25-13.05.09:256][ 25]LogModuleManager: Shutting down and abandoning module Android_ETC2TargetPlatform (34)
[2016.07.25-13.05.09:256][ 25]LogModuleManager: Shutting down and abandoning module Android_ETC1TargetPlatform (33)
[2016.07.25-13.05.09:256][ 25]LogModuleManager: Shutting down and abandoning module Android_DXTTargetPlatform (32)
[2016.07.25-13.05.09:256][ 25]LogModuleManager: Shutting down and abandoning module Android_ATCTargetPlatform (31)
[2016.07.25-13.05.09:256][ 25]LogModuleManager: Shutting down and abandoning module Android_ASTCTargetPlatform (30)
[2016.07.25-13.05.09:256][ 25]LogModuleManager: Shutting down and abandoning module AndroidTargetPlatform (29)
[2016.07.25-13.05.09:256][ 25]LogModuleManager: Shutting down and abandoning module WindowsTargetPlatform (28)
[2016.07.25-13.05.09:256][ 25]LogModuleManager: Shutting down and abandoning module WindowsServerTargetPlatform (27)
[2016.07.25-13.05.09:256][ 25]LogModuleManager: Shutting down and abandoning module WindowsNoEditorTargetPlatform (26)
[2016.07.25-13.05.09:256][ 25]LogModuleManager: Shutting down and abandoning module WindowsClientTargetPlatform (25)
[2016.07.25-13.05.09:256][ 25]LogModuleManager: Shutting down and abandoning module AllDesktopTargetPlatform (24)
[2016.07.25-13.05.09:256][ 25]LogModuleManager: Shutting down and abandoning module TargetPlatform (23)
[2016.07.25-13.05.09:256][ 25]LogModuleManager: Shutting down and abandoning module InputCore (22)
[2016.07.25-13.05.09:256][ 25]LogModuleManager: Shutting down and abandoning module Settings (21)
[2016.07.25-13.05.09:257][ 25]LogModuleManager: Shutting down and abandoning module OnlineSubsystem (19)
[2016.07.25-13.05.09:257][ 25]LogModuleManager: Shutting down and abandoning module HTTP (18)
[2016.07.25-13.05.10:259][ 25]LogModuleManager: Shutting down and abandoning module XMPP (17)
[2016.07.25-13.05.10:259][ 25]LogModuleManager: Shutting down and abandoning module OculusRift (16)
[2016.07.25-13.05.10:259][ 25]LogModuleManager: Shutting down and abandoning module ExampleDeviceProfileSelector (15)
[2016.07.25-13.05.10:259][ 25]LogModuleManager: Shutting down and abandoning module TextureCompressor (14)
[2016.07.25-13.05.10:259][ 25]LogModuleManager: Shutting down and abandoning module ShaderCore (13)
[2016.07.25-13.05.10:259][ 25]LogModuleManager: Shutting down and abandoning module Landscape (12)
[2016.07.25-13.05.10:259][ 25]LogModuleManager: Shutting down and abandoning module SlateRHIRenderer (11)
[2016.07.25-13.05.10:262][ 25]LogModuleManager: Shutting down and abandoning module OpenGLDrv (10)
[2016.07.25-13.05.10:262][ 25]LogModuleManager: Shutting down and abandoning module D3D11RHI (9)
[2016.07.25-13.05.10:262][ 25]LogModuleManager: Shutting down and abandoning module AnimGraphRuntime (8)
[2016.07.25-13.05.10:262][ 25]LogModuleManager: Shutting down and abandoning module Renderer (7)
[2016.07.25-13.05.10:262][ 25]LogModuleManager: Shutting down and abandoning module Engine (6)
[2016.07.25-13.05.10:262][ 25]LogModuleManager: Shutting down and abandoning module CoreUObject (5)
[2016.07.25-13.05.10:262][ 25]LogModuleManager: Shutting down and abandoning module NetworkFile (4)
[2016.07.25-13.05.10:263][ 25]LogModuleManager: Shutting down and abandoning module StreamingFile (3)
[2016.07.25-13.05.10:263][ 25]LogModuleManager: Shutting down and abandoning module SandboxFile (2)
[2016.07.25-13.05.10:263][ 25]LogModuleManager: Shutting down and abandoning module PakFile (1)
[2016.07.25-13.05.10:264][ 25]LogExit: Exiting.
[2016.07.25-13.05.10:267][ 25]Log file closed, 07/25/16 23:05:10
