Log file open, 07/25/16 21:55:05
LogInit:Display: Running engine for game: Uptime
LogPlatformFile: Not using cached read wrapper
LogInit:Display: RandInit(-243248821) SRandInit(-243248819).
LogTaskGraph: Started task graph with 4 named threads and 5 total threads.
LogStats: Stats thread started at 0.250521
LogInit: Version: 4.11.2-2946394+++UE4+Release-4.11
LogInit: API Version: 2927265
LogInit: Compiled (64-bit): Apr 18 2016 02:18:46
LogInit: Compiled with Visual C++: 19.00.23026.00
LogInit: Build Configuration: Development
LogInit: Branch Name: ++UE4+Release-4.11
LogInit: Command line:  
LogInit: Base directory: D:/UE4/Epic Games/4.11/Engine/Binaries/Win64/
LogInit: Installed Engine Build: 1
LogInit: Using libcurl 7.41.0
LogInit:  - built for x86_64-pc-win32
LogInit:  - supports SSL with WinSSL
LogInit:  - other features:
LogInit:      CURL_VERSION_SSL
LogInit:      CURL_VERSION_IPV6
LogInit:      CURL_VERSION_ASYNCHDNS
LogInit:      CURL_VERSION_LARGEFILE
LogInit:      CURL_VERSION_IDN
LogInit:  CurlRequestOptions (configurable via config and command line):
LogInit:  - bVerifyPeer = true  - Libcurl will verify peer certificate
LogInit:  - bUseHttpProxy = false  - Libcurl will NOT use HTTP proxy
LogInit:  - bDontReuseConnections = false  - Libcurl will reuse connections
LogInit:  - CertBundlePath = nullptr  - Libcurl will use whatever was configured at build time.
LogInit: Presizing for max 16777216 objects, including 0 objects not considered by GC, pre-allocating 0 bytes for permanent pool.
LogInit: Object subsystem initialized
[2016.07.25-11.55.06:135][  0]LogInit: Selected Device Profile: [Windows]
[2016.07.25-11.55.06:135][  0]LogInit: Applying CVar settings loaded from the selected device profile: [Windows]
[2016.07.25-11.55.06:149][  0]LogInit: Computer: RISUKUN-PC
[2016.07.25-11.55.06:149][  0]LogInit: User: Risukun
[2016.07.25-11.55.06:149][  0]LogInit: CPU Page size=65536, Cores=2
[2016.07.25-11.55.06:149][  0]LogInit: High frequency timer resolution =2.929359 MHz
[2016.07.25-11.55.06:150][  0]LogMemory: Memory total: Physical=4.0GB (4GB approx)
[2016.07.25-11.55.06:150][  0]LogMemory: Platform Memory Stats for Windows
[2016.07.25-11.55.06:150][  0]LogMemory: Process Physical Memory: 312.09 MB used, 312.09 MB peak
[2016.07.25-11.55.06:150][  0]LogMemory: Process Virtual Memory: 315.35 MB used, 315.35 MB peak
[2016.07.25-11.55.06:150][  0]LogMemory: Physical Memory: 3515.06 MB used, 4094.49 MB total
[2016.07.25-11.55.06:150][  0]LogMemory: Virtual Memory: 651.86 MB used, 134217728.00 MB total
[2016.07.25-11.55.06:194][  0]LogTextLocalizationManager: No specific translations for ('en-US') exist, so ('en') translations will be used.
[2016.07.25-11.55.07:079][  0]LogD3D11RHI: D3D11 adapters:
[2016.07.25-11.55.07:101][  0]LogD3D11RHI:    0. 'NVIDIA GeForce 9600 GT' (Feature Level 10_0)
[2016.07.25-11.55.07:101][  0]LogD3D11RHI:       999MB of dedicated video memory, 0MB of dedicated system memory, and 2047MB of shared system memory, 1 output[s]
[2016.07.25-11.55.07:104][  0]LogD3D11RHI:    1. 'Microsoft Basic Render Driver' (Feature Level 11_0)
[2016.07.25-11.55.07:104][  0]LogD3D11RHI:       0MB of dedicated video memory, 0MB of dedicated system memory, and 2047MB of shared system memory, 0 output[s]
[2016.07.25-11.55.07:104][  0]LogD3D11RHI: Chosen D3D11 Adapter: 0
[2016.07.25-11.55.07:130][  0]LogD3D11RHI: Creating new Direct3DDevice
[2016.07.25-11.55.07:130][  0]LogD3D11RHI:     Adapter Name: NVIDIA GeForce 9600 GT
[2016.07.25-11.55.07:130][  0]LogD3D11RHI:   Driver Version: Unknown (internal Unknown)
[2016.07.25-11.55.07:130][  0]LogD3D11RHI:      Driver Date: Unknown
[2016.07.25-11.55.07:130][  0]LogRHI: Texture pool is 699 MB (70% of 999 MB)
[2016.07.25-11.55.07:143][  0]LogD3D11RHI: Async texture creation enabled
[2016.07.25-11.55.07:165][  0]LogShaderCompilers: Guid format shader working directory is 7 characters bigger than the processId version (C:/Users/Risukun/Documents/GitHub/Uptime/Intermediate/Shaders/WorkingDirectory/52544/).
[2016.07.25-11.55.07:165][  0]LogShaderCompilers: Cleaned the shader compiler working directory 'C:/Users/Risukun/AppData/Local/Temp/UnrealShaderWorkingDir/369162ED4FF0D6C0BC4B278C012B0B1B/'.
[2016.07.25-11.55.07:165][  0]LogShaderCompilers:Display: Using Local Shader Compiler.
[2016.07.25-11.55.09:570][  0]LogTemp:Display: Loaded TP AllDesktopTargetPlatform
[2016.07.25-11.55.09:578][  0]LogTemp:Display: Loaded TP WindowsClientTargetPlatform
[2016.07.25-11.55.09:586][  0]LogTemp:Display: Loaded TP WindowsNoEditorTargetPlatform
[2016.07.25-11.55.09:595][  0]LogTemp:Display: Loaded TP WindowsServerTargetPlatform
[2016.07.25-11.55.09:603][  0]LogTemp:Display: Loaded TP WindowsTargetPlatform
[2016.07.25-11.55.09:609][  0]LogTemp:Display: Loaded TP AndroidTargetPlatform
[2016.07.25-11.55.09:615][  0]LogTemp:Display: Loaded TP Android_ASTCTargetPlatform
[2016.07.25-11.55.09:621][  0]LogTemp:Display: Loaded TP Android_ATCTargetPlatform
[2016.07.25-11.55.09:627][  0]LogTemp:Display: Loaded TP Android_DXTTargetPlatform
[2016.07.25-11.55.09:633][  0]LogTemp:Display: Loaded TP Android_ETC1TargetPlatform
[2016.07.25-11.55.09:639][  0]LogTemp:Display: Loaded TP Android_ETC2TargetPlatform
[2016.07.25-11.55.09:651][  0]LogTemp:Display: Loaded TP Android_MultiTargetPlatform
[2016.07.25-11.55.09:651][  0]LogTemp:Display: Loaded TP Android_PVRTCTargetPlatform
[2016.07.25-11.55.09:653][  0]LogTemp:Display: Loaded TP HTML5TargetPlatform
[2016.07.25-11.55.09:673][  0]LogTemp:Display: Loaded TP IOSTargetPlatform
[2016.07.25-11.55.09:678][  0]LogTemp:Display: Loaded TP TVOSTargetPlatform
[2016.07.25-11.55.09:684][  0]LogTemp:Display: Loaded TP LinuxNoEditorTargetPlatform
[2016.07.25-11.55.09:689][  0]LogTemp:Display: Loaded TP LinuxServerTargetPlatform
[2016.07.25-11.55.09:711][  0]LogTemp:Display: Loaded TP LinuxTargetPlatform
[2016.07.25-11.55.09:711][  0]LogTargetPlatformManager:Display: Building Assets For Windows
[2016.07.25-11.55.09:816][  0]LogDerivedDataCache:Display: Max Cache Size: 512 MB
[2016.07.25-11.55.10:137][  0]LogDerivedDataCache: Loaded boot cache 0.32s 40MB C:/Users/Risukun/AppData/Local/UnrealEngine/4.11/DerivedDataCache/Boot.ddc.
[2016.07.25-11.55.10:138][  0]LogDerivedDataCache:Display: Loaded Boot cache: C:/Users/Risukun/AppData/Local/UnrealEngine/4.11/DerivedDataCache/Boot.ddc
[2016.07.25-11.55.10:138][  0]LogDerivedDataCache: FDerivedDataBackendGraph:  Pak pak cache file C:/Users/Risukun/Documents/GitHub/Uptime/DerivedDataCache/DDC.ddp not found, will not use a pak cache.
[2016.07.25-11.55.10:138][  0]LogDerivedDataCache: Unable to find inner node Pak for hierarchical cache Hierarchy.
[2016.07.25-11.55.10:138][  0]LogDerivedDataCache: FDerivedDataBackendGraph:  CompressedPak pak cache file C:/Users/Risukun/Documents/GitHub/Uptime/DerivedDataCache/Compressed.ddp not found, will not use a pak cache.
[2016.07.25-11.55.10:138][  0]LogDerivedDataCache: Unable to find inner node CompressedPak for hierarchical cache Hierarchy.
[2016.07.25-11.55.10:193][  0]LogDerivedDataCache:Display: Pak cache opened for reading ../../../Engine/DerivedDataCache/Compressed.ddp.
[2016.07.25-11.55.10:206][  0]LogDerivedDataCache: Using Local data cache path C:/Users/Risukun/AppData/Local/UnrealEngine/Common/DerivedDataCache: Writable
[2016.07.25-11.55.13:290][  0]LogInit: Selected Device Profile: [Windows]
[2016.07.25-11.55.13:291][  0]LogContentStreaming: Texture pool size is 0.00 MB
[2016.07.25-11.55.13:707][  0]LogMaterial: Uniform references updated for custom material expression Custom.
[2016.07.25-11.55.14:122][  0]LogMeshUtilities: No automatic mesh reduction module available
[2016.07.25-11.55.14:122][  0]LogMeshUtilities: No automatic mesh merging module available
[2016.07.25-11.55.14:122][  0]LogMeshUtilities: No distributed automatic mesh merging module available
[2016.07.25-11.55.15:613][  0]LogUObjectArray: 27679 objects as part of root set at end of initial load.
[2016.07.25-11.55.15:613][  0]LogUObjectAllocator: 5591592 out of 0 bytes used by permanent object pool.
[2016.07.25-11.55.15:613][  0]LogUObjectArray: CloseDisregardForGC: 0/0 objects in disregard for GC pool
[2016.07.25-11.55.15:625][  0]LogInit: WinSock: version 1.1 (2.2), MaxSocks=32767, MaxUdp=65467
[2016.07.25-11.55.16:796][  0]LogSlate: SlateFontCache - WITH_FREETYPE: 1, WITH_HARFBUZZ: 1
[2016.07.25-11.55.16:796][  0]LogSlate: SlateFontCache - WITH_FREETYPE: 1, WITH_HARFBUZZ: 1
[2016.07.25-11.55.18:572][  0]LogStreaming:Warning: Failed to read file '../../../Engine/Content/Editor/Slate/Common/Selection_16x.png' error.
[2016.07.25-11.55.18:572][  0]LogSlate: Could not find file for Slate resource: ../../../Engine/Content/Editor/Slate/Common/Selection_16x.png
[2016.07.25-11.55.18:572][  0]LogStreaming:Warning: Failed to read file '../../../Engine/Content/Editor/Slate/Common/Selection_16x.png' error.
[2016.07.25-11.55.18:572][  0]LogSlate: Could not find file for Slate resource: ../../../Engine/Content/Editor/Slate/Common/Selection_16x.png
[2016.07.25-11.55.18:572][  0]LogStreaming:Warning: Failed to read file '../../../Engine/Content/Editor/Slate/Common/Selection_16x.png' error.
[2016.07.25-11.55.18:572][  0]LogSlate: Could not find file for Slate resource: ../../../Engine/Content/Editor/Slate/Common/Selection_16x.png
[2016.07.25-11.55.25:350][  0]LogUdpMessaging: Initializing bridge on interface 0.0.0.0:0 to multicast group 230.0.0.1:6666.
[2016.07.25-11.55.25:664][  0]LogAssetRegistry: FAssetRegistry took 0.0226 seconds to start up
[2016.07.25-11.55.26:783][  0]SourceControl: Info Source control is disabled
[2016.07.25-11.55.26:931][  0]SourceControl: Info Source control is disabled
[2016.07.25-11.55.26:961][  0]SourceControl: Info Source control is disabled
[2016.07.25-11.55.27:019][  0]SourceControl: Info Source control is disabled
[2016.07.25-11.55.27:872][  0]LogHMD: Failed to initialize OpenVR with code 110
[2016.07.25-11.55.28:215][  0]LogEngine: Initializing Engine...
[2016.07.25-11.55.28:856][  0]LogAIModule: Creating AISystem for world NewWorld
[2016.07.25-11.55.28:866][  0]LogInit: XAudio2 using 'Digital Audio (S/PDIF) (High Definition Audio Device)' : 2 channels at 44.1 kHz using 16 bits per sample (channel mask 0x3)
[2016.07.25-11.55.28:888][  0]LogInit: FAudioDevice initialized.
[2016.07.25-11.55.28:939][  0]LogDerivedDataCache: Saved boot cache 0.05s 40MB C:/Users/Risukun/AppData/Local/UnrealEngine/4.11/DerivedDataCache/Boot.ddc.
[2016.07.25-11.55.28:963][  0]LogInit: Texture streaming: Enabled
[2016.07.25-11.55.29:090][  0]LogInit: Transaction tracking system initialized
[2016.07.25-11.55.29:299][  0]BlueprintLog: New page: Editor Load
[2016.07.25-11.55.30:213][  0]LocalizationService: Info Localization service is disabled
[2016.07.25-11.55.31:117][  0]LogConsoleResponse:Display: 
[2016.07.25-11.55.32:693][  0]LogCook:Display: Max memory allowance for cook 8192mb
[2016.07.25-11.55.32:693][  0]LogCook:Display: Mobile HDR setting 1
[2016.07.25-11.55.32:693][  0]LogCook:Display: Done creating registry. It took  0.00s.
[2016.07.25-11.55.33:417][  0]LogFileCache: Scanning file cache for directory 'C:/Users/Risukun/Documents/GitHub/Uptime/Content/' took 0.02s
[2016.07.25-11.55.33:418][  0]SourceControl: Info Source control is disabled
[2016.07.25-11.55.33:420][  0]Cmd: MAP LOAD FILE="C:/Users/Risukun/Documents/GitHub/Uptime/Content/Maps/UptimeLevel.umap" TEMPLATE=0 SHOWPROGRESS=1 FEATURELEVEL=2
[2016.07.25-11.55.33:428][  0]LightingResults: New page: Lighting Build
[2016.07.25-11.55.33:432][  0]MapCheck: New page: Map Check
[2016.07.25-11.55.33:432][  0]LightingResults: New page: Lighting Build
[2016.07.25-11.55.35:280][  0]LogAIModule: Creating AISystem for world UptimeLevel
[2016.07.25-11.55.35:388][  0]LogEditorServer: Finished looking for orphan Actors (0.000 secs)
[2016.07.25-11.55.35:393][  0]Cmd: MAP CHECKDEP NOCLEARLOG
[2016.07.25-11.55.35:486][  0]MapCheck: Info Map check complete: 0 Error(s), 0 Warning(s), took 92.476ms to complete.
[2016.07.25-11.55.35:486][  0]LogFileHelpers: Loading map 'UptimeLevel' took 2.066
[2016.07.25-11.55.35:751][  0]LogCollectionManager: Loaded 0 collections in 0.003009 seconds
[2016.07.25-11.55.35:794][  0]LogFileCache: Scanning file cache for directory 'C:/Users/Risukun/Documents/GitHub/Uptime/Saved/Collections/' took 0.01s
[2016.07.25-11.55.35:794][  0]LogFileCache: Scanning file cache for directory 'C:/Users/Risukun/Documents/GitHub/Uptime/Content/Developers/Risukun/Collections/' took 0.01s
[2016.07.25-11.55.35:794][  0]LogFileCache: Scanning file cache for directory 'C:/Users/Risukun/Documents/GitHub/Uptime/Content/Collections/' took 0.01s
[2016.07.25-11.55.35:794][  0]LogCollectionManager: Rebuilt the GUID cache for 0 collections in 0.000004 seconds
[2016.07.25-11.55.35:809][  0]LogContentBrowser: Native class hierarchy populated in 0.0143 seconds. Added 1979 classes and 343 folders.
[2016.07.25-11.55.35:839][  0]LogStats: UGameplayTagsManager::ConstructGameplayTagTree: Construct from data asset -  0.000 s
[2016.07.25-11.55.35:839][  0]LogStats: UGameplayTagsManager::ConstructGameplayTagTree: GameplayTagTreeChangedEvent.Broadcast -  0.000 s
[2016.07.25-11.55.35:840][  0]LogContentBrowser: Native class hierarchy updated for 'GameplayTags' in 0.0007 seconds. Added 12 classes and 0 folders.
[2016.07.25-11.55.35:853][  0]LogContentBrowser: Native class hierarchy updated for 'WidgetCarousel' in 0.0007 seconds. Added 0 classes and 0 folders.
[2016.07.25-11.55.35:933][  0]LogContentBrowser: Native class hierarchy updated for 'SuperSearch' in 0.0006 seconds. Added 1 classes and 2 folders.
[2016.07.25-11.55.37:171][  0]LogContentBrowser: Native class hierarchy updated for 'AddContentDialog' in 0.0007 seconds. Added 0 classes and 0 folders.
[2016.07.25-11.55.37:198][  0]LogContentBrowser: Native class hierarchy updated for 'SceneOutliner' in 0.0006 seconds. Added 1 classes and 2 folders.
[2016.07.25-11.55.37:485][  0]LogCrashTracker: Crashtracker disabled due to settings.
[2016.07.25-11.55.37:491][  0]LogUObjectGlobals:Warning: Failed to find object 'Class None.'
[2016.07.25-11.55.37:532][  0]LogContentBrowser: Native class hierarchy updated for 'HierarchicalLODOutliner' in 0.0006 seconds. Added 1 classes and 2 folders.
[2016.07.25-11.55.37:533][  0]LogLoad: Full Startup: 32.81 seconds (BP compile: 0.11 seconds)
[2016.07.25-11.55.37:533][  0]LogExternalProfiler: Found external profiler: VSPerf
[2016.07.25-11.55.37:533][  0]LogExternalProfiler: Using external profiler: VSPerf
[2016.07.25-11.55.37:543][  0]LogWindowsTextInputMethodSystem:Display: IME system now deactivated.
[2016.07.25-11.55.37:543][  0]LogOcInput: OculusInput pre-init called
[2016.07.25-11.55.37:774][  0]LogContentStreaming: Texture pool size now 200 MB
[2016.07.25-11.55.38:105][  0]LogRenderer: Reallocating scene render targets to support 968x500 (Frame:2).
[2016.07.25-11.55.38:536][  2]LogAssetRegistry: Asset discovery search completed in 12.8940 seconds
[2016.07.25-11.55.38:536][  2]LogCollectionManager: Rebuilt the object cache for 0 collections in 0.000002 seconds (found 0 objects)
[2016.07.25-11.55.38:536][  2]LogCollectionManager: Fixed up redirectors for 0 collections in 0.000045 seconds (updated 0 objects)
[2016.07.25-11.58.49:078][326]LogEditorViewport: Clicking on Actor (LMB): Brush (Internal Wall9)
[2016.07.25-11.58.50:396][346]LogEditorViewport: Clicking on Actor (LMB): Brush (Internal Wall9)
[2016.07.25-11.59.24:241][  5]LogEditorActor: Deleted Actor: NavMeshBoundsVolume
[2016.07.25-11.59.24:280][  5]LogEditorActor: Deleted 1 Actors (0.079 secs)
[2016.07.25-11.59.26:681][ 50]LogEditorViewport: Clicking on Actor (LMB): NavMeshBoundsVolume (NavMeshBoundsVolume)
[2016.07.25-12.01.55:356][200]LogContentBrowser: Native class hierarchy updated for 'BlueprintGraph' in 0.0012 seconds. Added 108 classes and 0 folders.
[2016.07.25-12.02.49:626][869]BlueprintLog: New page: Compile BaseCharacter
[2016.07.25-12.02.49:813][869]LogActorComponent: UnregisterComponent: (/Engine/Transient.CharMoveComp) Not registered. Aborting.
[2016.07.25-12.02.49:813][869]LogActorComponent: UnregisterComponent: (/Engine/Transient.CharacterMovementComponent_0) Not registered. Aborting.
[2016.07.25-12.02.49:813][869]LogActorComponent: UnregisterComponent: (/Engine/Transient.CharacterMovementComponent_1) Not registered. Aborting.
[2016.07.25-12.02.51:135][869]BlueprintEditorCompileResults: Info [0466.41] Compile of BaseCharacter successful! [in 1,508 ms]
[2016.07.25-12.02.51:993][881]Cmd: OBJ SAVEPACKAGE PACKAGE="/Game/StarterContent/Blueprints/BaseCharacter" FILE="C:/Users/Risukun/Documents/GitHub/Uptime/Content/StarterContent/Blueprints/BaseCharacter.uasset" SILENT=true
[2016.07.25-12.02.52:132][881]LogSavePackage: Save=89.92ms
[2016.07.25-12.02.52:132][881]LogSavePackage: Moving 'C:/Users/Risukun/Documents/GitHub/Uptime/Saved/BaseCharacter7539842645471365B1B074B2FEC68228.tmp' to 'C:/Users/Risukun/Documents/GitHub/Uptime/Content/StarterContent/Blueprints/BaseCharacter.uasset'
[2016.07.25-12.02.52:138][881]LogSavePackage: Total save time: 142.34ms
[2016.07.25-12.02.52:138][881]LogSavePackage:Display: Finished SavePackage C:/Users/Risukun/Documents/GitHub/Uptime/Content/StarterContent/Blueprints/BaseCharacter.uasset
[2016.07.25-12.03.13:471][183]LogActorComponent: UnregisterComponent: (/Engine/Transient.CharMoveComp) Not registered. Aborting.
[2016.07.25-12.03.13:471][183]LogActorComponent: UnregisterComponent: (/Engine/Transient.CharacterMovementComponent_2) Not registered. Aborting.
[2016.07.25-12.03.13:471][183]LogActorComponent: UnregisterComponent: (/Engine/Transient.CharacterMovementComponent_3) Not registered. Aborting.
[2016.07.25-12.03.15:391][209]BlueprintLog: New page: Compile MaleWorkerClass
[2016.07.25-12.03.15:437][209]LogActorComponent: UnregisterComponent: (/Engine/Transient.CharacterMovementComponent_4) Not registered. Aborting.
[2016.07.25-12.03.15:705][209]BlueprintEditorCompileResults: Info [0490.98] Compile of MaleWorkerClass successful! [in 314 ms]
[2016.07.25-12.03.16:714][223]Cmd: OBJ SAVEPACKAGE PACKAGE="/Game/StarterContent/Blueprints/MaleWorkerClass" FILE="C:/Users/Risukun/Documents/GitHub/Uptime/Content/StarterContent/Blueprints/MaleWorkerClass.uasset" SILENT=true
[2016.07.25-12.03.16:797][223]LogSavePackage: Save=72.77ms
[2016.07.25-12.03.16:797][223]LogSavePackage: Moving 'C:/Users/Risukun/Documents/GitHub/Uptime/Saved/MaleWorkerClassDCB885654F1A355E89B886AA55EA9546.tmp' to 'C:/Users/Risukun/Documents/GitHub/Uptime/Content/StarterContent/Blueprints/MaleWorkerClass.uasset'
[2016.07.25-12.03.16:801][223]LogSavePackage: Total save time: 84.56ms
[2016.07.25-12.03.16:801][223]LogSavePackage:Display: Finished SavePackage C:/Users/Risukun/Documents/GitHub/Uptime/Content/StarterContent/Blueprints/MaleWorkerClass.uasset
[2016.07.25-12.03.30:592][434]LogActorComponent: UnregisterComponent: (/Engine/Transient.CharMoveComp) Not registered. Aborting.
[2016.07.25-12.03.31:612][449]BlueprintLog: New page: Compile FemaleWorkerClass
[2016.07.25-12.03.31:656][449]LogActorComponent: UnregisterComponent: (/Engine/Transient.CharacterMovementComponent_5) Not registered. Aborting.
[2016.07.25-12.03.31:950][449]BlueprintEditorCompileResults: Info [0507.22] Compile of FemaleWorkerClass successful! [in 337 ms]
[2016.07.25-12.03.33:064][465]Cmd: OBJ SAVEPACKAGE PACKAGE="/Game/StarterContent/Blueprints/FemaleWorkerClass" FILE="C:/Users/Risukun/Documents/GitHub/Uptime/Content/StarterContent/Blueprints/FemaleWorkerClass.uasset" SILENT=true
[2016.07.25-12.03.33:114][465]LogSavePackage: Save=40.46ms
[2016.07.25-12.03.33:114][465]LogSavePackage: Moving 'C:/Users/Risukun/Documents/GitHub/Uptime/Saved/FemaleWorkerClass10BB22B645142E13F859339CE863234A.tmp' to 'C:/Users/Risukun/Documents/GitHub/Uptime/Content/StarterContent/Blueprints/FemaleWorkerClass.uasset'
[2016.07.25-12.03.33:118][465]LogSavePackage: Total save time: 51.76ms
[2016.07.25-12.03.33:118][465]LogSavePackage:Display: Finished SavePackage C:/Users/Risukun/Documents/GitHub/Uptime/Content/StarterContent/Blueprints/FemaleWorkerClass.uasset
[2016.07.25-12.03.44:445][629]LogActorComponent: UnregisterComponent: (/Engine/Transient.CharMoveComp) Not registered. Aborting.
[2016.07.25-12.03.45:668][646]BlueprintLog: New page: Compile BossClass
[2016.07.25-12.03.45:712][646]LogActorComponent: UnregisterComponent: (/Engine/Transient.CharacterMovementComponent_6) Not registered. Aborting.
[2016.07.25-12.03.45:970][646]BlueprintEditorCompileResults: Info [0521.24] Compile of BossClass successful! [in 301 ms]
[2016.07.25-12.03.46:633][655]Cmd: OBJ SAVEPACKAGE PACKAGE="/Game/StarterContent/Blueprints/BossClass" FILE="C:/Users/Risukun/Documents/GitHub/Uptime/Content/StarterContent/Blueprints/BossClass.uasset" SILENT=true
[2016.07.25-12.03.46:686][655]LogSavePackage: Save=42.57ms
[2016.07.25-12.03.46:686][655]LogSavePackage: Moving 'C:/Users/Risukun/Documents/GitHub/Uptime/Saved/BossClassC8E44F1E495F0E54A2EAF9BA60888E51.tmp' to 'C:/Users/Risukun/Documents/GitHub/Uptime/Content/StarterContent/Blueprints/BossClass.uasset'
[2016.07.25-12.03.46:689][655]LogSavePackage: Total save time: 54.49ms
[2016.07.25-12.03.46:690][655]LogSavePackage:Display: Finished SavePackage C:/Users/Risukun/Documents/GitHub/Uptime/Content/StarterContent/Blueprints/BossClass.uasset
[2016.07.25-12.04.59:865][676]LogRenderer: Reallocating scene render targets to support 1192x552 (Frame:9154).
[2016.07.25-12.05.38:045][242]LogSlate:Warning: Prevented a slow task dialog from being summoned while a context menu was open
[2016.07.25-12.08.06:056][571]LogActorComponent: UnregisterComponent: (/Engine/Transient.CharMoveComp) Not registered. Aborting.
[2016.07.25-12.08.06:057][571]LogActorComponent: UnregisterComponent: (/Engine/Transient.CharacterMovementComponent_7) Not registered. Aborting.
[2016.07.25-12.08.06:057][571]LogActorComponent: UnregisterComponent: (/Engine/Transient.CharacterMovementComponent_8) Not registered. Aborting.
[2016.07.25-12.08.06:151][571]Cmd: OBJ SAVEPACKAGE PACKAGE="/Game/Maps/UptimeLevel" FILE="C:/Users/Risukun/Documents/GitHub/Uptime/Saved/Autosaves/Game/Maps/UptimeLevel_Auto1.umap" SILENT=true AUTOSAVING=true KEEPDIRTY=false
[2016.07.25-12.08.06:837][571]LogSavePackage: Save=661.14ms
[2016.07.25-12.08.06:837][571]LogSavePackage: Moving 'C:/Users/Risukun/Documents/GitHub/Uptime/Saved/UptimeLevel_Auto1F25521C0446465830DD1CB80C367C696.tmp' to 'C:/Users/Risukun/Documents/GitHub/Uptime/Saved/Autosaves/Game/Maps/UptimeLevel_Auto1.umap'
[2016.07.25-12.08.06:840][571]LogSavePackage: Total save time: 677.76ms
[2016.07.25-12.08.06:840][571]LogSavePackage:Display: Finished SavePackage C:/Users/Risukun/Documents/GitHub/Uptime/Saved/Autosaves/Game/Maps/UptimeLevel_Auto1.umap
[2016.07.25-12.08.06:858][571]LogFileHelpers: Editor autosave (incl. sublevels) for '/Game/Maps/UptimeLevel' took 0.801
[2016.07.25-12.08.06:858][571]LogFileHelpers: Editor autosave (incl. sublevels) for all levels took 0.801
[2016.07.25-12.08.06:867][571]OBJ SavePackage: Generating thumbnails for [0] asset(s) in package [/Game/StarterContent/Blueprints/EnemySubset] ([1] browsable assets)...
[2016.07.25-12.08.06:867][571]OBJ SavePackage: Finished generating thumbnails for package [/Game/StarterContent/Blueprints/EnemySubset]
[2016.07.25-12.08.06:905][571]LogSavePackage: Save=27.43ms
[2016.07.25-12.08.06:905][571]LogSavePackage: Moving 'C:/Users/Risukun/Documents/GitHub/Uptime/Saved/EnemySubset_Auto1375453C1442A76061EDE4DA7837602E5.tmp' to 'C:/Users/Risukun/Documents/GitHub/Uptime/Saved/Autosaves/Game/StarterContent/Blueprints/EnemySubset_Auto1.uasset'
[2016.07.25-12.08.06:907][571]LogSavePackage: Total save time: 37.42ms
[2016.07.25-12.08.06:907][571]LogSavePackage:Display: Finished SavePackage C:/Users/Risukun/Documents/GitHub/Uptime/Saved/Autosaves/Game/StarterContent/Blueprints/EnemySubset_Auto1.uasset
[2016.07.25-12.08.06:914][571]OBJ SavePackage: Generating thumbnails for [0] asset(s) in package [/Game/StarterContent/Blueprints/UptimeGameMode] ([1] browsable assets)...
[2016.07.25-12.08.06:914][571]OBJ SavePackage: Finished generating thumbnails for package [/Game/StarterContent/Blueprints/UptimeGameMode]
[2016.07.25-12.08.06:933][571]LogSavePackage: Save=17.47ms
[2016.07.25-12.08.06:933][571]LogSavePackage: Moving 'C:/Users/Risukun/Documents/GitHub/Uptime/Saved/UptimeGameMode_Auto1A3C9BD23424C159A0524FCB458B00D16.tmp' to 'C:/Users/Risukun/Documents/GitHub/Uptime/Saved/Autosaves/Game/StarterContent/Blueprints/UptimeGameMode_Auto1.uasset'
[2016.07.25-12.08.06:935][571]LogSavePackage: Total save time: 19.01ms
[2016.07.25-12.08.06:935][571]LogSavePackage:Display: Finished SavePackage C:/Users/Risukun/Documents/GitHub/Uptime/Saved/Autosaves/Game/StarterContent/Blueprints/UptimeGameMode_Auto1.uasset
[2016.07.25-12.08.06:942][571]OBJ SavePackage: Generating thumbnails for [0] asset(s) in package [/Game/StarterContent/Blueprints/FemaleSpawner] ([1] browsable assets)...
[2016.07.25-12.08.06:942][571]OBJ SavePackage: Finished generating thumbnails for package [/Game/StarterContent/Blueprints/FemaleSpawner]
[2016.07.25-12.08.06:967][571]LogSavePackage: Save=23.07ms
[2016.07.25-12.08.06:967][571]LogSavePackage: Moving 'C:/Users/Risukun/Documents/GitHub/Uptime/Saved/FemaleSpawner_Auto131B4BC3B43080ED158DD06A6DE9DB30B.tmp' to 'C:/Users/Risukun/Documents/GitHub/Uptime/Saved/Autosaves/Game/StarterContent/Blueprints/FemaleSpawner_Auto1.uasset'
[2016.07.25-12.08.06:969][571]LogSavePackage: Total save time: 25.49ms
[2016.07.25-12.08.06:969][571]LogSavePackage:Display: Finished SavePackage C:/Users/Risukun/Documents/GitHub/Uptime/Saved/Autosaves/Game/StarterContent/Blueprints/FemaleSpawner_Auto1.uasset
[2016.07.25-12.08.06:969][571]LogFileHelpers: Auto-saving content packages took 0.110
[2016.07.25-12.09.21:374][348]BlueprintLog: New page: Compile FemaleSpawner
[2016.07.25-12.09.21:729][348]BlueprintEditorCompileResults: Info [0857.00] Compile of FemaleSpawner successful! [in 354 ms]
[2016.07.25-12.10.43:748][511]LogSlate:Warning: Prevented a slow task dialog from being summoned while a context menu was open
[2016.07.25-12.11.32:538][611]BlueprintLog: New page: Compile FemaleSpawner
[2016.07.25-12.11.32:805][611]BlueprintEditorCompileResults: Info [0988.08] Compile of FemaleSpawner successful! [in 267 ms]
[2016.07.25-12.11.51:648][857]Cmd: OBJ SAVEPACKAGE PACKAGE="/Game/StarterContent/Blueprints/FemaleSpawner" FILE="C:/Users/Risukun/Documents/GitHub/Uptime/Content/StarterContent/Blueprints/FemaleSpawner.uasset" SILENT=true
[2016.07.25-12.11.51:713][857]LogSavePackage: Save=62.66ms
[2016.07.25-12.11.51:713][857]LogSavePackage: Moving 'C:/Users/Risukun/Documents/GitHub/Uptime/Saved/FemaleSpawner981F33104FCDBF3252BBD0BEE4C94533.tmp' to 'C:/Users/Risukun/Documents/GitHub/Uptime/Content/StarterContent/Blueprints/FemaleSpawner.uasset'
[2016.07.25-12.11.51:716][857]LogSavePackage: Total save time: 66.13ms
[2016.07.25-12.11.51:716][857]LogSavePackage:Display: Finished SavePackage C:/Users/Risukun/Documents/GitHub/Uptime/Content/StarterContent/Blueprints/FemaleSpawner.uasset
[2016.07.25-12.12.20:095][219]LogRenderer: Reallocating scene render targets to support 1340x688 (Frame:15160).
[2016.07.25-12.13.57:732][529]BlueprintLog: New page: Compile MaleSpawner
[2016.07.25-12.13.57:762][529]LogActorComponent: UnregisterComponent: (/Engine/Transient.CharMoveComp) Not registered. Aborting.
[2016.07.25-12.13.57:762][529]LogActorComponent: UnregisterComponent: (/Engine/Transient.CharacterMovementComponent_9) Not registered. Aborting.
[2016.07.25-12.13.57:762][529]LogActorComponent: UnregisterComponent: (/Engine/Transient.CharacterMovementComponent_10) Not registered. Aborting.
[2016.07.25-12.13.58:040][529]BlueprintEditorCompileResults: Info [1133.31] Compile of MaleSpawner successful! [in 307 ms]
[2016.07.25-12.15.27:848][710]LogSlate:Warning: Prevented a slow task dialog from being summoned while a context menu was open
[2016.07.25-12.15.46:680][155]BlueprintLog: New page: Compile MaleSpawner
[2016.07.25-12.15.46:883][155]BlueprintEditorCompileResults: Info [1242.16] Compile of MaleSpawner successful! [in 202 ms]
[2016.07.25-12.17.34:068][490]BlueprintLog: New page: Compile BossSpawner
[2016.07.25-12.17.34:089][490]LogActorComponent: UnregisterComponent: (/Engine/Transient.CharMoveComp) Not registered. Aborting.
[2016.07.25-12.17.34:089][490]LogActorComponent: UnregisterComponent: (/Engine/Transient.CharacterMovementComponent_11) Not registered. Aborting.
[2016.07.25-12.17.34:089][490]LogActorComponent: UnregisterComponent: (/Engine/Transient.CharacterMovementComponent_12) Not registered. Aborting.
[2016.07.25-12.17.34:407][490]BlueprintEditorCompileResults: Info [1349.68] Compile of BossSpawner successful! [in 339 ms]
[2016.07.25-12.18.37:029][281]LogSlate:Warning: Prevented a slow task dialog from being summoned while a context menu was open
[2016.07.25-12.18.58:475][761]BlueprintLog: New page: Compile BossSpawner
[2016.07.25-12.18.58:686][761]BlueprintEditorCompileResults: Info [1433.96] Compile of BossSpawner successful! [in 210 ms]
[2016.07.25-12.18.59:477][773]Cmd: OBJ SAVEPACKAGE PACKAGE="/Game/StarterContent/Blueprints/BossSpawner" FILE="C:/Users/Risukun/Documents/GitHub/Uptime/Content/StarterContent/Blueprints/BossSpawner.uasset" SILENT=true
[2016.07.25-12.18.59:553][773]LogSavePackage: Save=73.20ms
[2016.07.25-12.18.59:553][773]LogSavePackage: Moving 'C:/Users/Risukun/Documents/GitHub/Uptime/Saved/BossSpawner4F36B5BE44ABCDE6C282208C5D80BD5E.tmp' to 'C:/Users/Risukun/Documents/GitHub/Uptime/Content/StarterContent/Blueprints/BossSpawner.uasset'
[2016.07.25-12.18.59:556][773]LogSavePackage: Total save time: 76.80ms
[2016.07.25-12.18.59:556][773]LogSavePackage:Display: Finished SavePackage C:/Users/Risukun/Documents/GitHub/Uptime/Content/StarterContent/Blueprints/BossSpawner.uasset
[2016.07.25-12.19.30:140][220]LogFileHelpers: Editor autosave (incl. sublevels) for '/Game/Maps/UptimeLevel' took 0.073
[2016.07.25-12.19.30:150][220]OBJ SavePackage: Generating thumbnails for [0] asset(s) in package [/Game/StarterContent/Blueprints/MaleSpawner] ([1] browsable assets)...
[2016.07.25-12.19.30:150][220]OBJ SavePackage: Finished generating thumbnails for package [/Game/StarterContent/Blueprints/MaleSpawner]
[2016.07.25-12.19.30:217][220]LogSavePackage: Save=64.65ms
[2016.07.25-12.19.30:217][220]LogSavePackage: Moving 'C:/Users/Risukun/Documents/GitHub/Uptime/Saved/MaleSpawner_Auto2A1A047D342B302DDD456CB85BB46968D.tmp' to 'C:/Users/Risukun/Documents/GitHub/Uptime/Saved/Autosaves/Game/StarterContent/Blueprints/MaleSpawner_Auto2.uasset'
[2016.07.25-12.19.30:220][220]LogSavePackage: Total save time: 68.05ms
[2016.07.25-12.19.30:220][220]LogSavePackage:Display: Finished SavePackage C:/Users/Risukun/Documents/GitHub/Uptime/Saved/Autosaves/Game/StarterContent/Blueprints/MaleSpawner_Auto2.uasset
[2016.07.25-12.19.30:220][220]LogFileHelpers: Auto-saving content packages took 0.079
[2016.07.25-12.21.23:497][815]LogSlate:Warning: Prevented a slow task dialog from being summoned while a context menu was open
[2016.07.25-12.26.15:230][472]BlueprintLog: New page: Compile UptimeGameMode
[2016.07.25-12.26.15:275][472]LogActorComponent: UnregisterComponent: (/Engine/Transient.CharMoveComp) Not registered. Aborting.
[2016.07.25-12.26.15:565][472]BlueprintEditorCompileResults: Info [1870.84] Compile of UptimeGameMode successful! [in 334 ms]
[2016.07.25-12.27.10:289][391]BlueprintLog: New page: Compile UptimeGameMode
[2016.07.25-12.27.10:614][391]BlueprintEditorCompileResults: Info [1925.89] Compile of UptimeGameMode successful! [in 324 ms]
[2016.07.25-12.28.59:431][985]BlueprintLog: New page: Compile UptimeGameMode
[2016.07.25-12.28.59:659][985]BlueprintEditorCompileResults: Info [2034.93] Compile of UptimeGameMode successful! [in 227 ms]
[2016.07.25-12.29.01:545][ 11]Cmd: OBJ SAVEPACKAGE PACKAGE="/Game/StarterContent/Blueprints/UptimeGameMode" FILE="C:/Users/Risukun/Documents/GitHub/Uptime/Content/StarterContent/Blueprints/UptimeGameMode.uasset" SILENT=true
[2016.07.25-12.29.01:654][ 11]LogSavePackage: Save=107.25ms
[2016.07.25-12.29.01:654][ 11]LogSavePackage: Moving 'C:/Users/Risukun/Documents/GitHub/Uptime/Saved/UptimeGameMode1256E9F34067A560565B09B5C45E11D2.tmp' to 'C:/Users/Risukun/Documents/GitHub/Uptime/Content/StarterContent/Blueprints/UptimeGameMode.uasset'
[2016.07.25-12.29.01:659][ 11]LogSavePackage: Total save time: 111.77ms
[2016.07.25-12.29.01:659][ 11]LogSavePackage:Display: Finished SavePackage C:/Users/Risukun/Documents/GitHub/Uptime/Content/StarterContent/Blueprints/UptimeGameMode.uasset
[2016.07.25-12.33.02:420][290]LogPlayLevel: PlayLevel: No blueprints needed recompiling
[2016.07.25-12.33.02:495][290]PIE: New page: PIE session: UptimeLevel (Jul 26, 2016, 8:33:02 AM)
[2016.07.25-12.33.02:505][290]LogPlayLevel: Creating play world package: /Game/Maps/UEDPIE_0_UptimeLevel
[2016.07.25-12.33.02:632][290]LogPlayLevel: PIE: StaticDuplicateObject took: (0.127091s)
[2016.07.25-12.33.02:635][290]LogAIModule: Creating AISystem for world UptimeLevel
[2016.07.25-12.33.02:635][290]LogPlayLevel: PIE: World Init took: (0.002679s)
[2016.07.25-12.33.02:647][290]LogPlayLevel: PIE: Created PIE world by copying editor world from /Game/Maps/UptimeLevel.UptimeLevel to /Game/Maps/UEDPIE_0_UptimeLevel.UptimeLevel (0.142388s)
[2016.07.25-12.33.02:648][290]LogActorComponent: UnregisterComponent: (/Engine/Transient.CharMoveComp) Not registered. Aborting.
[2016.07.25-12.33.02:648][290]LogActorComponent: UnregisterComponent: (/Engine/Transient.CharacterMovementComponent_13) Not registered. Aborting.
[2016.07.25-12.33.02:648][290]LogActorComponent: UnregisterComponent: (/Engine/Transient.CharacterMovementComponent_14) Not registered. Aborting.
[2016.07.25-12.33.02:748][290]LogInit: XAudio2 using 'Digital Audio (S/PDIF) (High Definition Audio Device)' : 2 channels at 44.1 kHz using 16 bits per sample (channel mask 0x3)
[2016.07.25-12.33.02:760][290]LogInit: FAudioDevice initialized.
[2016.07.25-12.33.03:032][290]LogWorld: Game class is 'UptimeGameMode_C'
[2016.07.25-12.33.03:229][290]LogWorld: Bringing World /Game/Maps/UEDPIE_0_UptimeLevel.UptimeLevel up for play (max tick rate 0) at 2016.07.25-22.33.03
[2016.07.25-12.33.03:253][290]LogWorld: Bringing up level for play took: 0.099177
[2016.07.25-12.33.03:446][290]LogContentBrowser: Native class hierarchy updated for 'MovieSceneCapture' in 0.0024 seconds. Added 9 classes and 0 folders.
[2016.07.25-12.33.03:521][290]PIE: Info Play in editor start time for /Game/Maps/UEDPIE_0_UptimeLevel 1.468
[2016.07.25-12.33.19:433][497]LogPlayLevel: PlayLevel: No blueprints needed recompiling
[2016.07.25-12.33.19:433][497]PIE: New page: SIE session: UptimeLevel (Jul 26, 2016, 8:33:19 AM)
[2016.07.25-12.33.19:433][497]LogPlayLevel: Creating play world package: /Game/Maps/UEDPIE_0_UptimeLevel
[2016.07.25-12.33.19:520][497]LogPlayLevel: PIE: StaticDuplicateObject took: (0.086482s)
[2016.07.25-12.33.19:521][497]LogAIModule: Creating AISystem for world UptimeLevel
[2016.07.25-12.33.19:522][497]LogPlayLevel: PIE: World Init took: (0.001963s)
[2016.07.25-12.33.19:522][497]LogPlayLevel: PIE: Created PIE world by copying editor world from /Game/Maps/UptimeLevel.UptimeLevel to /Game/Maps/UEDPIE_0_UptimeLevel.UptimeLevel (0.088986s)
[2016.07.25-12.33.19:593][497]LogSelection:Warning: PIE object was selected: "MaleSpawner_C /Game/Maps/UEDPIE_0_UptimeLevel.UptimeLevel:PersistentLevel.MaleSpawner_57"
[2016.07.25-12.33.19:597][497]LogInit: XAudio2 using 'Digital Audio (S/PDIF) (High Definition Audio Device)' : 2 channels at 44.1 kHz using 16 bits per sample (channel mask 0x3)
[2016.07.25-12.33.19:608][497]LogInit: FAudioDevice initialized.
[2016.07.25-12.33.19:654][497]LogWorld: Game class is 'UptimeGameMode_C'
[2016.07.25-12.33.19:716][497]LogWorld: Bringing World /Game/Maps/UEDPIE_0_UptimeLevel.UptimeLevel up for play (max tick rate 0) at 2016.07.25-22.33.19
[2016.07.25-12.33.19:719][497]LogWorld: Bringing up level for play took: 0.064546
[2016.07.25-12.33.19:721][497]LogGameMode: Warning - PATHS NOT DEFINED or NO PLAYERSTART with positive rating
[2016.07.25-12.33.19:722][497]PIE: Info Play in editor start time for /Game/Maps/UEDPIE_0_UptimeLevel -0.33
[2016.07.25-12.33.19:752][497]LogSelection:Warning: PIE object was selected: "MaleSpawner_C /Game/Maps/UEDPIE_0_UptimeLevel.UptimeLevel:PersistentLevel.MaleSpawner_57"
[2016.07.25-12.33.31:864][635]Cmd: SELECT NONE
[2016.07.25-12.35.54:278][483]BlueprintLog: New page: Compile UptimeGameMode
[2016.07.25-12.35.54:523][483]BlueprintEditorCompileResults: Info [2449.80] Compile of UptimeGameMode successful! [in 245 ms]
[2016.07.25-12.35.55:179][491]Cmd: OBJ SAVEPACKAGE PACKAGE="/Game/StarterContent/Blueprints/UptimeGameMode" FILE="C:/Users/Risukun/Documents/GitHub/Uptime/Content/StarterContent/Blueprints/UptimeGameMode.uasset" SILENT=true
[2016.07.25-12.35.55:297][491]LogSavePackage: Save=102.40ms
[2016.07.25-12.35.55:297][491]LogSavePackage: Moving 'C:/Users/Risukun/Documents/GitHub/Uptime/Saved/UptimeGameModeB7B827694AEE7BA50E7E59940933B99C.tmp' to 'C:/Users/Risukun/Documents/GitHub/Uptime/Content/StarterContent/Blueprints/UptimeGameMode.uasset'
[2016.07.25-12.35.55:301][491]LogSavePackage: Total save time: 119.91ms
[2016.07.25-12.35.55:301][491]LogSavePackage:Display: Finished SavePackage C:/Users/Risukun/Documents/GitHub/Uptime/Content/StarterContent/Blueprints/UptimeGameMode.uasset
[2016.07.25-12.36.00:311][558]LogPlayLevel: PlayLevel: No blueprints needed recompiling
[2016.07.25-12.36.00:311][558]PIE: New page: SIE session: UptimeLevel (Jul 26, 2016, 8:36:00 AM)
[2016.07.25-12.36.00:312][558]LogPlayLevel: Creating play world package: /Game/Maps/UEDPIE_0_UptimeLevel
[2016.07.25-12.36.00:415][558]LogPlayLevel: PIE: StaticDuplicateObject took: (0.103499s)
[2016.07.25-12.36.00:416][558]LogAIModule: Creating AISystem for world UptimeLevel
[2016.07.25-12.36.00:417][558]LogPlayLevel: PIE: World Init took: (0.001449s)
[2016.07.25-12.36.00:417][558]LogPlayLevel: PIE: Created PIE world by copying editor world from /Game/Maps/UptimeLevel.UptimeLevel to /Game/Maps/UEDPIE_0_UptimeLevel.UptimeLevel (0.105529s)
[2016.07.25-12.36.00:491][558]LogSelection:Warning: PIE object was selected: "MaleSpawner_C /Game/Maps/UEDPIE_0_UptimeLevel.UptimeLevel:PersistentLevel.MaleSpawner_57"
[2016.07.25-12.36.00:496][558]LogInit: XAudio2 using 'Digital Audio (S/PDIF) (High Definition Audio Device)' : 2 channels at 44.1 kHz using 16 bits per sample (channel mask 0x3)
[2016.07.25-12.36.00:508][558]LogInit: FAudioDevice initialized.
[2016.07.25-12.36.00:543][558]LogWorld: Game class is 'UptimeGameMode_C'
[2016.07.25-12.36.00:605][558]LogWorld: Bringing World /Game/Maps/UEDPIE_0_UptimeLevel.UptimeLevel up for play (max tick rate 0) at 2016.07.25-22.36.00
[2016.07.25-12.36.00:609][558]LogWorld: Bringing up level for play took: 0.064464
[2016.07.25-12.36.00:610][558]LogGameMode: Warning - PATHS NOT DEFINED or NO PLAYERSTART with positive rating
[2016.07.25-12.36.00:611][558]PIE: Info Play in editor start time for /Game/Maps/UEDPIE_0_UptimeLevel 0.559
[2016.07.25-12.36.00:623][558]LogSelection:Warning: PIE object was selected: "MaleSpawner_C /Game/Maps/UEDPIE_0_UptimeLevel.UptimeLevel:PersistentLevel.MaleSpawner_57"
[2016.07.25-12.36.15:765][775]LogEditorViewport: Clicking on Actor (LMB): BossSpawner_C (BossSpawner)
[2016.07.25-12.36.51:664][291]Cmd: OBJ SAVEPACKAGE PACKAGE="/Game/Maps/UptimeLevel" FILE="C:/Users/Risukun/Documents/GitHub/Uptime/Saved/Autosaves/Game/Maps/UptimeLevel_Auto3.umap" SILENT=true AUTOSAVING=true KEEPDIRTY=false
[2016.07.25-12.36.52:334][291]LogSavePackage: Save=655.55ms
[2016.07.25-12.36.52:334][291]LogSavePackage: Moving 'C:/Users/Risukun/Documents/GitHub/Uptime/Saved/UptimeLevel_Auto3DD0FE0E241D97172697C6D964B4E8A71.tmp' to 'C:/Users/Risukun/Documents/GitHub/Uptime/Saved/Autosaves/Game/Maps/UptimeLevel_Auto3.umap'
[2016.07.25-12.36.52:338][291]LogSavePackage: Total save time: 671.59ms
[2016.07.25-12.36.52:338][291]LogSavePackage:Display: Finished SavePackage C:/Users/Risukun/Documents/GitHub/Uptime/Saved/Autosaves/Game/Maps/UptimeLevel_Auto3.umap
[2016.07.25-12.36.52:341][291]LogFileHelpers: Editor autosave (incl. sublevels) for '/Game/Maps/UptimeLevel' took 0.757
[2016.07.25-12.36.52:341][291]LogFileHelpers: Editor autosave (incl. sublevels) for all levels took 0.757
[2016.07.25-12.36.59:171][388]LogPlayLevel: PlayLevel: No blueprints needed recompiling
[2016.07.25-12.36.59:172][388]PIE: New page: SIE session: UptimeLevel (Jul 26, 2016, 8:36:59 AM)
[2016.07.25-12.36.59:172][388]LogPlayLevel: Creating play world package: /Game/Maps/UEDPIE_0_UptimeLevel
[2016.07.25-12.36.59:255][388]LogPlayLevel: PIE: StaticDuplicateObject took: (0.083549s)
[2016.07.25-12.36.59:257][388]LogAIModule: Creating AISystem for world UptimeLevel
[2016.07.25-12.36.59:257][388]LogPlayLevel: PIE: World Init took: (0.001492s)
[2016.07.25-12.36.59:257][388]LogPlayLevel: PIE: Created PIE world by copying editor world from /Game/Maps/UptimeLevel.UptimeLevel to /Game/Maps/UEDPIE_0_UptimeLevel.UptimeLevel (0.085688s)
[2016.07.25-12.36.59:327][388]LogSelection:Warning: PIE object was selected: "BossSpawner_C /Game/Maps/UEDPIE_0_UptimeLevel.UptimeLevel:PersistentLevel.BossSpawner_123"
[2016.07.25-12.36.59:332][388]LogInit: XAudio2 using 'Digital Audio (S/PDIF) (High Definition Audio Device)' : 2 channels at 44.1 kHz using 16 bits per sample (channel mask 0x3)
[2016.07.25-12.36.59:342][388]LogInit: FAudioDevice initialized.
[2016.07.25-12.36.59:374][388]LogWorld: Game class is 'UptimeGameMode_C'
[2016.07.25-12.36.59:436][388]LogWorld: Bringing World /Game/Maps/UEDPIE_0_UptimeLevel.UptimeLevel up for play (max tick rate 0) at 2016.07.25-22.36.59
[2016.07.25-12.36.59:440][388]LogWorld: Bringing up level for play took: 0.064891
[2016.07.25-12.36.59:441][388]LogGameMode: Warning - PATHS NOT DEFINED or NO PLAYERSTART with positive rating
[2016.07.25-12.36.59:443][388]PIE: Info Play in editor start time for /Game/Maps/UEDPIE_0_UptimeLevel -0.609
[2016.07.25-12.36.59:453][388]LogSelection:Warning: PIE object was selected: "BossSpawner_C /Game/Maps/UEDPIE_0_UptimeLevel.UptimeLevel:PersistentLevel.BossSpawner_123"
[2016.07.25-12.39.01:908][984]BlueprintLog: New page: Compile FemaleSpawner
[2016.07.25-12.39.01:966][984]LogActorComponent: UnregisterComponent: (/Engine/Transient.CharMoveComp) Not registered. Aborting.
[2016.07.25-12.39.01:966][984]LogActorComponent: UnregisterComponent: (/Engine/Transient.CharacterMovementComponent_15) Not registered. Aborting.
[2016.07.25-12.39.01:966][984]LogActorComponent: UnregisterComponent: (/Engine/Transient.CharacterMovementComponent_16) Not registered. Aborting.
[2016.07.25-12.39.02:177][984]BlueprintEditorCompileResults: Info [2637.45] Compile of FemaleSpawner successful! [in 269 ms]
[2016.07.25-12.39.05:442][ 28]Cmd: OBJ SAVEPACKAGE PACKAGE="/Game/StarterContent/Blueprints/FemaleSpawner" FILE="C:/Users/Risukun/Documents/GitHub/Uptime/Content/StarterContent/Blueprints/FemaleSpawner.uasset" SILENT=true
[2016.07.25-12.39.05:513][ 28]LogSavePackage: Save=57.50ms
[2016.07.25-12.39.05:513][ 28]LogSavePackage: Moving 'C:/Users/Risukun/Documents/GitHub/Uptime/Saved/FemaleSpawner1E74C90E456D7793520D1DA17A827EB9.tmp' to 'C:/Users/Risukun/Documents/GitHub/Uptime/Content/StarterContent/Blueprints/FemaleSpawner.uasset'
[2016.07.25-12.39.05:517][ 28]LogSavePackage: Total save time: 73.89ms
[2016.07.25-12.39.05:517][ 28]LogSavePackage:Display: Finished SavePackage C:/Users/Risukun/Documents/GitHub/Uptime/Content/StarterContent/Blueprints/FemaleSpawner.uasset
[2016.07.25-12.39.24:288][265]LogPlayLevel: PlayLevel: No blueprints needed recompiling
[2016.07.25-12.39.24:288][265]PIE: New page: SIE session: UptimeLevel (Jul 26, 2016, 8:39:24 AM)
[2016.07.25-12.39.24:288][265]LogPlayLevel: Creating play world package: /Game/Maps/UEDPIE_0_UptimeLevel
[2016.07.25-12.39.24:382][265]LogPlayLevel: PIE: StaticDuplicateObject took: (0.093606s)
[2016.07.25-12.39.24:384][265]LogAIModule: Creating AISystem for world UptimeLevel
[2016.07.25-12.39.24:384][265]LogPlayLevel: PIE: World Init took: (0.001329s)
[2016.07.25-12.39.24:384][265]LogPlayLevel: PIE: Created PIE world by copying editor world from /Game/Maps/UptimeLevel.UptimeLevel to /Game/Maps/UEDPIE_0_UptimeLevel.UptimeLevel (0.095579s)
[2016.07.25-12.39.24:458][265]LogSelection:Warning: PIE object was selected: "BossSpawner_C /Game/Maps/UEDPIE_0_UptimeLevel.UptimeLevel:PersistentLevel.BossSpawner_123"
[2016.07.25-12.39.24:462][265]LogInit: XAudio2 using 'Digital Audio (S/PDIF) (High Definition Audio Device)' : 2 channels at 44.1 kHz using 16 bits per sample (channel mask 0x3)
[2016.07.25-12.39.24:474][265]LogInit: FAudioDevice initialized.
[2016.07.25-12.39.24:510][265]LogWorld: Game class is 'UptimeGameMode_C'
[2016.07.25-12.39.24:572][265]LogWorld: Bringing World /Game/Maps/UEDPIE_0_UptimeLevel.UptimeLevel up for play (max tick rate 0) at 2016.07.25-22.39.24
[2016.07.25-12.39.24:576][265]LogWorld: Bringing up level for play took: 0.065468
[2016.07.25-12.39.24:577][265]LogGameMode: Warning - PATHS NOT DEFINED or NO PLAYERSTART with positive rating
[2016.07.25-12.39.24:579][265]PIE: Info Play in editor start time for /Game/Maps/UEDPIE_0_UptimeLevel 0.527
[2016.07.25-12.39.24:590][265]LogSelection:Warning: PIE object was selected: "BossSpawner_C /Game/Maps/UEDPIE_0_UptimeLevel.UptimeLevel:PersistentLevel.BossSpawner_123"
[2016.07.25-12.42.42:648][ 57]LogSlate:Warning: Prevented a slow task dialog from being summoned while a context menu was open
[2016.07.25-12.44.50:058][900]BlueprintLog: New page: Compile UptimeGameMode
[2016.07.25-12.44.50:093][900]LogActorComponent: UnregisterComponent: (/Engine/Transient.CharMoveComp) Not registered. Aborting.
[2016.07.25-12.44.50:093][900]LogActorComponent: UnregisterComponent: (/Engine/Transient.CharacterMovementComponent_17) Not registered. Aborting.
[2016.07.25-12.44.50:093][900]LogActorComponent: UnregisterComponent: (/Engine/Transient.CharacterMovementComponent_18) Not registered. Aborting.
[2016.07.25-12.44.50:282][900]BlueprintEditorCompileResults: Info [2985.55] Compile of UptimeGameMode successful! [in 223 ms]
[2016.07.25-12.44.51:660][919]Cmd: OBJ SAVEPACKAGE PACKAGE="/Game/StarterContent/Blueprints/UptimeGameMode" FILE="C:/Users/Risukun/Documents/GitHub/Uptime/Content/StarterContent/Blueprints/UptimeGameMode.uasset" SILENT=true
[2016.07.25-12.44.51:773][919]LogSavePackage: Save=96.69ms
[2016.07.25-12.44.51:773][919]LogSavePackage: Moving 'C:/Users/Risukun/Documents/GitHub/Uptime/Saved/UptimeGameMode3A6E4D4C47E7AEC83D77658F7176EA95.tmp' to 'C:/Users/Risukun/Documents/GitHub/Uptime/Content/StarterContent/Blueprints/UptimeGameMode.uasset'
[2016.07.25-12.44.51:776][919]LogSavePackage: Total save time: 114.73ms
[2016.07.25-12.44.51:776][919]LogSavePackage:Display: Finished SavePackage C:/Users/Risukun/Documents/GitHub/Uptime/Content/StarterContent/Blueprints/UptimeGameMode.uasset
[2016.07.25-12.44.54:625][958]BlueprintLog: New page: Compile BossSpawner
[2016.07.25-12.44.54:874][958]BlueprintEditorCompileResults: Info [2990.15] Compile of BossSpawner successful! [in 248 ms]
[2016.07.25-12.44.55:383][966]Cmd: OBJ SAVEPACKAGE PACKAGE="/Game/StarterContent/Blueprints/BossSpawner" FILE="C:/Users/Risukun/Documents/GitHub/Uptime/Content/StarterContent/Blueprints/BossSpawner.uasset" SILENT=true
[2016.07.25-12.44.55:450][966]LogSavePackage: Save=55.30ms
[2016.07.25-12.44.55:450][966]LogSavePackage: Moving 'C:/Users/Risukun/Documents/GitHub/Uptime/Saved/BossSpawner6255906047EA5697D86594A042E0BF72.tmp' to 'C:/Users/Risukun/Documents/GitHub/Uptime/Content/StarterContent/Blueprints/BossSpawner.uasset'
[2016.07.25-12.44.55:453][966]LogSavePackage: Total save time: 67.47ms
[2016.07.25-12.44.55:453][966]LogSavePackage:Display: Finished SavePackage C:/Users/Risukun/Documents/GitHub/Uptime/Content/StarterContent/Blueprints/BossSpawner.uasset
[2016.07.25-12.44.57:849][  0]BlueprintLog: New page: Compile MaleSpawner
[2016.07.25-12.44.58:080][  0]BlueprintEditorCompileResults: Info [2993.35] Compile of MaleSpawner successful! [in 230 ms]
[2016.07.25-12.44.58:874][ 12]Cmd: OBJ SAVEPACKAGE PACKAGE="/Game/StarterContent/Blueprints/MaleSpawner" FILE="C:/Users/Risukun/Documents/GitHub/Uptime/Content/StarterContent/Blueprints/MaleSpawner.uasset" SILENT=true
[2016.07.25-12.44.58:940][ 12]LogSavePackage: Save=63.77ms
[2016.07.25-12.44.58:940][ 12]LogSavePackage: Moving 'C:/Users/Risukun/Documents/GitHub/Uptime/Saved/MaleSpawnerB99CABBC42A2C08AC2241C96F7CB5E91.tmp' to 'C:/Users/Risukun/Documents/GitHub/Uptime/Content/StarterContent/Blueprints/MaleSpawner.uasset'
[2016.07.25-12.44.58:944][ 12]LogSavePackage: Total save time: 67.90ms
[2016.07.25-12.44.58:944][ 12]LogSavePackage:Display: Finished SavePackage C:/Users/Risukun/Documents/GitHub/Uptime/Content/StarterContent/Blueprints/MaleSpawner.uasset
[2016.07.25-12.45.01:803][ 51]BlueprintLog: New page: Compile FemaleSpawner
[2016.07.25-12.45.02:037][ 51]BlueprintEditorCompileResults: Info [2997.31] Compile of FemaleSpawner successful! [in 233 ms]
[2016.07.25-12.45.02:516][ 58]Cmd: OBJ SAVEPACKAGE PACKAGE="/Game/StarterContent/Blueprints/FemaleSpawner" FILE="C:/Users/Risukun/Documents/GitHub/Uptime/Content/StarterContent/Blueprints/FemaleSpawner.uasset" SILENT=true
[2016.07.25-12.45.02:589][ 58]LogSavePackage: Save=57.27ms
[2016.07.25-12.45.02:589][ 58]LogSavePackage: Moving 'C:/Users/Risukun/Documents/GitHub/Uptime/Saved/FemaleSpawnerF11863B6487D714D63EC188209C0812D.tmp' to 'C:/Users/Risukun/Documents/GitHub/Uptime/Content/StarterContent/Blueprints/FemaleSpawner.uasset'
[2016.07.25-12.45.02:591][ 58]LogSavePackage: Total save time: 73.13ms
[2016.07.25-12.45.02:591][ 58]LogSavePackage:Display: Finished SavePackage C:/Users/Risukun/Documents/GitHub/Uptime/Content/StarterContent/Blueprints/FemaleSpawner.uasset
[2016.07.25-12.45.08:181][133]LogPlayLevel: PlayLevel: No blueprints needed recompiling
[2016.07.25-12.45.08:181][133]PIE: New page: SIE session: UptimeLevel (Jul 26, 2016, 8:45:08 AM)
[2016.07.25-12.45.08:181][133]LogPlayLevel: Creating play world package: /Game/Maps/UEDPIE_0_UptimeLevel
[2016.07.25-12.45.08:268][133]LogPlayLevel: PIE: StaticDuplicateObject took: (0.086227s)
[2016.07.25-12.45.08:269][133]LogAIModule: Creating AISystem for world UptimeLevel
[2016.07.25-12.45.08:270][133]LogPlayLevel: PIE: World Init took: (0.001985s)
[2016.07.25-12.45.08:270][133]LogPlayLevel: PIE: Created PIE world by copying editor world from /Game/Maps/UptimeLevel.UptimeLevel to /Game/Maps/UEDPIE_0_UptimeLevel.UptimeLevel (0.088831s)
[2016.07.25-12.45.08:342][133]LogSelection:Warning: PIE object was selected: "BossSpawner_C /Game/Maps/UEDPIE_0_UptimeLevel.UptimeLevel:PersistentLevel.BossSpawner_123"
[2016.07.25-12.45.08:346][133]LogInit: XAudio2 using 'Digital Audio (S/PDIF) (High Definition Audio Device)' : 2 channels at 44.1 kHz using 16 bits per sample (channel mask 0x3)
[2016.07.25-12.45.08:357][133]LogInit: FAudioDevice initialized.
[2016.07.25-12.45.08:392][133]LogWorld: Game class is 'UptimeGameMode_C'
[2016.07.25-12.45.08:458][133]LogWorld: Bringing World /Game/Maps/UEDPIE_0_UptimeLevel.UptimeLevel up for play (max tick rate 0) at 2016.07.25-22.45.08
[2016.07.25-12.45.08:462][133]LogWorld: Bringing up level for play took: 0.068703
[2016.07.25-12.45.08:463][133]LogGameMode: Warning - PATHS NOT DEFINED or NO PLAYERSTART with positive rating
[2016.07.25-12.45.08:464][133]PIE: Info Play in editor start time for /Game/Maps/UEDPIE_0_UptimeLevel 0.412
[2016.07.25-12.45.08:474][133]LogSelection:Warning: PIE object was selected: "BossSpawner_C /Game/Maps/UEDPIE_0_UptimeLevel.UptimeLevel:PersistentLevel.BossSpawner_123"
[2016.07.25-12.45.41:773][580]LogSlate:Warning: Prevented a slow task dialog from being summoned while a context menu was open
[2016.07.25-12.47.11:921][282]BlueprintLog: New page: Compile FemaleSpawner
[2016.07.25-12.47.11:958][282]LogActorComponent: UnregisterComponent: (/Engine/Transient.CharMoveComp) Not registered. Aborting.
[2016.07.25-12.47.11:958][282]LogActorComponent: UnregisterComponent: (/Engine/Transient.CharacterMovementComponent_19) Not registered. Aborting.
[2016.07.25-12.47.11:958][282]LogActorComponent: UnregisterComponent: (/Engine/Transient.CharacterMovementComponent_20) Not registered. Aborting.
[2016.07.25-12.47.12:156][282]BlueprintEditorCompileResults: Info [3127.43] Compile of FemaleSpawner successful! [in 234 ms]
[2016.07.25-12.47.14:922][321]Cmd: OBJ SAVEPACKAGE PACKAGE="/Game/StarterContent/Blueprints/FemaleSpawner" FILE="C:/Users/Risukun/Documents/GitHub/Uptime/Content/StarterContent/Blueprints/FemaleSpawner.uasset" SILENT=true
[2016.07.25-12.47.14:992][321]LogSavePackage: Save=60.33ms
[2016.07.25-12.47.14:992][321]LogSavePackage: Moving 'C:/Users/Risukun/Documents/GitHub/Uptime/Saved/FemaleSpawner3FAC4E974AF7003174DF5A8D159AE9F9.tmp' to 'C:/Users/Risukun/Documents/GitHub/Uptime/Content/StarterContent/Blueprints/FemaleSpawner.uasset'
[2016.07.25-12.47.14:993][321]LogSavePackage: Total save time: 70.27ms
[2016.07.25-12.47.14:993][321]LogSavePackage:Display: Finished SavePackage C:/Users/Risukun/Documents/GitHub/Uptime/Content/StarterContent/Blueprints/FemaleSpawner.uasset
[2016.07.25-12.48.25:610][399]LogSlate:Warning: Prevented a slow task dialog from being summoned while a context menu was open
[2016.07.25-12.48.27:852][549]Cmd: UpdateLandscapeSetup
[2016.07.25-12.48.32:102][609]LogPlayLevel: PlayLevel: No blueprints needed recompiling
[2016.07.25-12.48.32:102][609]PIE: New page: SIE session: UptimeLevel (Jul 26, 2016, 8:48:32 AM)
[2016.07.25-12.48.32:102][609]LogPlayLevel: Creating play world package: /Game/Maps/UEDPIE_0_UptimeLevel
[2016.07.25-12.48.32:193][609]LogPlayLevel: PIE: StaticDuplicateObject took: (0.090025s)
[2016.07.25-12.48.32:194][609]LogAIModule: Creating AISystem for world UptimeLevel
[2016.07.25-12.48.32:194][609]LogPlayLevel: PIE: World Init took: (0.001528s)
[2016.07.25-12.48.32:195][609]LogPlayLevel: PIE: Created PIE world by copying editor world from /Game/Maps/UptimeLevel.UptimeLevel to /Game/Maps/UEDPIE_0_UptimeLevel.UptimeLevel (0.092164s)
[2016.07.25-12.48.32:195][609]LogActorComponent: UnregisterComponent: (/Engine/Transient.CharMoveComp) Not registered. Aborting.
[2016.07.25-12.48.32:195][609]LogActorComponent: UnregisterComponent: (/Engine/Transient.CharacterMovementComponent_21) Not registered. Aborting.
[2016.07.25-12.48.32:195][609]LogActorComponent: UnregisterComponent: (/Engine/Transient.CharacterMovementComponent_22) Not registered. Aborting.
[2016.07.25-12.48.32:270][609]LogSelection:Warning: PIE object was selected: "BossSpawner_C /Game/Maps/UEDPIE_0_UptimeLevel.UptimeLevel:PersistentLevel.BossSpawner_123"
[2016.07.25-12.48.32:275][609]LogInit: XAudio2 using 'Digital Audio (S/PDIF) (High Definition Audio Device)' : 2 channels at 44.1 kHz using 16 bits per sample (channel mask 0x3)
[2016.07.25-12.48.32:287][609]LogInit: FAudioDevice initialized.
[2016.07.25-12.48.32:320][609]LogWorld: Game class is 'UptimeGameMode_C'
[2016.07.25-12.48.32:383][609]LogWorld: Bringing World /Game/Maps/UEDPIE_0_UptimeLevel.UptimeLevel up for play (max tick rate 0) at 2016.07.25-22.48.32
[2016.07.25-12.48.32:387][609]LogWorld: Bringing up level for play took: 0.066041
[2016.07.25-12.48.32:388][609]LogGameMode: Warning - PATHS NOT DEFINED or NO PLAYERSTART with positive rating
[2016.07.25-12.48.32:389][609]PIE: Info Play in editor start time for /Game/Maps/UEDPIE_0_UptimeLevel 0.337
[2016.07.25-12.48.32:400][609]LogSelection:Warning: PIE object was selected: "BossSpawner_C /Game/Maps/UEDPIE_0_UptimeLevel.UptimeLevel:PersistentLevel.BossSpawner_123"
[2016.07.25-12.48.47:048][325]Cmd: TRANSACTION UNDO
[2016.07.25-12.48.47:048][325]LogEditorTransaction: Undo Edit GameMode Override
[2016.07.25-12.49.28:378][935]LogEditorViewport: Clicking on Actor (LMB): MaleSpawner_C (MaleSpawner)
[2016.07.25-12.50.45:822][867]BlueprintLog: New page: Compile BossSpawner
[2016.07.25-12.50.45:858][867]LogActorComponent: UnregisterComponent: (/Engine/Transient.CharMoveComp) Not registered. Aborting.
[2016.07.25-12.50.45:858][867]LogActorComponent: UnregisterComponent: (/Engine/Transient.CharacterMovementComponent_23) Not registered. Aborting.
[2016.07.25-12.50.45:858][867]LogActorComponent: UnregisterComponent: (/Engine/Transient.CharacterMovementComponent_24) Not registered. Aborting.
[2016.07.25-12.50.46:063][867]BlueprintEditorCompileResults: Info [3341.34] Compile of BossSpawner successful! [in 241 ms]
[2016.07.25-12.50.46:813][882]Cmd: OBJ SAVEPACKAGE PACKAGE="/Game/StarterContent/Blueprints/BossSpawner" FILE="C:/Users/Risukun/Documents/GitHub/Uptime/Content/StarterContent/Blueprints/BossSpawner.uasset" SILENT=true
[2016.07.25-12.50.46:884][882]LogSavePackage: Save=56.71ms
[2016.07.25-12.50.46:885][882]LogSavePackage: Moving 'C:/Users/Risukun/Documents/GitHub/Uptime/Saved/BossSpawner309437F24448EAD3602A5C9DF6956A16.tmp' to 'C:/Users/Risukun/Documents/GitHub/Uptime/Content/StarterContent/Blueprints/BossSpawner.uasset'
[2016.07.25-12.50.46:888][882]LogSavePackage: Total save time: 72.69ms
[2016.07.25-12.50.46:888][882]LogSavePackage:Display: Finished SavePackage C:/Users/Risukun/Documents/GitHub/Uptime/Content/StarterContent/Blueprints/BossSpawner.uasset
[2016.07.25-12.50.49:876][922]BlueprintLog: New page: Compile MaleSpawner
[2016.07.25-12.50.50:116][922]BlueprintEditorCompileResults: Info [3345.39] Compile of MaleSpawner successful! [in 239 ms]
[2016.07.25-12.50.50:537][929]Cmd: OBJ SAVEPACKAGE PACKAGE="/Game/StarterContent/Blueprints/MaleSpawner" FILE="C:/Users/Risukun/Documents/GitHub/Uptime/Content/StarterContent/Blueprints/MaleSpawner.uasset" SILENT=true
[2016.07.25-12.50.50:609][929]LogSavePackage: Save=56.64ms
[2016.07.25-12.50.50:609][929]LogSavePackage: Moving 'C:/Users/Risukun/Documents/GitHub/Uptime/Saved/MaleSpawnerF0F0D8DC4116E0EE76850C9E0C80494A.tmp' to 'C:/Users/Risukun/Documents/GitHub/Uptime/Content/StarterContent/Blueprints/MaleSpawner.uasset'
[2016.07.25-12.50.50:612][929]LogSavePackage: Total save time: 72.84ms
[2016.07.25-12.50.50:612][929]LogSavePackage:Display: Finished SavePackage C:/Users/Risukun/Documents/GitHub/Uptime/Content/StarterContent/Blueprints/MaleSpawner.uasset
[2016.07.25-12.50.53:135][964]BlueprintLog: New page: Compile FemaleSpawner
[2016.07.25-12.50.53:362][964]BlueprintEditorCompileResults: Info [3348.63] Compile of FemaleSpawner successful! [in 226 ms]
[2016.07.25-12.50.53:794][971]Cmd: OBJ SAVEPACKAGE PACKAGE="/Game/StarterContent/Blueprints/FemaleSpawner" FILE="C:/Users/Risukun/Documents/GitHub/Uptime/Content/StarterContent/Blueprints/FemaleSpawner.uasset" SILENT=true
[2016.07.25-12.50.53:867][971]LogSavePackage: Save=58.78ms
[2016.07.25-12.50.53:867][971]LogSavePackage: Moving 'C:/Users/Risukun/Documents/GitHub/Uptime/Saved/FemaleSpawner4C705EE54AB793D6832264957A5ADA08.tmp' to 'C:/Users/Risukun/Documents/GitHub/Uptime/Content/StarterContent/Blueprints/FemaleSpawner.uasset'
[2016.07.25-12.50.53:869][971]LogSavePackage: Total save time: 73.04ms
[2016.07.25-12.50.53:869][971]LogSavePackage:Display: Finished SavePackage C:/Users/Risukun/Documents/GitHub/Uptime/Content/StarterContent/Blueprints/FemaleSpawner.uasset
[2016.07.25-12.50.56:954][ 13]BlueprintLog: New page: Compile UptimeGameMode
[2016.07.25-12.50.57:175][ 13]BlueprintEditorCompileResults: Info [3352.45] Compile of UptimeGameMode successful! [in 221 ms]
[2016.07.25-12.50.58:254][ 28]Cmd: OBJ SAVEPACKAGE PACKAGE="/Game/StarterContent/Blueprints/UptimeGameMode" FILE="C:/Users/Risukun/Documents/GitHub/Uptime/Content/StarterContent/Blueprints/UptimeGameMode.uasset" SILENT=true
[2016.07.25-12.50.58:363][ 28]LogSavePackage: Save=96.18ms
[2016.07.25-12.50.58:363][ 28]LogSavePackage: Moving 'C:/Users/Risukun/Documents/GitHub/Uptime/Saved/UptimeGameMode591E249D472F19650E0D88B3800541B4.tmp' to 'C:/Users/Risukun/Documents/GitHub/Uptime/Content/StarterContent/Blueprints/UptimeGameMode.uasset'
[2016.07.25-12.50.58:365][ 28]LogSavePackage: Total save time: 110.03ms
[2016.07.25-12.50.58:365][ 28]LogSavePackage:Display: Finished SavePackage C:/Users/Risukun/Documents/GitHub/Uptime/Content/StarterContent/Blueprints/UptimeGameMode.uasset
[2016.07.25-12.51.04:157][100]LogActorComponent: UnregisterComponent: (/Engine/Transient.EditorFloorComp) Not registered. Aborting.
[2016.07.25-12.51.04:304][100]LogActorComponent: UnregisterComponent: (/Engine/Transient.EditorFloorComp) Not registered. Aborting.
[2016.07.25-12.51.04:470][100]LogActorComponent: UnregisterComponent: (/Engine/Transient.EditorFloorComp) Not registered. Aborting.
[2016.07.25-12.51.04:632][100]LogActorComponent: UnregisterComponent: (/Engine/Transient.EditorFloorComp) Not registered. Aborting.
[2016.07.25-12.51.04:777][100]LogActorComponent: UnregisterComponent: (/Engine/Transient.EditorFloorComp) Not registered. Aborting.
[2016.07.25-12.51.04:932][100]LogActorComponent: UnregisterComponent: (/Engine/Transient.EditorFloorComp) Not registered. Aborting.
[2016.07.25-12.51.05:103][100]LogActorComponent: UnregisterComponent: (/Engine/Transient.EditorFloorComp) Not registered. Aborting.
[2016.07.25-12.51.07:841][143]Cmd: OBJ SAVEPACKAGE PACKAGE="/Game/Maps/UptimeLevel" FILE="C:/Users/Risukun/Documents/GitHub/Uptime/Content/Maps/UptimeLevel.umap" SILENT=true AUTOSAVING=false KEEPDIRTY=false
[2016.07.25-12.51.08:587][143]LogSavePackage: Save=658.32ms
[2016.07.25-12.51.08:587][143]LogSavePackage: Moving 'C:/Users/Risukun/Documents/GitHub/Uptime/Saved/UptimeLevelDDD189C4487FF996E1CEC7915BCA4219.tmp' to 'C:/Users/Risukun/Documents/GitHub/Uptime/Content/Maps/UptimeLevel.umap'
[2016.07.25-12.51.08:591][143]LogSavePackage: Total save time: 678.85ms
[2016.07.25-12.51.08:591][143]LogSavePackage:Display: Finished SavePackage C:/Users/Risukun/Documents/GitHub/Uptime/Content/Maps/UptimeLevel.umap
[2016.07.25-12.51.11:641][183]LogPlayLevel: PlayLevel: No blueprints needed recompiling
[2016.07.25-12.51.11:641][183]PIE: New page: SIE session: UptimeLevel (Jul 26, 2016, 8:51:11 AM)
[2016.07.25-12.51.11:641][183]LogPlayLevel: Creating play world package: /Game/Maps/UEDPIE_0_UptimeLevel
[2016.07.25-12.51.11:727][183]LogPlayLevel: PIE: StaticDuplicateObject took: (0.086301s)
[2016.07.25-12.51.11:728][183]LogAIModule: Creating AISystem for world UptimeLevel
[2016.07.25-12.51.11:728][183]LogPlayLevel: PIE: World Init took: (0.001265s)
[2016.07.25-12.51.11:729][183]LogPlayLevel: PIE: Created PIE world by copying editor world from /Game/Maps/UptimeLevel.UptimeLevel to /Game/Maps/UEDPIE_0_UptimeLevel.UptimeLevel (0.088170s)
[2016.07.25-12.51.11:857][183]LogSelection:Warning: PIE object was selected: "MaleSpawner_C /Game/Maps/UEDPIE_0_UptimeLevel.UptimeLevel:PersistentLevel.MaleSpawner_57"
[2016.07.25-12.51.11:861][183]LogInit: XAudio2 using 'Digital Audio (S/PDIF) (High Definition Audio Device)' : 2 channels at 44.1 kHz using 16 bits per sample (channel mask 0x3)
[2016.07.25-12.51.11:873][183]LogInit: FAudioDevice initialized.
[2016.07.25-12.51.11:910][183]LogWorld: Game class is 'UptimeGameMode_C'
[2016.07.25-12.51.11:974][183]LogWorld: Bringing World /Game/Maps/UEDPIE_0_UptimeLevel.UptimeLevel up for play (max tick rate 0) at 2016.07.25-22.51.11
[2016.07.25-12.51.11:978][183]LogWorld: Bringing up level for play took: 0.067431
[2016.07.25-12.51.11:980][183]LogGameMode: Warning - PATHS NOT DEFINED or NO PLAYERSTART with positive rating
[2016.07.25-12.51.11:981][183]PIE: Info Play in editor start time for /Game/Maps/UEDPIE_0_UptimeLevel -0.071
[2016.07.25-12.51.11:993][183]LogSelection:Warning: PIE object was selected: "MaleSpawner_C /Game/Maps/UEDPIE_0_UptimeLevel.UptimeLevel:PersistentLevel.MaleSpawner_57"
[2016.07.25-12.51.42:422][591]Cmd: OBJ SAVEPACKAGE PACKAGE="/Game/Maps/UptimeLevel" FILE="C:/Users/Risukun/Documents/GitHub/Uptime/Content/Maps/UptimeLevel.umap" SILENT=true AUTOSAVING=false KEEPDIRTY=false
[2016.07.25-12.51.42:424][591]LogActorComponent: UnregisterComponent: (/Engine/Transient.CharMoveComp) Not registered. Aborting.
[2016.07.25-12.51.42:424][591]LogActorComponent: UnregisterComponent: (/Engine/Transient.CharacterMovementComponent_25) Not registered. Aborting.
[2016.07.25-12.51.42:424][591]LogActorComponent: UnregisterComponent: (/Engine/Transient.CharacterMovementComponent_26) Not registered. Aborting.
[2016.07.25-12.51.43:146][591]LogSavePackage: Save=659.65ms
[2016.07.25-12.51.43:146][591]LogSavePackage: Moving 'C:/Users/Risukun/Documents/GitHub/Uptime/Saved/UptimeLevelBB84BC1040A0EAFC5142A1A63B0B80EA.tmp' to 'C:/Users/Risukun/Documents/GitHub/Uptime/Content/Maps/UptimeLevel.umap'
[2016.07.25-12.51.43:150][591]LogSavePackage: Total save time: 671.78ms
[2016.07.25-12.51.43:150][591]LogSavePackage:Display: Finished SavePackage C:/Users/Risukun/Documents/GitHub/Uptime/Content/Maps/UptimeLevel.umap
[2016.07.25-12.52.23:734][ 64]Cmd: OBJ SAVEPACKAGE PACKAGE="/Game/StarterContent/Blueprints/EnemySubset" FILE="C:/Users/Risukun/Documents/GitHub/Uptime/Content/StarterContent/Blueprints/EnemySubset.uasset" SILENT=true
[2016.07.25-12.52.23:989][ 64]LogSavePackage: Save=39.64ms
[2016.07.25-12.52.23:989][ 64]LogSavePackage: Moving 'C:/Users/Risukun/Documents/GitHub/Uptime/Saved/EnemySubset4420E6C947BFA6E1B1BF8BAF10F9114E.tmp' to 'C:/Users/Risukun/Documents/GitHub/Uptime/Content/StarterContent/Blueprints/EnemySubset.uasset'
[2016.07.25-12.52.23:992][ 64]LogSavePackage: Total save time: 256.12ms
[2016.07.25-12.52.23:992][ 64]LogSavePackage:Display: Finished SavePackage C:/Users/Risukun/Documents/GitHub/Uptime/Content/StarterContent/Blueprints/EnemySubset.uasset
[2016.07.25-12.52.27:442][111]Cmd: OBJ SAVEPACKAGE PACKAGE="/Game/Maps/UptimeLevel" FILE="C:/Users/Risukun/Documents/GitHub/Uptime/Content/Maps/UptimeLevel.umap" SILENT=true AUTOSAVING=false KEEPDIRTY=false
[2016.07.25-12.52.28:777][111]LogActorComponent: UnregisterComponent: (/Engine/Transient.CharMoveComp) Not registered. Aborting.
[2016.07.25-12.52.28:778][111]LogActorComponent: UnregisterComponent: (/Engine/Transient.CharacterMovementComponent_27) Not registered. Aborting.
[2016.07.25-12.52.28:778][111]LogActorComponent: UnregisterComponent: (/Engine/Transient.CharacterMovementComponent_28) Not registered. Aborting.
[2016.07.25-12.52.29:504][111]LogSavePackage: Save=652.41ms
[2016.07.25-12.52.29:504][111]LogSavePackage: Moving 'C:/Users/Risukun/Documents/GitHub/Uptime/Saved/UptimeLevelB1DC346241471168777E7B9AA3A54E31.tmp' to 'C:/Users/Risukun/Documents/GitHub/Uptime/Content/Maps/UptimeLevel.umap'
[2016.07.25-12.52.29:507][111]LogSavePackage: Total save time: 664.40ms
[2016.07.25-12.52.29:507][111]LogSavePackage:Display: Finished SavePackage C:/Users/Risukun/Documents/GitHub/Uptime/Content/Maps/UptimeLevel.umap
[2016.07.25-12.52.31:106][131]LogWindowsTextInputMethodSystem:Display: IME system now deactivated.
[2016.07.25-12.52.31:588][132]Cmd: QUIT_EDITOR
[2016.07.25-12.52.32:654][132]LogExit: Preparing to exit.
[2016.07.25-12.52.34:648][132]LogExit: Editor shut down
[2016.07.25-12.52.34:652][132]LogExit: Transaction tracking system shut down
[2016.07.25-12.52.37:065][132]LogObj: Freed 0b from 0 cluster array pools.
[2016.07.25-12.52.37:065][132]LogExit: Object subsystem successfully closed.
[2016.07.25-12.52.40:578][132]LogD3D11RHI: Shutdown
[2016.07.25-12.52.40:578][132]LogD3D11RHI: CleanupD3DDevice
[2016.07.25-12.52.41:083][132]LogD3D11RHI: ~FD3D11DynamicRHI
[2016.07.25-12.52.41:236][132]LogDerivedDataCache: Shutdown
[2016.07.25-12.52.42:380][132]LogModuleManager: Shutting down and abandoning module MovieSceneCapture (207)
[2016.07.25-12.52.42:396][132]LogModuleManager: Shutting down and abandoning module ExternalImagePicker (206)
[2016.07.25-12.52.42:396][132]LogModuleManager: Shutting down and abandoning module BlueprintGraph (205)
[2016.07.25-12.52.42:396][132]LogModuleManager: Shutting down and abandoning module HierarchicalLODOutliner (204)
[2016.07.25-12.52.42:408][132]LogModuleManager: Shutting down and abandoning module CrashTracker (203)
[2016.07.25-12.52.42:408][132]LogModuleManager: Shutting down and abandoning module SceneOutliner (202)
[2016.07.25-12.52.42:462][132]LogModuleManager: Shutting down and abandoning module SuperSearch (201)
[2016.07.25-12.52.42:462][132]LogModuleManager: Shutting down and abandoning module WidgetCarousel (200)
[2016.07.25-12.52.42:462][132]LogModuleManager: Shutting down and abandoning module AddContentDialog (199)
[2016.07.25-12.52.42:509][132]LogModuleManager: Shutting down and abandoning module GameplayTags (198)
[2016.07.25-12.52.42:510][132]LogModuleManager: Shutting down and abandoning module EditorWidgets (197)
[2016.07.25-12.52.42:510][132]LogModuleManager: Shutting down and abandoning module CollectionManager (196)
[2016.07.25-12.52.42:521][132]LogModuleManager: Shutting down and abandoning module StatsViewer (195)
[2016.07.25-12.52.42:538][132]LogModuleManager: Shutting down and abandoning module FoliageEdit (194)
[2016.07.25-12.52.42:549][132]LogModuleManager: Shutting down and abandoning module LandscapeEditor (193)
[2016.07.25-12.52.42:568][132]LogModuleManager: Shutting down and abandoning module ActorPickerMode (192)
[2016.07.25-12.52.42:568][132]LogModuleManager: Shutting down and abandoning module GeometryMode (191)
[2016.07.25-12.52.42:568][132]LogModuleManager: Shutting down and abandoning module TextureAlignMode (190)
[2016.07.25-12.52.42:568][132]LogModuleManager: Shutting down and abandoning module BspMode (189)
[2016.07.25-12.52.42:568][132]LogModuleManager: Shutting down and abandoning module PlacementMode (188)
[2016.07.25-12.52.42:568][132]LogModuleManager: Shutting down and abandoning module AutomationWorker (187)
[2016.07.25-12.52.42:568][132]LogModuleManager: Shutting down and abandoning module CharacterAI (186)
[2016.07.25-12.52.42:568][132]LogModuleManager: Shutting down and abandoning module SmartSnapping (185)
[2016.07.25-12.52.42:568][132]LogModuleManager: Shutting down and abandoning module ViewportSnapping (184)
[2016.07.25-12.52.42:568][132]LogModuleManager: Shutting down and abandoning module LogVisualizer (183)
[2016.07.25-12.52.42:612][132]LogModuleManager: Shutting down and abandoning module GameProjectGeneration (182)
[2016.07.25-12.52.42:645][132]LogModuleManager: Shutting down and abandoning module IntroTutorials (181)
[2016.07.25-12.52.42:679][132]LogModuleManager: Shutting down and abandoning module EditorLiveStreaming (180)
[2016.07.25-12.52.42:694][132]LogModuleManager: Shutting down and abandoning module IOSPlatformEditor (179)
[2016.07.25-12.52.42:711][132]LogModuleManager: Shutting down and abandoning module HTML5PlatformEditor (178)
[2016.07.25-12.52.42:711][132]LogModuleManager: Shutting down and abandoning module AndroidDeviceDetection (177)
[2016.07.25-12.52.43:236][132]LogModuleManager: Shutting down and abandoning module AndroidPlatformEditor (176)
[2016.07.25-12.52.43:236][132]LogModuleManager: Shutting down and abandoning module IOSRuntimeSettings (175)
[2016.07.25-12.52.43:236][132]LogModuleManager: Shutting down and abandoning module AndroidRuntimeSettings (174)
[2016.07.25-12.52.43:236][132]LogModuleManager: Shutting down and abandoning module MergeActors (173)
[2016.07.25-12.52.43:253][132]LogModuleManager: Shutting down and abandoning module SizeMap (172)
[2016.07.25-12.52.43:261][132]LogModuleManager: Shutting down and abandoning module TreeMap (171)
[2016.07.25-12.52.43:276][132]LogModuleManager: Shutting down and abandoning module ReferenceViewer (170)
[2016.07.25-12.52.43:287][132]LogModuleManager: Shutting down and abandoning module LocalizationService (169)
[2016.07.25-12.52.43:298][132]LogModuleManager: Shutting down and abandoning module LocalizationDashboard (168)
[2016.07.25-12.52.43:309][132]LogModuleManager: Shutting down and abandoning module HardwareTargeting (167)
[2016.07.25-12.52.43:315][132]LogModuleManager: Shutting down and abandoning module DeviceProfileEditor (166)
[2016.07.25-12.52.43:329][132]LogModuleManager: Shutting down and abandoning module UndoHistory (165)
[2016.07.25-12.52.43:339][132]LogModuleManager: Shutting down and abandoning module UserFeedback (164)
[2016.07.25-12.52.43:339][132]LogModuleManager: Shutting down and abandoning module XmlParser (163)
[2016.07.25-12.52.43:343][132]LogModuleManager: Shutting down and abandoning module Blutility (162)
[2016.07.25-12.52.43:355][132]LogModuleManager: Shutting down and abandoning module ProjectTargetPlatformEditor (161)
[2016.07.25-12.52.43:356][132]LogModuleManager: Shutting down and abandoning module ProjectSettingsViewer (160)
[2016.07.25-12.52.43:356][132]LogModuleManager: Shutting down and abandoning module InputBindingEditor (159)
[2016.07.25-12.52.43:379][132]LogModuleManager: Shutting down and abandoning module EditorSettingsViewer (158)
[2016.07.25-12.52.43:379][132]LogModuleManager: Shutting down and abandoning module SettingsEditor (157)
[2016.07.25-12.52.43:389][132]LogModuleManager: Shutting down and abandoning module ProjectLauncher (156)
[2016.07.25-12.52.43:520][132]LogModuleManager: Shutting down and abandoning module SessionFrontend (155)
[2016.07.25-12.52.43:619][132]LogModuleManager: Shutting down and abandoning module ProfilerClient (154)
[2016.07.25-12.52.43:629][132]LogModuleManager: Shutting down and abandoning module TargetDeviceServices (153)
[2016.07.25-12.52.43:629][132]LogModuleManager: Shutting down and abandoning module DeviceManager (152)
[2016.07.25-12.52.43:686][132]LogModuleManager: Shutting down and abandoning module AutomationController (151)
[2016.07.25-12.52.43:695][132]LogModuleManager: Shutting down and abandoning module AutomationWindow (150)
[2016.07.25-12.52.43:721][132]LogModuleManager: Shutting down and abandoning module Layers (149)
[2016.07.25-12.52.43:738][132]LogModuleManager: Shutting down and abandoning module ComponentVisualizers (148)
[2016.07.25-12.52.43:738][132]LogModuleManager: Shutting down and abandoning module DetailCustomizations (147)
[2016.07.25-12.52.43:770][132]LogModuleManager: Shutting down and abandoning module PackagesDialog (146)
[2016.07.25-12.52.43:770][132]LogModuleManager: Shutting down and abandoning module Persona (145)
[2016.07.25-12.52.43:824][132]LogModuleManager: Shutting down and abandoning module Kismet (144)
[2016.07.25-12.52.43:834][132]LogModuleManager: Shutting down and abandoning module GraphEditor (143)
[2016.07.25-12.52.43:834][132]LogModuleManager: Shutting down and abandoning module ClassViewer (142)
[2016.07.25-12.52.43:844][132]LogModuleManager: Shutting down and abandoning module Toolbox (141)
[2016.07.25-12.52.43:852][132]LogModuleManager: Shutting down and abandoning module ModuleUI (140)
[2016.07.25-12.52.43:867][132]LogModuleManager: Shutting down and abandoning module MovieSceneTools (139)
[2016.07.25-12.52.43:884][132]LogModuleManager: Shutting down and abandoning module OutputLog (138)
[2016.07.25-12.52.43:899][132]LogModuleManager: Shutting down and abandoning module GammaUI (137)
[2016.07.25-12.52.43:911][132]LogModuleManager: Shutting down and abandoning module Documentation (136)
[2016.07.25-12.52.43:912][132]LogModuleManager: Shutting down and abandoning module StreamingPauseRendering (135)
[2016.07.25-12.52.43:912][132]LogModuleManager: Shutting down and abandoning module AnalyticsET (134)
[2016.07.25-12.52.43:912][132]LogModuleManager: Shutting down and abandoning module Analytics (133)
[2016.07.25-12.52.43:912][132]LogModuleManager: Shutting down and abandoning module PortalServices (132)
[2016.07.25-12.52.43:912][132]LogModuleManager: Shutting down and abandoning module PortalRpc (131)
[2016.07.25-12.52.43:912][132]LogModuleManager: Shutting down and abandoning module MessagingRpc (130)
[2016.07.25-12.52.43:912][132]LogModuleManager: Shutting down and abandoning module AITestSuite (129)
[2016.07.25-12.52.43:921][132]LogModuleManager: Shutting down and abandoning module GameplayDebugger (128)
[2016.07.25-12.52.43:941][132]LogModuleManager: Shutting down and abandoning module AIModule (127)
[2016.07.25-12.52.43:941][132]LogModuleManager: Shutting down and abandoning module ProfilerService (126)
[2016.07.25-12.52.44:072][132]LogModuleManager: Shutting down and abandoning module TaskGraph (125)
[2016.07.25-12.52.44:142][132]LogModuleManager: Shutting down and abandoning module SlateRemote (124)
[2016.07.25-12.52.44:142][132]LogModuleManager: Shutting down and abandoning module SteamVRController (123)
[2016.07.25-12.52.44:142][132]LogModuleManager: Shutting down and abandoning module SteamVR (122)
[2016.07.25-12.52.44:142][132]LogModuleManager: Shutting down and abandoning module ProceduralMeshComponent (121)
[2016.07.25-12.52.44:167][132]LogModuleManager: Shutting down and abandoning module OculusLibrary (120)
[2016.07.25-12.52.44:167][132]LogModuleManager: Shutting down and abandoning module OculusInput (119)
[2016.07.25-12.52.44:167][132]LogModuleManager: Shutting down and abandoning module CustomMeshComponent (118)
[2016.07.25-12.52.44:167][132]LogModuleManager: Shutting down and abandoning module CableComponent (117)
[2016.07.25-12.52.44:167][132]LogModuleManager: Shutting down and abandoning module ArchVisCharacter (116)
[2016.07.25-12.52.44:167][132]LogModuleManager: Shutting down and abandoning module MediaPlayerEditor (115)
[2016.07.25-12.52.44:212][132]LogModuleManager: Shutting down and abandoning module HTML5Networking (114)
[2016.07.25-12.52.44:212][132]LogModuleManager: Shutting down and abandoning module SpeedTreeImporter (113)
[2016.07.25-12.52.44:212][132]LogModuleManager: Shutting down and abandoning module PluginBrowser (112)
[2016.07.25-12.52.44:297][132]LogModuleManager: Shutting down and abandoning module EpicSurvey (111)
[2016.07.25-12.52.44:308][132]LogModuleManager: Shutting down and abandoning module DesktopPlatform (110)
[2016.07.25-12.52.44:320][132]LogModuleManager: Shutting down and abandoning module VisualStudioSourceCodeAccess (109)
[2016.07.25-12.52.44:332][132]LogModuleManager: Shutting down and abandoning module UObjectPlugin (108)
[2016.07.25-12.52.44:332][132]LogModuleManager: Shutting down and abandoning module SubversionSourceControl (107)
[2016.07.25-12.52.44:340][132]LogModuleManager: Shutting down and abandoning module PerforceSourceControl (106)
[2016.07.25-12.52.44:353][132]LogModuleManager: Shutting down and abandoning module SourceControl (105)
[2016.07.25-12.52.44:362][132]LogModuleManager: Shutting down and abandoning module GitSourceControl (104)
[2016.07.25-12.52.44:376][132]LogModuleManager: Shutting down and abandoning module LightPropagationVolumeEditor (103)
[2016.07.25-12.52.44:376][132]LogModuleManager: Shutting down and abandoning module PaperTiledImporter (102)
[2016.07.25-12.52.44:382][132]LogModuleManager: Shutting down and abandoning module PaperSpriteSheetImporter (101)
[2016.07.25-12.52.44:394][132]LogModuleManager: Shutting down and abandoning module MeshPaint (100)
[2016.07.25-12.52.44:403][132]LogModuleManager: Shutting down and abandoning module HotReload (99)
[2016.07.25-12.52.44:426][132]LogModuleManager: Shutting down and abandoning module MainFrame (98)
[2016.07.25-12.52.44:426][132]LogModuleManager: Shutting down and abandoning module LevelEditor (97)
[2016.07.25-12.52.44:430][132]LogModuleManager: Shutting down and abandoning module DirectoryWatcher (96)
[2016.07.25-12.52.44:444][132]LogModuleManager: Shutting down and abandoning module AssetRegistry (95)
[2016.07.25-12.52.45:170][132]LogModuleManager: Shutting down and abandoning module ContentBrowser (94)
[2016.07.25-12.52.45:176][132]LogModuleManager: Shutting down and abandoning module Paper2DEditor (93)
[2016.07.25-12.52.45:208][132]LogModuleManager: Shutting down and abandoning module UdpMessaging (92)
[2016.07.25-12.52.45:309][132]LogModuleManager: Shutting down and abandoning module LightPropagationVolumeRuntime (91)
[2016.07.25-12.52.45:309][132]LogModuleManager: Shutting down and abandoning module Paper2D (90)
[2016.07.25-12.52.45:328][132]LogModuleManager: Shutting down and abandoning module WindowsMoviePlayer (89)
[2016.07.25-12.52.45:351][132]LogModuleManager: Shutting down and abandoning module Media (88)
[2016.07.25-12.52.45:351][132]LogModuleManager: Shutting down and abandoning module WmfMedia (87)
[2016.07.25-12.52.45:370][132]LogModuleManager: Shutting down and abandoning module MediaAssets (86)
[2016.07.25-12.52.45:370][132]LogModuleManager: Shutting down and abandoning module GameLiveStreaming (85)
[2016.07.25-12.52.45:383][132]LogModuleManager: Shutting down and abandoning module GameplayTagsEditor (84)
[2016.07.25-12.52.45:383][132]LogModuleManager: Shutting down and abandoning module OnlineBlueprintSupport (83)
[2016.07.25-12.52.45:383][132]LogModuleManager: Shutting down and abandoning module GameplayTasksEditor (82)
[2016.07.25-12.52.45:383][132]LogModuleManager: Shutting down and abandoning module PropertyEditor (81)
[2016.07.25-12.52.45:383][132]LogModuleManager: Shutting down and abandoning module BehaviorTreeEditor (80)
[2016.07.25-12.52.45:487][132]LogModuleManager: Shutting down and abandoning module FunctionalTesting (79)
[2016.07.25-12.52.45:505][132]LogModuleManager: Shutting down and abandoning module CollisionAnalyzer (78)
[2016.07.25-12.52.45:543][132]LogModuleManager: Shutting down and abandoning module WorkspaceMenuStructure (77)
[2016.07.25-12.52.45:543][132]LogModuleManager: Shutting down and abandoning module MessageLog (76)
[2016.07.25-12.52.45:543][132]LogModuleManager: Shutting down and abandoning module Sequencer (75)
[2016.07.25-12.52.45:652][132]LogModuleManager: Shutting down and abandoning module AssetTools (74)
[2016.07.25-12.52.45:769][132]LogModuleManager: Shutting down and abandoning module UMGEditor (73)
[2016.07.25-12.52.45:872][132]LogModuleManager: Shutting down and abandoning module UMG (72)
[2016.07.25-12.52.45:906][132]LogModuleManager: Shutting down and abandoning module SlateReflector (71)
[2016.07.25-12.52.45:948][132]LogModuleManager: Shutting down and abandoning module Slate (70)
[2016.07.25-12.52.45:948][132]LogModuleManager: Shutting down and abandoning module EditorStyle (69)
[2016.07.25-12.52.45:954][132]LogModuleManager: Shutting down and abandoning module SessionServices (68)
[2016.07.25-12.52.45:954][132]LogModuleManager: Shutting down and abandoning module SourceCodeAccess (67)
[2016.07.25-12.52.45:954][132]LogModuleManager: Shutting down and abandoning module HeadMountedDisplay (66)
[2016.07.25-12.52.45:954][132]LogModuleManager: Shutting down and abandoning module XAudio2 (65)
[2016.07.25-12.52.45:954][132]LogModuleManager: Shutting down and abandoning module Networking (63)
[2016.07.25-12.52.45:954][132]LogModuleManager: Shutting down and abandoning module Core (62)
[2016.07.25-12.52.45:954][132]LogModuleManager: Shutting down and abandoning module KismetCompiler (61)
[2016.07.25-12.52.45:954][132]LogModuleManager: Shutting down and abandoning module PhysXFormats (60)
[2016.07.25-12.52.45:954][132]LogModuleManager: Shutting down and abandoning module MeshUtilities (59)
[2016.07.25-12.52.45:978][132]LogModuleManager: Shutting down and abandoning module CookingStats (58)
[2016.07.25-12.52.45:978][132]LogModuleManager: Shutting down and abandoning module DerivedDataCache (57)
[2016.07.25-12.52.45:978][132]LogDerivedDataCache: Shutdown
[2016.07.25-12.52.45:978][132]LogModuleManager: Shutting down and abandoning module ShaderFormatOpenGL (56)
[2016.07.25-12.52.46:012][132]LogModuleManager: Shutting down and abandoning module ShaderFormatD3D (55)
[2016.07.25-12.52.46:029][132]LogModuleManager: Shutting down and abandoning module MetalShaderFormat (54)
[2016.07.25-12.52.46:040][132]LogModuleManager: Shutting down and abandoning module TextureFormatUncompressed (53)
[2016.07.25-12.52.46:040][132]LogModuleManager: Shutting down and abandoning module TextureFormatPVR (52)
[2016.07.25-12.52.46:049][132]LogModuleManager: Shutting down and abandoning module TextureFormatIntelISPCTexComp (51)
[2016.07.25-12.52.46:060][132]LogModuleManager: Shutting down and abandoning module TextureFormatDXT (50)
[2016.07.25-12.52.46:077][132]LogModuleManager: Shutting down and abandoning module ImageWrapper (49)
[2016.07.25-12.52.46:077][132]LogModuleManager: Shutting down and abandoning module TextureFormatASTC (48)
[2016.07.25-12.52.46:077][132]LogModuleManager: Shutting down and abandoning module TextureFormatAndroid (47)
[2016.07.25-12.52.46:078][132]LogModuleManager: Shutting down and abandoning module AudioFormatOpus (46)
[2016.07.25-12.52.46:084][132]LogModuleManager: Shutting down and abandoning module AudioFormatOgg (45)
[2016.07.25-12.52.46:091][132]LogModuleManager: Shutting down and abandoning module AudioFormatADPCM (44)
[2016.07.25-12.52.46:102][132]LogModuleManager: Shutting down and abandoning module LinuxTargetPlatform (43)
[2016.07.25-12.52.46:103][132]LogModuleManager: Shutting down and abandoning module LinuxServerTargetPlatform (42)
[2016.07.25-12.52.46:103][132]LogModuleManager: Shutting down and abandoning module LinuxNoEditorTargetPlatform (41)
[2016.07.25-12.52.46:103][132]LogModuleManager: Shutting down and abandoning module TVOSTargetPlatform (40)
[2016.07.25-12.52.46:103][132]LogModuleManager: Shutting down and abandoning module Messaging (39)
[2016.07.25-12.52.46:103][132]LogModuleManager: Shutting down and abandoning module IOSTargetPlatform (38)
[2016.07.25-12.52.46:103][132]LogModuleManager: Shutting down and abandoning module HTML5TargetPlatform (37)
[2016.07.25-12.52.46:103][132]LogModuleManager: Shutting down and abandoning module Android_PVRTCTargetPlatform (36)
[2016.07.25-12.52.46:103][132]LogModuleManager: Shutting down and abandoning module Android_MultiTargetPlatform (35)
[2016.07.25-12.52.46:115][132]LogModuleManager: Shutting down and abandoning module Android_ETC2TargetPlatform (34)
[2016.07.25-12.52.46:115][132]LogModuleManager: Shutting down and abandoning module Android_ETC1TargetPlatform (33)
[2016.07.25-12.52.46:115][132]LogModuleManager: Shutting down and abandoning module Android_DXTTargetPlatform (32)
[2016.07.25-12.52.46:115][132]LogModuleManager: Shutting down and abandoning module Android_ATCTargetPlatform (31)
[2016.07.25-12.52.46:115][132]LogModuleManager: Shutting down and abandoning module Android_ASTCTargetPlatform (30)
[2016.07.25-12.52.46:115][132]LogModuleManager: Shutting down and abandoning module AndroidTargetPlatform (29)
[2016.07.25-12.52.46:115][132]LogModuleManager: Shutting down and abandoning module WindowsTargetPlatform (28)
[2016.07.25-12.52.46:115][132]LogModuleManager: Shutting down and abandoning module WindowsServerTargetPlatform (27)
[2016.07.25-12.52.46:115][132]LogModuleManager: Shutting down and abandoning module WindowsNoEditorTargetPlatform (26)
[2016.07.25-12.52.46:115][132]LogModuleManager: Shutting down and abandoning module WindowsClientTargetPlatform (25)
[2016.07.25-12.52.46:115][132]LogModuleManager: Shutting down and abandoning module AllDesktopTargetPlatform (24)
[2016.07.25-12.52.46:115][132]LogModuleManager: Shutting down and abandoning module TargetPlatform (23)
[2016.07.25-12.52.46:116][132]LogModuleManager: Shutting down and abandoning module InputCore (22)
[2016.07.25-12.52.46:116][132]LogModuleManager: Shutting down and abandoning module Settings (21)
[2016.07.25-12.52.46:116][132]LogModuleManager: Shutting down and abandoning module OnlineSubsystem (19)
[2016.07.25-12.52.46:138][132]LogModuleManager: Shutting down and abandoning module HTTP (18)
[2016.07.25-12.52.47:141][132]LogModuleManager: Shutting down and abandoning module XMPP (17)
[2016.07.25-12.52.47:198][132]LogModuleManager: Shutting down and abandoning module OculusRift (16)
[2016.07.25-12.52.47:246][132]LogModuleManager: Shutting down and abandoning module ExampleDeviceProfileSelector (15)
[2016.07.25-12.52.47:246][132]LogModuleManager: Shutting down and abandoning module TextureCompressor (14)
[2016.07.25-12.52.47:247][132]LogModuleManager: Shutting down and abandoning module ShaderCore (13)
[2016.07.25-12.52.47:247][132]LogModuleManager: Shutting down and abandoning module Landscape (12)
[2016.07.25-12.52.47:247][132]LogModuleManager: Shutting down and abandoning module SlateRHIRenderer (11)
[2016.07.25-12.52.47:309][132]LogModuleManager: Shutting down and abandoning module OpenGLDrv (10)
[2016.07.25-12.52.47:366][132]LogModuleManager: Shutting down and abandoning module D3D11RHI (9)
[2016.07.25-12.52.47:366][132]LogModuleManager: Shutting down and abandoning module AnimGraphRuntime (8)
[2016.07.25-12.52.47:366][132]LogModuleManager: Shutting down and abandoning module Renderer (7)
[2016.07.25-12.52.47:366][132]LogModuleManager: Shutting down and abandoning module Engine (6)
[2016.07.25-12.52.47:366][132]LogModuleManager: Shutting down and abandoning module CoreUObject (5)
[2016.07.25-12.52.47:366][132]LogModuleManager: Shutting down and abandoning module NetworkFile (4)
[2016.07.25-12.52.47:393][132]LogModuleManager: Shutting down and abandoning module StreamingFile (3)
[2016.07.25-12.52.47:393][132]LogModuleManager: Shutting down and abandoning module SandboxFile (2)
[2016.07.25-12.52.47:415][132]LogModuleManager: Shutting down and abandoning module PakFile (1)
[2016.07.25-12.52.47:508][132]LogExit: Exiting.
[2016.07.25-12.52.47:555][132]Log file closed, 07/25/16 22:52:47
