Log file open, 07/25/16 10:36:09
LogInit:Display: Running engine for game: Uptime
LogPlatformFile: Not using cached read wrapper
LogInit:Display: RandInit(684110057) SRandInit(684110059).
LogTaskGraph: Started task graph with 4 named threads and 5 total threads.
LogStats: Stats thread started at 0.068803
LogInit: Version: 4.11.2-2946394+++UE4+Release-4.11
LogInit: API Version: 2927265
LogInit: Compiled (64-bit): Apr 18 2016 02:18:46
LogInit: Compiled with Visual C++: 19.00.23026.00
LogInit: Build Configuration: Development
LogInit: Branch Name: ++UE4+Release-4.11
LogInit: Command line:  
LogInit: Base directory: D:/UE4/Epic Games/4.11/Engine/Binaries/Win64/
LogInit: Installed Engine Build: 1
LogInit: Using libcurl 7.41.0
LogInit:  - built for x86_64-pc-win32
LogInit:  - supports SSL with WinSSL
LogInit:  - other features:
LogInit:      CURL_VERSION_SSL
LogInit:      CURL_VERSION_IPV6
LogInit:      CURL_VERSION_ASYNCHDNS
LogInit:      CURL_VERSION_LARGEFILE
LogInit:      CURL_VERSION_IDN
LogInit:  CurlRequestOptions (configurable via config and command line):
LogInit:  - bVerifyPeer = true  - Libcurl will verify peer certificate
LogInit:  - bUseHttpProxy = false  - Libcurl will NOT use HTTP proxy
LogInit:  - bDontReuseConnections = false  - Libcurl will reuse connections
LogInit:  - CertBundlePath = nullptr  - Libcurl will use whatever was configured at build time.
LogInit: Presizing for max 16777216 objects, including 0 objects not considered by GC, pre-allocating 0 bytes for permanent pool.
LogInit: Object subsystem initialized
[2016.07.25-00.36.09:631][  0]LogInit: Selected Device Profile: [Windows]
[2016.07.25-00.36.09:631][  0]LogInit: Applying CVar settings loaded from the selected device profile: [Windows]
[2016.07.25-00.36.09:643][  0]LogInit: Computer: RISUKUN-PC
[2016.07.25-00.36.09:643][  0]LogInit: User: Risukun
[2016.07.25-00.36.09:643][  0]LogInit: CPU Page size=65536, Cores=2
[2016.07.25-00.36.09:643][  0]LogInit: High frequency timer resolution =2.929359 MHz
[2016.07.25-00.36.09:643][  0]LogMemory: Memory total: Physical=4.0GB (4GB approx)
[2016.07.25-00.36.09:643][  0]LogMemory: Platform Memory Stats for Windows
[2016.07.25-00.36.09:643][  0]LogMemory: Process Physical Memory: 312.00 MB used, 312.00 MB peak
[2016.07.25-00.36.09:643][  0]LogMemory: Process Virtual Memory: 315.30 MB used, 315.30 MB peak
[2016.07.25-00.36.09:643][  0]LogMemory: Physical Memory: 2682.90 MB used, 4094.49 MB total
[2016.07.25-00.36.09:643][  0]LogMemory: Virtual Memory: 647.05 MB used, 134217728.00 MB total
[2016.07.25-00.36.09:688][  0]LogTextLocalizationManager: No specific translations for ('en-US') exist, so ('en') translations will be used.
[2016.07.25-00.36.10:334][  0]LogD3D11RHI: D3D11 adapters:
[2016.07.25-00.36.10:362][  0]LogD3D11RHI:    0. 'NVIDIA GeForce 9600 GT' (Feature Level 10_0)
[2016.07.25-00.36.10:362][  0]LogD3D11RHI:       999MB of dedicated video memory, 0MB of dedicated system memory, and 2047MB of shared system memory, 1 output[s]
[2016.07.25-00.36.10:365][  0]LogD3D11RHI:    1. 'Microsoft Basic Render Driver' (Feature Level 11_0)
[2016.07.25-00.36.10:365][  0]LogD3D11RHI:       0MB of dedicated video memory, 0MB of dedicated system memory, and 2047MB of shared system memory, 0 output[s]
[2016.07.25-00.36.10:365][  0]LogD3D11RHI: Chosen D3D11 Adapter: 0
[2016.07.25-00.36.10:376][  0]LogD3D11RHI: Creating new Direct3DDevice
[2016.07.25-00.36.10:376][  0]LogD3D11RHI:     Adapter Name: NVIDIA GeForce 9600 GT
[2016.07.25-00.36.10:376][  0]LogD3D11RHI:   Driver Version: Unknown (internal Unknown)
[2016.07.25-00.36.10:376][  0]LogD3D11RHI:      Driver Date: Unknown
[2016.07.25-00.36.10:376][  0]LogRHI: Texture pool is 699 MB (70% of 999 MB)
[2016.07.25-00.36.10:391][  0]LogD3D11RHI: Async texture creation enabled
[2016.07.25-00.36.10:409][  0]LogShaderCompilers: Guid format shader working directory is 7 characters bigger than the processId version (C:/Users/Risukun/Documents/GitHub/Uptime/Intermediate/Shaders/WorkingDirectory/15972/).
[2016.07.25-00.36.10:409][  0]LogShaderCompilers: Cleaned the shader compiler working directory 'C:/Users/Risukun/AppData/Local/Temp/UnrealShaderWorkingDir/19D6123D4F9C5563D03DE9AC85E25C3A/'.
[2016.07.25-00.36.10:410][  0]LogShaderCompilers:Display: Using Local Shader Compiler.
[2016.07.25-00.36.12:019][  0]LogTemp:Display: Loaded TP AllDesktopTargetPlatform
[2016.07.25-00.36.12:027][  0]LogTemp:Display: Loaded TP WindowsClientTargetPlatform
[2016.07.25-00.36.12:035][  0]LogTemp:Display: Loaded TP WindowsNoEditorTargetPlatform
[2016.07.25-00.36.12:044][  0]LogTemp:Display: Loaded TP WindowsServerTargetPlatform
[2016.07.25-00.36.12:057][  0]LogTemp:Display: Loaded TP WindowsTargetPlatform
[2016.07.25-00.36.12:067][  0]LogTemp:Display: Loaded TP AndroidTargetPlatform
[2016.07.25-00.36.12:073][  0]LogTemp:Display: Loaded TP Android_ASTCTargetPlatform
[2016.07.25-00.36.12:079][  0]LogTemp:Display: Loaded TP Android_ATCTargetPlatform
[2016.07.25-00.36.12:085][  0]LogTemp:Display: Loaded TP Android_DXTTargetPlatform
[2016.07.25-00.36.12:094][  0]LogTemp:Display: Loaded TP Android_ETC1TargetPlatform
[2016.07.25-00.36.12:101][  0]LogTemp:Display: Loaded TP Android_ETC2TargetPlatform
[2016.07.25-00.36.12:115][  0]LogTemp:Display: Loaded TP Android_MultiTargetPlatform
[2016.07.25-00.36.12:115][  0]LogTemp:Display: Loaded TP Android_PVRTCTargetPlatform
[2016.07.25-00.36.12:117][  0]LogTemp:Display: Loaded TP HTML5TargetPlatform
[2016.07.25-00.36.12:140][  0]LogTemp:Display: Loaded TP IOSTargetPlatform
[2016.07.25-00.36.12:146][  0]LogTemp:Display: Loaded TP TVOSTargetPlatform
[2016.07.25-00.36.12:153][  0]LogTemp:Display: Loaded TP LinuxNoEditorTargetPlatform
[2016.07.25-00.36.12:159][  0]LogTemp:Display: Loaded TP LinuxServerTargetPlatform
[2016.07.25-00.36.12:167][  0]LogTemp:Display: Loaded TP LinuxTargetPlatform
[2016.07.25-00.36.12:167][  0]LogTargetPlatformManager:Display: Building Assets For Windows
[2016.07.25-00.36.12:282][  0]LogDerivedDataCache:Display: Max Cache Size: 512 MB
[2016.07.25-00.36.12:405][  0]LogDerivedDataCache: Loaded boot cache 0.12s 40MB C:/Users/Risukun/AppData/Local/UnrealEngine/4.11/DerivedDataCache/Boot.ddc.
[2016.07.25-00.36.12:406][  0]LogDerivedDataCache:Display: Loaded Boot cache: C:/Users/Risukun/AppData/Local/UnrealEngine/4.11/DerivedDataCache/Boot.ddc
[2016.07.25-00.36.12:406][  0]LogDerivedDataCache: FDerivedDataBackendGraph:  Pak pak cache file C:/Users/Risukun/Documents/GitHub/Uptime/DerivedDataCache/DDC.ddp not found, will not use a pak cache.
[2016.07.25-00.36.12:406][  0]LogDerivedDataCache: Unable to find inner node Pak for hierarchical cache Hierarchy.
[2016.07.25-00.36.12:406][  0]LogDerivedDataCache: FDerivedDataBackendGraph:  CompressedPak pak cache file C:/Users/Risukun/Documents/GitHub/Uptime/DerivedDataCache/Compressed.ddp not found, will not use a pak cache.
[2016.07.25-00.36.12:406][  0]LogDerivedDataCache: Unable to find inner node CompressedPak for hierarchical cache Hierarchy.
[2016.07.25-00.36.12:435][  0]LogDerivedDataCache:Display: Pak cache opened for reading ../../../Engine/DerivedDataCache/Compressed.ddp.
[2016.07.25-00.36.12:450][  0]LogDerivedDataCache: Using Local data cache path C:/Users/Risukun/AppData/Local/UnrealEngine/Common/DerivedDataCache: Writable
[2016.07.25-00.36.12:730][  0]LogInit: Selected Device Profile: [Windows]
[2016.07.25-00.36.12:731][  0]LogContentStreaming: Texture pool size is 0.00 MB
[2016.07.25-00.36.12:792][  0]LogMaterial: Uniform references updated for custom material expression Custom.
[2016.07.25-00.36.12:969][  0]LogMeshUtilities: No automatic mesh reduction module available
[2016.07.25-00.36.12:969][  0]LogMeshUtilities: No automatic mesh merging module available
[2016.07.25-00.36.12:969][  0]LogMeshUtilities: No distributed automatic mesh merging module available
[2016.07.25-00.36.13:433][  0]LogUObjectArray: 27679 objects as part of root set at end of initial load.
[2016.07.25-00.36.13:433][  0]LogUObjectAllocator: 5591592 out of 0 bytes used by permanent object pool.
[2016.07.25-00.36.13:433][  0]LogUObjectArray: CloseDisregardForGC: 0/0 objects in disregard for GC pool
[2016.07.25-00.36.13:449][  0]LogInit: WinSock: version 1.1 (2.2), MaxSocks=32767, MaxUdp=65467
[2016.07.25-00.36.13:598][  0]LogSlate: SlateFontCache - WITH_FREETYPE: 1, WITH_HARFBUZZ: 1
[2016.07.25-00.36.13:598][  0]LogSlate: SlateFontCache - WITH_FREETYPE: 1, WITH_HARFBUZZ: 1
[2016.07.25-00.36.13:749][  0]LogStreaming:Warning: Failed to read file '../../../Engine/Content/Editor/Slate/Common/Selection_16x.png' error.
[2016.07.25-00.36.13:749][  0]LogSlate: Could not find file for Slate resource: ../../../Engine/Content/Editor/Slate/Common/Selection_16x.png
[2016.07.25-00.36.13:749][  0]LogStreaming:Warning: Failed to read file '../../../Engine/Content/Editor/Slate/Common/Selection_16x.png' error.
[2016.07.25-00.36.13:749][  0]LogSlate: Could not find file for Slate resource: ../../../Engine/Content/Editor/Slate/Common/Selection_16x.png
[2016.07.25-00.36.13:749][  0]LogStreaming:Warning: Failed to read file '../../../Engine/Content/Editor/Slate/Common/Selection_16x.png' error.
[2016.07.25-00.36.13:749][  0]LogSlate: Could not find file for Slate resource: ../../../Engine/Content/Editor/Slate/Common/Selection_16x.png
[2016.07.25-00.36.14:625][  0]LogUdpMessaging: Initializing bridge on interface 0.0.0.0:0 to multicast group 230.0.0.1:6666.
[2016.07.25-00.36.14:743][  0]LogAssetRegistry: FAssetRegistry took 0.0220 seconds to start up
[2016.07.25-00.36.14:963][  0]SourceControl: Info Source control is disabled
[2016.07.25-00.36.15:077][  0]SourceControl: Info Source control is disabled
[2016.07.25-00.36.15:090][  0]SourceControl: Info Source control is disabled
[2016.07.25-00.36.15:120][  0]SourceControl: Info Source control is disabled
[2016.07.25-00.36.15:309][  0]LogHMD: Failed to initialize OpenVR with code 110
[2016.07.25-00.36.15:410][  0]LogEngine: Initializing Engine...
[2016.07.25-00.36.15:644][  0]LogAIModule: Creating AISystem for world NewWorld
[2016.07.25-00.36.15:653][  0]LogInit: XAudio2 using 'Digital Audio (S/PDIF) (High Definition Audio Device)' : 2 channels at 44.1 kHz using 16 bits per sample (channel mask 0x3)
[2016.07.25-00.36.15:671][  0]LogInit: FAudioDevice initialized.
[2016.07.25-00.36.15:721][  0]LogDerivedDataCache: Saved boot cache 0.05s 40MB C:/Users/Risukun/AppData/Local/UnrealEngine/4.11/DerivedDataCache/Boot.ddc.
[2016.07.25-00.36.15:743][  0]LogInit: Texture streaming: Enabled
[2016.07.25-00.36.15:778][  0]LogInit: Transaction tracking system initialized
[2016.07.25-00.36.15:812][  0]BlueprintLog: New page: Editor Load
[2016.07.25-00.36.15:919][  0]LocalizationService: Info Localization service is disabled
[2016.07.25-00.36.16:164][  0]LogConsoleResponse:Display: 
[2016.07.25-00.36.16:307][  0]LogCook:Display: Max memory allowance for cook 8192mb
[2016.07.25-00.36.16:307][  0]LogCook:Display: Mobile HDR setting 1
[2016.07.25-00.36.16:307][  0]LogCook:Display: Done creating registry. It took  0.00s.
[2016.07.25-00.36.16:406][  0]LogFileCache: Scanning file cache for directory 'C:/Users/Risukun/Documents/GitHub/Uptime/Content/' took 0.02s
[2016.07.25-00.36.16:406][  0]SourceControl: Info Source control is disabled
[2016.07.25-00.36.16:406][  0]Cmd: MAP LOAD FILE="C:/Users/Risukun/Documents/GitHub/Uptime/Content/Maps/UptimeLevel.umap" TEMPLATE=0 SHOWPROGRESS=1 FEATURELEVEL=2
[2016.07.25-00.36.16:483][  0]LightingResults: New page: Lighting Build
[2016.07.25-00.36.16:504][  0]MapCheck: New page: Map Check
[2016.07.25-00.36.16:504][  0]LightingResults: New page: Lighting Build
[2016.07.25-00.36.19:824][  0]LogAIModule: Creating AISystem for world UptimeLevel
[2016.07.25-00.36.19:878][  0]LogEditorServer: Finished looking for orphan Actors (0.000 secs)
[2016.07.25-00.36.19:879][  0]Cmd: MAP CHECKDEP NOCLEARLOG
[2016.07.25-00.36.19:979][  0]MapCheck: Info Map check complete: 0 Error(s), 0 Warning(s), took 99.91ms to complete.
[2016.07.25-00.36.19:979][  0]LogFileHelpers: Loading map 'UptimeLevel' took 3.572
[2016.07.25-00.36.20:145][  0]LogCollectionManager: Loaded 0 collections in 0.002795 s