Log file open, 07/25/16 13:31:50
LogInit:Display: Running engine for game: Uptime
LogPlatformFile: Not using cached read wrapper
LogInit:Display: RandInit(1498807043) SRandInit(1498807044).
LogTaskGraph: Started task graph with 4 named threads and 5 total threads.
LogStats: Stats thread started at 0.067726
LogInit: Version: 4.11.2-2946394+++UE4+Release-4.11
LogInit: API Version: 2927265
LogInit: Compiled (64-bit): Apr 18 2016 02:18:46
LogInit: Compiled with Visual C++: 19.00.23026.00
LogInit: Build Configuration: Development
LogInit: Branch Name: ++UE4+Release-4.11
LogInit: Command line:  
LogInit: Base directory: D:/UE4/Epic Games/4.11/Engine/Binaries/Win64/
LogInit: Installed Engine Build: 1
LogInit: Using libcurl 7.41.0
LogInit:  - built for x86_64-pc-win32
LogInit:  - supports SSL with WinSSL
LogInit:  - other features:
LogInit:      CURL_VERSION_SSL
LogInit:      CURL_VERSION_IPV6
LogInit:      CURL_VERSION_ASYNCHDNS
LogInit:      CURL_VERSION_LARGEFILE
LogInit:      CURL_VERSION_IDN
LogInit:  CurlRequestOptions (configurable via config and command line):
LogInit:  - bVerifyPeer = true  - Libcurl will verify peer certificate
LogInit:  - bUseHttpProxy = false  - Libcurl will NOT use HTTP proxy
LogInit:  - bDontReuseConnections = false  - Libcurl will reuse connections
LogInit:  - CertBundlePath = nullptr  - Libcurl will use whatever was configured at build time.
LogInit: Presizing for max 16777216 objects, including 0 objects not considered by GC, pre-allocating 0 bytes for permanent pool.
LogInit: Object subsystem initialized
[2016.07.25-03.31.50:936][  0]LogInit: Selected Device Profile: [Windows]
[2016.07.25-03.31.50:936][  0]LogInit: Applying CVar settings loaded from the selected device profile: [Windows]
[2016.07.25-03.31.50:948][  0]LogInit: Computer: RISUKUN-PC
[2016.07.25-03.31.50:948][  0]LogInit: User: Risukun
[2016.07.25-03.31.50:948][  0]LogInit: CPU Page size=65536, Cores=2
[2016.07.25-03.31.50:948][  0]LogInit: High frequency timer resolution =2.929359 MHz
[2016.07.25-03.31.50:948][  0]LogMemory: Memory total: Physical=4.0GB (4GB approx)
[2016.07.25-03.31.50:948][  0]LogMemory: Platform Memory Stats for Windows
[2016.07.25-03.31.50:948][  0]LogMemory: Process Physical Memory: 312.13 MB used, 312.13 MB peak
[2016.07.25-03.31.50:948][  0]LogMemory: Process Virtual Memory: 315.41 MB used, 315.41 MB peak
[2016.07.25-03.31.50:948][  0]LogMemory: Physical Memory: 2648.07 MB used, 4094.49 MB total
[2016.07.25-03.31.50:948][  0]LogMemory: Virtual Memory: 651.86 MB used, 134217728.00 MB total
[2016.07.25-03.31.50:997][  0]LogTextLocalizationManager: No specific translations for ('en-US') exist, so ('en') translations will be used.
[2016.07.25-03.31.51:643][  0]LogD3D11RHI: D3D11 adapters:
[2016.07.25-03.31.51:672][  0]LogD3D11RHI:    0. 'NVIDIA GeForce 9600 GT' (Feature Level 10_0)
[2016.07.25-03.31.51:672][  0]LogD3D11RHI:       999MB of dedicated video memory, 0MB of dedicated system memory, and 2047MB of shared system memory, 1 output[s]
[2016.07.25-03.31.51:676][  0]LogD3D11RHI:    1. 'Microsoft Basic Render Driver' (Feature Level 11_0)
[2016.07.25-03.31.51:676][  0]LogD3D11RHI:       0MB of dedicated video memory, 0MB of dedicated system memory, and 2047MB of shared system memory, 0 output[s]
[2016.07.25-03.31.51:676][  0]LogD3D11RHI: Chosen D3D11 Adapter: 0
[2016.07.25-03.31.51:688][  0]LogD3D11RHI: Creating new Direct3DDevice
[2016.07.25-03.31.51:688][  0]LogD3D11RHI:     Adapter Name: NVIDIA GeForce 9600 GT
[2016.07.25-03.31.51:688][  0]LogD3D11RHI:   Driver Version: Unknown (internal Unknown)
[2016.07.25-03.31.51:688][  0]LogD3D11RHI:      Driver Date: Unknown
[2016.07.25-03.31.51:688][  0]LogRHI: Texture pool is 699 MB (70% of 999 MB)
[2016.07.25-03.31.51:702][  0]LogD3D11RHI: Async texture creation enabled
[2016.07.25-03.31.51:721][  0]LogShaderCompilers: Guid format shader working directory is 7 characters bigger than the processId version (C:/Users/Risukun/Documents/GitHub/Uptime/Intermediate/Shaders/WorkingDirectory/26308/).
[2016.07.25-03.31.51:721][  0]LogShaderCompilers: Cleaned the shader compiler working directory 'C:/Users/Risukun/AppData/Local/Temp/UnrealShaderWorkingDir/A2534C9F40E4232F6C978F86A35F155A/'.
[2016.07.25-03.31.51:721][  0]LogShaderCompilers:Display: Using Local Shader Compiler.
[2016.07.25-03.31.53:787][  0]LogTemp:Display: Loaded TP AllDesktopTargetPlatform
[2016.07.25-03.31.53:795][  0]LogTemp:Display: Loaded TP WindowsClientTargetPlatform
[2016.07.25-03.31.53:803][  0]LogTemp:Display: Loaded TP WindowsNoEditorTargetPlatform
[2016.07.25-03.31.53:813][  0]LogTemp:Display: Loaded TP WindowsServerTargetPlatform
[2016.07.25-03.31.53:820][  0]LogTemp:Display: Loaded TP WindowsTargetPlatform
[2016.07.25-03.31.53:826][  0]LogTemp:Display: Loaded TP AndroidTargetPlatform
[2016.07.25-03.31.53:832][  0]LogTemp:Display: Loaded TP Android_ASTCTargetPlatform
[2016.07.25-03.31.53:837][  0]LogTemp:Display: Loaded TP Android_ATCTargetPlatform
[2016.07.25-03.31.53:843][  0]LogTemp:Display: Loaded TP Android_DXTTargetPlatform
[2016.07.25-03.31.53:849][  0]LogTemp:Display: Loaded TP Android_ETC1TargetPlatform
[2016.07.25-03.31.53:854][  0]LogTemp:Display: Loaded TP Android_ETC2TargetPlatform
[2016.07.25-03.31.53:865][  0]LogTemp:Display: Loaded TP Android_MultiTargetPlatform
[2016.07.25-03.31.53:865][  0]LogTemp:Display: Loaded TP Android_PVRTCTargetPlatform
[2016.07.25-03.31.53:866][  0]LogTemp:Display: Loaded TP HTML5TargetPlatform
[2016.07.25-03.31.53:887][  0]LogTemp:Display: Loaded TP IOSTargetPlatform
[2016.07.25-03.31.53:892][  0]LogTemp:Display: Loaded TP TVOSTargetPlatform
[2016.07.25-03.31.53:898][  0]LogTemp:Display: Loaded TP LinuxNoEditorTargetPlatform
[2016.07.25-03.31.53:903][  0]LogTemp:Display: Loaded TP LinuxServerTargetPlatform
[2016.07.25-03.31.53:909][  0]LogTemp:Display: Loaded TP LinuxTargetPlatform
[2016.07.25-03.31.53:909][  0]LogTargetPlatformManager:Display: Building Assets For Windows
[2016.07.25-03.31.54:016][  0]LogDerivedDataCache:Display: Max Cache Size: 512 MB
[2016.07.25-03.31.54:308][  0]LogDerivedDataCache: Loaded boot cache 0.29s 40MB C:/Users/Risukun/AppData/Local/UnrealEngine/4.11/DerivedDataCache/Boot.ddc.
[2016.07.25-03.31.54:308][  0]LogDerivedDataCache:Display: Loaded Boot cache: C:/Users/Risukun/AppData/Local/UnrealEngine/4.11/DerivedDataCache/Boot.ddc
[2016.07.25-03.31.54:308][  0]LogDerivedDataCache: FDerivedDataBackendGraph:  Pak pak cache file C:/Users/Risukun/Documents/GitHub/Uptime/DerivedDataCache/DDC.ddp not found, will not use a pak cache.
[2016.07.25-03.31.54:308][  0]LogDerivedDataCache: Unable to find inner node Pak for hierarchical cache Hierarchy.
[2016.07.25-03.31.54:308][  0]LogDerivedDataCache: FDerivedDataBackendGraph:  CompressedPak pak cache file C:/Users/Risukun/Documents/GitHub/Uptime/DerivedDataCache/Compressed.ddp not found, will not use a pak cache.
[2016.07.25-03.31.54:308][  0]LogDerivedDataCache: Unable to find inner node CompressedPak for hierarchical cache Hierarchy.
[2016.07.25-03.31.54:346][  0]LogDerivedDataCache:Display: Pak cache opened for reading ../../../Engine/DerivedDataCache/Compressed.ddp.
[2016.07.25-03.31.54:359][  0]LogDerivedDataCache: Using Local data cache path C:/Users/Risukun/AppData/Local/UnrealEngine/Common/DerivedDataCache: Writable
[2016.07.25-03.31.57:234][  0]LogInit: Selected Device Profile: [Windows]
[2016.07.25-03.31.57:235][  0]LogContentStreaming: Texture pool size is 0.00 MB
[2016.07.25-03.31.57:297][  0]LogMaterial: Uniform references updated for custom material expression Custom.
[2016.07.25-03.31.57:559][  0]LogMeshUtilities: No automatic mesh reduction module available
[2016.07.25-03.31.57:559][  0]LogMeshUtilities: No automatic mesh merging module available
[2016.07.25-03.31.57:559][  0]LogMeshUtilities: No distributed automatic mesh merging module available
[2016.07.25-03.31.58:293][  0]LogUObjectArray: 27679 objects as part of root set at end of initial load.
[2016.07.25-03.31.58:293][  0]LogUObjectAllocator: 5591592 out of 0 bytes used by permanent object pool.
[2016.07.25-03.31.58:293][  0]LogUObjectArray: CloseDisregardForGC: 0/0 objects in disregard for GC pool
[2016.07.25-03.31.58:305][  0]LogInit: WinSock: version 1.1 (2.2), MaxSocks=32767, MaxUdp=65467
[2016.07.25-03.31.59:063][  0]LogSlate: SlateFontCache - WITH_FREETYPE: 1, WITH_HARFBUZZ: 1
[2016.07.25-03.31.59:063][  0]LogSlate: SlateFontCache - WITH_FREETYPE: 1, WITH_HARFBUZZ: 1
[2016.07.25-03.32.00:639][  0]LogStreaming:Warning: Failed to read file '../../../Engine/Content/Editor/Slate/Common/Selection_16x.png' error.
[2016.07.25-03.32.00:640][  0]LogSlate: Could not find file for Slate resource: ../../../Engine/Content/Editor/Slate/Common/Selection_16x.png
[2016.07.25-03.32.00:640][  0]LogStreaming:Warning: Failed to read file '../../../Engine/Content/Editor/Slate/Common/Selection_16x.png' error.
[2016.07.25-03.32.00:640][  0]LogSlate: Could not find file for Slate resource: ../../../Engine/Content/Editor/Slate/Common/Selection_16x.png
[2016.07.25-03.32.00:640][  0]LogStreaming:Warning: Failed to read file '../../../Engine/Content/Editor/Slate/Common/Selection_16x.png' error.
[2016.07.25-03.32.00:640][  0]LogSlate: Could not find file for Slate resource: ../../../Engine/Content/Editor/Slate/Common/Selection_16x.png
[2016.07.25-03.32.06:729][  0]LogUdpMessaging: Initializing bridge on interface 0.0.0.0:0 to multicast group 230.0.0.1:6666.
[2016.07.25-03.32.07:059][  0]LogAssetRegistry: FAssetRegistry took 0.0222 seconds to start up
[2016.07.25-03.32.07:520][  0]SourceControl: Info Source control is disabled
[2016.07.25-03.32.07:663][  0]SourceControl: Info Source control is disabled
[2016.07.25-03.32.07:686][  0]SourceControl: Info Source control is disabled
[2016.07.25-03.32.07:742][  0]SourceControl: Info Source control is disabled
[2016.07.25-03.32.08:410][  0]LogHMD: Failed to initialize OpenVR with code 110
[2016.07.25-03.32.08:674][  0]LogEngine: Initializing Engine...
[2016.07.25-03.32.08:944][  0]LogAIModule: Creating AISystem for world NewWorld
[2016.07.25-03.32.08:955][  0]LogInit: XAudio2 using 'Digital Audio (S/PDIF) (High Definition Audio Device)' : 2 channels at 44.1 kHz using 16 bits per sample (channel mask 0x3)
[2016.07.25-03.32.08:983][  0]LogInit: FAudioDevice initialized.
[2016.07.25-03.32.09:034][  0]LogDerivedDataCache: Saved boot cache 0.05s 40MB C:/Users/Risukun/AppData/Local/UnrealEngine/4.11/DerivedDataCache/Boot.ddc.
[2016.07.25-03.32.09:056][  0]LogInit: Texture streaming: Enabled
[2016.07.25-03.32.09:178][  0]LogInit: Transaction tracking system initialized
[2016.07.25-03.32.09:284][  0]BlueprintLog: New page: Editor Load
[2016.07.25-03.32.09:769][  0]LocalizationService: Info Localization service is disabled
[2016.07.25-03.32.10:275][  0]LogConsoleResponse:Display: 
[2016.07.25-03.32.10:733][  0]LogCook:Display: Max memory allowance for cook 8192mb
[2016.07.25-03.32.10:733][  0]LogCook:Display: Mobile HDR setting 1
[2016.07.25-03.32.10:733][  0]LogCook:Display: Done creating registry. It took  0.00s.
[2016.07.25-03.32.11:200][  0]LogFileCache: Scanning file cache for directory 'C:/Users/Risukun/Documents/GitHub/Uptime/Content/' took 0.02s
[2016.07.25-03.32.11:231][  0]SourceControl: Info Source control is disabled
[2016.07.25-03.32.11:232][  0]Cmd: MAP LOAD FILE="C:/Users/Risukun/Documents/GitHub/Uptime/Content/Maps/UptimeLevel.umap" TEMPLATE=0 SHOWPROGRESS=1 FEATURELEVEL=2
[2016.07.25-03.32.11:232][  0]LightingResults: New page: Lighting Build
[2016.07.25-03.32.11:236][  0]MapCheck: New page: Map Check
[2016.07.25-03.32.11:236][  0]LightingResults: New page: Lighting Build
[2016.07.25-03.32.12:538][  0]LogAIModule: Creating AISystem for world UptimeLevel
[2016.07.25-03.32.12:590][  0]LogEditorServer: Finished looking for orphan Actors (0.000 secs)
[2016.07.25-03.32.12:591][  0]Cmd: MAP CHECKDEP NOCLEARLOG
[2016.07.25-03.32.12:678][  0]MapCheck: Info Map check complete: 0 Error(s), 0 Warning(s), took 87.367ms to complete.
[2016.07.25-03.32.12:679][  0]LogFileHelpers: Loading map 'UptimeLevel' took 1.447
[2016.07.25-03.32.12:951][  0]LogCollectionManager: Loaded 0 collections in 0.003311 seconds
[2016.07.25-03.32.12:998][  0]LogFileCache: Scanning file cache for directory 'C:/Users/Risukun/Documents/GitHub/Uptime/Saved/Collections/' took 0.01s
[2016.07.25-03.32.12:998][  0]LogFileCache: Scanning file cache for directory 'C:/Users/Risukun/Documents/GitHub/Uptime/Content/Developers/Risukun/Collections/' took 0.01s
[2016.07.25-03.32.12:998][  0]LogFileCache: Scanning file cache for directory 'C:/Users/Risukun/Documents/GitHub/Uptime/Content/Collections/' took 0.01s
[2016.07.25-03.32.12:998][  0]LogCollectionManager: Rebuilt the GUID cache for 0 collections in 0.000004 seconds
[2016.07.25-03.32.13:016][  0]LogContentBrowser: Native class hierarchy populated in 0.0176 seconds. Added 1979 classes and 343 folders.
[2016.07.25-03.32.13:022][  0]LogStats: UGameplayTagsManager::ConstructGameplayTagTree: Construct from data asset -  0.000 s
[2016.07.25-03.32.13:022][  0]LogStats: UGameplayTagsManager::ConstructGameplayTagTree: GameplayTagTreeChangedEvent.Broadcast -  0.000 s
[2016.07.25-03.32.13:022][  0]LogContentBrowser: Native class hierarchy updated for 'GameplayTags' in 0.0007 seconds. Added 12 classes and 0 folders.
[2016.07.25-03.32.13:033][  0]LogContentBrowser: Native class hierarchy updated for 'WidgetCarousel' in 0.0007 seconds. Added 0 classes and 0 folders.
[2016.07.25-03.32.13:165][  0]LogContentBrowser: Native class hierarchy updated for 'SuperSearch' in 0.0006 seconds. Added 1 classes and 2 folders.
[2016.07.25-03.32.14:308][  0]LogContentBrowser: Native class hierarchy updated for 'AddContentDialog' in 0.0008 seconds. Added 0 classes and 0 folders.
[2016.07.25-03.32.14:332][  0]LogContentBrowser: Native class hierarchy updated for 'SceneOutliner' in 0.0007 seconds. Added 1 classes and 2 folders.
[2016.07.25-03.32.14:493][  0]LogCrashTracker: Crashtracker disabled due to settings.
[2016.07.25-03.32.14:499][  0]LogUObjectGlobals:Warning: Failed to find object 'Class None.'
[2016.07.25-03.32.14:541][  0]LogContentBrowser: Native class hierarchy updated for 'HierarchicalLODOutliner' in 0.0007 seconds. Added 1 classes and 2 folders.
[2016.07.25-03.32.14:542][  0]LogLoad: Full Startup: 24.73 seconds (BP compile: 0.17 seconds)
[2016.07.25-03.32.14:542][  0]LogExternalProfiler: Found external profiler: VSPerf
[2016.07.25-03.32.14:542][  0]LogExternalProfiler: Using external profiler: VSPerf
[2016.07.25-03.32.14:552][  0]LogWindowsTextInputMethodSystem:Display: IME system now deactivated.
[2016.07.25-03.32.14:552][  0]LogOcInput: OculusInput pre-init called
[2016.07.25-03.32.14:745][  0]LogContentStreaming: Texture pool size now 200 MB
[2016.07.25-03.32.15:002][  0]LogRenderer: Reallocating scene render targets to support 968x596 (Frame:2).
[2016.07.25-03.32.15:289][  3]LogAssetRegistry: Asset discovery search completed in 8.2517 seconds
[2016.07.25-03.32.15:289][  3]LogCollectionManager: Rebuilt the object cache for 0 collections in 0.000001 seconds (found 0 objects)
[2016.07.25-03.32.15:289][  3]LogCollectionManager: Fixed up redirectors for 0 collections in 0.000037 seconds (updated 0 objects)
[2016.07.25-03.33.15:647][271]LogContentBrowser: Native class hierarchy updated for 'BlueprintGraph' in 0.0025 seconds. Added 108 classes and 0 folders.
[2016.07.25-03.35.37:897][608]LogRenderer: Reallocating scene render targets to support 968x732 (Frame:12402).
[2016.07.25-03.37.45:104][729]LogMetaData: Removing '/Game/StarterContent/Blueprints/EnemySubset.EnemySubset:UserConstructionScript.K2Node_FunctionEntry_4' ref from Metadata '/Game/StarterContent/Blueprints/Enemies.PackageMetaData'
[2016.07.25-03.37.45:104][729]LogMetaData: Removing '/Game/StarterContent/Blueprints/EnemySubset.SKEL_EnemySubset_C' ref from Metadata '/Game/StarterContent/Blueprints/Enemies.PackageMetaData'
[2016.07.25-03.37.45:104][729]LogMetaData: Removing '/Game/StarterContent/Blueprints/EnemySubset.EnemySubset_C' ref from Metadata '/Game/StarterContent/Blueprints/Enemies.PackageMetaData'
[2016.07.25-03.37.45:104][729]LogMetaData: Removing '/Game/StarterContent/Blueprints/EnemySubset.EnemySubset:EventGraph.K2Node_Event_128' ref from Metadata '/Game/StarterContent/Blueprints/Enemies.PackageMetaData'
[2016.07.25-03.37.45:104][729]LogMetaData: Removing '/Game/StarterContent/Blueprints/EnemySubset.EnemySubset:EventGraph.K2Node_Event_129' ref from Metadata '/Game/StarterContent/Blueprints/Enemies.PackageMetaData'
[2016.07.25-03.37.45:104][729]LogMetaData: Removing '/Game/StarterContent/Blueprints/EnemySubset.EnemySubset:EventGraph.K2Node_Event_130' ref from Metadata '/Game/StarterContent/Blueprints/Enemies.PackageMetaData'
[2016.07.25-03.37.45:168][729]Cmd: OBJ SAVEPACKAGE PACKAGE="/Game/StarterContent/Blueprints/EnemySubset" FILE="C:/Users/Risukun/Documents/GitHub/Uptime/Content/StarterContent/Blueprints/EnemySubset.uasset" SILENT=true
[2016.07.25-03.37.45:203][729]LogSavePackage: Save=32.16ms
[2016.07.25-03.37.45:203][729]LogSavePackage: Moving 'C:/Users/Risukun/Documents/GitHub/Uptime/Saved/EnemySubset9D316010434B15C21F727C8822073FDF.tmp' to 'C:/Users/Risukun/Documents/GitHub/Uptime/Content/StarterContent/Blueprints/EnemySubset.uasset'
[2016.07.25-03.37.45:207][729]LogSavePackage: Total save time: 37.30ms
[2016.07.25-03.37.45:207][729]LogSavePackage:Display: Finished SavePackage C:/Users/Risukun/Documents/GitHub/Uptime/Content/StarterContent/Blueprints/EnemySubset.uasset
[2016.07.25-03.38.14:283][302]LogRenderer: Reallocating scene render targets to support 972x872 (Frame:20737).
[2016.07.25-03.39.48:284][823]BlueprintLog: New page: Compile BossClass
[2016.07.25-03.39.48:338][823]LogActorComponent: UnregisterComponent: (/Engine/Transient.CharMoveComp) Not registered. Aborting.
[2016.07.25-03.39.48:584][823]BlueprintEditorCompileResults: Info [0478.77] Compile of BossClass successful! [in 299 ms]
[2016.07.25-03.39.49:710][879]Cmd: OBJ SAVEPACKAGE PACKAGE="/Game/StarterContent/Blueprints/BossClass" FILE="C:/Users/Risukun/Documents/GitHub/Uptime/Content/StarterContent/Blueprints/BossClass.uasset" SILENT=true
[2016.07.25-03.39.49:753][879]LogSavePackage: Save=41.44ms
[2016.07.25-03.39.49:753][879]LogSavePackage: Moving 'C:/Users/Risukun/Documents/GitHub/Uptime/Saved/BossClassE165DEF94DBAFC64C1120DA02B2DBDAF.tmp' to 'C:/Users/Risukun/Documents/GitHub/Uptime/Content/StarterContent/Blueprints/BossClass.uasset'
[2016.07.25-03.39.49:757][879]LogSavePackage: Total save time: 44.76ms
[2016.07.25-03.39.49:757][879]LogSavePackage:Display: Finished SavePackage C:/Users/Risukun/Documents/GitHub/Uptime/Content/StarterContent/Blueprints/BossClass.uasset
[2016.07.25-03.40.03:983][592]LogActorComponent: UnregisterComponent: (/Engine/Transient.CharMoveComp) Not registered. Aborting.
[2016.07.25-03.40.14:390][ 39]BlueprintLog: New page: Compile FemaleWorkerClass
[2016.07.25-03.40.14:447][ 39]LogActorComponent: UnregisterComponent: (/Engine/Transient.CharacterMovementComponent_0) Not registered. Aborting.
[2016.07.25-03.40.14:690][ 39]BlueprintEditorCompileResults: Info [0504.88] Compile of FemaleWorkerClass successful! [in 300 ms]
[2016.07.25-03.40.15:332][ 69]Cmd: OBJ SAVEPACKAGE PACKAGE="/Game/StarterContent/Blueprints/FemaleWorkerClass" FILE="C:/Users/Risukun/Documents/GitHub/Uptime/Content/StarterContent/Blueprints/FemaleWorkerClass.uasset" SILENT=true
[2016.07.25-03.40.15:378][ 69]LogSavePackage: Save=44.29ms
[2016.07.25-03.40.15:378][ 69]LogSavePackage: Moving 'C:/Users/Risukun/Documents/GitHub/Uptime/Saved/FemaleWorkerClass792289134A2766BE334DC0BCAFA5C2EA.tmp' to 'C:/Users/Risukun/Documents/GitHub/Uptime/Content/StarterContent/Blueprints/FemaleWorkerClass.uasset'
[2016.07.25-03.40.15:381][ 69]LogSavePackage: Total save time: 48.01ms
[2016.07.25-03.40.15:381][ 69]LogSavePackage:Display: Finished SavePackage C:/Users/Risukun/Documents/GitHub/Uptime/Content/StarterContent/Blueprints/FemaleWorkerClass.uasset
[2016.07.25-03.40.26:735][593]LogActorComponent: UnregisterComponent: (/Engine/Transient.CharMoveComp) Not registered. Aborting.
[2016.07.25-03.40.26:735][593]LogActorComponent: UnregisterComponent: (/Engine/Transient.CharacterMovementComponent_1) Not registered. Aborting.
[2016.07.25-03.40.41:893][248]BlueprintLog: New page: Compile MaleWorkerClass
[2016.07.25-03.40.41:947][248]LogActorComponent: UnregisterComponent: (/Engine/Transient.CharacterMovementComponent_2) Not registered. Aborting.
[2016.07.25-03.40.42:190][248]BlueprintEditorCompileResults: Info [0532.37] Compile of MaleWorkerClass successful! [in 296 ms]
[2016.07.25-03.40.42:763][274]Cmd: OBJ SAVEPACKAGE PACKAGE="/Game/StarterContent/Blueprints/MaleWorkerClass" FILE="C:/Users/Risukun/Documents/GitHub/Uptime/Content/StarterContent/Blueprints/MaleWorkerClass.uasset" SILENT=true
[2016.07.25-03.40.42:808][274]LogSavePackage: Save=42.56ms
[2016.07.25-03.40.42:808][274]LogSavePackage: Moving 'C:/Users/Risukun/Documents/GitHub/Uptime/Saved/MaleWorkerClass0D3E016542EE2CD99F037BBD0A042A97.tmp' to 'C:/Users/Risukun/Documents/GitHub/Uptime/Content/StarterContent/Blueprints/MaleWorkerClass.uasset'
[2016.07.25-03.40.42:812][274]LogSavePackage: Total save time: 46.83ms
[2016.07.25-03.40.42:812][274]LogSavePackage:Display: Finished SavePackage C:/Users/Risukun/Documents/GitHub/Uptime/Content/StarterContent/Blueprints/MaleWorkerClass.uasset
[2016.07.25-03.43.11:377][811]LogActorComponent: UnregisterComponent: (/Engine/Transient.CharMoveComp) Not registered. Aborting.
[2016.07.25-03.43.11:377][811]LogActorComponent: UnregisterComponent: (/Engine/Transient.CharacterMovementComponent_3) Not registered. Aborting.
[2016.07.25-03.43.11:377][811]LogActorComponent: UnregisterComponent: (/Engine/Transient.CharacterMovementComponent_4) Not registered. Aborting.
[2016.07.25-03.43.11:441][811]LogFileHelpers: Editor autosave (incl. sublevels) for '/Game/Maps/UptimeLevel' took 0.064
[2016.07.25-03.43.11:454][811]LogSavePackage: Save=1.77ms
[2016.07.25-03.43.11:454][811]LogSavePackage: Moving 'C:/Users/Risukun/Documents/GitHub/Uptime/Saved/Enemies_Auto1668BA6D3427F0085558021A3B015C336.tmp' to 'C:/Users/Risukun/Documents/GitHub/Uptime/Saved/Autosaves/Game/StarterContent/Blueprints/Enemies_Auto1.uasset'
[2016.07.25-03.43.11:456][811]LogSavePackage: Total save time: 3.46ms
[2016.07.25-03.43.11:456][811]LogSavePackage:Display: Finished SavePackage C:/Users/Risukun/Documents/GitHub/Uptime/Saved/Autosaves/Game/StarterContent/Blueprints/Enemies_Auto1.uasset
[2016.07.25-03.43.11:463][811]OBJ SavePackage: Generating thumbnails for [0] asset(s) in package [/Game/StarterContent/Blueprints/EnemyAI] ([1] browsable assets)...
[2016.07.25-03.43.11:463][811]OBJ SavePackage: Finished generating thumbnails for package [/Game/StarterContent/Blueprints/EnemyAI]
[2016.07.25-03.43.11:482][811]LogSavePackage: Save=17.04ms
[2016.07.25-03.43.11:482][811]LogSavePackage: Moving 'C:/Users/Risukun/Documents/GitHub/Uptime/Saved/EnemyAI_Auto133AA06E54FBACD3CA363DEAB6FD9AD37.tmp' to 'C:/Users/Risukun/Documents/GitHub/Uptime/Saved/Autosaves/Game/StarterContent/Blueprints/EnemyAI_Auto1.uasset'
[2016.07.25-03.43.11:484][811]LogSavePackage: Total save time: 18.83ms
[2016.07.25-03.43.11:484][811]LogSavePackage:Display: Finished SavePackage C:/Users/Risukun/Documents/GitHub/Uptime/Saved/Autosaves/Game/StarterContent/Blueprints/EnemyAI_Auto1.uasset
[2016.07.25-03.43.11:484][811]LogFileHelpers: Auto-saving content packages took 0.041
[2016.07.25-03.46.04:908][213]BlueprintLog: New page: Compile EnemyAI
[2016.07.25-03.46.05:237][213]BlueprintEditorCompileResults: Info [0855.42] Compile of EnemyAI successful! [in 329 ms]
[2016.07.25-03.46.05:963][249]Cmd: OBJ SAVEPACKAGE PACKAGE="/Game/StarterContent/Blueprints/EnemyAI" FILE="C:/Users/Risukun/Documents/GitHub/Uptime/Content/StarterContent/Blueprints/EnemyAI.uasset" SILENT=true
[2016.07.25-03.46.06:004][249]LogSavePackage: Save=39.10ms
[2016.07.25-03.46.06:004][249]LogSavePackage: Moving 'C:/Users/Risukun/Documents/GitHub/Uptime/Saved/EnemyAI507309784957BF3F3EC49D8C9AACBAD7.tmp' to 'C:/Users/Risukun/Documents/GitHub/Uptime/Content/StarterContent/Blueprints/EnemyAI.uasset'
[2016.07.25-03.46.06:008][249]LogSavePackage: Total save time: 43.35ms
[2016.07.25-03.46.06:008][249]LogSavePackage:Display: Finished SavePackage C:/Users/Risukun/Documents/GitHub/Uptime/Content/StarterContent/Blueprints/EnemyAI.uasset
[2016.07.25-03.47.45:968][ 47]LogSlate:Warning: Prevented a slow task dialog from being summoned while a context menu was open
[2016.07.25-03.47.52:306][346]BlueprintLog: New page: Compile EnemySubset
[2016.07.25-03.47.52:404][346]LogActorComponent: UnregisterComponent: (/Engine/Transient.CharMoveComp) Not registered. Aborting.
[2016.07.25-03.47.52:404][346]LogActorComponent: UnregisterComponent: (/Engine/Transient.CharacterMovementComponent_5) Not registered. Aborting.
[2016.07.25-03.47.52:405][346]LogActorComponent: UnregisterComponent: (/Engine/Transient.CharacterMovementComponent_6) Not registered. Aborting.
[2016.07.25-03.47.53:136][346]BlueprintEditorCompileResults: Info [0963.32] Compile of EnemySubset successful! [in 829 ms]
[2016.07.25-03.47.53:856][377]Cmd: OBJ SAVEPACKAGE PACKAGE="/Game/StarterContent/Blueprints/EnemySubset" FILE="C:/Users/Risukun/Documents/GitHub/Uptime/Content/StarterContent/Blueprints/EnemySubset.uasset" SILENT=true
[2016.07.25-03.47.53:896][377]LogSavePackage: Save=28.47ms
[2016.07.25-03.47.53:896][377]LogSavePackage: Moving 'C:/Users/Risukun/Documents/GitHub/Uptime/Saved/EnemySubset8D45F35649FD2A28B6AEAF9DDB6E46FC.tmp' to 'C:/Users/Risukun/Documents/GitHub/Uptime/Content/StarterContent/Blueprints/EnemySubset.uasset'
[2016.07.25-03.47.53:900][377]LogSavePackage: Total save time: 42.83ms
[2016.07.25-03.47.53:900][377]LogSavePackage:Display: Finished SavePackage C:/Users/Risukun/Documents/GitHub/Uptime/Content/StarterContent/Blueprints/EnemySubset.uasset
[2016.07.25-03.51.44:404][810]Cmd: SELECT NONE
[2016.07.25-03.53.32:772][ 87]BlueprintLog: New page: Compile EnemySubset
[2016.07.25-03.53.32:898][ 87]LogActorComponent: UnregisterComponent: (/Engine/Transient.CharMoveComp) Not registered. Aborting.
[2016.07.25-03.53.32:898][ 87]LogActorComponent: UnregisterComponent: (/Engine/Transient.CharacterMovementComponent_7) Not registered. Aborting.
[2016.07.25-03.53.32:898][ 87]LogActorComponent: UnregisterComponent: (/Engine/Transient.CharacterMovementComponent_8) Not registered. Aborting.
[2016.07.25-03.53.33:628][ 87]BlueprintEditorCompileResults: Info [1303.81] Compile of EnemySubset successful! [in 855 ms]
[2016.07.25-03.53.35:049][104]Cmd: OBJ SAVEPACKAGE PACKAGE="/Game/StarterContent/Blueprints/EnemySubset" FILE="C:/Users/Risukun/Documents/GitHub/Uptime/Content/StarterContent/Blueprints/EnemySubset.uasset" SILENT=true
[2016.07.25-03.53.35:101][104]LogSavePackage: Save=34.73ms
[2016.07.25-03.53.35:101][104]LogSavePackage: Moving 'C:/Users/Risukun/Documents/GitHub/Uptime/Saved/EnemySubsetAC5E26194BCA78F8673F17B2499E5045.tmp' to 'C:/Users/Risukun/Documents/GitHub/Uptime/Content/StarterContent/Blueprints/EnemySubset.uasset'
[2016.07.25-03.53.35:106][104]LogSavePackage: Total save time: 53.76ms
[2016.07.25-03.53.35:106][104]LogSavePackage:Display: Finished SavePackage C:/Users/Risukun/Documents/GitHub/Uptime/Content/StarterContent/Blueprints/EnemySubset.uasset
[2016.07.25-03.54.09:748][506]LogActorComponent: UnregisterComponent: (/Engine/Transient.CharMoveComp) Not registered. Aborting.
[2016.07.25-03.54.09:748][506]LogActorComponent: UnregisterComponent: (/Engine/Transient.CharacterMovementComponent_9) Not registered. Aborting.
[2016.07.25-03.54.09:748][506]LogActorComponent: UnregisterComponent: (/Engine/Transient.CharacterMovementComponent_10) Not registered. Aborting.
[2016.07.25-03.54.16:429][585]BlueprintLog: New page: Compile BossClass
[2016.07.25-03.54.16:487][585]LogActorComponent: UnregisterComponent: (/Engine/Transient.CharacterMovementComponent_11) Not registered. Aborting.
[2016.07.25-03.54.16:747][585]BlueprintEditorCompileResults: Info [1346.93] Compile of BossClass successful! [in 318 ms]
[2016.07.25-03.54.17:818][599]Cmd: OBJ SAVEPACKAGE PACKAGE="/Game/StarterContent/Blueprints/BossClass" FILE="C:/Users/Risukun/Documents/GitHub/Uptime/Content/StarterContent/Blueprints/BossClass.uasset" SILENT=true
[2016.07.25-03.54.17:867][599]LogSavePackage: Save=41.43ms
[2016.07.25-03.54.17:867][599]LogSavePackage: Moving 'C:/Users/Risukun/Documents/GitHub/Uptime/Saved/BossClassA6A13D84428BB34EC8AF64AD2B9396BC.tmp' to 'C:/Users/Risukun/Documents/GitHub/Uptime/Content/StarterContent/Blueprints/BossClass.uasset'
[2016.07.25-03.54.17:873][599]LogSavePackage: Total save time: 52.32ms
[2016.07.25-03.54.17:873][599]LogSavePackage:Display: Finished SavePackage C:/Users/Risukun/Documents/GitHub/Uptime/Content/StarterContent/Blueprints/BossClass.uasset
[2016.07.25-03.54.47:990][ 29]LogActorComponent: UnregisterComponent: (/Engine/Transient.CharMoveComp) Not registered. Aborting.
[2016.07.25-03.54.48:229][ 29]Cmd: OBJ SAVEPACKAGE PACKAGE="/Game/Maps/UptimeLevel" FILE="C:/Users/Risukun/Documents/GitHub/Uptime/Saved/Autosaves/Game/Maps/UptimeLevel_Auto2.umap" SILENT=true AUTOSAVING=true KEEPDIRTY=false
[2016.07.25-03.54.48:941][ 29]LogSavePackage: Save=673.66ms
[2016.07.25-03.54.48:941][ 29]LogSavePackage: Moving 'C:/Users/Risukun/Documents/GitHub/Uptime/Saved/UptimeLevel_Auto2AE3A021845707CB721415BBB4EC7B06C.tmp' to 'C:/Users/Risukun/Documents/GitHub/Uptime/Saved/Autosaves/Game/Maps/UptimeLevel_Auto2.umap'
[2016.07.25-03.54.48:944][ 29]LogSavePackage: Total save time: 688.37ms
[2016.07.25-03.54.48:944][ 29]LogSavePackage:Display: Finished SavePackage C:/Users/Risukun/Documents/GitHub/Uptime/Saved/Autosaves/Game/Maps/UptimeLevel_Auto2.umap
[2016.07.25-03.54.48:962][ 29]LogFileHelpers: Editor autosave (incl. sublevels) for '/Game/Maps/UptimeLevel' took 0.971
[2016.07.25-03.54.48:962][ 29]LogFileHelpers: Editor autosave (incl. sublevels) for all levels took 0.971
[2016.07.25-03.54.48:972][ 29]OBJ SavePackage: Generating thumbnails for [1] asset(s) in package [/Game/StarterContent/Blueprints/FemaleWorkerClass] ([1] browsable assets)...
[2016.07.25-03.54.48:997][ 29]OBJ SavePackage:     Rendered thumbnail for [Blueprint /Game/StarterContent/Blueprints/FemaleWorkerClass.FemaleWorkerClass]
[2016.07.25-03.54.48:997][ 29]OBJ SavePackage: Finished generating thumbnails for package [/Game/StarterContent/Blueprints/FemaleWorkerClass]
[2016.07.25-03.54.49:045][ 29]LogSavePackage: Save=40.15ms
[2016.07.25-03.54.49:045][ 29]LogSavePackage: Moving 'C:/Users/Risukun/Documents/GitHub/Uptime/Saved/FemaleWorkerClass_Auto2F7ADA8754EFCE48327ADF48C2F2B9EC6.tmp' to 'C:/Users/Risukun/Documents/GitHub/Uptime/Saved/Autosaves/Game/StarterContent/Blueprints/FemaleWorkerClass_Auto2.uasset'
[2016.07.25-03.54.49:048][ 29]LogSavePackage: Total save time: 49.22ms
[2016.07.25-03.54.49:048][ 29]LogSavePackage:Display: Finished SavePackage C:/Users/Risukun/Documents/GitHub/Uptime/Saved/Autosaves/Game/StarterContent/Blueprints/FemaleWorkerClass_Auto2.uasset
[2016.07.25-03.54.49:056][ 29]OBJ SavePackage: Generating thumbnails for [1] asset(s) in package [/Game/StarterContent/Blueprints/MaleWorkerClass] ([1] browsable assets)...
[2016.07.25-03.54.49:081][ 29]OBJ SavePackage:     Rendered thumbnail for [Blueprint /Game/StarterContent/Blueprints/MaleWorkerClass.MaleWorkerClass]
[2016.07.25-03.54.49:081][ 29]OBJ SavePackage: Finished generating thumbnails for package [/Game/StarterContent/Blueprints/MaleWorkerClass]
[2016.07.25-03.54.49:127][ 29]LogSavePackage: Save=38.33ms
[2016.07.25-03.54.49:127][ 29]LogSavePackage: Moving 'C:/Users/Risukun/Documents/GitHub/Uptime/Saved/MaleWorkerClass_Auto2593DB0854DB1451507F4F389C000FF73.tmp' to 'C:/Users/Risukun/Documents/GitHub/Uptime/Saved/Autosaves/Game/StarterContent/Blueprints/MaleWorkerClass_Auto2.uasset'
[2016.07.25-03.54.49:129][ 29]LogSavePackage: Total save time: 46.98ms
[2016.07.25-03.54.49:129][ 29]LogSavePackage:Display: Finished SavePackage C:/Users/Risukun/Documents/GitHub/Uptime/Saved/Autosaves/Game/StarterContent/Blueprints/MaleWorkerClass_Auto2.uasset
[2016.07.25-03.54.49:129][ 29]LogFileHelpers: Auto-saving content packages took 0.165
[2016.07.25-03.55.42:968][713]LogEditorViewport: Clicking Background
[2016.07.25-03.55.44:561][732]Cmd: SELECT NONE
[2016.07.25-03.55.48:792][783]LogEditorViewport: Clicking Background
[2016.07.25-03.56.11:909][115]LogEditorViewport: Clicking on Actor (LMB): FemaleWorkerClass_C (FemaleWorkerClass)
[2016.07.25-03.56.13:922][142]Cmd: DELETE
[2016.07.25-03.56.13:922][142]Cmd: ACTOR DELETE
[2016.07.25-03.56.13:954][142]LogEditorActor: Deleted Actor: FemaleWorkerClass_C
[2016.07.25-03.56.13:955][142]LogActorComponent: UnregisterComponent: (/Engine/Transient.CharMoveComp) Not registered. Aborting.
[2016.07.25-03.56.13:955][142]LogActorComponent: UnregisterComponent: (/Engine/Transient.CharacterMovementComponent_12) Not registered. Aborting.
[2016.07.25-03.56.13:955][142]LogActorComponent: UnregisterComponent: (/Engine/Transient.CharacterMovementComponent_13) Not registered. Aborting.
[2016.07.25-03.56.14:016][142]LogEditorActor: Deleted 1 Actors (0.079 secs)
[2016.07.25-04.02.55:363][471]LogActorComponent: UnregisterComponent: (/Engine/Transient.CharMoveComp) Not registered. Aborting.
[2016.07.25-04.02.55:363][471]LogActorComponent: UnregisterComponent: (/Engine/Transient.CharacterMovementComponent_14) Not registered. Aborting.
[2016.07.25-04.02.55:363][471]LogActorComponent: UnregisterComponent: (/Engine/Transient.CharacterMovementComponent_15) Not registered. Aborting.
[2016.07.25-04.02.55:555][471]Cmd: OBJ SAVEPACKAGE PACKAGE="/Game/Maps/UptimeLevel" FILE="C:/Users/Risukun/Documents/GitHub/Uptime/Content/Maps/UptimeLevel.umap" SILENT=true AUTOSAVING=false KEEPDIRTY=false
[2016.07.25-04.02.56:273][471]LogSavePackage: Save=652.03ms
[2016.07.25-04.02.56:273][471]LogSavePackage: Moving 'C:/Users/Risukun/Documents/GitHub/Uptime/Saved/UptimeLevel3E75A40C4D2DD316FDB5209F5B08E63F.tmp' to 'C:/Users/Risukun/Documents/GitHub/Uptime/Content/Maps/UptimeLevel.umap'
[2016.07.25-04.02.56:310][471]LogSavePackage: Total save time: 699.27ms
[2016.07.25-04.02.56:310][471]LogSavePackage:Display: Finished SavePackage C:/Users/Risukun/Documents/GitHub/Uptime/Content/Maps/UptimeLevel.umap
[2016.07.25-04.02.56:414][471]LogFileHelpers: Saving map 'UptimeLevel' took 0.970
[2016.07.25-04.02.56:436][471]Cmd: OBJ SAVEPACKAGE PACKAGE="/Game/StarterContent/Blueprints/Enemies" FILE="C:/Users/Risukun/Documents/GitHub/Uptime/Content/StarterContent/Blueprints/Enemies.uasset" SILENT=true
[2016.07.25-04.02.56:441][471]LogSavePackage: Save=1.96ms
[2016.07.25-04.02.56:441][471]LogSavePackage: Moving 'C:/Users/Risukun/Documents/GitHub/Uptime/Saved/EnemiesB91BEE0B4A0DBD3C216B3A9C17C68EE5.tmp' to 'C:/Users/Risukun/Documents/GitHub/Uptime/Content/StarterContent/Blueprints/Enemies.uasset'
[2016.07.25-04.02.56:444][471]LogSavePackage: Total save time: 5.10ms
[2016.07.25-04.02.56:444][471]LogSavePackage:Display: Finished SavePackage C:/Users/Risukun/Documents/GitHub/Uptime/Content/StarterContent/Blueprints/Enemies.uasset
[2016.07.25-04.02.56:455][471]Cmd: OBJ SAVEPACKAGE PACKAGE="/Game/StarterContent/Blueprints/FemaleWorkerClass" FILE="C:/Users/Risukun/Documents/GitHub/Uptime/Content/StarterContent/Blueprints/FemaleWorkerClass.uasset" SILENT=true
[2016.07.25-04.02.56:495][471]LogSavePackage: Save=30.74ms
[2016.07.25-04.02.56:495][471]LogSavePackage: Moving 'C:/Users/Risukun/Documents/GitHub/Uptime/Saved/FemaleWorkerClass23EAFAFD4AB705E1AFB48C838FFD9815.tmp' to 'C:/Users/Risukun/Documents/GitHub/Uptime/Content/StarterContent/Blueprints/FemaleWorkerClass.uasset'
[2016.07.25-04.02.56:500][471]LogSavePackage: Total save time: 42.01ms
[2016.07.25-04.02.56:500][471]LogSavePackage:Display: Finished SavePackage C:/Users/Risukun/Documents/GitHub/Uptime/Content/StarterContent/Blueprints/FemaleWorkerClass.uasset
[2016.07.25-04.02.56:511][471]Cmd: OBJ SAVEPACKAGE PACKAGE="/Game/StarterContent/Blueprints/MaleWorkerClass" FILE="C:/Users/Risukun/Documents/GitHub/Uptime/Content/StarterContent/Blueprints/MaleWorkerClass.uasset" SILENT=true
[2016.07.25-04.02.56:549][471]LogSavePackage: Save=30.07ms
[2016.07.25-04.02.56:549][471]LogSavePackage: Moving 'C:/Users/Risukun/Documents/GitHub/Uptime/Saved/MaleWorkerClassD561677F415A3E5FAAF0A5B7039C469C.tmp' to 'C:/Users/Risukun/Documents/GitHub/Uptime/Content/StarterContent/Blueprints/MaleWorkerClass.uasset'
[2016.07.25-04.02.56:553][471]LogSavePackage: Total save time: 40.00ms
[2